[2019-12-04 14:50:01,409][WARN ][main][G] Ignite work directory is not provided, automatically resolved to: /home/xshaini/apache-ignite-2.7.5-bin/work
[2019-12-04 14:50:01,812][INFO ][main][IgniteKernal] 

>>>    __________  ________________  
>>>   /  _/ ___/ |/ /  _/_  __/ __/  
>>>  _/ // (7 7    // /  / / / _/    
>>> /___/\___/_/|_/___/ /_/ /___/   
>>> 
>>> ver. 2.7.6#20190911-sha1:21f7ca41
>>> 2019 Copyright(C) Apache Software Foundation
>>> 
>>> Ignite documentation: http://ignite.apache.org

[2019-12-04 14:50:01,841][INFO ][main][IgniteKernal] Config URL: file:/home/xshaini/apache-ignite-2.7.5-bin/examples/config/example-ignite.xml
[2019-12-04 14:50:01,890][INFO ][main][IgniteKernal] IgniteConfiguration [igniteInstanceName=null, pubPoolSize=8, svcPoolSize=8, callbackPoolSize=8, stripedPoolSize=8, sysPoolSize=8, mgmtPoolSize=4, igfsPoolSize=4, dataStreamerPoolSize=8, utilityCachePoolSize=8, utilityCacheKeepAliveTime=60000, p2pPoolSize=2, qryPoolSize=8, igniteHome=/home/xshaini/apache-ignite-2.7.5-bin, igniteWorkDir=/home/xshaini/apache-ignite-2.7.5-bin/work, mbeanSrv=com.sun.jmx.mbeanserver.JmxMBeanServer@2e6a8155, nodeId=a236bb73-a460-4f55-a2aa-7a3f1d2133df, marsh=BinaryMarshaller [], marshLocJobs=false, daemon=false, p2pEnabled=true, netTimeout=5000, sndRetryDelay=1000, sndRetryCnt=3, metricsHistSize=10000, metricsUpdateFreq=2000, metricsExpTime=9223372036854775807, discoSpi=TcpDiscoverySpi [addrRslvr=null, sockTimeout=0, ackTimeout=0, marsh=null, reconCnt=10, reconDelay=2000, maxAckTimeout=600000, forceSrvMode=false, clientReconnectDisabled=false, internalLsnr=null], segPlc=STOP, segResolveAttempts=2, waitForSegOnStart=true, allResolversPassReq=true, segChkFreq=10000, commSpi=TcpCommunicationSpi [connectGate=null, connPlc=org.apache.ignite.spi.communication.tcp.TcpCommunicationSpi$FirstConnectionPolicy@e25951c, enableForcibleNodeKill=false, enableTroubleshootingLog=false, locAddr=null, locHost=null, locPort=47100, locPortRange=100, shmemPort=-1, directBuf=true, directSndBuf=false, idleConnTimeout=600000, connTimeout=5000, maxConnTimeout=600000, reconCnt=10, sockSndBuf=32768, sockRcvBuf=32768, msgQueueLimit=0, slowClientQueueLimit=0, nioSrvr=null, shmemSrv=null, usePairedConnections=false, connectionsPerNode=1, tcpNoDelay=true, filterReachableAddresses=false, ackSndThreshold=32, unackedMsgsBufSize=0, sockWriteTimeout=2000, boundTcpPort=-1, boundTcpShmemPort=-1, selectorsCnt=4, selectorSpins=0, addrRslvr=null, ctxInitLatch=java.util.concurrent.CountDownLatch@15f47664[Count = 1], stopping=false], evtSpi=org.apache.ignite.spi.eventstorage.NoopEventStorageSpi@471a9022, colSpi=NoopCollisionSpi [], deploySpi=LocalDeploymentSpi [], indexingSpi=org.apache.ignite.spi.indexing.noop.NoopIndexingSpi@4b2c5e02, addrRslvr=null, encryptionSpi=org.apache.ignite.spi.encryption.noop.NoopEncryptionSpi@57a3e26a, clientMode=false, rebalanceThreadPoolSize=1, txCfg=TransactionConfiguration [txSerEnabled=false, dfltIsolation=REPEATABLE_READ, dfltConcurrency=PESSIMISTIC, dfltTxTimeout=0, txTimeoutOnPartitionMapExchange=0, pessimisticTxLogSize=0, pessimisticTxLogLinger=10000, tmLookupClsName=null, txManagerFactory=null, useJtaSync=false], cacheSanityCheckEnabled=true, discoStartupDelay=60000, deployMode=SHARED, p2pMissedCacheSize=100, locHost=null, timeSrvPortBase=31100, timeSrvPortRange=100, failureDetectionTimeout=10000, sysWorkerBlockedTimeout=null, clientFailureDetectionTimeout=30000, metricsLogFreq=60000, hadoopCfg=null, connectorCfg=ConnectorConfiguration [jettyPath=null, host=null, port=11211, noDelay=true, directBuf=false, sndBufSize=32768, rcvBufSize=32768, idleQryCurTimeout=600000, idleQryCurCheckFreq=60000, sndQueueLimit=0, selectorCnt=4, idleTimeout=7000, sslEnabled=false, sslClientAuth=false, sslCtxFactory=null, sslFactory=null, portRange=100, threadPoolSize=8, msgInterceptor=null], odbcCfg=null, warmupClos=null, atomicCfg=AtomicConfiguration [seqReserveSize=1000, cacheMode=PARTITIONED, backups=1, aff=null, grpName=null], classLdr=null, sslCtxFactory=null, platformCfg=null, binaryCfg=null, memCfg=null, pstCfg=null, dsCfg=DataStorageConfiguration [sysRegionInitSize=41943040, sysRegionMaxSize=104857600, pageSize=0, concLvl=0, dfltDataRegConf=DataRegionConfiguration [name=default, maxSize=3335326924, initSize=268435456, swapPath=null, pageEvictionMode=DISABLED, evictionThreshold=0.9, emptyPagesPoolSize=100, metricsEnabled=false, metricsSubIntervalCount=5, metricsRateTimeInterval=60000, persistenceEnabled=false, checkpointPageBufSize=0], dataRegions=null, storagePath=null, checkpointFreq=180000, lockWaitTime=10000, checkpointThreads=4, checkpointWriteOrder=SEQUENTIAL, walHistSize=20, maxWalArchiveSize=1073741824, walSegments=10, walSegmentSize=67108864, walPath=db/wal, walArchivePath=db/wal/archive, metricsEnabled=false, walMode=LOG_ONLY, walTlbSize=131072, walBuffSize=0, walFlushFreq=2000, walFsyncDelay=1000, walRecordIterBuffSize=67108864, alwaysWriteFullPages=false, fileIOFactory=org.apache.ignite.internal.processors.cache.persistence.file.AsyncFileIOFactory@27912e3, metricsSubIntervalCnt=5, metricsRateTimeInterval=60000, walAutoArchiveAfterInactivity=-1, writeThrottlingEnabled=false, walCompactionEnabled=false, walCompactionLevel=1, checkpointReadLockTimeout=null], activeOnStart=true, autoActivation=true, longQryWarnTimeout=3000, sqlConnCfg=null, cliConnCfg=ClientConnectorConfiguration [host=null, port=10800, portRange=100, sockSndBufSize=0, sockRcvBufSize=0, tcpNoDelay=true, maxOpenCursorsPerConn=128, threadPoolSize=8, idleTimeout=0, jdbcEnabled=true, odbcEnabled=true, thinCliEnabled=true, sslEnabled=false, useIgniteSslCtxFactory=true, sslClientAuth=false, sslCtxFactory=null], mvccVacuumThreadCnt=2, mvccVacuumFreq=5000, authEnabled=false, failureHnd=null, commFailureRslvr=null]
[2019-12-04 14:50:01,890][INFO ][main][IgniteKernal] Daemon mode: off
[2019-12-04 14:50:01,891][INFO ][main][IgniteKernal] OS: Linux 4.15.0-70-generic amd64
[2019-12-04 14:50:01,891][INFO ][main][IgniteKernal] OS user: xshaini
[2019-12-04 14:50:01,892][INFO ][main][IgniteKernal] PID: 11394
[2019-12-04 14:50:01,893][INFO ][main][IgniteKernal] Language runtime: Scala ver. 2.11.11
[2019-12-04 14:50:01,893][INFO ][main][IgniteKernal] VM information: Java(TM) SE Runtime Environment 1.8.0_211-b12 Oracle Corporation Java HotSpot(TM) 64-Bit Server VM 25.211-b12
[2019-12-04 14:50:01,895][INFO ][main][IgniteKernal] VM total memory: 3.5GB
[2019-12-04 14:50:01,895][INFO ][main][IgniteKernal] Remote Management [restart: off, REST: on, JMX (remote: off)]
[2019-12-04 14:50:01,895][INFO ][main][IgniteKernal] Logger: Log4JLogger [quiet=true, config=/home/xshaini/apache-ignite-2.7.5-bin/config/ignite-log4j.xml]
[2019-12-04 14:50:01,895][INFO ][main][IgniteKernal] IGNITE_HOME=/home/xshaini/apache-ignite-2.7.5-bin
[2019-12-04 14:50:01,896][INFO ][main][IgniteKernal] VM arguments: [-Dfile.encoding=UTF-8, -Xbootclasspath/p:/home/xshaini/scala-SDK-4.7.0/eclipse/plugins/org.scala-ide.scala211.jars_4.7.0.201709291351/target/jars/scala-library.jar:/home/xshaini/scala-SDK-4.7.0/eclipse/plugins/org.scala-ide.scala211.jars_4.7.0.201709291351/target/jars/scala-reflect.jar]
[2019-12-04 14:50:01,896][INFO ][main][IgniteKernal] System cache's DataRegion size is configured to 40 MB. Use DataStorageConfiguration.systemRegionInitialSize property to change the setting.
[2019-12-04 14:50:01,911][INFO ][main][IgniteKernal] Configured caches [in 'sysMemPlc' dataRegion: ['ignite-sys-cache']]
[2019-12-04 14:50:01,911][WARN ][main][IgniteKernal] Peer class loading is enabled (disable it in production for performance and deployment consistency reasons)
[2019-12-04 14:50:01,911][WARN ][main][IgniteKernal] Please set system property '-Djava.net.preferIPv4Stack=true' to avoid possible problems in mixed environments.
[2019-12-04 14:50:01,922][INFO ][main][IgniteKernal] 3-rd party licenses can be found at: /home/xshaini/apache-ignite-2.7.5-bin/libs/licenses
[2019-12-04 14:50:01,924][WARN ][pub-#22][GridDiagnostic] Initial heap size is 250MB (should be no less than 512MB, use -Xms512m -Xmx512m).
[2019-12-04 14:50:02,078][INFO ][main][IgnitePluginProcessor] Configured plugins:
[2019-12-04 14:50:02,079][INFO ][main][IgnitePluginProcessor]   ^-- None
[2019-12-04 14:50:02,080][INFO ][main][IgnitePluginProcessor] 
[2019-12-04 14:50:02,089][INFO ][main][FailureProcessor] Configured failure handler: [hnd=StopNodeOrHaltFailureHandler [tryStop=false, timeout=0, super=AbstractFailureHandler [ignoredFailureTypes=[SYSTEM_WORKER_BLOCKED, SYSTEM_CRITICAL_OPERATION_TIMEOUT]]]]
[2019-12-04 14:50:02,204][INFO ][main][TcpCommunicationSpi] Successfully bound communication NIO server to TCP port [port=47100, locHost=0.0.0.0/0.0.0.0, selectorsCnt=4, selectorSpins=0, pairedConn=false]
[2019-12-04 14:50:02,255][WARN ][main][TcpCommunicationSpi] Message queue limit is set to 0 which may lead to potential OOMEs when running cache operations in FULL_ASYNC or PRIMARY_SYNC modes due to message queues growth on sender and receiver sides.
[2019-12-04 14:50:02,347][WARN ][main][NoopCheckpointSpi] Checkpoints are disabled (to enable configure any GridCheckpointSpi implementation)
[2019-12-04 14:50:02,457][WARN ][main][GridCollisionManager] Collision resolution is disabled (all jobs will be activated upon arrival).
[2019-12-04 14:50:02,644][INFO ][main][IgniteKernal] Security status [authentication=off, tls/ssl=off]
[2019-12-04 14:50:03,200][WARN ][main][IgniteCacheDatabaseSharedManager] DataRegionConfiguration.maxWalArchiveSize instead DataRegionConfiguration.walHistorySize would be used for removing old archive wal files
[2019-12-04 14:50:03,244][INFO ][main][PartitionsEvictManager] Evict partition permits=2
[2019-12-04 14:50:03,946][INFO ][main][ClientListenerProcessor] Client connector processor has started on TCP port 10800
[2019-12-04 14:50:04,061][INFO ][main][GridTcpRestProtocol] Command protocol successfully started [name=TCP binary, host=0.0.0.0/0.0.0.0, port=11211]
[2019-12-04 14:50:04,160][INFO ][main][IgniteKernal] Non-loopback local IPs: 192.168.0.124, 2a01:598:90a4:efa9:4159:26be:de8a:e4d7%wlp2s0, 2a01:598:90a4:efa9:adcc:e67c:8ea4:612c%wlp2s0, fe80:0:0:0:ecf0:b709:5e24:5de7%wlp2s0
[2019-12-04 14:50:04,160][INFO ][main][IgniteKernal] Enabled local MACs: 1002B5D9B0B6
[2019-12-04 14:50:04,273][INFO ][main][TcpDiscoverySpi] Connection check threshold is calculated: 10000
[2019-12-04 14:50:04,295][INFO ][main][TcpDiscoverySpi] Successfully bound to TCP port [port=47500, localHost=0.0.0.0/0.0.0.0, locNodeId=a236bb73-a460-4f55-a2aa-7a3f1d2133df]
[2019-12-04 14:50:05,732][INFO ][disco-notifier-worker-#41][MvccProcessorImpl] Assigned mvcc coordinator [crd=MvccCoordinator [nodeId=a236bb73-a460-4f55-a2aa-7a3f1d2133df, crdVer=1575467405722, topVer=AffinityTopologyVersion [topVer=1, minorTopVer=0]], crdNode=TcpDiscoveryNode [id=a236bb73-a460-4f55-a2aa-7a3f1d2133df, addrs=[0:0:0:0:0:0:0:1%lo, 127.0.0.1, 192.168.0.124, 2a01:598:90a4:efa9:4159:26be:de8a:e4d7%wlp2s0, 2a01:598:90a4:efa9:adcc:e67c:8ea4:612c%wlp2s0], sockAddrs=[/2a01:598:90a4:efa9:adcc:e67c:8ea4:612c%wlp2s0:47500, /192.168.0.124:47500, /2a01:598:90a4:efa9:4159:26be:de8a:e4d7%wlp2s0:47500, /0:0:0:0:0:0:0:1%lo:47500, /127.0.0.1:47500], discPort=47500, order=1, intOrder=1, lastExchangeTime=1575467404293, loc=true, ver=2.7.6#20190911-sha1:21f7ca41, isClient=false]]
[2019-12-04 14:50:05,825][INFO ][exchange-worker-#43][time] Started exchange init [topVer=AffinityTopologyVersion [topVer=1, minorTopVer=0], mvccCrd=MvccCoordinator [nodeId=a236bb73-a460-4f55-a2aa-7a3f1d2133df, crdVer=1575467405722, topVer=AffinityTopologyVersion [topVer=1, minorTopVer=0]], mvccCrdChange=true, crd=true, evt=NODE_JOINED, evtNode=a236bb73-a460-4f55-a2aa-7a3f1d2133df, customEvt=null, allowMerge=false]
[2019-12-04 14:50:05,864][INFO ][exchange-worker-#43][msg] Components activation performed in 39 ms.
[2019-12-04 14:50:06,062][INFO ][exchange-worker-#43][GridCacheProcessor] Started cache [name=ignite-sys-cache, id=-2100569601, memoryPolicyName=sysMemPlc, mode=REPLICATED, atomicity=TRANSACTIONAL, backups=2147483647, mvcc=false], encryptionEnabled=false]
[2019-12-04 14:50:06,064][INFO ][exchange-worker-#43][GridCacheProcessor] Starting caches on local join performed in 200 ms.
[2019-12-04 14:50:06,080][INFO ][exchange-worker-#43][GridDhtPartitionsExchangeFuture] Skipped waiting for partitions release future (local node is joining) [topVer=AffinityTopologyVersion [topVer=1, minorTopVer=0]]
[2019-12-04 14:50:06,181][INFO ][exchange-worker-#43][GridDhtPartitionsExchangeFuture] finishExchangeOnCoordinator [topVer=AffinityTopologyVersion [topVer=1, minorTopVer=0], resVer=AffinityTopologyVersion [topVer=1, minorTopVer=0]]
[2019-12-04 14:50:06,181][INFO ][exchange-worker-#43][GridDhtPartitionsExchangeFuture] Affinity changes (coordinator) applied in 0 ms.
[2019-12-04 14:50:06,189][INFO ][exchange-worker-#43][GridDhtPartitionsExchangeFuture] Partitions validation performed in 8 ms.
[2019-12-04 14:50:06,190][INFO ][exchange-worker-#43][GridDhtPartitionsExchangeFuture] Partitions assignment performed in 1 ms.
[2019-12-04 14:50:06,215][INFO ][exchange-worker-#43][GridDhtPartitionsExchangeFuture] Preparing Full Message performed in 24 ms.
[2019-12-04 14:50:06,216][INFO ][exchange-worker-#43][GridDhtPartitionsExchangeFuture] Sending Full Message to all nodes performed in 0 ms.
[2019-12-04 14:50:06,216][INFO ][exchange-worker-#43][GridDhtPartitionsExchangeFuture] Finish exchange future [startVer=AffinityTopologyVersion [topVer=1, minorTopVer=0], resVer=AffinityTopologyVersion [topVer=1, minorTopVer=0], err=null]
[2019-12-04 14:50:06,218][INFO ][exchange-worker-#43][GridDhtPartitionsExchangeFuture] Detecting lost partitions performed in 1 ms.
[2019-12-04 14:50:06,219][INFO ][exchange-worker-#43][MvccProcessorImpl] Initialize local node as mvcc coordinator [node=a236bb73-a460-4f55-a2aa-7a3f1d2133df, crdVer=1575467405722]
[2019-12-04 14:50:06,233][INFO ][exchange-worker-#43][GridCacheProcessor] Finish proxy initialization, cacheName=ignite-sys-cache, localNodeId=a236bb73-a460-4f55-a2aa-7a3f1d2133df
[2019-12-04 14:50:06,238][INFO ][exchange-worker-#43][GridDhtPartitionsExchangeFuture] Completed partition exchange [localNode=a236bb73-a460-4f55-a2aa-7a3f1d2133df, exchange=GridDhtPartitionsExchangeFuture [topVer=AffinityTopologyVersion [topVer=1, minorTopVer=0], evt=NODE_JOINED, evtNode=TcpDiscoveryNode [id=a236bb73-a460-4f55-a2aa-7a3f1d2133df, addrs=[0:0:0:0:0:0:0:1%lo, 127.0.0.1, 192.168.0.124, 2a01:598:90a4:efa9:4159:26be:de8a:e4d7%wlp2s0, 2a01:598:90a4:efa9:adcc:e67c:8ea4:612c%wlp2s0], sockAddrs=[/2a01:598:90a4:efa9:adcc:e67c:8ea4:612c%wlp2s0:47500, /192.168.0.124:47500, /2a01:598:90a4:efa9:4159:26be:de8a:e4d7%wlp2s0:47500, /0:0:0:0:0:0:0:1%lo:47500, /127.0.0.1:47500], discPort=47500, order=1, intOrder=1, lastExchangeTime=1575467404293, loc=true, ver=2.7.6#20190911-sha1:21f7ca41, isClient=false], done=true], topVer=AffinityTopologyVersion [topVer=1, minorTopVer=0], durationFromInit=420]
[2019-12-04 14:50:06,238][INFO ][exchange-worker-#43][time] Finished exchange init [topVer=AffinityTopologyVersion [topVer=1, minorTopVer=0], crd=true]
[2019-12-04 14:50:06,254][INFO ][exchange-worker-#43][GridCachePartitionExchangeManager] Skipping rebalancing (nothing scheduled) [top=AffinityTopologyVersion [topVer=1, minorTopVer=0], force=false, evt=NODE_JOINED, node=a236bb73-a460-4f55-a2aa-7a3f1d2133df]
[2019-12-04 14:50:06,605][INFO ][main][IgniteKernal] Performance suggestions for grid  (fix if possible)
[2019-12-04 14:50:06,606][INFO ][main][IgniteKernal] To disable, set -DIGNITE_PERFORMANCE_SUGGESTIONS_DISABLED=true
[2019-12-04 14:50:06,606][INFO ][main][IgniteKernal]   ^-- Disable grid events (remove 'includeEventTypes' from configuration)
[2019-12-04 14:50:06,606][INFO ][main][IgniteKernal]   ^-- Enable G1 Garbage Collector (add '-XX:+UseG1GC' to JVM options)
[2019-12-04 14:50:06,607][INFO ][main][IgniteKernal]   ^-- Specify JVM heap max size (add '-Xmx<size>[g|G|m|M|k|K]' to JVM options)
[2019-12-04 14:50:06,607][INFO ][main][IgniteKernal]   ^-- Set max direct memory size if getting 'OOME: Direct buffer memory' (add '-XX:MaxDirectMemorySize=<size>[g|G|m|M|k|K]' to JVM options)
[2019-12-04 14:50:06,608][INFO ][main][IgniteKernal]   ^-- Disable processing of calls to System.gc() (add '-XX:+DisableExplicitGC' to JVM options)
[2019-12-04 14:50:06,609][INFO ][main][IgniteKernal] Refer to this page for more performance suggestions: https://apacheignite.readme.io/docs/jvm-and-system-tuning
[2019-12-04 14:50:06,609][INFO ][main][IgniteKernal] 
[2019-12-04 14:50:06,610][INFO ][main][IgniteKernal] To start Console Management & Monitoring run ignitevisorcmd.{sh|bat}
[2019-12-04 14:50:06,615][INFO ][main][IgniteKernal] Data Regions Configured:
[2019-12-04 14:50:06,616][INFO ][main][IgniteKernal]   ^-- default [initSize=256.0 MiB, maxSize=3.1 GiB, persistence=false]
[2019-12-04 14:50:06,617][INFO ][main][IgniteKernal] 

>>> +----------------------------------------------------------------------+
>>> Ignite ver. 2.7.6#20190911-sha1:21f7ca41c4348909e2fd26ccf59b5b2ce1f4474e
>>> +----------------------------------------------------------------------+
>>> OS name: Linux 4.15.0-70-generic amd64
>>> CPU(s): 4
>>> Heap: 3.5GB
>>> VM name: 11394@eis-seoul
>>> Local node [ID=A236BB73-A460-4F55-A2AA-7A3F1D2133DF, order=1, clientMode=false]
>>> Local node addresses: [2a01:598:90a4:efa9:4159:26be:de8a:e4d7%wlp2s0/0:0:0:0:0:0:0:1%lo, 2a01:598:90a4:efa9:adcc:e67c:8ea4:612c%wlp2s0/127.0.0.1, 192.168.0.124/192.168.0.124, /2a01:598:90a4:efa9:4159:26be:de8a:e4d7%wlp2s0, /2a01:598:90a4:efa9:adcc:e67c:8ea4:612c%wlp2s0]
>>> Local ports: TCP:10800 TCP:11211 TCP:47100 UDP:47400 TCP:47500 

[2019-12-04 14:50:06,626][INFO ][main][GridDiscoveryManager] Topology snapshot [ver=1, locNode=a236bb73, servers=1, clients=0, state=ACTIVE, CPUs=4, offheap=3.1GB, heap=3.5GB]
[2019-12-04 14:50:06,753][INFO ][exchange-worker-#43][time] Started exchange init [topVer=AffinityTopologyVersion [topVer=1, minorTopVer=1], mvccCrd=MvccCoordinator [nodeId=a236bb73-a460-4f55-a2aa-7a3f1d2133df, crdVer=1575467405722, topVer=AffinityTopologyVersion [topVer=1, minorTopVer=0]], mvccCrdChange=false, crd=true, evt=DISCOVERY_CUSTOM_EVT, evtNode=a236bb73-a460-4f55-a2aa-7a3f1d2133df, customEvt=DynamicCacheChangeBatch [id=58bbc21de61-4e34906f-fe0d-4e84-ae4a-76bd0a201d2e, reqs=[DynamicCacheChangeRequest [cacheName=Entity2IDcache, hasCfg=true, nodeId=a236bb73-a460-4f55-a2aa-7a3f1d2133df, clientStartOnly=false, stop=false, destroy=false, disabledAfterStartfalse]], exchangeActions=ExchangeActions [startCaches=[Entity2IDcache], stopCaches=null, startGrps=[Entity2IDcache], stopGrps=[], resetParts=null, stateChangeRequest=null], startCaches=false], allowMerge=false]
[2019-12-04 14:50:06,759][INFO ][exchange-worker-#43][CacheAffinitySharedManager] Updating caches registry performed in 1 ms.
[2019-12-04 14:50:07,141][INFO ][exchange-worker-#43][GridCacheProcessor] Started cache [name=Entity2IDcache, id=-1974730792, memoryPolicyName=default, mode=PARTITIONED, atomicity=ATOMIC, backups=0, mvcc=false], encryptionEnabled=false]
[2019-12-04 14:50:07,145][INFO ][exchange-worker-#43][CacheAffinitySharedManager] Caches starting performed in 386 ms.
[2019-12-04 14:50:07,149][INFO ][exchange-worker-#43][CacheAffinitySharedManager] Affinity initialization for started caches performed in 4 ms.
[2019-12-04 14:50:07,174][INFO ][exchange-worker-#43][GridDhtPartitionsExchangeFuture] Finished waiting for partition release future [topVer=AffinityTopologyVersion [topVer=1, minorTopVer=1], waitTime=0ms, futInfo=NA, mode=DISTRIBUTED]
[2019-12-04 14:50:07,194][INFO ][exchange-worker-#43][GridDhtPartitionsExchangeFuture] Finished waiting for partitions release latch: ServerLatch [permits=0, pendingAcks=[], super=CompletableLatch [id=exchange, topVer=AffinityTopologyVersion [topVer=1, minorTopVer=1]]]
[2019-12-04 14:50:07,194][INFO ][exchange-worker-#43][GridDhtPartitionsExchangeFuture] Finished waiting for partition release future [topVer=AffinityTopologyVersion [topVer=1, minorTopVer=1], waitTime=0ms, futInfo=NA, mode=LOCAL]
[2019-12-04 14:50:07,368][INFO ][exchange-worker-#43][GridDhtPartitionsExchangeFuture] finishExchangeOnCoordinator [topVer=AffinityTopologyVersion [topVer=1, minorTopVer=1], resVer=AffinityTopologyVersion [topVer=1, minorTopVer=1]]
[2019-12-04 14:50:07,368][INFO ][exchange-worker-#43][GridDhtPartitionsExchangeFuture] Affinity changes (coordinator) applied in 0 ms.
[2019-12-04 14:50:07,371][INFO ][exchange-worker-#43][GridDhtPartitionsExchangeFuture] Partitions validation performed in 3 ms.
[2019-12-04 14:50:07,372][INFO ][exchange-worker-#43][GridDhtPartitionsExchangeFuture] Partitions assignment performed in 1 ms.
[2019-12-04 14:50:07,393][INFO ][exchange-worker-#43][GridDhtPartitionsExchangeFuture] Preparing Full Message performed in 14 ms.
[2019-12-04 14:50:07,393][INFO ][exchange-worker-#43][GridDhtPartitionsExchangeFuture] Sending Full Message to all nodes performed in 0 ms.
[2019-12-04 14:50:07,394][INFO ][exchange-worker-#43][GridDhtPartitionsExchangeFuture] Finish exchange future [startVer=AffinityTopologyVersion [topVer=1, minorTopVer=1], resVer=AffinityTopologyVersion [topVer=1, minorTopVer=1], err=null]
[2019-12-04 14:50:07,398][INFO ][exchange-worker-#43][GridCacheProcessor] Finish proxy initialization, cacheName=Entity2IDcache, localNodeId=a236bb73-a460-4f55-a2aa-7a3f1d2133df
[2019-12-04 14:50:07,399][INFO ][exchange-worker-#43][GridDhtPartitionsExchangeFuture] Completed partition exchange [localNode=a236bb73-a460-4f55-a2aa-7a3f1d2133df, exchange=GridDhtPartitionsExchangeFuture [topVer=AffinityTopologyVersion [topVer=1, minorTopVer=1], evt=DISCOVERY_CUSTOM_EVT, evtNode=TcpDiscoveryNode [id=a236bb73-a460-4f55-a2aa-7a3f1d2133df, addrs=[0:0:0:0:0:0:0:1%lo, 127.0.0.1, 192.168.0.124, 2a01:598:90a4:efa9:4159:26be:de8a:e4d7%wlp2s0, 2a01:598:90a4:efa9:adcc:e67c:8ea4:612c%wlp2s0], sockAddrs=[/2a01:598:90a4:efa9:adcc:e67c:8ea4:612c%wlp2s0:47500, /192.168.0.124:47500, /2a01:598:90a4:efa9:4159:26be:de8a:e4d7%wlp2s0:47500, /0:0:0:0:0:0:0:1%lo:47500, /127.0.0.1:47500], discPort=47500, order=1, intOrder=1, lastExchangeTime=1575467404293, loc=true, ver=2.7.6#20190911-sha1:21f7ca41, isClient=false], done=true], topVer=AffinityTopologyVersion [topVer=1, minorTopVer=1], durationFromInit=655]
[2019-12-04 14:50:07,399][INFO ][exchange-worker-#43][time] Finished exchange init [topVer=AffinityTopologyVersion [topVer=1, minorTopVer=1], crd=true]
[2019-12-04 14:50:07,413][INFO ][exchange-worker-#43][GridCachePartitionExchangeManager] Skipping rebalancing (obsolete exchange ID) [top=AffinityTopologyVersion [topVer=1, minorTopVer=1], evt=DISCOVERY_CUSTOM_EVT, node=a236bb73-a460-4f55-a2aa-7a3f1d2133df]
[2019-12-04 14:50:07,413][INFO ][exchange-worker-#43][time] Started exchange init [topVer=AffinityTopologyVersion [topVer=1, minorTopVer=2], mvccCrd=MvccCoordinator [nodeId=a236bb73-a460-4f55-a2aa-7a3f1d2133df, crdVer=1575467405722, topVer=AffinityTopologyVersion [topVer=1, minorTopVer=0]], mvccCrdChange=false, crd=true, evt=DISCOVERY_CUSTOM_EVT, evtNode=a236bb73-a460-4f55-a2aa-7a3f1d2133df, customEvt=DynamicCacheChangeBatch [id=c8bbc21de61-4e34906f-fe0d-4e84-ae4a-76bd0a201d2e, reqs=[DynamicCacheChangeRequest [cacheName=Relation2IDcache, hasCfg=true, nodeId=a236bb73-a460-4f55-a2aa-7a3f1d2133df, clientStartOnly=false, stop=false, destroy=false, disabledAfterStartfalse]], exchangeActions=ExchangeActions [startCaches=[Relation2IDcache], stopCaches=null, startGrps=[Relation2IDcache], stopGrps=[], resetParts=null, stateChangeRequest=null], startCaches=false], allowMerge=false]
[2019-12-04 14:50:07,413][INFO ][exchange-worker-#43][CacheAffinitySharedManager] Updating caches registry performed in 0 ms.
[2019-12-04 14:50:07,433][INFO ][exchange-worker-#43][GridCacheProcessor] Started cache [name=Relation2IDcache, id=1717069041, memoryPolicyName=default, mode=PARTITIONED, atomicity=ATOMIC, backups=0, mvcc=false], encryptionEnabled=false]
[2019-12-04 14:50:07,434][INFO ][exchange-worker-#43][CacheAffinitySharedManager] Caches starting performed in 21 ms.
[2019-12-04 14:50:07,435][INFO ][exchange-worker-#43][CacheAffinitySharedManager] Affinity initialization for started caches performed in 1 ms.
[2019-12-04 14:50:07,438][INFO ][exchange-worker-#43][GridDhtPartitionsExchangeFuture] Finished waiting for partition release future [topVer=AffinityTopologyVersion [topVer=1, minorTopVer=2], waitTime=0ms, futInfo=NA, mode=DISTRIBUTED]
[2019-12-04 14:50:07,439][INFO ][exchange-worker-#43][GridDhtPartitionsExchangeFuture] Finished waiting for partitions release latch: ServerLatch [permits=0, pendingAcks=[], super=CompletableLatch [id=exchange, topVer=AffinityTopologyVersion [topVer=1, minorTopVer=2]]]
[2019-12-04 14:50:07,439][INFO ][exchange-worker-#43][GridDhtPartitionsExchangeFuture] Finished waiting for partition release future [topVer=AffinityTopologyVersion [topVer=1, minorTopVer=2], waitTime=0ms, futInfo=NA, mode=LOCAL]
[2019-12-04 14:50:07,509][INFO ][exchange-worker-#43][GridDhtPartitionsExchangeFuture] finishExchangeOnCoordinator [topVer=AffinityTopologyVersion [topVer=1, minorTopVer=2], resVer=AffinityTopologyVersion [topVer=1, minorTopVer=2]]
[2019-12-04 14:50:07,509][INFO ][exchange-worker-#43][GridDhtPartitionsExchangeFuture] Affinity changes (coordinator) applied in 0 ms.
[2019-12-04 14:50:07,511][INFO ][exchange-worker-#43][GridDhtPartitionsExchangeFuture] Partitions validation performed in 2 ms.
[2019-12-04 14:50:07,513][INFO ][exchange-worker-#43][GridDhtPartitionsExchangeFuture] Partitions assignment performed in 2 ms.
[2019-12-04 14:50:07,523][INFO ][exchange-worker-#43][GridDhtPartitionsExchangeFuture] Preparing Full Message performed in 8 ms.
[2019-12-04 14:50:07,523][INFO ][exchange-worker-#43][GridDhtPartitionsExchangeFuture] Sending Full Message to all nodes performed in 0 ms.
[2019-12-04 14:50:07,523][INFO ][exchange-worker-#43][GridDhtPartitionsExchangeFuture] Finish exchange future [startVer=AffinityTopologyVersion [topVer=1, minorTopVer=2], resVer=AffinityTopologyVersion [topVer=1, minorTopVer=2], err=null]
[2019-12-04 14:50:07,528][INFO ][exchange-worker-#43][GridCacheProcessor] Finish proxy initialization, cacheName=Relation2IDcache, localNodeId=a236bb73-a460-4f55-a2aa-7a3f1d2133df
[2019-12-04 14:50:07,540][INFO ][exchange-worker-#43][GridDhtPartitionsExchangeFuture] Completed partition exchange [localNode=a236bb73-a460-4f55-a2aa-7a3f1d2133df, exchange=GridDhtPartitionsExchangeFuture [topVer=AffinityTopologyVersion [topVer=1, minorTopVer=2], evt=DISCOVERY_CUSTOM_EVT, evtNode=TcpDiscoveryNode [id=a236bb73-a460-4f55-a2aa-7a3f1d2133df, addrs=[0:0:0:0:0:0:0:1%lo, 127.0.0.1, 192.168.0.124, 2a01:598:90a4:efa9:4159:26be:de8a:e4d7%wlp2s0, 2a01:598:90a4:efa9:adcc:e67c:8ea4:612c%wlp2s0], sockAddrs=[/2a01:598:90a4:efa9:adcc:e67c:8ea4:612c%wlp2s0:47500, /192.168.0.124:47500, /2a01:598:90a4:efa9:4159:26be:de8a:e4d7%wlp2s0:47500, /0:0:0:0:0:0:0:1%lo:47500, /127.0.0.1:47500], discPort=47500, order=1, intOrder=1, lastExchangeTime=1575467404293, loc=true, ver=2.7.6#20190911-sha1:21f7ca41, isClient=false], done=true], topVer=AffinityTopologyVersion [topVer=1, minorTopVer=2], durationFromInit=124]
[2019-12-04 14:50:07,540][INFO ][exchange-worker-#43][time] Finished exchange init [topVer=AffinityTopologyVersion [topVer=1, minorTopVer=2], crd=true]
[2019-12-04 14:50:07,544][INFO ][exchange-worker-#43][GridCachePartitionExchangeManager] Skipping rebalancing (obsolete exchange ID) [top=AffinityTopologyVersion [topVer=1, minorTopVer=2], evt=DISCOVERY_CUSTOM_EVT, node=a236bb73-a460-4f55-a2aa-7a3f1d2133df]
[2019-12-04 14:50:07,545][INFO ][exchange-worker-#43][time] Started exchange init [topVer=AffinityTopologyVersion [topVer=1, minorTopVer=3], mvccCrd=MvccCoordinator [nodeId=a236bb73-a460-4f55-a2aa-7a3f1d2133df, crdVer=1575467405722, topVer=AffinityTopologyVersion [topVer=1, minorTopVer=0]], mvccCrdChange=false, crd=true, evt=DISCOVERY_CUSTOM_EVT, evtNode=a236bb73-a460-4f55-a2aa-7a3f1d2133df, customEvt=DynamicCacheChangeBatch [id=29bbc21de61-4e34906f-fe0d-4e84-ae4a-76bd0a201d2e, reqs=[DynamicCacheChangeRequest [cacheName=triplecache, hasCfg=true, nodeId=a236bb73-a460-4f55-a2aa-7a3f1d2133df, clientStartOnly=false, stop=false, destroy=false, disabledAfterStartfalse]], exchangeActions=ExchangeActions [startCaches=[triplecache], stopCaches=null, startGrps=[triplecache], stopGrps=[], resetParts=null, stateChangeRequest=null], startCaches=false], allowMerge=false]
[2019-12-04 14:50:07,545][INFO ][exchange-worker-#43][CacheAffinitySharedManager] Updating caches registry performed in 0 ms.
[2019-12-04 14:50:07,733][INFO ][exchange-worker-#43][GridCacheProcessor] Started cache [name=triplecache, id=-2046448156, memoryPolicyName=default, mode=PARTITIONED, atomicity=ATOMIC, backups=0, mvcc=false], encryptionEnabled=false]
[2019-12-04 14:50:07,733][INFO ][exchange-worker-#43][CacheAffinitySharedManager] Caches starting performed in 188 ms.
[2019-12-04 14:50:07,735][INFO ][exchange-worker-#43][CacheAffinitySharedManager] Affinity initialization for started caches performed in 1 ms.
[2019-12-04 14:50:07,739][INFO ][exchange-worker-#43][GridDhtPartitionsExchangeFuture] Finished waiting for partition release future [topVer=AffinityTopologyVersion [topVer=1, minorTopVer=3], waitTime=0ms, futInfo=NA, mode=DISTRIBUTED]
[2019-12-04 14:50:07,740][INFO ][exchange-worker-#43][GridDhtPartitionsExchangeFuture] Finished waiting for partitions release latch: ServerLatch [permits=0, pendingAcks=[], super=CompletableLatch [id=exchange, topVer=AffinityTopologyVersion [topVer=1, minorTopVer=3]]]
[2019-12-04 14:50:07,741][INFO ][exchange-worker-#43][GridDhtPartitionsExchangeFuture] Finished waiting for partition release future [topVer=AffinityTopologyVersion [topVer=1, minorTopVer=3], waitTime=0ms, futInfo=NA, mode=LOCAL]
[2019-12-04 14:50:07,840][INFO ][exchange-worker-#43][GridDhtPartitionsExchangeFuture] finishExchangeOnCoordinator [topVer=AffinityTopologyVersion [topVer=1, minorTopVer=3], resVer=AffinityTopologyVersion [topVer=1, minorTopVer=3]]
[2019-12-04 14:50:07,841][INFO ][exchange-worker-#43][GridDhtPartitionsExchangeFuture] Affinity changes (coordinator) applied in 0 ms.
[2019-12-04 14:50:07,843][INFO ][exchange-worker-#43][GridDhtPartitionsExchangeFuture] Partitions validation performed in 2 ms.
[2019-12-04 14:50:07,845][INFO ][exchange-worker-#43][GridDhtPartitionsExchangeFuture] Partitions assignment performed in 1 ms.
[2019-12-04 14:50:07,855][INFO ][exchange-worker-#43][GridDhtPartitionsExchangeFuture] Preparing Full Message performed in 8 ms.
[2019-12-04 14:50:07,855][INFO ][exchange-worker-#43][GridDhtPartitionsExchangeFuture] Sending Full Message to all nodes performed in 0 ms.
[2019-12-04 14:50:07,855][INFO ][exchange-worker-#43][GridDhtPartitionsExchangeFuture] Finish exchange future [startVer=AffinityTopologyVersion [topVer=1, minorTopVer=3], resVer=AffinityTopologyVersion [topVer=1, minorTopVer=3], err=null]
[2019-12-04 14:50:07,863][INFO ][exchange-worker-#43][GridCacheProcessor] Finish proxy initialization, cacheName=triplecache, localNodeId=a236bb73-a460-4f55-a2aa-7a3f1d2133df
[2019-12-04 14:50:07,863][INFO ][exchange-worker-#43][GridDhtPartitionsExchangeFuture] Completed partition exchange [localNode=a236bb73-a460-4f55-a2aa-7a3f1d2133df, exchange=GridDhtPartitionsExchangeFuture [topVer=AffinityTopologyVersion [topVer=1, minorTopVer=3], evt=DISCOVERY_CUSTOM_EVT, evtNode=TcpDiscoveryNode [id=a236bb73-a460-4f55-a2aa-7a3f1d2133df, addrs=[0:0:0:0:0:0:0:1%lo, 127.0.0.1, 192.168.0.124, 2a01:598:90a4:efa9:4159:26be:de8a:e4d7%wlp2s0, 2a01:598:90a4:efa9:adcc:e67c:8ea4:612c%wlp2s0], sockAddrs=[/2a01:598:90a4:efa9:adcc:e67c:8ea4:612c%wlp2s0:47500, /192.168.0.124:47500, /2a01:598:90a4:efa9:4159:26be:de8a:e4d7%wlp2s0:47500, /0:0:0:0:0:0:0:1%lo:47500, /127.0.0.1:47500], discPort=47500, order=1, intOrder=1, lastExchangeTime=1575467404293, loc=true, ver=2.7.6#20190911-sha1:21f7ca41, isClient=false], done=true], topVer=AffinityTopologyVersion [topVer=1, minorTopVer=3], durationFromInit=315]
[2019-12-04 14:50:07,864][INFO ][exchange-worker-#43][time] Finished exchange init [topVer=AffinityTopologyVersion [topVer=1, minorTopVer=3], crd=true]
[2019-12-04 14:50:07,876][INFO ][exchange-worker-#43][GridCachePartitionExchangeManager] Skipping rebalancing (nothing scheduled) [top=AffinityTopologyVersion [topVer=1, minorTopVer=3], force=false, evt=DISCOVERY_CUSTOM_EVT, node=a236bb73-a460-4f55-a2aa-7a3f1d2133df]
[2019-12-04 14:50:08,034][WARN ][main][DataStreamerImpl] Data streamer will not overwrite existing cache entries for better performance (to change, set allowOverwrite to true)
[2019-12-04 14:50:09,257][INFO ][Thread-2][G] Invoking shutdown hook...
[2019-12-04 14:50:09,306][INFO ][Thread-2][GridTcpRestProtocol] Command protocol successfully stopped: TCP binary
[2019-12-04 14:50:09,360][ERROR][data-streamer-stripe-4-#13][root] Failed to set initial value for cache entry: DataStreamerEntry [key=UserKeyCacheObjectImpl [part=503, val=/m/094jv, hasValBytes=false], val=UserCacheObjectImpl [val=7106, hasValBytes=true]]
class org.apache.ignite.internal.NodeStoppingException: Operation has been cancelled (node is stopping).
	at org.apache.ignite.internal.processors.cache.IgniteCacheOffheapManagerImpl$CacheDataStoreImpl.invoke0(IgniteCacheOffheapManagerImpl.java:1637)
	at org.apache.ignite.internal.processors.cache.IgniteCacheOffheapManagerImpl$CacheDataStoreImpl.invoke(IgniteCacheOffheapManagerImpl.java:1625)
	at org.apache.ignite.internal.processors.cache.IgniteCacheOffheapManagerImpl.invoke(IgniteCacheOffheapManagerImpl.java:428)
	at org.apache.ignite.internal.processors.cache.GridCacheMapEntry.storeValue(GridCacheMapEntry.java:4248)
	at org.apache.ignite.internal.processors.cache.GridCacheMapEntry.initialValue(GridCacheMapEntry.java:3391)
	at org.apache.ignite.internal.processors.cache.GridCacheEntryEx.initialValue(GridCacheEntryEx.java:766)
	at org.apache.ignite.internal.processors.datastreamer.DataStreamerImpl$IsolatedUpdater.receive(DataStreamerImpl.java:2265)
	at org.apache.ignite.internal.processors.datastreamer.DataStreamerUpdateJob.call(DataStreamerUpdateJob.java:140)
	at org.apache.ignite.internal.util.IgniteUtils.wrapThreadLoader(IgniteUtils.java:6820)
	at org.apache.ignite.internal.processors.closure.GridClosureProcessor$2.body(GridClosureProcessor.java:967)
	at org.apache.ignite.internal.util.worker.GridWorker.run(GridWorker.java:120)
	at org.apache.ignite.internal.util.StripedExecutor$Stripe.body(StripedExecutor.java:505)
	at org.apache.ignite.internal.util.worker.GridWorker.run(GridWorker.java:120)
	at java.lang.Thread.run(Thread.java:748)
[2019-12-04 14:50:09,365][ERROR][data-streamer-stripe-3-#12][root] Failed to set initial value for cache entry: DataStreamerEntry [key=UserKeyCacheObjectImpl [part=264, val=/m/05x8n, hasValBytes=false], val=UserCacheObjectImpl [val=7396, hasValBytes=true]]
class org.apache.ignite.internal.NodeStoppingException: Operation has been cancelled (node is stopping).
	at org.apache.ignite.internal.processors.cache.IgniteCacheOffheapManagerImpl$CacheDataStoreImpl.invoke0(IgniteCacheOffheapManagerImpl.java:1637)
	at org.apache.ignite.internal.processors.cache.IgniteCacheOffheapManagerImpl$CacheDataStoreImpl.invoke(IgniteCacheOffheapManagerImpl.java:1625)
	at org.apache.ignite.internal.processors.cache.IgniteCacheOffheapManagerImpl.invoke(IgniteCacheOffheapManagerImpl.java:428)
	at org.apache.ignite.internal.processors.cache.GridCacheMapEntry.storeValue(GridCacheMapEntry.java:4248)
	at org.apache.ignite.internal.processors.cache.GridCacheMapEntry.initialValue(GridCacheMapEntry.java:3391)
	at org.apache.ignite.internal.processors.cache.GridCacheEntryEx.initialValue(GridCacheEntryEx.java:766)
	at org.apache.ignite.internal.processors.datastreamer.DataStreamerImpl$IsolatedUpdater.receive(DataStreamerImpl.java:2265)
	at org.apache.ignite.internal.processors.datastreamer.DataStreamerUpdateJob.call(DataStreamerUpdateJob.java:140)
	at org.apache.ignite.internal.util.IgniteUtils.wrapThreadLoader(IgniteUtils.java:6820)
	at org.apache.ignite.internal.processors.closure.GridClosureProcessor$2.body(GridClosureProcessor.java:967)
	at org.apache.ignite.internal.util.worker.GridWorker.run(GridWorker.java:120)
	at org.apache.ignite.internal.util.StripedExecutor$Stripe.body(StripedExecutor.java:505)
	at org.apache.ignite.internal.util.worker.GridWorker.run(GridWorker.java:120)
	at java.lang.Thread.run(Thread.java:748)
[2019-12-04 14:50:09,365][ERROR][data-streamer-stripe-2-#11][root] Failed to set initial value for cache entry: DataStreamerEntry [key=UserKeyCacheObjectImpl [part=990, val=/m/016kkx, hasValBytes=false], val=UserCacheObjectImpl [val=7041, hasValBytes=true]]
class org.apache.ignite.internal.NodeStoppingException: Operation has been cancelled (node is stopping).
	at org.apache.ignite.internal.processors.cache.IgniteCacheOffheapManagerImpl$CacheDataStoreImpl.invoke0(IgniteCacheOffheapManagerImpl.java:1637)
	at org.apache.ignite.internal.processors.cache.IgniteCacheOffheapManagerImpl$CacheDataStoreImpl.invoke(IgniteCacheOffheapManagerImpl.java:1625)
	at org.apache.ignite.internal.processors.cache.IgniteCacheOffheapManagerImpl.invoke(IgniteCacheOffheapManagerImpl.java:428)
	at org.apache.ignite.internal.processors.cache.GridCacheMapEntry.storeValue(GridCacheMapEntry.java:4248)
	at org.apache.ignite.internal.processors.cache.GridCacheMapEntry.initialValue(GridCacheMapEntry.java:3391)
	at org.apache.ignite.internal.processors.cache.GridCacheEntryEx.initialValue(GridCacheEntryEx.java:766)
	at org.apache.ignite.internal.processors.datastreamer.DataStreamerImpl$IsolatedUpdater.receive(DataStreamerImpl.java:2265)
	at org.apache.ignite.internal.processors.datastreamer.DataStreamerUpdateJob.call(DataStreamerUpdateJob.java:140)
	at org.apache.ignite.internal.util.IgniteUtils.wrapThreadLoader(IgniteUtils.java:6820)
	at org.apache.ignite.internal.processors.closure.GridClosureProcessor$2.body(GridClosureProcessor.java:967)
	at org.apache.ignite.internal.util.worker.GridWorker.run(GridWorker.java:120)
	at org.apache.ignite.internal.util.StripedExecutor$Stripe.body(StripedExecutor.java:505)
	at org.apache.ignite.internal.util.worker.GridWorker.run(GridWorker.java:120)
	at java.lang.Thread.run(Thread.java:748)
[2019-12-04 14:50:09,362][ERROR][data-streamer-stripe-0-#9][root] Failed to set initial value for cache entry: DataStreamerEntry [key=UserKeyCacheObjectImpl [part=788, val=/m/01wbz9, hasValBytes=false], val=UserCacheObjectImpl [val=6425, hasValBytes=true]]
class org.apache.ignite.internal.NodeStoppingException: Operation has been cancelled (node is stopping).
	at org.apache.ignite.internal.processors.cache.IgniteCacheOffheapManagerImpl$CacheDataStoreImpl.invoke0(IgniteCacheOffheapManagerImpl.java:1637)
	at org.apache.ignite.internal.processors.cache.IgniteCacheOffheapManagerImpl$CacheDataStoreImpl.invoke(IgniteCacheOffheapManagerImpl.java:1625)
	at org.apache.ignite.internal.processors.cache.IgniteCacheOffheapManagerImpl.invoke(IgniteCacheOffheapManagerImpl.java:428)
	at org.apache.ignite.internal.processors.cache.GridCacheMapEntry.storeValue(GridCacheMapEntry.java:4248)
	at org.apache.ignite.internal.processors.cache.GridCacheMapEntry.initialValue(GridCacheMapEntry.java:3391)
	at org.apache.ignite.internal.processors.cache.GridCacheEntryEx.initialValue(GridCacheEntryEx.java:766)
	at org.apache.ignite.internal.processors.datastreamer.DataStreamerImpl$IsolatedUpdater.receive(DataStreamerImpl.java:2265)
	at org.apache.ignite.internal.processors.datastreamer.DataStreamerUpdateJob.call(DataStreamerUpdateJob.java:140)
	at org.apache.ignite.internal.util.IgniteUtils.wrapThreadLoader(IgniteUtils.java:6820)
	at org.apache.ignite.internal.processors.closure.GridClosureProcessor$2.body(GridClosureProcessor.java:967)
	at org.apache.ignite.internal.util.worker.GridWorker.run(GridWorker.java:120)
	at org.apache.ignite.internal.util.StripedExecutor$Stripe.body(StripedExecutor.java:505)
	at org.apache.ignite.internal.util.worker.GridWorker.run(GridWorker.java:120)
	at java.lang.Thread.run(Thread.java:748)
[2019-12-04 14:50:09,362][ERROR][data-streamer-stripe-6-#15][root] Failed to set initial value for cache entry: DataStreamerEntry [key=UserKeyCacheObjectImpl [part=153, val=/m/016dgz, hasValBytes=false], val=UserCacheObjectImpl [val=6060, hasValBytes=true]]
class org.apache.ignite.internal.NodeStoppingException: Operation has been cancelled (node is stopping).
	at org.apache.ignite.internal.processors.cache.IgniteCacheOffheapManagerImpl$CacheDataStoreImpl.invoke0(IgniteCacheOffheapManagerImpl.java:1637)
	at org.apache.ignite.internal.processors.cache.IgniteCacheOffheapManagerImpl$CacheDataStoreImpl.invoke(IgniteCacheOffheapManagerImpl.java:1625)
	at org.apache.ignite.internal.processors.cache.IgniteCacheOffheapManagerImpl.invoke(IgniteCacheOffheapManagerImpl.java:428)
	at org.apache.ignite.internal.processors.cache.GridCacheMapEntry.storeValue(GridCacheMapEntry.java:4248)
	at org.apache.ignite.internal.processors.cache.GridCacheMapEntry.initialValue(GridCacheMapEntry.java:3391)
	at org.apache.ignite.internal.processors.cache.GridCacheEntryEx.initialValue(GridCacheEntryEx.java:766)
	at org.apache.ignite.internal.processors.datastreamer.DataStreamerImpl$IsolatedUpdater.receive(DataStreamerImpl.java:2265)
	at org.apache.ignite.internal.processors.datastreamer.DataStreamerUpdateJob.call(DataStreamerUpdateJob.java:140)
	at org.apache.ignite.internal.util.IgniteUtils.wrapThreadLoader(IgniteUtils.java:6820)
	at org.apache.ignite.internal.processors.closure.GridClosureProcessor$2.body(GridClosureProcessor.java:967)
	at org.apache.ignite.internal.util.worker.GridWorker.run(GridWorker.java:120)
	at org.apache.ignite.internal.util.StripedExecutor$Stripe.body(StripedExecutor.java:505)
	at org.apache.ignite.internal.util.worker.GridWorker.run(GridWorker.java:120)
	at java.lang.Thread.run(Thread.java:748)
[2019-12-04 14:50:09,362][ERROR][data-streamer-stripe-1-#10][root] Failed to set initial value for cache entry: DataStreamerEntry [key=UserKeyCacheObjectImpl [part=453, val=/m/0lgxj, hasValBytes=false], val=UserCacheObjectImpl [val=7164, hasValBytes=true]]
class org.apache.ignite.internal.NodeStoppingException: Operation has been cancelled (node is stopping).
	at org.apache.ignite.internal.processors.cache.IgniteCacheOffheapManagerImpl$CacheDataStoreImpl.invoke0(IgniteCacheOffheapManagerImpl.java:1637)
	at org.apache.ignite.internal.processors.cache.IgniteCacheOffheapManagerImpl$CacheDataStoreImpl.invoke(IgniteCacheOffheapManagerImpl.java:1625)
	at org.apache.ignite.internal.processors.cache.IgniteCacheOffheapManagerImpl.invoke(IgniteCacheOffheapManagerImpl.java:428)
	at org.apache.ignite.internal.processors.cache.GridCacheMapEntry.storeValue(GridCacheMapEntry.java:4248)
	at org.apache.ignite.internal.processors.cache.GridCacheMapEntry.initialValue(GridCacheMapEntry.java:3391)
	at org.apache.ignite.internal.processors.cache.GridCacheEntryEx.initialValue(GridCacheEntryEx.java:766)
	at org.apache.ignite.internal.processors.datastreamer.DataStreamerImpl$IsolatedUpdater.receive(DataStreamerImpl.java:2265)
	at org.apache.ignite.internal.processors.datastreamer.DataStreamerUpdateJob.call(DataStreamerUpdateJob.java:140)
	at org.apache.ignite.internal.util.IgniteUtils.wrapThreadLoader(IgniteUtils.java:6820)
	at org.apache.ignite.internal.processors.closure.GridClosureProcessor$2.body(GridClosureProcessor.java:967)
	at org.apache.ignite.internal.util.worker.GridWorker.run(GridWorker.java:120)
	at org.apache.ignite.internal.util.StripedExecutor$Stripe.body(StripedExecutor.java:505)
	at org.apache.ignite.internal.util.worker.GridWorker.run(GridWorker.java:120)
	at java.lang.Thread.run(Thread.java:748)
[2019-12-04 14:50:09,401][INFO ][Thread-2][GridCacheProcessor] Stopped cache [cacheName=ignite-sys-cache]
[2019-12-04 14:50:09,392][ERROR][sys-#46][DataStreamerImpl] DataStreamer operation failed.
class org.apache.ignite.IgniteCheckedException: DataStreamer data loading failed.
	at org.apache.ignite.internal.processors.datastreamer.DataStreamerImpl.load0(DataStreamerImpl.java:1064)
	at org.apache.ignite.internal.processors.datastreamer.DataStreamerImpl.access$1500(DataStreamerImpl.java:128)
	at org.apache.ignite.internal.processors.datastreamer.DataStreamerImpl$5$1.run(DataStreamerImpl.java:967)
	at org.apache.ignite.internal.processors.datastreamer.DataStreamerImpl$5$2.call(DataStreamerImpl.java:994)
	at org.apache.ignite.internal.processors.datastreamer.DataStreamerImpl$5$2.call(DataStreamerImpl.java:982)
	at org.apache.ignite.internal.util.IgniteUtils.wrapThreadLoader(IgniteUtils.java:6820)
	at org.apache.ignite.internal.processors.closure.GridClosureProcessor$2.body(GridClosureProcessor.java:967)
	at org.apache.ignite.internal.util.worker.GridWorker.run(GridWorker.java:120)
	at java.util.concurrent.ThreadPoolExecutor.runWorker(ThreadPoolExecutor.java:1149)
	at java.util.concurrent.ThreadPoolExecutor$Worker.run(ThreadPoolExecutor.java:624)
	at java.lang.Thread.run(Thread.java:748)
Caused by: class org.apache.ignite.IgniteCheckedException: Cache not created or already destroyed.
	at org.apache.ignite.internal.processors.datastreamer.DataStreamerImpl.load0(DataStreamerImpl.java:835)
	... 10 more
[2019-12-04 14:50:09,430][ERROR][data-streamer-stripe-3-#12][root] Failed to set initial value for cache entry: DataStreamerEntry [key=UserKeyCacheObjectImpl [part=474, val=/m/016ywr, hasValBytes=false], val=UserCacheObjectImpl [val=2, hasValBytes=true]]
class org.apache.ignite.internal.NodeStoppingException: Operation has been cancelled (node is stopping).
	at org.apache.ignite.internal.processors.cache.IgniteCacheOffheapManagerImpl$CacheDataStoreImpl.invoke0(IgniteCacheOffheapManagerImpl.java:1637)
	at org.apache.ignite.internal.processors.cache.IgniteCacheOffheapManagerImpl$CacheDataStoreImpl.invoke(IgniteCacheOffheapManagerImpl.java:1625)
	at org.apache.ignite.internal.processors.cache.IgniteCacheOffheapManagerImpl.invoke(IgniteCacheOffheapManagerImpl.java:428)
	at org.apache.ignite.internal.processors.cache.GridCacheMapEntry.storeValue(GridCacheMapEntry.java:4248)
	at org.apache.ignite.internal.processors.cache.GridCacheMapEntry.initialValue(GridCacheMapEntry.java:3391)
	at org.apache.ignite.internal.processors.cache.GridCacheEntryEx.initialValue(GridCacheEntryEx.java:766)
	at org.apache.ignite.internal.processors.datastreamer.DataStreamerImpl$IsolatedUpdater.receive(DataStreamerImpl.java:2265)
	at org.apache.ignite.internal.processors.datastreamer.DataStreamerUpdateJob.call(DataStreamerUpdateJob.java:140)
	at org.apache.ignite.internal.util.IgniteUtils.wrapThreadLoader(IgniteUtils.java:6820)
	at org.apache.ignite.internal.processors.closure.GridClosureProcessor$2.body(GridClosureProcessor.java:967)
	at org.apache.ignite.internal.util.worker.GridWorker.run(GridWorker.java:120)
	at org.apache.ignite.internal.util.StripedExecutor$Stripe.body(StripedExecutor.java:505)
	at org.apache.ignite.internal.util.worker.GridWorker.run(GridWorker.java:120)
	at java.lang.Thread.run(Thread.java:748)
[2019-12-04 14:50:09,422][INFO ][Thread-2][GridCacheProcessor] Stopped cache [cacheName=triplecache]
[2019-12-04 14:50:09,450][ERROR][data-streamer-stripe-6-#15][root] Failed to set initial value for cache entry: DataStreamerEntry [key=UserKeyCacheObjectImpl [part=443, val=/m/025rw19, hasValBytes=false], val=UserCacheObjectImpl [val=14, hasValBytes=true]]
class org.apache.ignite.internal.NodeStoppingException: Operation has been cancelled (node is stopping).
	at org.apache.ignite.internal.processors.cache.IgniteCacheOffheapManagerImpl$CacheDataStoreImpl.invoke0(IgniteCacheOffheapManagerImpl.java:1637)
	at org.apache.ignite.internal.processors.cache.IgniteCacheOffheapManagerImpl$CacheDataStoreImpl.invoke(IgniteCacheOffheapManagerImpl.java:1625)
	at org.apache.ignite.internal.processors.cache.IgniteCacheOffheapManagerImpl.invoke(IgniteCacheOffheapManagerImpl.java:428)
	at org.apache.ignite.internal.processors.cache.GridCacheMapEntry.storeValue(GridCacheMapEntry.java:4248)
	at org.apache.ignite.internal.processors.cache.GridCacheMapEntry.initialValue(GridCacheMapEntry.java:3391)
	at org.apache.ignite.internal.processors.cache.GridCacheEntryEx.initialValue(GridCacheEntryEx.java:766)
	at org.apache.ignite.internal.processors.datastreamer.DataStreamerImpl$IsolatedUpdater.receive(DataStreamerImpl.java:2265)
	at org.apache.ignite.internal.processors.datastreamer.DataStreamerUpdateJob.call(DataStreamerUpdateJob.java:140)
	at org.apache.ignite.internal.util.IgniteUtils.wrapThreadLoader(IgniteUtils.java:6820)
	at org.apache.ignite.internal.processors.closure.GridClosureProcessor$2.body(GridClosureProcessor.java:967)
	at org.apache.ignite.internal.util.worker.GridWorker.run(GridWorker.java:120)
	at org.apache.ignite.internal.util.StripedExecutor$Stripe.body(StripedExecutor.java:505)
	at org.apache.ignite.internal.util.worker.GridWorker.run(GridWorker.java:120)
	at java.lang.Thread.run(Thread.java:748)
[2019-12-04 14:50:09,454][INFO ][Thread-2][GridCacheProcessor] Stopped cache [cacheName=Entity2IDcache]
[2019-12-04 14:50:09,454][INFO ][Thread-2][GridCacheProcessor] Stopped cache [cacheName=Relation2IDcache]
[2019-12-04 14:50:09,676][INFO ][Thread-2][GridDeploymentLocalStore] Removed undeployed class: GridDeployment [ts=1575467406804, depMode=SHARED, clsLdr=sun.misc.Launcher$AppClassLoader@4e0e2f2a, clsLdrId=88bbc21de61-a236bb73-a460-4f55-a2aa-7a3f1d2133df, userVer=0, loc=true, sampleClsName=org.apache.ignite.internal.processors.service.GridServiceProcessor$ServiceDeploymentPredicate, pendingUndeploy=false, undeployed=true, usage=0]
[2019-12-04 14:50:09,683][INFO ][Thread-2][IgniteKernal] 

>>> +---------------------------------------------------------------------------------+
>>> Ignite ver. 2.7.6#20190911-sha1:21f7ca41c4348909e2fd26ccf59b5b2ce1f4474e stopped OK
>>> +---------------------------------------------------------------------------------+
>>> Grid uptime: 00:00:03.092


