[16:23:17,935][WARNING][main][G] Ignite work directory is not provided, automatically resolved to: /home/xshaini/apache-ignite-2.7.5-bin/work
[16:23:18,306][INFO][main][IgniteKernal] 

>>>    __________  ________________  
>>>   /  _/ ___/ |/ /  _/_  __/ __/  
>>>  _/ // (7 7    // /  / / / _/    
>>> /___/\___/_/|_/___/ /_/ /___/   
>>> 
>>> ver. 2.7.6#20190911-sha1:21f7ca41
>>> 2019 Copyright(C) Apache Software Foundation
>>> 
>>> Ignite documentation: http://ignite.apache.org

[16:23:18,325][INFO][main][IgniteKernal] Config URL: file:/home/xshaini/apache-ignite-2.7.5-bin/examples/config/example-ignite.xml
[16:23:18,352][INFO][main][IgniteKernal] IgniteConfiguration [igniteInstanceName=null, pubPoolSize=8, svcPoolSize=8, callbackPoolSize=8, stripedPoolSize=8, sysPoolSize=8, mgmtPoolSize=4, igfsPoolSize=4, dataStreamerPoolSize=8, utilityCachePoolSize=8, utilityCacheKeepAliveTime=60000, p2pPoolSize=2, qryPoolSize=8, igniteHome=/home/xshaini/apache-ignite-2.7.5-bin, igniteWorkDir=/home/xshaini/apache-ignite-2.7.5-bin/work, mbeanSrv=com.sun.jmx.mbeanserver.JmxMBeanServer@79ad8b2f, nodeId=1b4cd72d-5ddb-45dd-a627-8a7d3e344fcc, marsh=BinaryMarshaller [], marshLocJobs=false, daemon=false, p2pEnabled=true, netTimeout=5000, sndRetryDelay=1000, sndRetryCnt=3, metricsHistSize=10000, metricsUpdateFreq=2000, metricsExpTime=9223372036854775807, discoSpi=TcpDiscoverySpi [addrRslvr=null, sockTimeout=0, ackTimeout=0, marsh=null, reconCnt=10, reconDelay=2000, maxAckTimeout=600000, forceSrvMode=false, clientReconnectDisabled=false, internalLsnr=null], segPlc=STOP, segResolveAttempts=2, waitForSegOnStart=true, allResolversPassReq=true, segChkFreq=10000, commSpi=TcpCommunicationSpi [connectGate=null, connPlc=org.apache.ignite.spi.communication.tcp.TcpCommunicationSpi$FirstConnectionPolicy@6743e411, enableForcibleNodeKill=false, enableTroubleshootingLog=false, locAddr=null, locHost=null, locPort=47100, locPortRange=100, shmemPort=-1, directBuf=true, directSndBuf=false, idleConnTimeout=600000, connTimeout=5000, maxConnTimeout=600000, reconCnt=10, sockSndBuf=32768, sockRcvBuf=32768, msgQueueLimit=0, slowClientQueueLimit=0, nioSrvr=null, shmemSrv=null, usePairedConnections=false, connectionsPerNode=1, tcpNoDelay=true, filterReachableAddresses=false, ackSndThreshold=32, unackedMsgsBufSize=0, sockWriteTimeout=2000, boundTcpPort=-1, boundTcpShmemPort=-1, selectorsCnt=4, selectorSpins=0, addrRslvr=null, ctxInitLatch=java.util.concurrent.CountDownLatch@3eb25e1a[Count = 1], stopping=false], evtSpi=org.apache.ignite.spi.eventstorage.NoopEventStorageSpi@477b4cdf, colSpi=NoopCollisionSpi [], deploySpi=LocalDeploymentSpi [], indexingSpi=org.apache.ignite.spi.indexing.noop.NoopIndexingSpi@5bda8e08, addrRslvr=null, encryptionSpi=org.apache.ignite.spi.encryption.noop.NoopEncryptionSpi@1e800aaa, clientMode=false, rebalanceThreadPoolSize=1, txCfg=TransactionConfiguration [txSerEnabled=false, dfltIsolation=REPEATABLE_READ, dfltConcurrency=PESSIMISTIC, dfltTxTimeout=0, txTimeoutOnPartitionMapExchange=0, pessimisticTxLogSize=0, pessimisticTxLogLinger=10000, tmLookupClsName=null, txManagerFactory=null, useJtaSync=false], cacheSanityCheckEnabled=true, discoStartupDelay=60000, deployMode=SHARED, p2pMissedCacheSize=100, locHost=null, timeSrvPortBase=31100, timeSrvPortRange=100, failureDetectionTimeout=10000, sysWorkerBlockedTimeout=null, clientFailureDetectionTimeout=30000, metricsLogFreq=60000, hadoopCfg=null, connectorCfg=ConnectorConfiguration [jettyPath=null, host=null, port=11211, noDelay=true, directBuf=false, sndBufSize=32768, rcvBufSize=32768, idleQryCurTimeout=600000, idleQryCurCheckFreq=60000, sndQueueLimit=0, selectorCnt=4, idleTimeout=7000, sslEnabled=false, sslClientAuth=false, sslCtxFactory=null, sslFactory=null, portRange=100, threadPoolSize=8, msgInterceptor=null], odbcCfg=null, warmupClos=null, atomicCfg=AtomicConfiguration [seqReserveSize=1000, cacheMode=PARTITIONED, backups=1, aff=null, grpName=null], classLdr=null, sslCtxFactory=null, platformCfg=null, binaryCfg=null, memCfg=null, pstCfg=null, dsCfg=DataStorageConfiguration [sysRegionInitSize=41943040, sysRegionMaxSize=104857600, pageSize=0, concLvl=0, dfltDataRegConf=DataRegionConfiguration [name=default, maxSize=3334422528, initSize=268435456, swapPath=null, pageEvictionMode=DISABLED, evictionThreshold=0.9, emptyPagesPoolSize=100, metricsEnabled=false, metricsSubIntervalCount=5, metricsRateTimeInterval=60000, persistenceEnabled=false, checkpointPageBufSize=0], dataRegions=null, storagePath=null, checkpointFreq=180000, lockWaitTime=10000, checkpointThreads=4, checkpointWriteOrder=SEQUENTIAL, walHistSize=20, maxWalArchiveSize=1073741824, walSegments=10, walSegmentSize=67108864, walPath=db/wal, walArchivePath=db/wal/archive, metricsEnabled=false, walMode=LOG_ONLY, walTlbSize=131072, walBuffSize=0, walFlushFreq=2000, walFsyncDelay=1000, walRecordIterBuffSize=67108864, alwaysWriteFullPages=false, fileIOFactory=org.apache.ignite.internal.processors.cache.persistence.file.AsyncFileIOFactory@74e52ef6, metricsSubIntervalCnt=5, metricsRateTimeInterval=60000, walAutoArchiveAfterInactivity=-1, writeThrottlingEnabled=false, walCompactionEnabled=false, walCompactionLevel=1, checkpointReadLockTimeout=null], activeOnStart=true, autoActivation=true, longQryWarnTimeout=3000, sqlConnCfg=null, cliConnCfg=ClientConnectorConfiguration [host=null, port=10800, portRange=100, sockSndBufSize=0, sockRcvBufSize=0, tcpNoDelay=true, maxOpenCursorsPerConn=128, threadPoolSize=8, idleTimeout=0, jdbcEnabled=true, odbcEnabled=true, thinCliEnabled=true, sslEnabled=false, useIgniteSslCtxFactory=true, sslClientAuth=false, sslCtxFactory=null], mvccVacuumThreadCnt=2, mvccVacuumFreq=5000, authEnabled=false, failureHnd=null, commFailureRslvr=null]
[16:23:18,352][INFO][main][IgniteKernal] Daemon mode: off
[16:23:18,352][INFO][main][IgniteKernal] OS: Linux 4.15.0-88-generic amd64
[16:23:18,352][INFO][main][IgniteKernal] OS user: xshaini
[16:23:18,355][INFO][main][IgniteKernal] PID: 30029
[16:23:18,356][INFO][main][IgniteKernal] Language runtime: Scala ver. 2.11.11
[16:23:18,356][INFO][main][IgniteKernal] VM information: Java(TM) SE Runtime Environment 1.8.0_211-b12 Oracle Corporation Java HotSpot(TM) 64-Bit Server VM 25.211-b12
[16:23:18,358][INFO][main][IgniteKernal] VM total memory: 3.5GB
[16:23:18,358][INFO][main][IgniteKernal] Remote Management [restart: off, REST: on, JMX (remote: off)]
[16:23:18,359][INFO][main][IgniteKernal] Logger: JavaLogger [quiet=true, config=null]
[16:23:18,359][INFO][main][IgniteKernal] IGNITE_HOME=/home/xshaini/apache-ignite-2.7.5-bin
[16:23:18,359][INFO][main][IgniteKernal] VM arguments: [-Dfile.encoding=UTF-8, -Xbootclasspath/p:/home/xshaini/scala-SDK-4.7.0/eclipse/plugins/org.scala-ide.scala211.jars_4.7.0.201709291351/target/jars/scala-library.jar:/home/xshaini/scala-SDK-4.7.0/eclipse/plugins/org.scala-ide.scala211.jars_4.7.0.201709291351/target/jars/scala-reflect.jar]
[16:23:18,360][INFO][main][IgniteKernal] System cache's DataRegion size is configured to 40 MB. Use DataStorageConfiguration.systemRegionInitialSize property to change the setting.
[16:23:18,373][INFO][main][IgniteKernal] Configured caches [in 'sysMemPlc' dataRegion: ['ignite-sys-cache']]
[16:23:18,374][WARNING][main][IgniteKernal] Peer class loading is enabled (disable it in production for performance and deployment consistency reasons)
[16:23:18,374][WARNING][main][IgniteKernal] Please set system property '-Djava.net.preferIPv4Stack=true' to avoid possible problems in mixed environments.
[16:23:18,381][INFO][main][IgniteKernal] 3-rd party licenses can be found at: /home/xshaini/apache-ignite-2.7.5-bin/libs/licenses
[16:23:18,388][WARNING][pub-#22][GridDiagnostic] Initial heap size is 250MB (should be no less than 512MB, use -Xms512m -Xmx512m).
[16:23:18,457][INFO][main][IgnitePluginProcessor] Configured plugins:
[16:23:18,457][INFO][main][IgnitePluginProcessor]   ^-- None
[16:23:18,458][INFO][main][IgnitePluginProcessor] 
[16:23:18,464][INFO][main][FailureProcessor] Configured failure handler: [hnd=StopNodeOrHaltFailureHandler [tryStop=false, timeout=0, super=AbstractFailureHandler [ignoredFailureTypes=[SYSTEM_WORKER_BLOCKED, SYSTEM_CRITICAL_OPERATION_TIMEOUT]]]]
[16:23:18,557][INFO][main][TcpCommunicationSpi] Successfully bound communication NIO server to TCP port [port=47100, locHost=0.0.0.0/0.0.0.0, selectorsCnt=4, selectorSpins=0, pairedConn=false]
[16:23:18,564][WARNING][main][TcpCommunicationSpi] Message queue limit is set to 0 which may lead to potential OOMEs when running cache operations in FULL_ASYNC or PRIMARY_SYNC modes due to message queues growth on sender and receiver sides.
[16:23:18,590][WARNING][main][NoopCheckpointSpi] Checkpoints are disabled (to enable configure any GridCheckpointSpi implementation)
[16:23:18,619][WARNING][main][GridCollisionManager] Collision resolution is disabled (all jobs will be activated upon arrival).
[16:23:18,630][INFO][main][IgniteKernal] Security status [authentication=off, tls/ssl=off]
[16:23:18,903][WARNING][main][IgniteCacheDatabaseSharedManager] DataRegionConfiguration.maxWalArchiveSize instead DataRegionConfiguration.walHistorySize would be used for removing old archive wal files
[16:23:18,923][INFO][main][PartitionsEvictManager] Evict partition permits=2
[16:23:19,148][INFO][main][ClientListenerProcessor] Client connector processor has started on TCP port 10800
[16:23:19,203][INFO][main][GridTcpRestProtocol] Command protocol successfully started [name=TCP binary, host=0.0.0.0/0.0.0.0, port=11211]
[16:23:19,244][INFO][main][IgniteKernal] Non-loopback local IPs: 172.16.2.60, fe80:0:0:0:8c20:4568:85a6:55e3%wlp2s0
[16:23:19,244][INFO][main][IgniteKernal] Enabled local MACs: 1002B5D9B0B6
[16:23:19,284][INFO][main][TcpDiscoverySpi] Connection check threshold is calculated: 10000
[16:23:19,286][INFO][main][TcpDiscoverySpi] Successfully bound to TCP port [port=47500, localHost=0.0.0.0/0.0.0.0, locNodeId=1b4cd72d-5ddb-45dd-a627-8a7d3e344fcc]
[16:23:20,528][INFO][disco-notifier-worker-#41][MvccProcessorImpl] Assigned mvcc coordinator [crd=MvccCoordinator [nodeId=1b4cd72d-5ddb-45dd-a627-8a7d3e344fcc, crdVer=1583940200518, topVer=AffinityTopologyVersion [topVer=1, minorTopVer=0]], crdNode=TcpDiscoveryNode [id=1b4cd72d-5ddb-45dd-a627-8a7d3e344fcc, addrs=[0:0:0:0:0:0:0:1%lo, 127.0.0.1, 172.16.2.60], sockAddrs=[/172.16.2.60:47500, /0:0:0:0:0:0:0:1%lo:47500, /127.0.0.1:47500], discPort=47500, order=1, intOrder=1, lastExchangeTime=1583940199283, loc=true, ver=2.7.6#20190911-sha1:21f7ca41, isClient=false]]
[16:23:20,557][INFO][exchange-worker-#43][time] Started exchange init [topVer=AffinityTopologyVersion [topVer=1, minorTopVer=0], mvccCrd=MvccCoordinator [nodeId=1b4cd72d-5ddb-45dd-a627-8a7d3e344fcc, crdVer=1583940200518, topVer=AffinityTopologyVersion [topVer=1, minorTopVer=0]], mvccCrdChange=true, crd=true, evt=NODE_JOINED, evtNode=1b4cd72d-5ddb-45dd-a627-8a7d3e344fcc, customEvt=null, allowMerge=false]
[16:23:20,573][INFO][exchange-worker-#43][msg] Components activation performed in 15 ms.
[16:23:20,689][INFO][exchange-worker-#43][GridCacheProcessor] Started cache [name=ignite-sys-cache, id=-2100569601, memoryPolicyName=sysMemPlc, mode=REPLICATED, atomicity=TRANSACTIONAL, backups=2147483647, mvcc=false], encryptionEnabled=false]
[16:23:20,689][INFO][exchange-worker-#43][GridCacheProcessor] Starting caches on local join performed in 115 ms.
[16:23:20,697][INFO][exchange-worker-#43][GridDhtPartitionsExchangeFuture] Skipped waiting for partitions release future (local node is joining) [topVer=AffinityTopologyVersion [topVer=1, minorTopVer=0]]
[16:23:20,755][INFO][exchange-worker-#43][GridDhtPartitionsExchangeFuture] finishExchangeOnCoordinator [topVer=AffinityTopologyVersion [topVer=1, minorTopVer=0], resVer=AffinityTopologyVersion [topVer=1, minorTopVer=0]]
[16:23:20,755][INFO][exchange-worker-#43][GridDhtPartitionsExchangeFuture] Affinity changes (coordinator) applied in 0 ms.
[16:23:20,759][INFO][exchange-worker-#43][GridDhtPartitionsExchangeFuture] Partitions validation performed in 4 ms.
[16:23:20,759][INFO][exchange-worker-#43][GridDhtPartitionsExchangeFuture] Partitions assignment performed in 0 ms.
[16:23:20,772][INFO][exchange-worker-#43][GridDhtPartitionsExchangeFuture] Preparing Full Message performed in 12 ms.
[16:23:20,773][INFO][exchange-worker-#43][GridDhtPartitionsExchangeFuture] Sending Full Message to all nodes performed in 0 ms.
[16:23:20,773][INFO][exchange-worker-#43][GridDhtPartitionsExchangeFuture] Finish exchange future [startVer=AffinityTopologyVersion [topVer=1, minorTopVer=0], resVer=AffinityTopologyVersion [topVer=1, minorTopVer=0], err=null]
[16:23:20,774][INFO][exchange-worker-#43][GridDhtPartitionsExchangeFuture] Detecting lost partitions performed in 1 ms.
[16:23:20,775][INFO][exchange-worker-#43][MvccProcessorImpl] Initialize local node as mvcc coordinator [node=1b4cd72d-5ddb-45dd-a627-8a7d3e344fcc, crdVer=1583940200518]
[16:23:20,785][INFO][exchange-worker-#43][GridCacheProcessor] Finish proxy initialization, cacheName=ignite-sys-cache, localNodeId=1b4cd72d-5ddb-45dd-a627-8a7d3e344fcc
[16:23:20,787][INFO][exchange-worker-#43][GridDhtPartitionsExchangeFuture] Completed partition exchange [localNode=1b4cd72d-5ddb-45dd-a627-8a7d3e344fcc, exchange=GridDhtPartitionsExchangeFuture [topVer=AffinityTopologyVersion [topVer=1, minorTopVer=0], evt=NODE_JOINED, evtNode=TcpDiscoveryNode [id=1b4cd72d-5ddb-45dd-a627-8a7d3e344fcc, addrs=[0:0:0:0:0:0:0:1%lo, 127.0.0.1, 172.16.2.60], sockAddrs=[/172.16.2.60:47500, /0:0:0:0:0:0:0:1%lo:47500, /127.0.0.1:47500], discPort=47500, order=1, intOrder=1, lastExchangeTime=1583940199283, loc=true, ver=2.7.6#20190911-sha1:21f7ca41, isClient=false], done=true], topVer=AffinityTopologyVersion [topVer=1, minorTopVer=0], durationFromInit=237]
[16:23:20,787][INFO][exchange-worker-#43][time] Finished exchange init [topVer=AffinityTopologyVersion [topVer=1, minorTopVer=0], crd=true]
[16:23:20,795][INFO][exchange-worker-#43][GridCachePartitionExchangeManager] Skipping rebalancing (nothing scheduled) [top=AffinityTopologyVersion [topVer=1, minorTopVer=0], force=false, evt=NODE_JOINED, node=1b4cd72d-5ddb-45dd-a627-8a7d3e344fcc]
[16:23:20,869][INFO][main][IgniteKernal] Performance suggestions for grid  (fix if possible)
[16:23:20,870][INFO][main][IgniteKernal] To disable, set -DIGNITE_PERFORMANCE_SUGGESTIONS_DISABLED=true
[16:23:20,871][INFO][main][IgniteKernal]   ^-- Disable grid events (remove 'includeEventTypes' from configuration)
[16:23:20,871][INFO][main][IgniteKernal]   ^-- Enable G1 Garbage Collector (add '-XX:+UseG1GC' to JVM options)
[16:23:20,872][INFO][main][IgniteKernal]   ^-- Specify JVM heap max size (add '-Xmx<size>[g|G|m|M|k|K]' to JVM options)
[16:23:20,872][INFO][main][IgniteKernal]   ^-- Set max direct memory size if getting 'OOME: Direct buffer memory' (add '-XX:MaxDirectMemorySize=<size>[g|G|m|M|k|K]' to JVM options)
[16:23:20,873][INFO][main][IgniteKernal]   ^-- Disable processing of calls to System.gc() (add '-XX:+DisableExplicitGC' to JVM options)
[16:23:20,875][INFO][main][IgniteKernal] Refer to this page for more performance suggestions: https://apacheignite.readme.io/docs/jvm-and-system-tuning
[16:23:20,875][INFO][main][IgniteKernal] 
[16:23:20,875][INFO][main][IgniteKernal] To start Console Management & Monitoring run ignitevisorcmd.{sh|bat}
[16:23:20,878][INFO][main][IgniteKernal] Data Regions Configured:
[16:23:20,878][INFO][main][IgniteKernal]   ^-- default [initSize=256.0 MiB, maxSize=3.1 GiB, persistence=false]
[16:23:20,879][INFO][main][IgniteKernal] 

>>> +----------------------------------------------------------------------+
>>> Ignite ver. 2.7.6#20190911-sha1:21f7ca41c4348909e2fd26ccf59b5b2ce1f4474e
>>> +----------------------------------------------------------------------+
>>> OS name: Linux 4.15.0-88-generic amd64
>>> CPU(s): 4
>>> Heap: 3.5GB
>>> VM name: 30029@eis-seoul
>>> Local node [ID=1B4CD72D-5DDB-45DD-A627-8A7D3E344FCC, order=1, clientMode=false]
>>> Local node addresses: [172.16.2.60/0:0:0:0:0:0:0:1%lo, /127.0.0.1, /172.16.2.60]
>>> Local ports: TCP:10800 TCP:11211 TCP:47100 UDP:47400 TCP:47500 

[16:23:20,881][INFO][main][GridDiscoveryManager] Topology snapshot [ver=1, locNode=1b4cd72d, servers=1, clients=0, state=ACTIVE, CPUs=4, offheap=3.1GB, heap=3.5GB]
[16:23:20,926][INFO][exchange-worker-#43][time] Started exchange init [topVer=AffinityTopologyVersion [topVer=1, minorTopVer=1], mvccCrd=MvccCoordinator [nodeId=1b4cd72d-5ddb-45dd-a627-8a7d3e344fcc, crdVer=1583940200518, topVer=AffinityTopologyVersion [topVer=1, minorTopVer=0]], mvccCrdChange=false, crd=true, evt=DISCOVERY_CUSTOM_EVT, evtNode=1b4cd72d-5ddb-45dd-a627-8a7d3e344fcc, customEvt=DynamicCacheChangeBatch [id=90b513ac071-4e9f8715-7ccb-4d35-a50e-711e726d1c1c, reqs=[DynamicCacheChangeRequest [cacheName=Entity2IDcachee, hasCfg=true, nodeId=1b4cd72d-5ddb-45dd-a627-8a7d3e344fcc, clientStartOnly=false, stop=false, destroy=false, disabledAfterStartfalse]], exchangeActions=ExchangeActions [startCaches=[Entity2IDcachee], stopCaches=null, startGrps=[Entity2IDcachee], stopGrps=[], resetParts=null, stateChangeRequest=null], startCaches=false], allowMerge=false]
[16:23:20,927][INFO][exchange-worker-#43][CacheAffinitySharedManager] Updating caches registry performed in 1 ms.
[16:23:21,078][INFO][exchange-worker-#43][GridCacheProcessor] Started cache [name=Entity2IDcachee, id=-1087112307, memoryPolicyName=default, mode=PARTITIONED, atomicity=ATOMIC, backups=0, mvcc=false], encryptionEnabled=false]
[16:23:21,080][INFO][exchange-worker-#43][CacheAffinitySharedManager] Caches starting performed in 153 ms.
[16:23:21,081][INFO][exchange-worker-#43][CacheAffinitySharedManager] Affinity initialization for started caches performed in 0 ms.
[16:23:21,089][INFO][exchange-worker-#43][GridDhtPartitionsExchangeFuture] Finished waiting for partition release future [topVer=AffinityTopologyVersion [topVer=1, minorTopVer=1], waitTime=0ms, futInfo=NA, mode=DISTRIBUTED]
[16:23:21,093][INFO][exchange-worker-#43][GridDhtPartitionsExchangeFuture] Finished waiting for partitions release latch: ServerLatch [permits=0, pendingAcks=[], super=CompletableLatch [id=exchange, topVer=AffinityTopologyVersion [topVer=1, minorTopVer=1]]]
[16:23:21,093][INFO][exchange-worker-#43][GridDhtPartitionsExchangeFuture] Finished waiting for partition release future [topVer=AffinityTopologyVersion [topVer=1, minorTopVer=1], waitTime=0ms, futInfo=NA, mode=LOCAL]
[16:23:21,190][INFO][exchange-worker-#43][GridDhtPartitionsExchangeFuture] finishExchangeOnCoordinator [topVer=AffinityTopologyVersion [topVer=1, minorTopVer=1], resVer=AffinityTopologyVersion [topVer=1, minorTopVer=1]]
[16:23:21,190][INFO][exchange-worker-#43][GridDhtPartitionsExchangeFuture] Affinity changes (coordinator) applied in 0 ms.
[16:23:21,192][INFO][exchange-worker-#43][GridDhtPartitionsExchangeFuture] Partitions validation performed in 2 ms.
[16:23:21,195][INFO][exchange-worker-#43][GridDhtPartitionsExchangeFuture] Partitions assignment performed in 3 ms.
[16:23:21,212][INFO][exchange-worker-#43][GridDhtPartitionsExchangeFuture] Preparing Full Message performed in 15 ms.
[16:23:21,212][INFO][exchange-worker-#43][GridDhtPartitionsExchangeFuture] Sending Full Message to all nodes performed in 0 ms.
[16:23:21,212][INFO][exchange-worker-#43][GridDhtPartitionsExchangeFuture] Finish exchange future [startVer=AffinityTopologyVersion [topVer=1, minorTopVer=1], resVer=AffinityTopologyVersion [topVer=1, minorTopVer=1], err=null]
[16:23:21,223][INFO][exchange-worker-#43][GridCacheProcessor] Finish proxy initialization, cacheName=Entity2IDcachee, localNodeId=1b4cd72d-5ddb-45dd-a627-8a7d3e344fcc
[16:23:21,224][INFO][exchange-worker-#43][GridDhtPartitionsExchangeFuture] Completed partition exchange [localNode=1b4cd72d-5ddb-45dd-a627-8a7d3e344fcc, exchange=GridDhtPartitionsExchangeFuture [topVer=AffinityTopologyVersion [topVer=1, minorTopVer=1], evt=DISCOVERY_CUSTOM_EVT, evtNode=TcpDiscoveryNode [id=1b4cd72d-5ddb-45dd-a627-8a7d3e344fcc, addrs=[0:0:0:0:0:0:0:1%lo, 127.0.0.1, 172.16.2.60], sockAddrs=[/172.16.2.60:47500, /0:0:0:0:0:0:0:1%lo:47500, /127.0.0.1:47500], discPort=47500, order=1, intOrder=1, lastExchangeTime=1583940199283, loc=true, ver=2.7.6#20190911-sha1:21f7ca41, isClient=false], done=true], topVer=AffinityTopologyVersion [topVer=1, minorTopVer=1], durationFromInit=298]
[16:23:21,224][INFO][exchange-worker-#43][time] Finished exchange init [topVer=AffinityTopologyVersion [topVer=1, minorTopVer=1], crd=true]
[16:23:21,229][INFO][exchange-worker-#43][GridCachePartitionExchangeManager] Skipping rebalancing (nothing scheduled) [top=AffinityTopologyVersion [topVer=1, minorTopVer=1], force=false, evt=DISCOVERY_CUSTOM_EVT, node=1b4cd72d-5ddb-45dd-a627-8a7d3e344fcc]
[16:23:21,233][INFO][exchange-worker-#43][time] Started exchange init [topVer=AffinityTopologyVersion [topVer=1, minorTopVer=2], mvccCrd=MvccCoordinator [nodeId=1b4cd72d-5ddb-45dd-a627-8a7d3e344fcc, crdVer=1583940200518, topVer=AffinityTopologyVersion [topVer=1, minorTopVer=0]], mvccCrdChange=false, crd=true, evt=DISCOVERY_CUSTOM_EVT, evtNode=1b4cd72d-5ddb-45dd-a627-8a7d3e344fcc, customEvt=DynamicCacheChangeBatch [id=01b513ac071-4e9f8715-7ccb-4d35-a50e-711e726d1c1c, reqs=[DynamicCacheChangeRequest [cacheName=Relation2IDcachee, hasCfg=true, nodeId=1b4cd72d-5ddb-45dd-a627-8a7d3e344fcc, clientStartOnly=false, stop=false, destroy=false, disabledAfterStartfalse]], exchangeActions=ExchangeActions [startCaches=[Relation2IDcachee], stopCaches=null, startGrps=[Relation2IDcachee], stopGrps=[], resetParts=null, stateChangeRequest=null], startCaches=false], allowMerge=false]
[16:23:21,233][INFO][exchange-worker-#43][CacheAffinitySharedManager] Updating caches registry performed in 0 ms.
[16:23:21,240][INFO][exchange-worker-#43][GridCacheProcessor] Started cache [name=Relation2IDcachee, id=1689532820, memoryPolicyName=default, mode=PARTITIONED, atomicity=ATOMIC, backups=0, mvcc=false], encryptionEnabled=false]
[16:23:21,240][INFO][exchange-worker-#43][CacheAffinitySharedManager] Caches starting performed in 6 ms.
[16:23:21,242][INFO][exchange-worker-#43][CacheAffinitySharedManager] Affinity initialization for started caches performed in 1 ms.
[16:23:21,242][INFO][exchange-worker-#43][GridDhtPartitionsExchangeFuture] Finished waiting for partition release future [topVer=AffinityTopologyVersion [topVer=1, minorTopVer=2], waitTime=0ms, futInfo=NA, mode=DISTRIBUTED]
[16:23:21,243][INFO][exchange-worker-#43][GridDhtPartitionsExchangeFuture] Finished waiting for partitions release latch: ServerLatch [permits=0, pendingAcks=[], super=CompletableLatch [id=exchange, topVer=AffinityTopologyVersion [topVer=1, minorTopVer=2]]]
[16:23:21,243][INFO][exchange-worker-#43][GridDhtPartitionsExchangeFuture] Finished waiting for partition release future [topVer=AffinityTopologyVersion [topVer=1, minorTopVer=2], waitTime=0ms, futInfo=NA, mode=LOCAL]
[16:23:21,297][INFO][exchange-worker-#43][GridDhtPartitionsExchangeFuture] finishExchangeOnCoordinator [topVer=AffinityTopologyVersion [topVer=1, minorTopVer=2], resVer=AffinityTopologyVersion [topVer=1, minorTopVer=2]]
[16:23:21,297][INFO][exchange-worker-#43][GridDhtPartitionsExchangeFuture] Affinity changes (coordinator) applied in 0 ms.
[16:23:21,300][INFO][exchange-worker-#43][GridDhtPartitionsExchangeFuture] Partitions validation performed in 3 ms.
[16:23:21,302][INFO][exchange-worker-#43][GridDhtPartitionsExchangeFuture] Partitions assignment performed in 2 ms.
[16:23:21,315][INFO][exchange-worker-#43][GridDhtPartitionsExchangeFuture] Preparing Full Message performed in 8 ms.
[16:23:21,315][INFO][exchange-worker-#43][GridDhtPartitionsExchangeFuture] Sending Full Message to all nodes performed in 0 ms.
[16:23:21,315][INFO][exchange-worker-#43][GridDhtPartitionsExchangeFuture] Finish exchange future [startVer=AffinityTopologyVersion [topVer=1, minorTopVer=2], resVer=AffinityTopologyVersion [topVer=1, minorTopVer=2], err=null]
[16:23:21,320][INFO][exchange-worker-#43][GridCacheProcessor] Finish proxy initialization, cacheName=Relation2IDcachee, localNodeId=1b4cd72d-5ddb-45dd-a627-8a7d3e344fcc
[16:23:21,321][INFO][exchange-worker-#43][GridDhtPartitionsExchangeFuture] Completed partition exchange [localNode=1b4cd72d-5ddb-45dd-a627-8a7d3e344fcc, exchange=GridDhtPartitionsExchangeFuture [topVer=AffinityTopologyVersion [topVer=1, minorTopVer=2], evt=DISCOVERY_CUSTOM_EVT, evtNode=TcpDiscoveryNode [id=1b4cd72d-5ddb-45dd-a627-8a7d3e344fcc, addrs=[0:0:0:0:0:0:0:1%lo, 127.0.0.1, 172.16.2.60], sockAddrs=[/172.16.2.60:47500, /0:0:0:0:0:0:0:1%lo:47500, /127.0.0.1:47500], discPort=47500, order=1, intOrder=1, lastExchangeTime=1583940199283, loc=true, ver=2.7.6#20190911-sha1:21f7ca41, isClient=false], done=true], topVer=AffinityTopologyVersion [topVer=1, minorTopVer=2], durationFromInit=85]
[16:23:21,321][INFO][exchange-worker-#43][time] Finished exchange init [topVer=AffinityTopologyVersion [topVer=1, minorTopVer=2], crd=true]
[16:23:21,325][INFO][exchange-worker-#43][GridCachePartitionExchangeManager] Skipping rebalancing (nothing scheduled) [top=AffinityTopologyVersion [topVer=1, minorTopVer=2], force=false, evt=DISCOVERY_CUSTOM_EVT, node=1b4cd72d-5ddb-45dd-a627-8a7d3e344fcc]
[16:23:21,334][INFO][exchange-worker-#43][time] Started exchange init [topVer=AffinityTopologyVersion [topVer=1, minorTopVer=3], mvccCrd=MvccCoordinator [nodeId=1b4cd72d-5ddb-45dd-a627-8a7d3e344fcc, crdVer=1583940200518, topVer=AffinityTopologyVersion [topVer=1, minorTopVer=0]], mvccCrdChange=false, crd=true, evt=DISCOVERY_CUSTOM_EVT, evtNode=1b4cd72d-5ddb-45dd-a627-8a7d3e344fcc, customEvt=DynamicCacheChangeBatch [id=61b513ac071-4e9f8715-7ccb-4d35-a50e-711e726d1c1c, reqs=[DynamicCacheChangeRequest [cacheName=E_embeddingscachee, hasCfg=true, nodeId=1b4cd72d-5ddb-45dd-a627-8a7d3e344fcc, clientStartOnly=false, stop=false, destroy=false, disabledAfterStartfalse]], exchangeActions=ExchangeActions [startCaches=[E_embeddingscachee], stopCaches=null, startGrps=[E_embeddingscachee], stopGrps=[], resetParts=null, stateChangeRequest=null], startCaches=false], allowMerge=false]
[16:23:21,335][INFO][exchange-worker-#43][CacheAffinitySharedManager] Updating caches registry performed in 0 ms.
[16:23:21,368][INFO][exchange-worker-#43][GridCacheProcessor] Started cache [name=E_embeddingscachee, id=195644633, memoryPolicyName=default, mode=PARTITIONED, atomicity=ATOMIC, backups=0, mvcc=false], encryptionEnabled=false]
[16:23:21,368][INFO][exchange-worker-#43][CacheAffinitySharedManager] Caches starting performed in 33 ms.
[16:23:21,369][INFO][exchange-worker-#43][CacheAffinitySharedManager] Affinity initialization for started caches performed in 1 ms.
[16:23:21,370][INFO][exchange-worker-#43][GridDhtPartitionsExchangeFuture] Finished waiting for partition release future [topVer=AffinityTopologyVersion [topVer=1, minorTopVer=3], waitTime=0ms, futInfo=NA, mode=DISTRIBUTED]
[16:23:21,371][INFO][exchange-worker-#43][GridDhtPartitionsExchangeFuture] Finished waiting for partitions release latch: ServerLatch [permits=0, pendingAcks=[], super=CompletableLatch [id=exchange, topVer=AffinityTopologyVersion [topVer=1, minorTopVer=3]]]
[16:23:21,371][INFO][exchange-worker-#43][GridDhtPartitionsExchangeFuture] Finished waiting for partition release future [topVer=AffinityTopologyVersion [topVer=1, minorTopVer=3], waitTime=0ms, futInfo=NA, mode=LOCAL]
[16:23:21,421][INFO][exchange-worker-#43][GridDhtPartitionsExchangeFuture] finishExchangeOnCoordinator [topVer=AffinityTopologyVersion [topVer=1, minorTopVer=3], resVer=AffinityTopologyVersion [topVer=1, minorTopVer=3]]
[16:23:21,421][INFO][exchange-worker-#43][GridDhtPartitionsExchangeFuture] Affinity changes (coordinator) applied in 0 ms.
[16:23:21,424][INFO][exchange-worker-#43][GridDhtPartitionsExchangeFuture] Partitions validation performed in 3 ms.
[16:23:21,427][INFO][exchange-worker-#43][GridDhtPartitionsExchangeFuture] Partitions assignment performed in 3 ms.
[16:23:21,437][INFO][exchange-worker-#43][GridDhtPartitionsExchangeFuture] Preparing Full Message performed in 8 ms.
[16:23:21,438][INFO][exchange-worker-#43][GridDhtPartitionsExchangeFuture] Sending Full Message to all nodes performed in 0 ms.
[16:23:21,438][INFO][exchange-worker-#43][GridDhtPartitionsExchangeFuture] Finish exchange future [startVer=AffinityTopologyVersion [topVer=1, minorTopVer=3], resVer=AffinityTopologyVersion [topVer=1, minorTopVer=3], err=null]
[16:23:21,444][INFO][exchange-worker-#43][GridCacheProcessor] Finish proxy initialization, cacheName=E_embeddingscachee, localNodeId=1b4cd72d-5ddb-45dd-a627-8a7d3e344fcc
[16:23:21,451][INFO][exchange-worker-#43][GridDhtPartitionsExchangeFuture] Completed partition exchange [localNode=1b4cd72d-5ddb-45dd-a627-8a7d3e344fcc, exchange=GridDhtPartitionsExchangeFuture [topVer=AffinityTopologyVersion [topVer=1, minorTopVer=3], evt=DISCOVERY_CUSTOM_EVT, evtNode=TcpDiscoveryNode [id=1b4cd72d-5ddb-45dd-a627-8a7d3e344fcc, addrs=[0:0:0:0:0:0:0:1%lo, 127.0.0.1, 172.16.2.60], sockAddrs=[/172.16.2.60:47500, /0:0:0:0:0:0:0:1%lo:47500, /127.0.0.1:47500], discPort=47500, order=1, intOrder=1, lastExchangeTime=1583940199283, loc=true, ver=2.7.6#20190911-sha1:21f7ca41, isClient=false], done=true], topVer=AffinityTopologyVersion [topVer=1, minorTopVer=3], durationFromInit=112]
[16:23:21,451][INFO][exchange-worker-#43][time] Finished exchange init [topVer=AffinityTopologyVersion [topVer=1, minorTopVer=3], crd=true]
[16:23:21,455][INFO][exchange-worker-#43][GridCachePartitionExchangeManager] Skipping rebalancing (obsolete exchange ID) [top=AffinityTopologyVersion [topVer=1, minorTopVer=3], evt=DISCOVERY_CUSTOM_EVT, node=1b4cd72d-5ddb-45dd-a627-8a7d3e344fcc]
[16:23:21,455][INFO][exchange-worker-#43][time] Started exchange init [topVer=AffinityTopologyVersion [topVer=1, minorTopVer=4], mvccCrd=MvccCoordinator [nodeId=1b4cd72d-5ddb-45dd-a627-8a7d3e344fcc, crdVer=1583940200518, topVer=AffinityTopologyVersion [topVer=1, minorTopVer=0]], mvccCrdChange=false, crd=true, evt=DISCOVERY_CUSTOM_EVT, evtNode=1b4cd72d-5ddb-45dd-a627-8a7d3e344fcc, customEvt=DynamicCacheChangeBatch [id=c1b513ac071-4e9f8715-7ccb-4d35-a50e-711e726d1c1c, reqs=[DynamicCacheChangeRequest [cacheName=R_embeddingscachee, hasCfg=true, nodeId=1b4cd72d-5ddb-45dd-a627-8a7d3e344fcc, clientStartOnly=false, stop=false, destroy=false, disabledAfterStartfalse]], exchangeActions=ExchangeActions [startCaches=[R_embeddingscachee], stopCaches=null, startGrps=[R_embeddingscachee], stopGrps=[], resetParts=null, stateChangeRequest=null], startCaches=false], allowMerge=false]
[16:23:21,456][INFO][exchange-worker-#43][CacheAffinitySharedManager] Updating caches registry performed in 0 ms.
[16:23:21,463][INFO][exchange-worker-#43][GridCacheProcessor] Started cache [name=R_embeddingscachee, id=118605932, memoryPolicyName=default, mode=PARTITIONED, atomicity=ATOMIC, backups=0, mvcc=false], encryptionEnabled=false]
[16:23:21,463][INFO][exchange-worker-#43][CacheAffinitySharedManager] Caches starting performed in 7 ms.
[16:23:21,464][INFO][exchange-worker-#43][CacheAffinitySharedManager] Affinity initialization for started caches performed in 1 ms.
[16:23:21,465][INFO][exchange-worker-#43][GridDhtPartitionsExchangeFuture] Finished waiting for partition release future [topVer=AffinityTopologyVersion [topVer=1, minorTopVer=4], waitTime=0ms, futInfo=NA, mode=DISTRIBUTED]
[16:23:21,466][INFO][exchange-worker-#43][GridDhtPartitionsExchangeFuture] Finished waiting for partitions release latch: ServerLatch [permits=0, pendingAcks=[], super=CompletableLatch [id=exchange, topVer=AffinityTopologyVersion [topVer=1, minorTopVer=4]]]
[16:23:21,466][INFO][exchange-worker-#43][GridDhtPartitionsExchangeFuture] Finished waiting for partition release future [topVer=AffinityTopologyVersion [topVer=1, minorTopVer=4], waitTime=0ms, futInfo=NA, mode=LOCAL]
[16:23:21,514][INFO][exchange-worker-#43][GridDhtPartitionsExchangeFuture] finishExchangeOnCoordinator [topVer=AffinityTopologyVersion [topVer=1, minorTopVer=4], resVer=AffinityTopologyVersion [topVer=1, minorTopVer=4]]
[16:23:21,515][INFO][exchange-worker-#43][GridDhtPartitionsExchangeFuture] Affinity changes (coordinator) applied in 0 ms.
[16:23:21,519][INFO][exchange-worker-#43][GridDhtPartitionsExchangeFuture] Partitions validation performed in 4 ms.
[16:23:21,522][INFO][exchange-worker-#43][GridDhtPartitionsExchangeFuture] Partitions assignment performed in 3 ms.
[16:23:21,532][INFO][exchange-worker-#43][GridDhtPartitionsExchangeFuture] Preparing Full Message performed in 7 ms.
[16:23:21,532][INFO][exchange-worker-#43][GridDhtPartitionsExchangeFuture] Sending Full Message to all nodes performed in 0 ms.
[16:23:21,532][INFO][exchange-worker-#43][GridDhtPartitionsExchangeFuture] Finish exchange future [startVer=AffinityTopologyVersion [topVer=1, minorTopVer=4], resVer=AffinityTopologyVersion [topVer=1, minorTopVer=4], err=null]
[16:23:21,540][INFO][exchange-worker-#43][GridCacheProcessor] Finish proxy initialization, cacheName=R_embeddingscachee, localNodeId=1b4cd72d-5ddb-45dd-a627-8a7d3e344fcc
[16:23:21,541][INFO][exchange-worker-#43][GridDhtPartitionsExchangeFuture] Completed partition exchange [localNode=1b4cd72d-5ddb-45dd-a627-8a7d3e344fcc, exchange=GridDhtPartitionsExchangeFuture [topVer=AffinityTopologyVersion [topVer=1, minorTopVer=4], evt=DISCOVERY_CUSTOM_EVT, evtNode=TcpDiscoveryNode [id=1b4cd72d-5ddb-45dd-a627-8a7d3e344fcc, addrs=[0:0:0:0:0:0:0:1%lo, 127.0.0.1, 172.16.2.60], sockAddrs=[/172.16.2.60:47500, /0:0:0:0:0:0:0:1%lo:47500, /127.0.0.1:47500], discPort=47500, order=1, intOrder=1, lastExchangeTime=1583940199283, loc=true, ver=2.7.6#20190911-sha1:21f7ca41, isClient=false], done=true], topVer=AffinityTopologyVersion [topVer=1, minorTopVer=4], durationFromInit=86]
[16:23:21,541][INFO][exchange-worker-#43][time] Finished exchange init [topVer=AffinityTopologyVersion [topVer=1, minorTopVer=4], crd=true]
[16:23:21,547][INFO][exchange-worker-#43][GridCachePartitionExchangeManager] Skipping rebalancing (obsolete exchange ID) [top=AffinityTopologyVersion [topVer=1, minorTopVer=4], evt=DISCOVERY_CUSTOM_EVT, node=1b4cd72d-5ddb-45dd-a627-8a7d3e344fcc]
[16:23:21,548][INFO][exchange-worker-#43][time] Started exchange init [topVer=AffinityTopologyVersion [topVer=1, minorTopVer=5], mvccCrd=MvccCoordinator [nodeId=1b4cd72d-5ddb-45dd-a627-8a7d3e344fcc, crdVer=1583940200518, topVer=AffinityTopologyVersion [topVer=1, minorTopVer=0]], mvccCrdChange=false, crd=true, evt=DISCOVERY_CUSTOM_EVT, evtNode=1b4cd72d-5ddb-45dd-a627-8a7d3e344fcc, customEvt=DynamicCacheChangeBatch [id=22b513ac071-4e9f8715-7ccb-4d35-a50e-711e726d1c1c, reqs=[DynamicCacheChangeRequest [cacheName=tripleIde, hasCfg=true, nodeId=1b4cd72d-5ddb-45dd-a627-8a7d3e344fcc, clientStartOnly=false, stop=false, destroy=false, disabledAfterStartfalse]], exchangeActions=ExchangeActions [startCaches=[tripleIde], stopCaches=null, startGrps=[tripleIde], stopGrps=[], resetParts=null, stateChangeRequest=null], startCaches=false], allowMerge=false]
[16:23:21,548][INFO][exchange-worker-#43][CacheAffinitySharedManager] Updating caches registry performed in 0 ms.
[16:23:21,561][INFO][exchange-worker-#43][GridCacheProcessor] Started cache [name=tripleIde, id=-386511508, memoryPolicyName=default, mode=PARTITIONED, atomicity=ATOMIC, backups=0, mvcc=false], encryptionEnabled=false]
[16:23:21,561][INFO][exchange-worker-#43][CacheAffinitySharedManager] Caches starting performed in 13 ms.
[16:23:21,562][INFO][exchange-worker-#43][CacheAffinitySharedManager] Affinity initialization for started caches performed in 1 ms.
[16:23:21,563][INFO][exchange-worker-#43][GridDhtPartitionsExchangeFuture] Finished waiting for partition release future [topVer=AffinityTopologyVersion [topVer=1, minorTopVer=5], waitTime=0ms, futInfo=NA, mode=DISTRIBUTED]
[16:23:21,564][INFO][exchange-worker-#43][GridDhtPartitionsExchangeFuture] Finished waiting for partitions release latch: ServerLatch [permits=0, pendingAcks=[], super=CompletableLatch [id=exchange, topVer=AffinityTopologyVersion [topVer=1, minorTopVer=5]]]
[16:23:21,564][INFO][exchange-worker-#43][GridDhtPartitionsExchangeFuture] Finished waiting for partition release future [topVer=AffinityTopologyVersion [topVer=1, minorTopVer=5], waitTime=0ms, futInfo=NA, mode=LOCAL]
[16:23:21,618][INFO][exchange-worker-#43][GridDhtPartitionsExchangeFuture] finishExchangeOnCoordinator [topVer=AffinityTopologyVersion [topVer=1, minorTopVer=5], resVer=AffinityTopologyVersion [topVer=1, minorTopVer=5]]
[16:23:21,618][INFO][exchange-worker-#43][GridDhtPartitionsExchangeFuture] Affinity changes (coordinator) applied in 0 ms.
[16:23:21,621][INFO][exchange-worker-#43][GridDhtPartitionsExchangeFuture] Partitions validation performed in 3 ms.
[16:23:21,624][INFO][exchange-worker-#43][GridDhtPartitionsExchangeFuture] Partitions assignment performed in 3 ms.
[16:23:21,634][INFO][exchange-worker-#43][GridDhtPartitionsExchangeFuture] Preparing Full Message performed in 7 ms.
[16:23:21,635][INFO][exchange-worker-#43][GridDhtPartitionsExchangeFuture] Sending Full Message to all nodes performed in 1 ms.
[16:23:21,635][INFO][exchange-worker-#43][GridDhtPartitionsExchangeFuture] Finish exchange future [startVer=AffinityTopologyVersion [topVer=1, minorTopVer=5], resVer=AffinityTopologyVersion [topVer=1, minorTopVer=5], err=null]
[16:23:21,642][INFO][exchange-worker-#43][GridCacheProcessor] Finish proxy initialization, cacheName=tripleIde, localNodeId=1b4cd72d-5ddb-45dd-a627-8a7d3e344fcc
[16:23:21,643][INFO][exchange-worker-#43][GridDhtPartitionsExchangeFuture] Completed partition exchange [localNode=1b4cd72d-5ddb-45dd-a627-8a7d3e344fcc, exchange=GridDhtPartitionsExchangeFuture [topVer=AffinityTopologyVersion [topVer=1, minorTopVer=5], evt=DISCOVERY_CUSTOM_EVT, evtNode=TcpDiscoveryNode [id=1b4cd72d-5ddb-45dd-a627-8a7d3e344fcc, addrs=[0:0:0:0:0:0:0:1%lo, 127.0.0.1, 172.16.2.60], sockAddrs=[/172.16.2.60:47500, /0:0:0:0:0:0:0:1%lo:47500, /127.0.0.1:47500], discPort=47500, order=1, intOrder=1, lastExchangeTime=1583940199283, loc=true, ver=2.7.6#20190911-sha1:21f7ca41, isClient=false], done=true], topVer=AffinityTopologyVersion [topVer=1, minorTopVer=5], durationFromInit=101]
[16:23:21,643][INFO][exchange-worker-#43][time] Finished exchange init [topVer=AffinityTopologyVersion [topVer=1, minorTopVer=5], crd=true]
[16:23:21,650][INFO][exchange-worker-#43][GridCachePartitionExchangeManager] Skipping rebalancing (obsolete exchange ID) [top=AffinityTopologyVersion [topVer=1, minorTopVer=5], evt=DISCOVERY_CUSTOM_EVT, node=1b4cd72d-5ddb-45dd-a627-8a7d3e344fcc]
[16:23:21,650][INFO][exchange-worker-#43][time] Started exchange init [topVer=AffinityTopologyVersion [topVer=1, minorTopVer=6], mvccCrd=MvccCoordinator [nodeId=1b4cd72d-5ddb-45dd-a627-8a7d3e344fcc, crdVer=1583940200518, topVer=AffinityTopologyVersion [topVer=1, minorTopVer=0]], mvccCrdChange=false, crd=true, evt=DISCOVERY_CUSTOM_EVT, evtNode=1b4cd72d-5ddb-45dd-a627-8a7d3e344fcc, customEvt=DynamicCacheChangeBatch [id=82b513ac071-4e9f8715-7ccb-4d35-a50e-711e726d1c1c, reqs=[DynamicCacheChangeRequest [cacheName=allTriplesCache, hasCfg=true, nodeId=1b4cd72d-5ddb-45dd-a627-8a7d3e344fcc, clientStartOnly=false, stop=false, destroy=false, disabledAfterStartfalse]], exchangeActions=ExchangeActions [startCaches=[allTriplesCache], stopCaches=null, startGrps=[allTriplesCache], stopGrps=[], resetParts=null, stateChangeRequest=null], startCaches=false], allowMerge=false]
[16:23:21,650][INFO][exchange-worker-#43][CacheAffinitySharedManager] Updating caches registry performed in 0 ms.
[16:23:21,661][INFO][exchange-worker-#43][GridCacheProcessor] Started cache [name=allTriplesCache, id=1394360558, memoryPolicyName=default, mode=PARTITIONED, atomicity=ATOMIC, backups=0, mvcc=false], encryptionEnabled=false]
[16:23:21,661][INFO][exchange-worker-#43][CacheAffinitySharedManager] Caches starting performed in 11 ms.
[16:23:21,663][INFO][exchange-worker-#43][CacheAffinitySharedManager] Affinity initialization for started caches performed in 1 ms.
[16:23:21,664][INFO][exchange-worker-#43][GridDhtPartitionsExchangeFuture] Finished waiting for partition release future [topVer=AffinityTopologyVersion [topVer=1, minorTopVer=6], waitTime=0ms, futInfo=NA, mode=DISTRIBUTED]
[16:23:21,664][INFO][exchange-worker-#43][GridDhtPartitionsExchangeFuture] Finished waiting for partitions release latch: ServerLatch [permits=0, pendingAcks=[], super=CompletableLatch [id=exchange, topVer=AffinityTopologyVersion [topVer=1, minorTopVer=6]]]
[16:23:21,664][INFO][exchange-worker-#43][GridDhtPartitionsExchangeFuture] Finished waiting for partition release future [topVer=AffinityTopologyVersion [topVer=1, minorTopVer=6], waitTime=0ms, futInfo=NA, mode=LOCAL]
[16:23:21,716][INFO][exchange-worker-#43][GridDhtPartitionsExchangeFuture] finishExchangeOnCoordinator [topVer=AffinityTopologyVersion [topVer=1, minorTopVer=6], resVer=AffinityTopologyVersion [topVer=1, minorTopVer=6]]
[16:23:21,716][INFO][exchange-worker-#43][GridDhtPartitionsExchangeFuture] Affinity changes (coordinator) applied in 0 ms.
[16:23:21,722][INFO][exchange-worker-#43][GridDhtPartitionsExchangeFuture] Partitions validation performed in 6 ms.
[16:23:21,727][INFO][exchange-worker-#43][GridDhtPartitionsExchangeFuture] Partitions assignment performed in 5 ms.
[16:23:21,739][INFO][exchange-worker-#43][GridDhtPartitionsExchangeFuture] Preparing Full Message performed in 9 ms.
[16:23:21,739][INFO][exchange-worker-#43][GridDhtPartitionsExchangeFuture] Sending Full Message to all nodes performed in 0 ms.
[16:23:21,740][INFO][exchange-worker-#43][GridDhtPartitionsExchangeFuture] Finish exchange future [startVer=AffinityTopologyVersion [topVer=1, minorTopVer=6], resVer=AffinityTopologyVersion [topVer=1, minorTopVer=6], err=null]
[16:23:21,750][INFO][exchange-worker-#43][GridCacheProcessor] Finish proxy initialization, cacheName=allTriplesCache, localNodeId=1b4cd72d-5ddb-45dd-a627-8a7d3e344fcc
[16:23:21,754][INFO][exchange-worker-#43][GridDhtPartitionsExchangeFuture] Completed partition exchange [localNode=1b4cd72d-5ddb-45dd-a627-8a7d3e344fcc, exchange=GridDhtPartitionsExchangeFuture [topVer=AffinityTopologyVersion [topVer=1, minorTopVer=6], evt=DISCOVERY_CUSTOM_EVT, evtNode=TcpDiscoveryNode [id=1b4cd72d-5ddb-45dd-a627-8a7d3e344fcc, addrs=[0:0:0:0:0:0:0:1%lo, 127.0.0.1, 172.16.2.60], sockAddrs=[/172.16.2.60:47500, /0:0:0:0:0:0:0:1%lo:47500, /127.0.0.1:47500], discPort=47500, order=1, intOrder=1, lastExchangeTime=1583940199283, loc=true, ver=2.7.6#20190911-sha1:21f7ca41, isClient=false], done=true], topVer=AffinityTopologyVersion [topVer=1, minorTopVer=6], durationFromInit=102]
[16:23:21,754][INFO][exchange-worker-#43][time] Finished exchange init [topVer=AffinityTopologyVersion [topVer=1, minorTopVer=6], crd=true]
[16:23:21,760][INFO][exchange-worker-#43][GridCachePartitionExchangeManager] Skipping rebalancing (obsolete exchange ID) [top=AffinityTopologyVersion [topVer=1, minorTopVer=6], evt=DISCOVERY_CUSTOM_EVT, node=1b4cd72d-5ddb-45dd-a627-8a7d3e344fcc]
[16:23:21,761][INFO][exchange-worker-#43][time] Started exchange init [topVer=AffinityTopologyVersion [topVer=1, minorTopVer=7], mvccCrd=MvccCoordinator [nodeId=1b4cd72d-5ddb-45dd-a627-8a7d3e344fcc, crdVer=1583940200518, topVer=AffinityTopologyVersion [topVer=1, minorTopVer=0]], mvccCrdChange=false, crd=true, evt=DISCOVERY_CUSTOM_EVT, evtNode=1b4cd72d-5ddb-45dd-a627-8a7d3e344fcc, customEvt=DynamicCacheChangeBatch [id=e2b513ac071-4e9f8715-7ccb-4d35-a50e-711e726d1c1c, reqs=[DynamicCacheChangeRequest [cacheName=testTriplecachee, hasCfg=true, nodeId=1b4cd72d-5ddb-45dd-a627-8a7d3e344fcc, clientStartOnly=false, stop=false, destroy=false, disabledAfterStartfalse]], exchangeActions=ExchangeActions [startCaches=[testTriplecachee], stopCaches=null, startGrps=[testTriplecachee], stopGrps=[], resetParts=null, stateChangeRequest=null], startCaches=false], allowMerge=false]
[16:23:21,761][INFO][exchange-worker-#43][CacheAffinitySharedManager] Updating caches registry performed in 0 ms.
[16:23:21,766][INFO][exchange-worker-#43][GridCacheProcessor] Started cache [name=testTriplecachee, id=2015714483, memoryPolicyName=default, mode=PARTITIONED, atomicity=ATOMIC, backups=0, mvcc=false], encryptionEnabled=false]
[16:23:21,766][INFO][exchange-worker-#43][CacheAffinitySharedManager] Caches starting performed in 5 ms.
[16:23:21,767][INFO][exchange-worker-#43][CacheAffinitySharedManager] Affinity initialization for started caches performed in 1 ms.
[16:23:21,768][INFO][exchange-worker-#43][GridDhtPartitionsExchangeFuture] Finished waiting for partition release future [topVer=AffinityTopologyVersion [topVer=1, minorTopVer=7], waitTime=0ms, futInfo=NA, mode=DISTRIBUTED]
[16:23:21,768][INFO][exchange-worker-#43][GridDhtPartitionsExchangeFuture] Finished waiting for partitions release latch: ServerLatch [permits=0, pendingAcks=[], super=CompletableLatch [id=exchange, topVer=AffinityTopologyVersion [topVer=1, minorTopVer=7]]]
[16:23:21,769][INFO][exchange-worker-#43][GridDhtPartitionsExchangeFuture] Finished waiting for partition release future [topVer=AffinityTopologyVersion [topVer=1, minorTopVer=7], waitTime=0ms, futInfo=NA, mode=LOCAL]
[16:23:21,813][INFO][exchange-worker-#43][GridDhtPartitionsExchangeFuture] finishExchangeOnCoordinator [topVer=AffinityTopologyVersion [topVer=1, minorTopVer=7], resVer=AffinityTopologyVersion [topVer=1, minorTopVer=7]]
[16:23:21,814][INFO][exchange-worker-#43][GridDhtPartitionsExchangeFuture] Affinity changes (coordinator) applied in 0 ms.
[16:23:21,821][INFO][exchange-worker-#43][GridDhtPartitionsExchangeFuture] Partitions validation performed in 7 ms.
[16:23:21,825][INFO][exchange-worker-#43][GridDhtPartitionsExchangeFuture] Partitions assignment performed in 4 ms.
[16:23:21,839][INFO][exchange-worker-#43][GridDhtPartitionsExchangeFuture] Preparing Full Message performed in 9 ms.
[16:23:21,839][INFO][exchange-worker-#43][GridDhtPartitionsExchangeFuture] Sending Full Message to all nodes performed in 0 ms.
[16:23:21,839][INFO][exchange-worker-#43][GridDhtPartitionsExchangeFuture] Finish exchange future [startVer=AffinityTopologyVersion [topVer=1, minorTopVer=7], resVer=AffinityTopologyVersion [topVer=1, minorTopVer=7], err=null]
[16:23:21,849][INFO][exchange-worker-#43][GridCacheProcessor] Finish proxy initialization, cacheName=testTriplecachee, localNodeId=1b4cd72d-5ddb-45dd-a627-8a7d3e344fcc
[16:23:21,856][INFO][exchange-worker-#43][GridDhtPartitionsExchangeFuture] Completed partition exchange [localNode=1b4cd72d-5ddb-45dd-a627-8a7d3e344fcc, exchange=GridDhtPartitionsExchangeFuture [topVer=AffinityTopologyVersion [topVer=1, minorTopVer=7], evt=DISCOVERY_CUSTOM_EVT, evtNode=TcpDiscoveryNode [id=1b4cd72d-5ddb-45dd-a627-8a7d3e344fcc, addrs=[0:0:0:0:0:0:0:1%lo, 127.0.0.1, 172.16.2.60], sockAddrs=[/172.16.2.60:47500, /0:0:0:0:0:0:0:1%lo:47500, /127.0.0.1:47500], discPort=47500, order=1, intOrder=1, lastExchangeTime=1583940199283, loc=true, ver=2.7.6#20190911-sha1:21f7ca41, isClient=false], done=true], topVer=AffinityTopologyVersion [topVer=1, minorTopVer=7], durationFromInit=101]
[16:23:21,857][INFO][exchange-worker-#43][time] Finished exchange init [topVer=AffinityTopologyVersion [topVer=1, minorTopVer=7], crd=true]
[16:23:21,869][INFO][exchange-worker-#43][GridCachePartitionExchangeManager] Skipping rebalancing (nothing scheduled) [top=AffinityTopologyVersion [topVer=1, minorTopVer=7], force=false, evt=DISCOVERY_CUSTOM_EVT, node=1b4cd72d-5ddb-45dd-a627-8a7d3e344fcc]
[16:23:21,929][WARNING][main][DataStreamerImpl] Data streamer will not overwrite existing cache entries for better performance (to change, set allowOverwrite to true)
[16:23:24,243][WARNING][main][GridQueryProcessor] Key-value pair is not inserted into any SQL table [cacheName=E_embeddingscachee, valType=breeze.linalg.DenseVector$SerializedForm]
[16:23:24,243][WARNING][main][GridQueryProcessor]   ^-- Value type(s) are specified via CacheConfiguration.indexedTypes or CacheConfiguration.queryEntities
[16:23:24,243][WARNING][main][GridQueryProcessor]   ^-- Make sure that same type(s) used when adding Object or BinaryObject to cache
[16:23:24,243][WARNING][main][GridQueryProcessor]   ^-- Otherwise, entries will be stored in cache, but not appear as SQL Table rows
[16:23:29,896][WARNING][data-streamer-stripe-1-#10][GridQueryProcessor] Key-value pair is not inserted into any SQL table [cacheName=tripleIde, valType=TripleID]
[16:23:30,059][WARNING][data-streamer-stripe-7-#16][H2TreeIndex] <allTriplesCache> Indexed columns of a row cannot be fully inlined into index what may lead to slowdown due to additional data page reads, increase index inline size if needed (set system property IGNITE_MAX_INDEX_PAYLOAD_SIZE with recommended size (be aware it will be used by default for all indexes without explicit inline size)) [cacheName=INTEGER, tableName=allTriplesCache, idxName=_key_PK, idxCols=(_KEY), idxType=PRIMARY KEY, curSize=10, recommendedInlineSize=54]
[16:23:30,064][WARNING][data-streamer-stripe-7-#16][H2TreeIndex] <allTriplesCache> Indexed columns of a row cannot be fully inlined into index what may lead to slowdown due to additional data page reads, increase index inline size if needed (use INLINE_SIZE option for CREATE INDEX command, QuerySqlField.inlineSize for annotated classes, or QueryIndex.inlineSize for explicit QueryEntity configuration) [cacheName=INTEGER, tableName=allTriplesCache, idxName=INTEGER__VAL_IDX, idxCols=(_VAL, _KEY), idxType=SECONDARY, curSize=10, recommendedInlineSize=59]
[16:23:36,261][INFO][main][GridDeploymentLocalStore] Class locally deployed: class TransE_C$$anonfun$bfgs$1$$anonfun$apply$mcVI$sp$3$$anonfun$apply$mcVI$sp$4$$anonfun$apply$mcZI$sp$1
[16:23:40,896][WARNING][main][GridTaskWorker] Number of jobs in task is too large for task: TransE_C$$anonfun$bfgs$1$$anonfun$apply$mcVI$sp$3$$anonfun$apply$mcVI$sp$4$$anonfun$apply$mcZI$sp$1. Consider reducing number of jobs or disabling job result cache with @ComputeTaskNoResultCache annotation.
[16:23:40,913][WARNING][pub-#21][BLAS] Failed to load implementation from: com.github.fommil.netlib.NativeSystemBLAS
[16:23:40,913][WARNING][pub-#21][BLAS] Failed to load implementation from: com.github.fommil.netlib.NativeRefBLAS
[16:23:53,879][WARNING][jvm-pause-detector-worker][IgniteKernal] Possible too long JVM pause: 1475 milliseconds.
[16:24:18,755][WARNING][jvm-pause-detector-worker][IgniteKernal] Possible too long JVM pause: 2917 milliseconds.
[16:24:20,874][INFO][grid-timeout-worker-#23][IgniteKernal] 
Metrics for local node (to disable set 'metricsLogFrequency' to 0)
    ^-- Node [id=1b4cd72d, uptime=00:01:00.011]
    ^-- H/N/C [hosts=1, nodes=1, CPUs=4]
    ^-- CPU [cur=100%, avg=41.72%, GC=24.47%]
    ^-- PageMemory [pages=33127]
    ^-- Heap [used=1453MB, free=58.88%, comm=2098MB]
    ^-- Off-heap [used=130MB, free=96.15%, comm=336MB]
    ^--   sysMemPlc region [used=0MB, free=99.21%, comm=40MB]
    ^--   default region [used=129MB, free=95.93%, comm=256MB]
    ^--   TxLog region [used=0MB, free=100%, comm=40MB]
    ^-- Outbound messages queue [size=0]
    ^-- Public thread pool [active=0, idle=8, qSize=0]
    ^-- System thread pool [active=0, idle=8, qSize=0]
[16:24:20,875][INFO][grid-timeout-worker-#23][IgniteKernal] FreeList [name=null, buckets=256, dataPages=15863, reusePages=0]
[16:24:42,523][WARNING][jvm-pause-detector-worker][IgniteKernal] Possible too long JVM pause: 4840 milliseconds.
[16:25:04,634][WARNING][jvm-pause-detector-worker][IgniteKernal] Possible too long JVM pause: 2391 milliseconds.
[16:25:21,051][INFO][grid-timeout-worker-#23][IgniteKernal] 
Metrics for local node (to disable set 'metricsLogFrequency' to 0)
    ^-- Node [id=1b4cd72d, uptime=00:02:00.016]
    ^-- H/N/C [hosts=1, nodes=1, CPUs=4]
    ^-- CPU [cur=38.4%, avg=41.52%, GC=5.07%]
    ^-- PageMemory [pages=33127]
    ^-- Heap [used=1451MB, free=58.94%, comm=1821MB]
    ^-- Off-heap [used=130MB, free=96.15%, comm=336MB]
    ^--   sysMemPlc region [used=0MB, free=99.21%, comm=40MB]
    ^--   default region [used=129MB, free=95.93%, comm=256MB]
    ^--   TxLog region [used=0MB, free=100%, comm=40MB]
    ^-- Outbound messages queue [size=0]
    ^-- Public thread pool [active=0, idle=8, qSize=0]
    ^-- System thread pool [active=0, idle=5, qSize=0]
[16:25:21,051][INFO][grid-timeout-worker-#23][IgniteKernal] FreeList [name=null, buckets=256, dataPages=15863, reusePages=0]
[16:25:28,966][WARNING][jvm-pause-detector-worker][IgniteKernal] Possible too long JVM pause: 5427 milliseconds.
[16:25:59,403][WARNING][jvm-pause-detector-worker][IgniteKernal] Possible too long JVM pause: 6171 milliseconds.
[16:26:15,978][INFO][Thread-2][G] Invoking shutdown hook...
