[13:28:18,561][WARNING][main][G] Ignite work directory is not provided, automatically resolved to: /home/xshaini/apache-ignite-2.7.5-bin/work
[13:28:18,891][INFO][main][IgniteKernal] 

>>>    __________  ________________  
>>>   /  _/ ___/ |/ /  _/_  __/ __/  
>>>  _/ // (7 7    // /  / / / _/    
>>> /___/\___/_/|_/___/ /_/ /___/   
>>> 
>>> ver. 2.7.6#20190911-sha1:21f7ca41
>>> 2019 Copyright(C) Apache Software Foundation
>>> 
>>> Ignite documentation: http://ignite.apache.org

[13:28:18,898][INFO][main][IgniteKernal] Config URL: file:/home/xshaini/apache-ignite-2.7.5-bin/examples/config/example-ignite.xml
[13:28:18,919][INFO][main][IgniteKernal] IgniteConfiguration [igniteInstanceName=null, pubPoolSize=8, svcPoolSize=8, callbackPoolSize=8, stripedPoolSize=8, sysPoolSize=8, mgmtPoolSize=4, igfsPoolSize=4, dataStreamerPoolSize=8, utilityCachePoolSize=8, utilityCacheKeepAliveTime=60000, p2pPoolSize=2, qryPoolSize=8, igniteHome=/home/xshaini/apache-ignite-2.7.5-bin, igniteWorkDir=/home/xshaini/apache-ignite-2.7.5-bin/work, mbeanSrv=com.sun.jmx.mbeanserver.JmxMBeanServer@6b4a4e18, nodeId=416f3348-aa63-4612-8cfe-d1b533133949, marsh=BinaryMarshaller [], marshLocJobs=false, daemon=false, p2pEnabled=true, netTimeout=5000, sndRetryDelay=1000, sndRetryCnt=3, metricsHistSize=10000, metricsUpdateFreq=2000, metricsExpTime=9223372036854775807, discoSpi=TcpDiscoverySpi [addrRslvr=null, sockTimeout=0, ackTimeout=0, marsh=null, reconCnt=10, reconDelay=2000, maxAckTimeout=600000, forceSrvMode=false, clientReconnectDisabled=false, internalLsnr=null], segPlc=STOP, segResolveAttempts=2, waitForSegOnStart=true, allResolversPassReq=true, segChkFreq=10000, commSpi=TcpCommunicationSpi [connectGate=null, connPlc=org.apache.ignite.spi.communication.tcp.TcpCommunicationSpi$FirstConnectionPolicy@7dcf94f8, enableForcibleNodeKill=false, enableTroubleshootingLog=false, locAddr=null, locHost=null, locPort=47100, locPortRange=100, shmemPort=-1, directBuf=true, directSndBuf=false, idleConnTimeout=600000, connTimeout=5000, maxConnTimeout=600000, reconCnt=10, sockSndBuf=32768, sockRcvBuf=32768, msgQueueLimit=0, slowClientQueueLimit=0, nioSrvr=null, shmemSrv=null, usePairedConnections=false, connectionsPerNode=1, tcpNoDelay=true, filterReachableAddresses=false, ackSndThreshold=32, unackedMsgsBufSize=0, sockWriteTimeout=2000, boundTcpPort=-1, boundTcpShmemPort=-1, selectorsCnt=4, selectorSpins=0, addrRslvr=null, ctxInitLatch=java.util.concurrent.CountDownLatch@229f66ed[Count = 1], stopping=false], evtSpi=org.apache.ignite.spi.eventstorage.NoopEventStorageSpi@31190526, colSpi=NoopCollisionSpi [], deploySpi=LocalDeploymentSpi [], indexingSpi=org.apache.ignite.spi.indexing.noop.NoopIndexingSpi@77c2494c, addrRslvr=null, encryptionSpi=org.apache.ignite.spi.encryption.noop.NoopEncryptionSpi@f5958c9, clientMode=false, rebalanceThreadPoolSize=1, txCfg=TransactionConfiguration [txSerEnabled=false, dfltIsolation=REPEATABLE_READ, dfltConcurrency=PESSIMISTIC, dfltTxTimeout=0, txTimeoutOnPartitionMapExchange=0, pessimisticTxLogSize=0, pessimisticTxLogLinger=10000, tmLookupClsName=null, txManagerFactory=null, useJtaSync=false], cacheSanityCheckEnabled=true, discoStartupDelay=60000, deployMode=SHARED, p2pMissedCacheSize=100, locHost=null, timeSrvPortBase=31100, timeSrvPortRange=100, failureDetectionTimeout=10000, sysWorkerBlockedTimeout=null, clientFailureDetectionTimeout=30000, metricsLogFreq=60000, hadoopCfg=null, connectorCfg=ConnectorConfiguration [jettyPath=null, host=null, port=11211, noDelay=true, directBuf=false, sndBufSize=32768, rcvBufSize=32768, idleQryCurTimeout=600000, idleQryCurCheckFreq=60000, sndQueueLimit=0, selectorCnt=4, idleTimeout=7000, sslEnabled=false, sslClientAuth=false, sslCtxFactory=null, sslFactory=null, portRange=100, threadPoolSize=8, msgInterceptor=null], odbcCfg=null, warmupClos=null, atomicCfg=AtomicConfiguration [seqReserveSize=1000, cacheMode=PARTITIONED, backups=1, aff=null, grpName=null], classLdr=null, sslCtxFactory=null, platformCfg=null, binaryCfg=null, memCfg=null, pstCfg=null, dsCfg=DataStorageConfiguration [sysRegionInitSize=41943040, sysRegionMaxSize=104857600, pageSize=0, concLvl=0, dfltDataRegConf=DataRegionConfiguration [name=default, maxSize=3335263027, initSize=268435456, swapPath=null, pageEvictionMode=DISABLED, evictionThreshold=0.9, emptyPagesPoolSize=100, metricsEnabled=false, metricsSubIntervalCount=5, metricsRateTimeInterval=60000, persistenceEnabled=false, checkpointPageBufSize=0], dataRegions=null, storagePath=null, checkpointFreq=180000, lockWaitTime=10000, checkpointThreads=4, checkpointWriteOrder=SEQUENTIAL, walHistSize=20, maxWalArchiveSize=1073741824, walSegments=10, walSegmentSize=67108864, walPath=db/wal, walArchivePath=db/wal/archive, metricsEnabled=false, walMode=LOG_ONLY, walTlbSize=131072, walBuffSize=0, walFlushFreq=2000, walFsyncDelay=1000, walRecordIterBuffSize=67108864, alwaysWriteFullPages=false, fileIOFactory=org.apache.ignite.internal.processors.cache.persistence.file.AsyncFileIOFactory@1fa121e2, metricsSubIntervalCnt=5, metricsRateTimeInterval=60000, walAutoArchiveAfterInactivity=-1, writeThrottlingEnabled=false, walCompactionEnabled=false, walCompactionLevel=1, checkpointReadLockTimeout=null], activeOnStart=true, autoActivation=true, longQryWarnTimeout=3000, sqlConnCfg=null, cliConnCfg=ClientConnectorConfiguration [host=null, port=10800, portRange=100, sockSndBufSize=0, sockRcvBufSize=0, tcpNoDelay=true, maxOpenCursorsPerConn=128, threadPoolSize=8, idleTimeout=0, jdbcEnabled=true, odbcEnabled=true, thinCliEnabled=true, sslEnabled=false, useIgniteSslCtxFactory=true, sslClientAuth=false, sslCtxFactory=null], mvccVacuumThreadCnt=2, mvccVacuumFreq=5000, authEnabled=false, failureHnd=null, commFailureRslvr=null]
[13:28:18,919][INFO][main][IgniteKernal] Daemon mode: off
[13:28:18,919][INFO][main][IgniteKernal] OS: Linux 4.15.0-74-generic amd64
[13:28:18,919][INFO][main][IgniteKernal] OS user: xshaini
[13:28:18,921][INFO][main][IgniteKernal] PID: 7294
[13:28:18,921][INFO][main][IgniteKernal] Language runtime: Scala ver. 2.11.11
[13:28:18,921][INFO][main][IgniteKernal] VM information: Java(TM) SE Runtime Environment 1.8.0_211-b12 Oracle Corporation Java HotSpot(TM) 64-Bit Server VM 25.211-b12
[13:28:18,923][INFO][main][IgniteKernal] VM total memory: 3.5GB
[13:28:18,923][INFO][main][IgniteKernal] Remote Management [restart: off, REST: on, JMX (remote: off)]
[13:28:18,924][INFO][main][IgniteKernal] Logger: JavaLogger [quiet=true, config=null]
[13:28:18,924][INFO][main][IgniteKernal] IGNITE_HOME=/home/xshaini/apache-ignite-2.7.5-bin
[13:28:18,924][INFO][main][IgniteKernal] VM arguments: [-Dfile.encoding=UTF-8, -Xbootclasspath/p:/home/xshaini/scala-SDK-4.7.0/eclipse/plugins/org.scala-ide.scala211.jars_4.7.0.201709291351/target/jars/scala-library.jar:/home/xshaini/scala-SDK-4.7.0/eclipse/plugins/org.scala-ide.scala211.jars_4.7.0.201709291351/target/jars/scala-reflect.jar]
[13:28:18,924][INFO][main][IgniteKernal] System cache's DataRegion size is configured to 40 MB. Use DataStorageConfiguration.systemRegionInitialSize property to change the setting.
[13:28:18,936][INFO][main][IgniteKernal] Configured caches [in 'sysMemPlc' dataRegion: ['ignite-sys-cache']]
[13:28:18,937][WARNING][main][IgniteKernal] Peer class loading is enabled (disable it in production for performance and deployment consistency reasons)
[13:28:18,937][WARNING][main][IgniteKernal] Please set system property '-Djava.net.preferIPv4Stack=true' to avoid possible problems in mixed environments.
[13:28:18,951][INFO][main][IgniteKernal] 3-rd party licenses can be found at: /home/xshaini/apache-ignite-2.7.5-bin/libs/licenses
[13:28:18,953][WARNING][pub-#22][GridDiagnostic] Initial heap size is 250MB (should be no less than 512MB, use -Xms512m -Xmx512m).
[13:28:19,049][INFO][main][IgnitePluginProcessor] Configured plugins:
[13:28:19,049][INFO][main][IgnitePluginProcessor]   ^-- None
[13:28:19,050][INFO][main][IgnitePluginProcessor] 
[13:28:19,052][INFO][main][FailureProcessor] Configured failure handler: [hnd=StopNodeOrHaltFailureHandler [tryStop=false, timeout=0, super=AbstractFailureHandler [ignoredFailureTypes=[SYSTEM_WORKER_BLOCKED, SYSTEM_CRITICAL_OPERATION_TIMEOUT]]]]
[13:28:19,138][INFO][main][TcpCommunicationSpi] Successfully bound communication NIO server to TCP port [port=47100, locHost=0.0.0.0/0.0.0.0, selectorsCnt=4, selectorSpins=0, pairedConn=false]
[13:28:19,166][WARNING][main][TcpCommunicationSpi] Message queue limit is set to 0 which may lead to potential OOMEs when running cache operations in FULL_ASYNC or PRIMARY_SYNC modes due to message queues growth on sender and receiver sides.
[13:28:19,226][WARNING][main][NoopCheckpointSpi] Checkpoints are disabled (to enable configure any GridCheckpointSpi implementation)
[13:28:19,291][WARNING][main][GridCollisionManager] Collision resolution is disabled (all jobs will be activated upon arrival).
[13:28:19,318][INFO][main][IgniteKernal] Security status [authentication=off, tls/ssl=off]
[13:28:19,972][WARNING][main][IgniteCacheDatabaseSharedManager] DataRegionConfiguration.maxWalArchiveSize instead DataRegionConfiguration.walHistorySize would be used for removing old archive wal files
[13:28:20,009][INFO][main][PartitionsEvictManager] Evict partition permits=2
[13:28:20,711][INFO][main][ClientListenerProcessor] Client connector processor has started on TCP port 10800
[13:28:20,873][INFO][main][GridTcpRestProtocol] Command protocol successfully started [name=TCP binary, host=0.0.0.0/0.0.0.0, port=11211]
[13:28:21,031][INFO][main][IgniteKernal] Non-loopback local IPs: 172.168.1.60, fe80:0:0:0:c537:4cc4:a945:74b5%wlp2s0
[13:28:21,031][INFO][main][IgniteKernal] Enabled local MACs: 1002B5D9B0B6
[13:28:21,259][INFO][main][TcpDiscoverySpi] Connection check threshold is calculated: 10000
[13:28:21,274][INFO][main][TcpDiscoverySpi] Successfully bound to TCP port [port=47500, localHost=0.0.0.0/0.0.0.0, locNodeId=416f3348-aa63-4612-8cfe-d1b533133949]
[13:28:22,673][INFO][disco-notifier-worker-#41][MvccProcessorImpl] Assigned mvcc coordinator [crd=MvccCoordinator [nodeId=416f3348-aa63-4612-8cfe-d1b533133949, crdVer=1580473702662, topVer=AffinityTopologyVersion [topVer=1, minorTopVer=0]], crdNode=TcpDiscoveryNode [id=416f3348-aa63-4612-8cfe-d1b533133949, addrs=[0:0:0:0:0:0:0:1%lo, 127.0.0.1, 172.168.1.60], sockAddrs=[/172.168.1.60:47500, /0:0:0:0:0:0:0:1%lo:47500, /127.0.0.1:47500], discPort=47500, order=1, intOrder=1, lastExchangeTime=1580473701270, loc=true, ver=2.7.6#20190911-sha1:21f7ca41, isClient=false]]
[13:28:22,786][INFO][exchange-worker-#43][time] Started exchange init [topVer=AffinityTopologyVersion [topVer=1, minorTopVer=0], mvccCrd=MvccCoordinator [nodeId=416f3348-aa63-4612-8cfe-d1b533133949, crdVer=1580473702662, topVer=AffinityTopologyVersion [topVer=1, minorTopVer=0]], mvccCrdChange=true, crd=true, evt=NODE_JOINED, evtNode=416f3348-aa63-4612-8cfe-d1b533133949, customEvt=null, allowMerge=false]
[13:28:22,826][INFO][exchange-worker-#43][msg] Components activation performed in 39 ms.
[13:28:23,104][INFO][exchange-worker-#43][GridCacheProcessor] Started cache [name=ignite-sys-cache, id=-2100569601, memoryPolicyName=sysMemPlc, mode=REPLICATED, atomicity=TRANSACTIONAL, backups=2147483647, mvcc=false], encryptionEnabled=false]
[13:28:23,105][INFO][exchange-worker-#43][GridCacheProcessor] Starting caches on local join performed in 278 ms.
[13:28:23,133][INFO][exchange-worker-#43][GridDhtPartitionsExchangeFuture] Skipped waiting for partitions release future (local node is joining) [topVer=AffinityTopologyVersion [topVer=1, minorTopVer=0]]
[13:28:23,397][INFO][exchange-worker-#43][GridDhtPartitionsExchangeFuture] finishExchangeOnCoordinator [topVer=AffinityTopologyVersion [topVer=1, minorTopVer=0], resVer=AffinityTopologyVersion [topVer=1, minorTopVer=0]]
[13:28:23,399][INFO][exchange-worker-#43][GridDhtPartitionsExchangeFuture] Affinity changes (coordinator) applied in 0 ms.
[13:28:23,422][INFO][exchange-worker-#43][GridDhtPartitionsExchangeFuture] Partitions validation performed in 22 ms.
[13:28:23,426][INFO][exchange-worker-#43][GridDhtPartitionsExchangeFuture] Partitions assignment performed in 3 ms.
[13:28:23,504][INFO][exchange-worker-#43][GridDhtPartitionsExchangeFuture] Preparing Full Message performed in 73 ms.
[13:28:23,505][INFO][exchange-worker-#43][GridDhtPartitionsExchangeFuture] Sending Full Message to all nodes performed in 0 ms.
[13:28:23,506][INFO][exchange-worker-#43][GridDhtPartitionsExchangeFuture] Finish exchange future [startVer=AffinityTopologyVersion [topVer=1, minorTopVer=0], resVer=AffinityTopologyVersion [topVer=1, minorTopVer=0], err=null]
[13:28:23,508][INFO][exchange-worker-#43][GridDhtPartitionsExchangeFuture] Detecting lost partitions performed in 2 ms.
[13:28:23,509][INFO][exchange-worker-#43][MvccProcessorImpl] Initialize local node as mvcc coordinator [node=416f3348-aa63-4612-8cfe-d1b533133949, crdVer=1580473702662]
[13:28:23,550][INFO][exchange-worker-#43][GridCacheProcessor] Finish proxy initialization, cacheName=ignite-sys-cache, localNodeId=416f3348-aa63-4612-8cfe-d1b533133949
[13:28:23,558][INFO][exchange-worker-#43][GridDhtPartitionsExchangeFuture] Completed partition exchange [localNode=416f3348-aa63-4612-8cfe-d1b533133949, exchange=GridDhtPartitionsExchangeFuture [topVer=AffinityTopologyVersion [topVer=1, minorTopVer=0], evt=NODE_JOINED, evtNode=TcpDiscoveryNode [id=416f3348-aa63-4612-8cfe-d1b533133949, addrs=[0:0:0:0:0:0:0:1%lo, 127.0.0.1, 172.168.1.60], sockAddrs=[/172.168.1.60:47500, /0:0:0:0:0:0:0:1%lo:47500, /127.0.0.1:47500], discPort=47500, order=1, intOrder=1, lastExchangeTime=1580473701270, loc=true, ver=2.7.6#20190911-sha1:21f7ca41, isClient=false], done=true], topVer=AffinityTopologyVersion [topVer=1, minorTopVer=0], durationFromInit=794]
[13:28:23,558][INFO][exchange-worker-#43][time] Finished exchange init [topVer=AffinityTopologyVersion [topVer=1, minorTopVer=0], crd=true]
[13:28:23,584][INFO][exchange-worker-#43][GridCachePartitionExchangeManager] Skipping rebalancing (nothing scheduled) [top=AffinityTopologyVersion [topVer=1, minorTopVer=0], force=false, evt=NODE_JOINED, node=416f3348-aa63-4612-8cfe-d1b533133949]
[13:28:23,795][INFO][main][IgniteKernal] Performance suggestions for grid  (fix if possible)
[13:28:23,801][INFO][main][IgniteKernal] To disable, set -DIGNITE_PERFORMANCE_SUGGESTIONS_DISABLED=true
[13:28:23,802][INFO][main][IgniteKernal]   ^-- Disable grid events (remove 'includeEventTypes' from configuration)
[13:28:23,802][INFO][main][IgniteKernal]   ^-- Enable G1 Garbage Collector (add '-XX:+UseG1GC' to JVM options)
[13:28:23,803][INFO][main][IgniteKernal]   ^-- Specify JVM heap max size (add '-Xmx<size>[g|G|m|M|k|K]' to JVM options)
[13:28:23,809][INFO][main][IgniteKernal]   ^-- Set max direct memory size if getting 'OOME: Direct buffer memory' (add '-XX:MaxDirectMemorySize=<size>[g|G|m|M|k|K]' to JVM options)
[13:28:23,809][INFO][main][IgniteKernal]   ^-- Disable processing of calls to System.gc() (add '-XX:+DisableExplicitGC' to JVM options)
[13:28:23,810][INFO][main][IgniteKernal] Refer to this page for more performance suggestions: https://apacheignite.readme.io/docs/jvm-and-system-tuning
[13:28:23,810][INFO][main][IgniteKernal] 
[13:28:23,810][INFO][main][IgniteKernal] To start Console Management & Monitoring run ignitevisorcmd.{sh|bat}
[13:28:23,822][INFO][main][IgniteKernal] Data Regions Configured:
[13:28:23,822][INFO][main][IgniteKernal]   ^-- default [initSize=256.0 MiB, maxSize=3.1 GiB, persistence=false]
[13:28:23,823][INFO][main][IgniteKernal] 

>>> +----------------------------------------------------------------------+
>>> Ignite ver. 2.7.6#20190911-sha1:21f7ca41c4348909e2fd26ccf59b5b2ce1f4474e
>>> +----------------------------------------------------------------------+
>>> OS name: Linux 4.15.0-74-generic amd64
>>> CPU(s): 4
>>> Heap: 3.5GB
>>> VM name: 7294@eis-seoul
>>> Local node [ID=416F3348-AA63-4612-8CFE-D1B533133949, order=1, clientMode=false]
>>> Local node addresses: [172.168.1.60/0:0:0:0:0:0:0:1%lo, /127.0.0.1, /172.168.1.60]
>>> Local ports: TCP:10800 TCP:11211 TCP:47100 UDP:47400 TCP:47500 

[13:28:23,840][INFO][main][GridDiscoveryManager] Topology snapshot [ver=1, locNode=416f3348, servers=1, clients=0, state=ACTIVE, CPUs=4, offheap=3.1GB, heap=3.5GB]
[13:28:24,058][INFO][exchange-worker-#43][time] Started exchange init [topVer=AffinityTopologyVersion [topVer=1, minorTopVer=1], mvccCrd=MvccCoordinator [nodeId=416f3348-aa63-4612-8cfe-d1b533133949, crdVer=1580473702662, topVer=AffinityTopologyVersion [topVer=1, minorTopVer=0]], mvccCrdChange=false, crd=true, evt=DISCOVERY_CUSTOM_EVT, evtNode=416f3348-aa63-4612-8cfe-d1b533133949, customEvt=DynamicCacheChangeBatch [id=6b5c29bff61-fc1adffb-3acf-4476-9c61-413738c67672, reqs=[DynamicCacheChangeRequest [cacheName=Entity2IDcache, hasCfg=true, nodeId=416f3348-aa63-4612-8cfe-d1b533133949, clientStartOnly=false, stop=false, destroy=false, disabledAfterStartfalse]], exchangeActions=ExchangeActions [startCaches=[Entity2IDcache], stopCaches=null, startGrps=[Entity2IDcache], stopGrps=[], resetParts=null, stateChangeRequest=null], startCaches=false], allowMerge=false]
[13:28:24,059][INFO][exchange-worker-#43][CacheAffinitySharedManager] Updating caches registry performed in 1 ms.
[13:28:24,392][INFO][exchange-worker-#43][GridCacheProcessor] Started cache [name=Entity2IDcache, id=-1974730792, memoryPolicyName=default, mode=PARTITIONED, atomicity=ATOMIC, backups=0, mvcc=false], encryptionEnabled=false]
[13:28:24,395][INFO][exchange-worker-#43][CacheAffinitySharedManager] Caches starting performed in 336 ms.
[13:28:24,407][INFO][exchange-worker-#43][CacheAffinitySharedManager] Affinity initialization for started caches performed in 10 ms.
[13:28:24,457][INFO][exchange-worker-#43][GridDhtPartitionsExchangeFuture] Finished waiting for partition release future [topVer=AffinityTopologyVersion [topVer=1, minorTopVer=1], waitTime=0ms, futInfo=NA, mode=DISTRIBUTED]
[13:28:24,468][INFO][exchange-worker-#43][GridDhtPartitionsExchangeFuture] Finished waiting for partitions release latch: ServerLatch [permits=0, pendingAcks=[], super=CompletableLatch [id=exchange, topVer=AffinityTopologyVersion [topVer=1, minorTopVer=1]]]
[13:28:24,469][INFO][exchange-worker-#43][GridDhtPartitionsExchangeFuture] Finished waiting for partition release future [topVer=AffinityTopologyVersion [topVer=1, minorTopVer=1], waitTime=0ms, futInfo=NA, mode=LOCAL]
[13:28:24,805][INFO][exchange-worker-#43][GridDhtPartitionsExchangeFuture] finishExchangeOnCoordinator [topVer=AffinityTopologyVersion [topVer=1, minorTopVer=1], resVer=AffinityTopologyVersion [topVer=1, minorTopVer=1]]
[13:28:24,805][INFO][exchange-worker-#43][GridDhtPartitionsExchangeFuture] Affinity changes (coordinator) applied in 0 ms.
[13:28:24,806][INFO][exchange-worker-#43][GridDhtPartitionsExchangeFuture] Partitions validation performed in 1 ms.
[13:28:24,808][INFO][exchange-worker-#43][GridDhtPartitionsExchangeFuture] Partitions assignment performed in 2 ms.
[13:28:24,866][INFO][exchange-worker-#43][GridDhtPartitionsExchangeFuture] Preparing Full Message performed in 38 ms.
[13:28:24,866][INFO][exchange-worker-#43][GridDhtPartitionsExchangeFuture] Sending Full Message to all nodes performed in 0 ms.
[13:28:24,866][INFO][exchange-worker-#43][GridDhtPartitionsExchangeFuture] Finish exchange future [startVer=AffinityTopologyVersion [topVer=1, minorTopVer=1], resVer=AffinityTopologyVersion [topVer=1, minorTopVer=1], err=null]
[13:28:24,882][INFO][exchange-worker-#43][GridCacheProcessor] Finish proxy initialization, cacheName=Entity2IDcache, localNodeId=416f3348-aa63-4612-8cfe-d1b533133949
[13:28:24,896][INFO][exchange-worker-#43][GridDhtPartitionsExchangeFuture] Completed partition exchange [localNode=416f3348-aa63-4612-8cfe-d1b533133949, exchange=GridDhtPartitionsExchangeFuture [topVer=AffinityTopologyVersion [topVer=1, minorTopVer=1], evt=DISCOVERY_CUSTOM_EVT, evtNode=TcpDiscoveryNode [id=416f3348-aa63-4612-8cfe-d1b533133949, addrs=[0:0:0:0:0:0:0:1%lo, 127.0.0.1, 172.168.1.60], sockAddrs=[/172.168.1.60:47500, /0:0:0:0:0:0:0:1%lo:47500, /127.0.0.1:47500], discPort=47500, order=1, intOrder=1, lastExchangeTime=1580473701270, loc=true, ver=2.7.6#20190911-sha1:21f7ca41, isClient=false], done=true], topVer=AffinityTopologyVersion [topVer=1, minorTopVer=1], durationFromInit=836]
[13:28:24,896][INFO][exchange-worker-#43][time] Finished exchange init [topVer=AffinityTopologyVersion [topVer=1, minorTopVer=1], crd=true]
[13:28:24,907][INFO][exchange-worker-#43][GridCachePartitionExchangeManager] Skipping rebalancing (obsolete exchange ID) [top=AffinityTopologyVersion [topVer=1, minorTopVer=1], evt=DISCOVERY_CUSTOM_EVT, node=416f3348-aa63-4612-8cfe-d1b533133949]
[13:28:24,908][INFO][exchange-worker-#43][time] Started exchange init [topVer=AffinityTopologyVersion [topVer=1, minorTopVer=2], mvccCrd=MvccCoordinator [nodeId=416f3348-aa63-4612-8cfe-d1b533133949, crdVer=1580473702662, topVer=AffinityTopologyVersion [topVer=1, minorTopVer=0]], mvccCrdChange=false, crd=true, evt=DISCOVERY_CUSTOM_EVT, evtNode=416f3348-aa63-4612-8cfe-d1b533133949, customEvt=DynamicCacheChangeBatch [id=fb5c29bff61-fc1adffb-3acf-4476-9c61-413738c67672, reqs=[DynamicCacheChangeRequest [cacheName=Relation2IDcache, hasCfg=true, nodeId=416f3348-aa63-4612-8cfe-d1b533133949, clientStartOnly=false, stop=false, destroy=false, disabledAfterStartfalse]], exchangeActions=ExchangeActions [startCaches=[Relation2IDcache], stopCaches=null, startGrps=[Relation2IDcache], stopGrps=[], resetParts=null, stateChangeRequest=null], startCaches=false], allowMerge=false]
[13:28:24,908][INFO][exchange-worker-#43][CacheAffinitySharedManager] Updating caches registry performed in 0 ms.
[13:28:24,924][INFO][exchange-worker-#43][GridCacheProcessor] Started cache [name=Relation2IDcache, id=1717069041, memoryPolicyName=default, mode=PARTITIONED, atomicity=ATOMIC, backups=0, mvcc=false], encryptionEnabled=false]
[13:28:24,924][INFO][exchange-worker-#43][CacheAffinitySharedManager] Caches starting performed in 16 ms.
[13:28:24,927][INFO][exchange-worker-#43][CacheAffinitySharedManager] Affinity initialization for started caches performed in 3 ms.
[13:28:24,928][INFO][exchange-worker-#43][GridDhtPartitionsExchangeFuture] Finished waiting for partition release future [topVer=AffinityTopologyVersion [topVer=1, minorTopVer=2], waitTime=0ms, futInfo=NA, mode=DISTRIBUTED]
[13:28:24,928][INFO][exchange-worker-#43][GridDhtPartitionsExchangeFuture] Finished waiting for partitions release latch: ServerLatch [permits=0, pendingAcks=[], super=CompletableLatch [id=exchange, topVer=AffinityTopologyVersion [topVer=1, minorTopVer=2]]]
[13:28:24,929][INFO][exchange-worker-#43][GridDhtPartitionsExchangeFuture] Finished waiting for partition release future [topVer=AffinityTopologyVersion [topVer=1, minorTopVer=2], waitTime=0ms, futInfo=NA, mode=LOCAL]
[13:28:25,035][INFO][exchange-worker-#43][GridDhtPartitionsExchangeFuture] finishExchangeOnCoordinator [topVer=AffinityTopologyVersion [topVer=1, minorTopVer=2], resVer=AffinityTopologyVersion [topVer=1, minorTopVer=2]]
[13:28:25,035][INFO][exchange-worker-#43][GridDhtPartitionsExchangeFuture] Affinity changes (coordinator) applied in 0 ms.
[13:28:25,037][INFO][exchange-worker-#43][GridDhtPartitionsExchangeFuture] Partitions validation performed in 2 ms.
[13:28:25,039][INFO][exchange-worker-#43][GridDhtPartitionsExchangeFuture] Partitions assignment performed in 1 ms.
[13:28:25,054][INFO][exchange-worker-#43][GridDhtPartitionsExchangeFuture] Preparing Full Message performed in 13 ms.
[13:28:25,054][INFO][exchange-worker-#43][GridDhtPartitionsExchangeFuture] Sending Full Message to all nodes performed in 0 ms.
[13:28:25,054][INFO][exchange-worker-#43][GridDhtPartitionsExchangeFuture] Finish exchange future [startVer=AffinityTopologyVersion [topVer=1, minorTopVer=2], resVer=AffinityTopologyVersion [topVer=1, minorTopVer=2], err=null]
[13:28:25,060][INFO][exchange-worker-#43][GridCacheProcessor] Finish proxy initialization, cacheName=Relation2IDcache, localNodeId=416f3348-aa63-4612-8cfe-d1b533133949
[13:28:25,078][INFO][exchange-worker-#43][GridDhtPartitionsExchangeFuture] Completed partition exchange [localNode=416f3348-aa63-4612-8cfe-d1b533133949, exchange=GridDhtPartitionsExchangeFuture [topVer=AffinityTopologyVersion [topVer=1, minorTopVer=2], evt=DISCOVERY_CUSTOM_EVT, evtNode=TcpDiscoveryNode [id=416f3348-aa63-4612-8cfe-d1b533133949, addrs=[0:0:0:0:0:0:0:1%lo, 127.0.0.1, 172.168.1.60], sockAddrs=[/172.168.1.60:47500, /0:0:0:0:0:0:0:1%lo:47500, /127.0.0.1:47500], discPort=47500, order=1, intOrder=1, lastExchangeTime=1580473701270, loc=true, ver=2.7.6#20190911-sha1:21f7ca41, isClient=false], done=true], topVer=AffinityTopologyVersion [topVer=1, minorTopVer=2], durationFromInit=175]
[13:28:25,078][INFO][exchange-worker-#43][time] Finished exchange init [topVer=AffinityTopologyVersion [topVer=1, minorTopVer=2], crd=true]
[13:28:25,088][INFO][exchange-worker-#43][GridCachePartitionExchangeManager] Skipping rebalancing (nothing scheduled) [top=AffinityTopologyVersion [topVer=1, minorTopVer=2], force=false, evt=DISCOVERY_CUSTOM_EVT, node=416f3348-aa63-4612-8cfe-d1b533133949]
[13:28:25,104][INFO][exchange-worker-#43][time] Started exchange init [topVer=AffinityTopologyVersion [topVer=1, minorTopVer=3], mvccCrd=MvccCoordinator [nodeId=416f3348-aa63-4612-8cfe-d1b533133949, crdVer=1580473702662, topVer=AffinityTopologyVersion [topVer=1, minorTopVer=0]], mvccCrdChange=false, crd=true, evt=DISCOVERY_CUSTOM_EVT, evtNode=416f3348-aa63-4612-8cfe-d1b533133949, customEvt=DynamicCacheChangeBatch [id=5c5c29bff61-fc1adffb-3acf-4476-9c61-413738c67672, reqs=[DynamicCacheChangeRequest [cacheName=E_embeddingscache, hasCfg=true, nodeId=416f3348-aa63-4612-8cfe-d1b533133949, clientStartOnly=false, stop=false, destroy=false, disabledAfterStartfalse]], exchangeActions=ExchangeActions [startCaches=[E_embeddingscache], stopCaches=null, startGrps=[E_embeddingscache], stopGrps=[], resetParts=null, stateChangeRequest=null], startCaches=false], allowMerge=false]
[13:28:25,104][INFO][exchange-worker-#43][CacheAffinitySharedManager] Updating caches registry performed in 0 ms.
[13:28:25,147][INFO][exchange-worker-#43][GridCacheProcessor] Started cache [name=E_embeddingscache, id=-2071898868, memoryPolicyName=default, mode=PARTITIONED, atomicity=ATOMIC, backups=0, mvcc=false], encryptionEnabled=false]
[13:28:25,148][INFO][exchange-worker-#43][CacheAffinitySharedManager] Caches starting performed in 44 ms.
[13:28:25,149][INFO][exchange-worker-#43][CacheAffinitySharedManager] Affinity initialization for started caches performed in 1 ms.
[13:28:25,151][INFO][exchange-worker-#43][GridDhtPartitionsExchangeFuture] Finished waiting for partition release future [topVer=AffinityTopologyVersion [topVer=1, minorTopVer=3], waitTime=0ms, futInfo=NA, mode=DISTRIBUTED]
[13:28:25,151][INFO][exchange-worker-#43][GridDhtPartitionsExchangeFuture] Finished waiting for partitions release latch: ServerLatch [permits=0, pendingAcks=[], super=CompletableLatch [id=exchange, topVer=AffinityTopologyVersion [topVer=1, minorTopVer=3]]]
[13:28:25,153][INFO][exchange-worker-#43][GridDhtPartitionsExchangeFuture] Finished waiting for partition release future [topVer=AffinityTopologyVersion [topVer=1, minorTopVer=3], waitTime=0ms, futInfo=NA, mode=LOCAL]
[13:28:25,322][INFO][exchange-worker-#43][GridDhtPartitionsExchangeFuture] finishExchangeOnCoordinator [topVer=AffinityTopologyVersion [topVer=1, minorTopVer=3], resVer=AffinityTopologyVersion [topVer=1, minorTopVer=3]]
[13:28:25,323][INFO][exchange-worker-#43][GridDhtPartitionsExchangeFuture] Affinity changes (coordinator) applied in 0 ms.
[13:28:25,326][INFO][exchange-worker-#43][GridDhtPartitionsExchangeFuture] Partitions validation performed in 3 ms.
[13:28:25,332][INFO][exchange-worker-#43][GridDhtPartitionsExchangeFuture] Partitions assignment performed in 6 ms.
[13:28:25,358][INFO][exchange-worker-#43][GridDhtPartitionsExchangeFuture] Preparing Full Message performed in 24 ms.
[13:28:25,358][INFO][exchange-worker-#43][GridDhtPartitionsExchangeFuture] Sending Full Message to all nodes performed in 0 ms.
[13:28:25,358][INFO][exchange-worker-#43][GridDhtPartitionsExchangeFuture] Finish exchange future [startVer=AffinityTopologyVersion [topVer=1, minorTopVer=3], resVer=AffinityTopologyVersion [topVer=1, minorTopVer=3], err=null]
[13:28:25,369][INFO][exchange-worker-#43][GridCacheProcessor] Finish proxy initialization, cacheName=E_embeddingscache, localNodeId=416f3348-aa63-4612-8cfe-d1b533133949
[13:28:25,377][INFO][exchange-worker-#43][GridDhtPartitionsExchangeFuture] Completed partition exchange [localNode=416f3348-aa63-4612-8cfe-d1b533133949, exchange=GridDhtPartitionsExchangeFuture [topVer=AffinityTopologyVersion [topVer=1, minorTopVer=3], evt=DISCOVERY_CUSTOM_EVT, evtNode=TcpDiscoveryNode [id=416f3348-aa63-4612-8cfe-d1b533133949, addrs=[0:0:0:0:0:0:0:1%lo, 127.0.0.1, 172.168.1.60], sockAddrs=[/172.168.1.60:47500, /0:0:0:0:0:0:0:1%lo:47500, /127.0.0.1:47500], discPort=47500, order=1, intOrder=1, lastExchangeTime=1580473701270, loc=true, ver=2.7.6#20190911-sha1:21f7ca41, isClient=false], done=true], topVer=AffinityTopologyVersion [topVer=1, minorTopVer=3], durationFromInit=273]
[13:28:25,382][INFO][exchange-worker-#43][time] Finished exchange init [topVer=AffinityTopologyVersion [topVer=1, minorTopVer=3], crd=true]
[13:28:25,388][INFO][exchange-worker-#43][GridCachePartitionExchangeManager] Skipping rebalancing (obsolete exchange ID) [top=AffinityTopologyVersion [topVer=1, minorTopVer=3], evt=DISCOVERY_CUSTOM_EVT, node=416f3348-aa63-4612-8cfe-d1b533133949]
[13:28:25,391][INFO][exchange-worker-#43][time] Started exchange init [topVer=AffinityTopologyVersion [topVer=1, minorTopVer=4], mvccCrd=MvccCoordinator [nodeId=416f3348-aa63-4612-8cfe-d1b533133949, crdVer=1580473702662, topVer=AffinityTopologyVersion [topVer=1, minorTopVer=0]], mvccCrdChange=false, crd=true, evt=DISCOVERY_CUSTOM_EVT, evtNode=416f3348-aa63-4612-8cfe-d1b533133949, customEvt=DynamicCacheChangeBatch [id=bc5c29bff61-fc1adffb-3acf-4476-9c61-413738c67672, reqs=[DynamicCacheChangeRequest [cacheName=R_embeddingscache, hasCfg=true, nodeId=416f3348-aa63-4612-8cfe-d1b533133949, clientStartOnly=false, stop=false, destroy=false, disabledAfterStartfalse]], exchangeActions=ExchangeActions [startCaches=[R_embeddingscache], stopCaches=null, startGrps=[R_embeddingscache], stopGrps=[], resetParts=null, stateChangeRequest=null], startCaches=false], allowMerge=false]
[13:28:25,391][INFO][exchange-worker-#43][CacheAffinitySharedManager] Updating caches registry performed in 0 ms.
[13:28:25,402][INFO][exchange-worker-#43][GridCacheProcessor] Started cache [name=R_embeddingscache, id=-1658741991, memoryPolicyName=default, mode=PARTITIONED, atomicity=ATOMIC, backups=0, mvcc=false], encryptionEnabled=false]
[13:28:25,402][INFO][exchange-worker-#43][CacheAffinitySharedManager] Caches starting performed in 11 ms.
[13:28:25,404][INFO][exchange-worker-#43][CacheAffinitySharedManager] Affinity initialization for started caches performed in 1 ms.
[13:28:25,405][INFO][exchange-worker-#43][GridDhtPartitionsExchangeFuture] Finished waiting for partition release future [topVer=AffinityTopologyVersion [topVer=1, minorTopVer=4], waitTime=0ms, futInfo=NA, mode=DISTRIBUTED]
[13:28:25,405][INFO][exchange-worker-#43][GridDhtPartitionsExchangeFuture] Finished waiting for partitions release latch: ServerLatch [permits=0, pendingAcks=[], super=CompletableLatch [id=exchange, topVer=AffinityTopologyVersion [topVer=1, minorTopVer=4]]]
[13:28:25,405][INFO][exchange-worker-#43][GridDhtPartitionsExchangeFuture] Finished waiting for partition release future [topVer=AffinityTopologyVersion [topVer=1, minorTopVer=4], waitTime=0ms, futInfo=NA, mode=LOCAL]
[13:28:25,477][INFO][exchange-worker-#43][GridDhtPartitionsExchangeFuture] finishExchangeOnCoordinator [topVer=AffinityTopologyVersion [topVer=1, minorTopVer=4], resVer=AffinityTopologyVersion [topVer=1, minorTopVer=4]]
[13:28:25,477][INFO][exchange-worker-#43][GridDhtPartitionsExchangeFuture] Affinity changes (coordinator) applied in 0 ms.
[13:28:25,485][INFO][exchange-worker-#43][GridDhtPartitionsExchangeFuture] Partitions validation performed in 8 ms.
[13:28:25,489][INFO][exchange-worker-#43][GridDhtPartitionsExchangeFuture] Partitions assignment performed in 3 ms.
[13:28:25,509][INFO][exchange-worker-#43][GridDhtPartitionsExchangeFuture] Preparing Full Message performed in 17 ms.
[13:28:25,509][INFO][exchange-worker-#43][GridDhtPartitionsExchangeFuture] Sending Full Message to all nodes performed in 0 ms.
[13:28:25,509][INFO][exchange-worker-#43][GridDhtPartitionsExchangeFuture] Finish exchange future [startVer=AffinityTopologyVersion [topVer=1, minorTopVer=4], resVer=AffinityTopologyVersion [topVer=1, minorTopVer=4], err=null]
[13:28:25,526][INFO][exchange-worker-#43][GridCacheProcessor] Finish proxy initialization, cacheName=R_embeddingscache, localNodeId=416f3348-aa63-4612-8cfe-d1b533133949
[13:28:25,544][INFO][exchange-worker-#43][GridDhtPartitionsExchangeFuture] Completed partition exchange [localNode=416f3348-aa63-4612-8cfe-d1b533133949, exchange=GridDhtPartitionsExchangeFuture [topVer=AffinityTopologyVersion [topVer=1, minorTopVer=4], evt=DISCOVERY_CUSTOM_EVT, evtNode=TcpDiscoveryNode [id=416f3348-aa63-4612-8cfe-d1b533133949, addrs=[0:0:0:0:0:0:0:1%lo, 127.0.0.1, 172.168.1.60], sockAddrs=[/172.168.1.60:47500, /0:0:0:0:0:0:0:1%lo:47500, /127.0.0.1:47500], discPort=47500, order=1, intOrder=1, lastExchangeTime=1580473701270, loc=true, ver=2.7.6#20190911-sha1:21f7ca41, isClient=false], done=true], topVer=AffinityTopologyVersion [topVer=1, minorTopVer=4], durationFromInit=153]
[13:28:25,544][INFO][exchange-worker-#43][time] Finished exchange init [topVer=AffinityTopologyVersion [topVer=1, minorTopVer=4], crd=true]
[13:28:25,549][INFO][exchange-worker-#43][GridCachePartitionExchangeManager] Skipping rebalancing (obsolete exchange ID) [top=AffinityTopologyVersion [topVer=1, minorTopVer=4], evt=DISCOVERY_CUSTOM_EVT, node=416f3348-aa63-4612-8cfe-d1b533133949]
[13:28:25,550][INFO][exchange-worker-#43][time] Started exchange init [topVer=AffinityTopologyVersion [topVer=1, minorTopVer=5], mvccCrd=MvccCoordinator [nodeId=416f3348-aa63-4612-8cfe-d1b533133949, crdVer=1580473702662, topVer=AffinityTopologyVersion [topVer=1, minorTopVer=0]], mvccCrdChange=false, crd=true, evt=DISCOVERY_CUSTOM_EVT, evtNode=416f3348-aa63-4612-8cfe-d1b533133949, customEvt=DynamicCacheChangeBatch [id=1d5c29bff61-fc1adffb-3acf-4476-9c61-413738c67672, reqs=[DynamicCacheChangeRequest [cacheName=tripleId, hasCfg=true, nodeId=416f3348-aa63-4612-8cfe-d1b533133949, clientStartOnly=false, stop=false, destroy=false, disabledAfterStartfalse]], exchangeActions=ExchangeActions [startCaches=[tripleId], stopCaches=null, startGrps=[tripleId], stopGrps=[], resetParts=null, stateChangeRequest=null], startCaches=false], allowMerge=false]
[13:28:25,551][INFO][exchange-worker-#43][CacheAffinitySharedManager] Updating caches registry performed in 1 ms.
[13:28:25,561][INFO][exchange-worker-#43][GridCacheProcessor] Started cache [name=tripleId, id=1511552537, memoryPolicyName=default, mode=PARTITIONED, atomicity=ATOMIC, backups=0, mvcc=false], encryptionEnabled=false]
[13:28:25,561][INFO][exchange-worker-#43][CacheAffinitySharedManager] Caches starting performed in 10 ms.
[13:28:25,562][INFO][exchange-worker-#43][CacheAffinitySharedManager] Affinity initialization for started caches performed in 1 ms.
[13:28:25,564][INFO][exchange-worker-#43][GridDhtPartitionsExchangeFuture] Finished waiting for partition release future [topVer=AffinityTopologyVersion [topVer=1, minorTopVer=5], waitTime=0ms, futInfo=NA, mode=DISTRIBUTED]
[13:28:25,564][INFO][exchange-worker-#43][GridDhtPartitionsExchangeFuture] Finished waiting for partitions release latch: ServerLatch [permits=0, pendingAcks=[], super=CompletableLatch [id=exchange, topVer=AffinityTopologyVersion [topVer=1, minorTopVer=5]]]
[13:28:25,565][INFO][exchange-worker-#43][GridDhtPartitionsExchangeFuture] Finished waiting for partition release future [topVer=AffinityTopologyVersion [topVer=1, minorTopVer=5], waitTime=0ms, futInfo=NA, mode=LOCAL]
[13:28:25,693][INFO][exchange-worker-#43][GridDhtPartitionsExchangeFuture] finishExchangeOnCoordinator [topVer=AffinityTopologyVersion [topVer=1, minorTopVer=5], resVer=AffinityTopologyVersion [topVer=1, minorTopVer=5]]
[13:28:25,693][INFO][exchange-worker-#43][GridDhtPartitionsExchangeFuture] Affinity changes (coordinator) applied in 0 ms.
[13:28:25,702][INFO][exchange-worker-#43][GridDhtPartitionsExchangeFuture] Partitions validation performed in 9 ms.
[13:28:25,710][INFO][exchange-worker-#43][GridDhtPartitionsExchangeFuture] Partitions assignment performed in 8 ms.
[13:28:25,753][INFO][exchange-worker-#43][GridDhtPartitionsExchangeFuture] Preparing Full Message performed in 31 ms.
[13:28:25,753][INFO][exchange-worker-#43][GridDhtPartitionsExchangeFuture] Sending Full Message to all nodes performed in 0 ms.
[13:28:25,753][INFO][exchange-worker-#43][GridDhtPartitionsExchangeFuture] Finish exchange future [startVer=AffinityTopologyVersion [topVer=1, minorTopVer=5], resVer=AffinityTopologyVersion [topVer=1, minorTopVer=5], err=null]
[13:28:25,784][INFO][exchange-worker-#43][GridCacheProcessor] Finish proxy initialization, cacheName=tripleId, localNodeId=416f3348-aa63-4612-8cfe-d1b533133949
[13:28:25,800][INFO][exchange-worker-#43][GridDhtPartitionsExchangeFuture] Completed partition exchange [localNode=416f3348-aa63-4612-8cfe-d1b533133949, exchange=GridDhtPartitionsExchangeFuture [topVer=AffinityTopologyVersion [topVer=1, minorTopVer=5], evt=DISCOVERY_CUSTOM_EVT, evtNode=TcpDiscoveryNode [id=416f3348-aa63-4612-8cfe-d1b533133949, addrs=[0:0:0:0:0:0:0:1%lo, 127.0.0.1, 172.168.1.60], sockAddrs=[/172.168.1.60:47500, /0:0:0:0:0:0:0:1%lo:47500, /127.0.0.1:47500], discPort=47500, order=1, intOrder=1, lastExchangeTime=1580473701270, loc=true, ver=2.7.6#20190911-sha1:21f7ca41, isClient=false], done=true], topVer=AffinityTopologyVersion [topVer=1, minorTopVer=5], durationFromInit=254]
[13:28:25,800][INFO][exchange-worker-#43][time] Finished exchange init [topVer=AffinityTopologyVersion [topVer=1, minorTopVer=5], crd=true]
[13:28:25,809][INFO][exchange-worker-#43][GridCachePartitionExchangeManager] Skipping rebalancing (obsolete exchange ID) [top=AffinityTopologyVersion [topVer=1, minorTopVer=5], evt=DISCOVERY_CUSTOM_EVT, node=416f3348-aa63-4612-8cfe-d1b533133949]
[13:28:25,812][INFO][exchange-worker-#43][time] Started exchange init [topVer=AffinityTopologyVersion [topVer=1, minorTopVer=6], mvccCrd=MvccCoordinator [nodeId=416f3348-aa63-4612-8cfe-d1b533133949, crdVer=1580473702662, topVer=AffinityTopologyVersion [topVer=1, minorTopVer=0]], mvccCrdChange=false, crd=true, evt=DISCOVERY_CUSTOM_EVT, evtNode=416f3348-aa63-4612-8cfe-d1b533133949, customEvt=DynamicCacheChangeBatch [id=7d5c29bff61-fc1adffb-3acf-4476-9c61-413738c67672, reqs=[DynamicCacheChangeRequest [cacheName=tripleHcache, hasCfg=true, nodeId=416f3348-aa63-4612-8cfe-d1b533133949, clientStartOnly=false, stop=false, destroy=false, disabledAfterStartfalse]], exchangeActions=ExchangeActions [startCaches=[tripleHcache], stopCaches=null, startGrps=[tripleHcache], stopGrps=[], resetParts=null, stateChangeRequest=null], startCaches=false], allowMerge=false]
[13:28:25,814][INFO][exchange-worker-#43][CacheAffinitySharedManager] Updating caches registry performed in 2 ms.
[13:28:25,833][INFO][exchange-worker-#43][GridCacheProcessor] Started cache [name=tripleHcache, id=213412376, memoryPolicyName=default, mode=PARTITIONED, atomicity=ATOMIC, backups=0, mvcc=false], encryptionEnabled=false]
[13:28:25,834][INFO][exchange-worker-#43][CacheAffinitySharedManager] Caches starting performed in 18 ms.
[13:28:25,840][INFO][exchange-worker-#43][CacheAffinitySharedManager] Affinity initialization for started caches performed in 5 ms.
[13:28:25,849][INFO][exchange-worker-#43][GridDhtPartitionsExchangeFuture] Finished waiting for partition release future [topVer=AffinityTopologyVersion [topVer=1, minorTopVer=6], waitTime=0ms, futInfo=NA, mode=DISTRIBUTED]
[13:28:25,849][INFO][exchange-worker-#43][GridDhtPartitionsExchangeFuture] Finished waiting for partitions release latch: ServerLatch [permits=0, pendingAcks=[], super=CompletableLatch [id=exchange, topVer=AffinityTopologyVersion [topVer=1, minorTopVer=6]]]
[13:28:25,851][INFO][exchange-worker-#43][GridDhtPartitionsExchangeFuture] Finished waiting for partition release future [topVer=AffinityTopologyVersion [topVer=1, minorTopVer=6], waitTime=0ms, futInfo=NA, mode=LOCAL]
[13:28:26,017][INFO][exchange-worker-#43][GridDhtPartitionsExchangeFuture] finishExchangeOnCoordinator [topVer=AffinityTopologyVersion [topVer=1, minorTopVer=6], resVer=AffinityTopologyVersion [topVer=1, minorTopVer=6]]
[13:28:26,017][INFO][exchange-worker-#43][GridDhtPartitionsExchangeFuture] Affinity changes (coordinator) applied in 0 ms.
[13:28:26,054][INFO][exchange-worker-#43][GridDhtPartitionsExchangeFuture] Partitions validation performed in 37 ms.
[13:28:26,070][INFO][exchange-worker-#43][GridDhtPartitionsExchangeFuture] Partitions assignment performed in 16 ms.
[13:28:26,114][INFO][exchange-worker-#43][GridDhtPartitionsExchangeFuture] Preparing Full Message performed in 22 ms.
[13:28:26,114][INFO][exchange-worker-#43][GridDhtPartitionsExchangeFuture] Sending Full Message to all nodes performed in 0 ms.
[13:28:26,115][INFO][exchange-worker-#43][GridDhtPartitionsExchangeFuture] Finish exchange future [startVer=AffinityTopologyVersion [topVer=1, minorTopVer=6], resVer=AffinityTopologyVersion [topVer=1, minorTopVer=6], err=null]
[13:28:26,147][INFO][exchange-worker-#43][GridCacheProcessor] Finish proxy initialization, cacheName=tripleHcache, localNodeId=416f3348-aa63-4612-8cfe-d1b533133949
[13:28:26,161][INFO][exchange-worker-#43][GridDhtPartitionsExchangeFuture] Completed partition exchange [localNode=416f3348-aa63-4612-8cfe-d1b533133949, exchange=GridDhtPartitionsExchangeFuture [topVer=AffinityTopologyVersion [topVer=1, minorTopVer=6], evt=DISCOVERY_CUSTOM_EVT, evtNode=TcpDiscoveryNode [id=416f3348-aa63-4612-8cfe-d1b533133949, addrs=[0:0:0:0:0:0:0:1%lo, 127.0.0.1, 172.168.1.60], sockAddrs=[/172.168.1.60:47500, /0:0:0:0:0:0:0:1%lo:47500, /127.0.0.1:47500], discPort=47500, order=1, intOrder=1, lastExchangeTime=1580473701270, loc=true, ver=2.7.6#20190911-sha1:21f7ca41, isClient=false], done=true], topVer=AffinityTopologyVersion [topVer=1, minorTopVer=6], durationFromInit=353]
[13:28:26,161][INFO][exchange-worker-#43][time] Finished exchange init [topVer=AffinityTopologyVersion [topVer=1, minorTopVer=6], crd=true]
[13:28:26,189][INFO][exchange-worker-#43][GridCachePartitionExchangeManager] Skipping rebalancing (obsolete exchange ID) [top=AffinityTopologyVersion [topVer=1, minorTopVer=6], evt=DISCOVERY_CUSTOM_EVT, node=416f3348-aa63-4612-8cfe-d1b533133949]
[13:28:26,189][INFO][exchange-worker-#43][time] Started exchange init [topVer=AffinityTopologyVersion [topVer=1, minorTopVer=7], mvccCrd=MvccCoordinator [nodeId=416f3348-aa63-4612-8cfe-d1b533133949, crdVer=1580473702662, topVer=AffinityTopologyVersion [topVer=1, minorTopVer=0]], mvccCrdChange=false, crd=true, evt=DISCOVERY_CUSTOM_EVT, evtNode=416f3348-aa63-4612-8cfe-d1b533133949, customEvt=DynamicCacheChangeBatch [id=dd5c29bff61-fc1adffb-3acf-4476-9c61-413738c67672, reqs=[DynamicCacheChangeRequest [cacheName=testTriplecache, hasCfg=true, nodeId=416f3348-aa63-4612-8cfe-d1b533133949, clientStartOnly=false, stop=false, destroy=false, disabledAfterStartfalse]], exchangeActions=ExchangeActions [startCaches=[testTriplecache], stopCaches=null, startGrps=[testTriplecache], stopGrps=[], resetParts=null, stateChangeRequest=null], startCaches=false], allowMerge=false]
[13:28:26,190][INFO][exchange-worker-#43][CacheAffinitySharedManager] Updating caches registry performed in 1 ms.
[13:28:26,199][INFO][exchange-worker-#43][GridCacheProcessor] Started cache [name=testTriplecache, id=1589043698, memoryPolicyName=default, mode=PARTITIONED, atomicity=ATOMIC, backups=0, mvcc=false], encryptionEnabled=false]
[13:28:26,199][INFO][exchange-worker-#43][CacheAffinitySharedManager] Caches starting performed in 9 ms.
[13:28:26,200][INFO][exchange-worker-#43][CacheAffinitySharedManager] Affinity initialization for started caches performed in 1 ms.
[13:28:26,204][INFO][exchange-worker-#43][GridDhtPartitionsExchangeFuture] Finished waiting for partition release future [topVer=AffinityTopologyVersion [topVer=1, minorTopVer=7], waitTime=0ms, futInfo=NA, mode=DISTRIBUTED]
[13:28:26,206][INFO][exchange-worker-#43][GridDhtPartitionsExchangeFuture] Finished waiting for partitions release latch: ServerLatch [permits=0, pendingAcks=[], super=CompletableLatch [id=exchange, topVer=AffinityTopologyVersion [topVer=1, minorTopVer=7]]]
[13:28:26,207][INFO][exchange-worker-#43][GridDhtPartitionsExchangeFuture] Finished waiting for partition release future [topVer=AffinityTopologyVersion [topVer=1, minorTopVer=7], waitTime=0ms, futInfo=NA, mode=LOCAL]
[13:28:26,288][INFO][exchange-worker-#43][GridDhtPartitionsExchangeFuture] finishExchangeOnCoordinator [topVer=AffinityTopologyVersion [topVer=1, minorTopVer=7], resVer=AffinityTopologyVersion [topVer=1, minorTopVer=7]]
[13:28:26,288][INFO][exchange-worker-#43][GridDhtPartitionsExchangeFuture] Affinity changes (coordinator) applied in 0 ms.
[13:28:26,295][INFO][exchange-worker-#43][GridDhtPartitionsExchangeFuture] Partitions validation performed in 7 ms.
[13:28:26,307][INFO][exchange-worker-#43][GridDhtPartitionsExchangeFuture] Partitions assignment performed in 12 ms.
[13:28:26,327][INFO][exchange-worker-#43][GridDhtPartitionsExchangeFuture] Preparing Full Message performed in 13 ms.
[13:28:26,327][INFO][exchange-worker-#43][GridDhtPartitionsExchangeFuture] Sending Full Message to all nodes performed in 0 ms.
[13:28:26,328][INFO][exchange-worker-#43][GridDhtPartitionsExchangeFuture] Finish exchange future [startVer=AffinityTopologyVersion [topVer=1, minorTopVer=7], resVer=AffinityTopologyVersion [topVer=1, minorTopVer=7], err=null]
[13:28:26,342][INFO][exchange-worker-#43][GridCacheProcessor] Finish proxy initialization, cacheName=testTriplecache, localNodeId=416f3348-aa63-4612-8cfe-d1b533133949
[13:28:26,356][INFO][exchange-worker-#43][GridDhtPartitionsExchangeFuture] Completed partition exchange [localNode=416f3348-aa63-4612-8cfe-d1b533133949, exchange=GridDhtPartitionsExchangeFuture [topVer=AffinityTopologyVersion [topVer=1, minorTopVer=7], evt=DISCOVERY_CUSTOM_EVT, evtNode=TcpDiscoveryNode [id=416f3348-aa63-4612-8cfe-d1b533133949, addrs=[0:0:0:0:0:0:0:1%lo, 127.0.0.1, 172.168.1.60], sockAddrs=[/172.168.1.60:47500, /0:0:0:0:0:0:0:1%lo:47500, /127.0.0.1:47500], discPort=47500, order=1, intOrder=1, lastExchangeTime=1580473701270, loc=true, ver=2.7.6#20190911-sha1:21f7ca41, isClient=false], done=true], topVer=AffinityTopologyVersion [topVer=1, minorTopVer=7], durationFromInit=175]
[13:28:26,356][INFO][exchange-worker-#43][time] Finished exchange init [topVer=AffinityTopologyVersion [topVer=1, minorTopVer=7], crd=true]
[13:28:26,387][INFO][exchange-worker-#43][GridCachePartitionExchangeManager] Skipping rebalancing (nothing scheduled) [top=AffinityTopologyVersion [topVer=1, minorTopVer=7], force=false, evt=DISCOVERY_CUSTOM_EVT, node=416f3348-aa63-4612-8cfe-d1b533133949]
[13:28:26,509][WARNING][main][DataStreamerImpl] Data streamer will not overwrite existing cache entries for better performance (to change, set allowOverwrite to true)
[13:28:27,870][WARNING][data-streamer-stripe-1-#10][H2TreeIndex] <Entity2IDcache> Indexed columns of a row cannot be fully inlined into index what may lead to slowdown due to additional data page reads, increase index inline size if needed (set system property IGNITE_MAX_INDEX_PAYLOAD_SIZE with recommended size (be aware it will be used by default for all indexes without explicit inline size)) [cacheName=INTEGER, tableName=Entity2IDcache, idxName=_key_PK, idxCols=(_KEY), idxType=PRIMARY KEY, curSize=10, recommendedInlineSize=12]
[13:28:28,038][WARNING][data-streamer-stripe-1-#10][H2TreeIndex] <Entity2IDcache> Indexed columns of a row cannot be fully inlined into index what may lead to slowdown due to additional data page reads, increase index inline size if needed (set system property IGNITE_MAX_INDEX_PAYLOAD_SIZE with recommended size (be aware it will be used by default for all indexes without explicit inline size)) [cacheName=INTEGER, tableName=Entity2IDcache, idxName=_key_PK, idxCols=(_KEY), idxType=PRIMARY KEY, curSize=10, recommendedInlineSize=13]
[13:28:28,992][WARNING][main][GridQueryProcessor] Key-value pair is not inserted into any SQL table [cacheName=E_embeddingscache, valType=breeze.linalg.DenseVector$SerializedForm]
[13:28:28,992][WARNING][main][GridQueryProcessor]   ^-- Value type(s) are specified via CacheConfiguration.indexedTypes or CacheConfiguration.queryEntities
[13:28:28,992][WARNING][main][GridQueryProcessor]   ^-- Make sure that same type(s) used when adding Object or BinaryObject to cache
[13:28:28,992][WARNING][main][GridQueryProcessor]   ^-- Otherwise, entries will be stored in cache, but not appear as SQL Table rows
[13:28:29,313][INFO][tcp-disco-srvr-#3][TcpDiscoverySpi] TCP discovery accepted incoming connection [rmtAddr=/127.0.0.1, rmtPort=59639]
[13:28:29,366][INFO][tcp-disco-srvr-#3][TcpDiscoverySpi] TCP discovery spawning a new thread for connection [rmtAddr=/127.0.0.1, rmtPort=59639]
[13:28:29,370][INFO][tcp-disco-srvr-#3][TcpDiscoverySpi] TCP discovery accepted incoming connection [rmtAddr=/127.0.0.1, rmtPort=38375]
[13:28:29,370][INFO][tcp-disco-srvr-#3][TcpDiscoverySpi] TCP discovery spawning a new thread for connection [rmtAddr=/127.0.0.1, rmtPort=38375]
[13:28:29,374][INFO][tcp-disco-sock-reader-#6][TcpDiscoverySpi] Started serving remote node connection [rmtAddr=/127.0.0.1:59639, rmtPort=59639]
[13:28:29,382][INFO][tcp-disco-sock-reader-#7][TcpDiscoverySpi] Started serving remote node connection [rmtAddr=/127.0.0.1:38375, rmtPort=38375]
[13:28:29,441][INFO][tcp-disco-sock-reader-#6][TcpDiscoverySpi] Finished serving remote node connection [rmtAddr=/127.0.0.1:59639, rmtPort=59639
[13:28:29,443][INFO][tcp-disco-sock-reader-#7][TcpDiscoverySpi] Finished serving remote node connection [rmtAddr=/127.0.0.1:38375, rmtPort=38375
[13:28:29,448][INFO][tcp-disco-msg-worker-#2][GridEncryptionManager] Joining node doesn't have encryption data [node=a149ae9b-28b0-4890-add5-9a4623350c7c]
[13:28:29,534][INFO][tcp-disco-msg-worker-#2][TcpDiscoverySpi] New next node [newNext=TcpDiscoveryNode [id=a149ae9b-28b0-4890-add5-9a4623350c7c, addrs=[0:0:0:0:0:0:0:1%lo, 127.0.0.1, 172.168.1.60], sockAddrs=[/172.168.1.60:47501, /0:0:0:0:0:0:0:1%lo:47501, /127.0.0.1:47501], discPort=47501, order=0, intOrder=2, lastExchangeTime=1580473709429, loc=false, ver=2.7.6#20190911-sha1:21f7ca41, isClient=false]]
[13:28:29,604][INFO][tcp-disco-msg-worker-#2][GridEncryptionManager] Joining node doesn't have encryption data [node=4760fafc-9302-49c0-a41f-b54941b21668]
[13:28:29,776][INFO][tcp-disco-srvr-#3][TcpDiscoverySpi] TCP discovery accepted incoming connection [rmtAddr=/0:0:0:0:0:0:0:1, rmtPort=46343]
[13:28:29,776][INFO][tcp-disco-srvr-#3][TcpDiscoverySpi] TCP discovery spawning a new thread for connection [rmtAddr=/0:0:0:0:0:0:0:1, rmtPort=46343]
[13:28:29,780][INFO][tcp-disco-sock-reader-#8][TcpDiscoverySpi] Started serving remote node connection [rmtAddr=/0:0:0:0:0:0:0:1:46343, rmtPort=46343]
[13:28:29,828][INFO][disco-event-worker-#42][GridDiscoveryManager] Added new node to topology: TcpDiscoveryNode [id=a149ae9b-28b0-4890-add5-9a4623350c7c, addrs=[0:0:0:0:0:0:0:1%lo, 127.0.0.1, 172.168.1.60], sockAddrs=[/172.168.1.60:47501, /0:0:0:0:0:0:0:1%lo:47501, /127.0.0.1:47501], discPort=47501, order=2, intOrder=2, lastExchangeTime=1580473709429, loc=false, ver=2.7.6#20190911-sha1:21f7ca41, isClient=false]
[13:28:29,829][INFO][disco-event-worker-#42][GridDiscoveryManager] Topology snapshot [ver=2, locNode=416f3348, servers=2, clients=0, state=ACTIVE, CPUs=4, offheap=6.2GB, heap=6.9GB]
[13:28:29,834][INFO][exchange-worker-#43][time] Started exchange init [topVer=AffinityTopologyVersion [topVer=2, minorTopVer=0], mvccCrd=MvccCoordinator [nodeId=416f3348-aa63-4612-8cfe-d1b533133949, crdVer=1580473702662, topVer=AffinityTopologyVersion [topVer=1, minorTopVer=0]], mvccCrdChange=false, crd=true, evt=NODE_JOINED, evtNode=a149ae9b-28b0-4890-add5-9a4623350c7c, customEvt=null, allowMerge=true]
[13:28:29,844][INFO][exchange-worker-#43][GridDhtPartitionsExchangeFuture] Finished waiting for partition release future [topVer=AffinityTopologyVersion [topVer=2, minorTopVer=0], waitTime=10ms, futInfo=NA, mode=DISTRIBUTED]
[13:28:29,845][INFO][exchange-worker-#43][GridDhtPartitionsExchangeFuture] Finished waiting for partitions release latch: ServerLatch [permits=0, pendingAcks=[], super=CompletableLatch [id=exchange, topVer=AffinityTopologyVersion [topVer=2, minorTopVer=0]]]
[13:28:29,845][INFO][exchange-worker-#43][GridDhtPartitionsExchangeFuture] Finished waiting for partition release future [topVer=AffinityTopologyVersion [topVer=2, minorTopVer=0], waitTime=0ms, futInfo=NA, mode=LOCAL]
[13:28:29,845][INFO][exchange-worker-#43][time] Finished exchange init [topVer=AffinityTopologyVersion [topVer=2, minorTopVer=0], crd=true]
[13:28:29,845][INFO][tcp-disco-sock-reader-#8][TcpDiscoverySpi] Finished serving remote node connection [rmtAddr=/0:0:0:0:0:0:0:1:46343, rmtPort=46343
[13:28:30,023][INFO][tcp-disco-srvr-#3][TcpDiscoverySpi] TCP discovery accepted incoming connection [rmtAddr=/0:0:0:0:0:0:0:1, rmtPort=56283]
[13:28:30,023][INFO][tcp-disco-srvr-#3][TcpDiscoverySpi] TCP discovery spawning a new thread for connection [rmtAddr=/0:0:0:0:0:0:0:1, rmtPort=56283]
[13:28:30,027][INFO][tcp-disco-sock-reader-#9][TcpDiscoverySpi] Started serving remote node connection [rmtAddr=/0:0:0:0:0:0:0:1:56283, rmtPort=56283]
[13:28:30,055][INFO][disco-event-worker-#42][GridDiscoveryManager] Added new node to topology: TcpDiscoveryNode [id=4760fafc-9302-49c0-a41f-b54941b21668, addrs=[0:0:0:0:0:0:0:1%lo, 127.0.0.1, 172.168.1.60], sockAddrs=[/172.168.1.60:47502, /0:0:0:0:0:0:0:1%lo:47502, /127.0.0.1:47502], discPort=47502, order=3, intOrder=3, lastExchangeTime=1580473709403, loc=false, ver=2.7.6#20190911-sha1:21f7ca41, isClient=false]
[13:28:30,055][INFO][disco-event-worker-#42][GridDiscoveryManager] Topology snapshot [ver=3, locNode=416f3348, servers=3, clients=0, state=ACTIVE, CPUs=4, offheap=9.3GB, heap=10.0GB]
[13:28:31,284][INFO][grid-nio-worker-tcp-comm-0-#24][TcpCommunicationSpi] Accepted incoming communication connection [locAddr=/0:0:0:0:0:0:0:1:47100, rmtAddr=/0:0:0:0:0:0:0:1:40468]
[13:28:31,419][INFO][sys-#50][GridDhtPartitionsExchangeFuture] Coordinator received single message [ver=AffinityTopologyVersion [topVer=2, minorTopVer=0], node=a149ae9b-28b0-4890-add5-9a4623350c7c, allReceived=true]
[13:28:31,422][INFO][sys-#50][GridDhtPartitionsExchangeFuture] Coordinator received all messages, try merge [ver=AffinityTopologyVersion [topVer=2, minorTopVer=0]]
[13:28:31,427][INFO][sys-#50][GridCachePartitionExchangeManager] Merge exchange future [curFut=AffinityTopologyVersion [topVer=2, minorTopVer=0], mergedFut=AffinityTopologyVersion [topVer=3, minorTopVer=0], evt=NODE_JOINED, evtNode=4760fafc-9302-49c0-a41f-b54941b21668, evtNodeClient=false]
[13:28:31,427][INFO][sys-#50][GridDhtPartitionsExchangeFuture] Merge server join exchange, wait for message [curFut=AffinityTopologyVersion [topVer=2, minorTopVer=0], node=4760fafc-9302-49c0-a41f-b54941b21668]
[13:28:31,427][INFO][sys-#50][GridDhtPartitionsExchangeFuture] Exchanges merging performed in 5 ms.
[13:28:31,612][INFO][grid-nio-worker-tcp-comm-1-#25][TcpCommunicationSpi] Accepted incoming communication connection [locAddr=/0:0:0:0:0:0:0:1:47100, rmtAddr=/0:0:0:0:0:0:0:1:40470]
[13:28:31,792][INFO][sys-#51][GridDhtPartitionsExchangeFuture] Merge server join exchange, received message [curFut=AffinityTopologyVersion [topVer=2, minorTopVer=0], node=4760fafc-9302-49c0-a41f-b54941b21668, msgVer=AffinityTopologyVersion [topVer=3, minorTopVer=0], process=true, awaited=1]
[13:28:31,792][INFO][sys-#51][GridDhtPartitionsExchangeFuture] finishExchangeOnCoordinator [topVer=AffinityTopologyVersion [topVer=2, minorTopVer=0], resVer=AffinityTopologyVersion [topVer=3, minorTopVer=0]]
[13:28:31,963][INFO][sys-#51][CacheAffinitySharedManager] Affinity recalculation (on server join) performed in 170 ms.
[13:28:32,003][INFO][sys-#51][GridDhtPartitionsExchangeFuture] Affinity changes (coordinator) applied in 210 ms.
[13:28:32,053][INFO][sys-#51][GridDhtPartitionsExchangeFuture] Partitions validation performed in 25 ms.
[13:28:32,075][INFO][sys-#51][GridDhtPartitionsExchangeFuture] Partitions assignment performed in 22 ms.
[13:28:32,157][INFO][sys-#51][GridDhtPartitionsExchangeFuture] Preparing Full Message performed in 67 ms.
[13:28:32,234][INFO][sys-#51][GridDhtPartitionsExchangeFuture] Sending Full Message performed in 48 ms.
[13:28:32,243][INFO][sys-#51][GridDhtPartitionsExchangeFuture] Sending Full Message to all nodes performed in 83 ms.
[13:28:32,243][INFO][sys-#51][GridDhtPartitionsExchangeFuture] Finish exchange future [startVer=AffinityTopologyVersion [topVer=2, minorTopVer=0], resVer=AffinityTopologyVersion [topVer=3, minorTopVer=0], err=null]
[13:28:32,271][INFO][sys-#51][GridDhtPartitionsExchangeFuture] Detecting lost partitions performed in 28 ms.
[13:28:32,319][INFO][sys-#51][GridDhtPartitionsExchangeFuture] Completed partition exchange [localNode=416f3348-aa63-4612-8cfe-d1b533133949, exchange=GridDhtPartitionsExchangeFuture [topVer=AffinityTopologyVersion [topVer=2, minorTopVer=0], evt=NODE_JOINED, evtNode=TcpDiscoveryNode [id=a149ae9b-28b0-4890-add5-9a4623350c7c, addrs=[0:0:0:0:0:0:0:1%lo, 127.0.0.1, 172.168.1.60], sockAddrs=[/172.168.1.60:47501, /0:0:0:0:0:0:0:1%lo:47501, /127.0.0.1:47501], discPort=47501, order=2, intOrder=2, lastExchangeTime=1580473709429, loc=false, ver=2.7.6#20190911-sha1:21f7ca41, isClient=false], done=true], topVer=AffinityTopologyVersion [topVer=3, minorTopVer=0], durationFromInit=2478]
[13:28:32,320][INFO][sys-#51][GridCachePartitionExchangeManager] Fast replied to single message [exchId=GridDhtPartitionExchangeId [topVer=AffinityTopologyVersion [topVer=3, minorTopVer=0], discoEvt=null, nodeId=4760fafc, evt=NODE_JOINED], nodeId=4760fafc-9302-49c0-a41f-b54941b21668]
[13:28:32,337][INFO][exchange-worker-#43][GridCachePartitionExchangeManager] Skipping rebalancing (nothing scheduled) [top=AffinityTopologyVersion [topVer=3, minorTopVer=0], force=false, evt=NODE_JOINED, node=a149ae9b-28b0-4890-add5-9a4623350c7c]
[13:28:32,777][INFO][ignite-update-notifier-timer][GridUpdateNotifier] Your version is up to date.
[13:28:33,967][INFO][utility-#54][GridDhtPartitionSupplier] Finished supplying rebalancing [grp=ignite-sys-cache, demander=a149ae9b-28b0-4890-add5-9a4623350c7c, topVer=AffinityTopologyVersion [topVer=3, minorTopVer=0], topic=0]
[13:28:34,049][INFO][utility-#55][GridDhtPartitionSupplier] Finished supplying rebalancing [grp=ignite-sys-cache, demander=4760fafc-9302-49c0-a41f-b54941b21668, topVer=AffinityTopologyVersion [topVer=3, minorTopVer=0], topic=0]
[13:28:34,232][INFO][sys-#47][GridDhtPartitionSupplier] Finished supplying rebalancing [grp=E_embeddingscache, demander=a149ae9b-28b0-4890-add5-9a4623350c7c, topVer=AffinityTopologyVersion [topVer=3, minorTopVer=0], topic=0]
[13:28:34,255][INFO][sys-#46][GridDhtPartitionSupplier] Finished supplying rebalancing [grp=E_embeddingscache, demander=4760fafc-9302-49c0-a41f-b54941b21668, topVer=AffinityTopologyVersion [topVer=3, minorTopVer=0], topic=0]
[13:28:35,257][INFO][disco-event-worker-#42][GridDiscoveryManager] Node left topology: TcpDiscoveryNode [id=4760fafc-9302-49c0-a41f-b54941b21668, addrs=[0:0:0:0:0:0:0:1%lo, 127.0.0.1, 172.168.1.60], sockAddrs=[/172.168.1.60:47502, /0:0:0:0:0:0:0:1%lo:47502, /127.0.0.1:47502], discPort=47502, order=3, intOrder=3, lastExchangeTime=1580473709403, loc=false, ver=2.7.6#20190911-sha1:21f7ca41, isClient=false]
[13:28:35,258][INFO][disco-event-worker-#42][GridDiscoveryManager] Topology snapshot [ver=4, locNode=416f3348, servers=2, clients=0, state=ACTIVE, CPUs=4, offheap=6.2GB, heap=6.9GB]
[13:28:35,261][INFO][tcp-disco-srvr-#3][TcpDiscoverySpi] TCP discovery accepted incoming connection [rmtAddr=/0:0:0:0:0:0:0:1, rmtPort=58835]
[13:28:35,261][INFO][tcp-disco-srvr-#3][TcpDiscoverySpi] TCP discovery spawning a new thread for connection [rmtAddr=/0:0:0:0:0:0:0:1, rmtPort=58835]
[13:28:35,268][INFO][tcp-disco-sock-reader-#10][TcpDiscoverySpi] Started serving remote node connection [rmtAddr=/0:0:0:0:0:0:0:1:58835, rmtPort=58835]
[13:28:35,309][INFO][exchange-worker-#43][time] Started exchange init [topVer=AffinityTopologyVersion [topVer=4, minorTopVer=0], mvccCrd=MvccCoordinator [nodeId=416f3348-aa63-4612-8cfe-d1b533133949, crdVer=1580473702662, topVer=AffinityTopologyVersion [topVer=1, minorTopVer=0]], mvccCrdChange=false, crd=true, evt=NODE_LEFT, evtNode=4760fafc-9302-49c0-a41f-b54941b21668, customEvt=null, allowMerge=true]
[13:28:35,815][INFO][tcp-disco-sock-reader-#9][TcpDiscoverySpi] Finished serving remote node connection [rmtAddr=/0:0:0:0:0:0:0:1:56283, rmtPort=56283
[13:28:35,939][INFO][exchange-worker-#43][GridDhtPartitionsExchangeFuture] Finished waiting for partition release future [topVer=AffinityTopologyVersion [topVer=4, minorTopVer=0], waitTime=628ms, futInfo=NA, mode=DISTRIBUTED]
[13:28:35,997][INFO][disco-event-worker-#42][GridDiscoveryManager] Node left topology: TcpDiscoveryNode [id=a149ae9b-28b0-4890-add5-9a4623350c7c, addrs=[0:0:0:0:0:0:0:1%lo, 127.0.0.1, 172.168.1.60], sockAddrs=[/172.168.1.60:47501, /0:0:0:0:0:0:0:1%lo:47501, /127.0.0.1:47501], discPort=47501, order=2, intOrder=2, lastExchangeTime=1580473709429, loc=false, ver=2.7.6#20190911-sha1:21f7ca41, isClient=false]
[13:28:35,998][INFO][disco-event-worker-#42][GridDiscoveryManager] Topology snapshot [ver=5, locNode=416f3348, servers=1, clients=0, state=ACTIVE, CPUs=4, offheap=3.1GB, heap=3.5GB]
[13:28:36,000][INFO][exchange-worker-#43][GridDhtPartitionsExchangeFuture] Finished waiting for partitions release latch: ServerLatch [permits=0, pendingAcks=[], super=CompletableLatch [id=exchange, topVer=AffinityTopologyVersion [topVer=4, minorTopVer=0]]]
[13:28:36,000][INFO][exchange-worker-#43][GridDhtPartitionsExchangeFuture] Finished waiting for partition release future [topVer=AffinityTopologyVersion [topVer=4, minorTopVer=0], waitTime=0ms, futInfo=NA, mode=LOCAL]
[13:28:36,006][INFO][exchange-worker-#43][time] Finished exchange init [topVer=AffinityTopologyVersion [topVer=4, minorTopVer=0], crd=true]
[13:28:36,007][INFO][sys-#53][GridDhtPartitionsExchangeFuture] Coordinator received all messages, try merge [ver=AffinityTopologyVersion [topVer=4, minorTopVer=0]]
[13:28:36,007][INFO][sys-#53][GridCachePartitionExchangeManager] Merge exchange future [curFut=AffinityTopologyVersion [topVer=4, minorTopVer=0], mergedFut=AffinityTopologyVersion [topVer=5, minorTopVer=0], evt=NODE_LEFT, evtNode=a149ae9b-28b0-4890-add5-9a4623350c7c, evtNodeClient=false]
[13:28:36,007][INFO][sys-#53][GridDhtPartitionsExchangeFuture] Exchanges merging performed in 0 ms.
[13:28:36,007][INFO][sys-#53][GridDhtPartitionsExchangeFuture] finishExchangeOnCoordinator [topVer=AffinityTopologyVersion [topVer=4, minorTopVer=0], resVer=AffinityTopologyVersion [topVer=5, minorTopVer=0]]
[13:28:36,193][INFO][sys-#53][CacheAffinitySharedManager] Affinity recalculation (on server left) performed in 186 ms.
[13:28:36,256][INFO][sys-#53][GridDhtPartitionsExchangeFuture] Affinity changes (coordinator) applied in 249 ms.
[13:28:36,333][INFO][sys-#53][GridDhtPartitionsExchangeFuture] Partitions validation performed in 77 ms.
[13:28:36,356][INFO][sys-#53][GridDhtPartitionsExchangeFuture] Detecting lost partitions performed in 23 ms.
[13:28:36,425][INFO][sys-#53][GridDhtPartitionsExchangeFuture] Preparing Full Message performed in 43 ms.
[13:28:36,425][INFO][sys-#53][GridDhtPartitionsExchangeFuture] Sending Full Message to all nodes performed in 0 ms.
[13:28:36,426][INFO][sys-#53][GridDhtPartitionsExchangeFuture] Finish exchange future [startVer=AffinityTopologyVersion [topVer=4, minorTopVer=0], resVer=AffinityTopologyVersion [topVer=5, minorTopVer=0], err=null]
[13:28:36,438][INFO][sys-#53][GridDhtPartitionsExchangeFuture] Detecting lost partitions performed in 12 ms.
[13:28:36,466][INFO][tcp-disco-sock-reader-#10][TcpDiscoverySpi] Finished serving remote node connection [rmtAddr=/0:0:0:0:0:0:0:1:58835, rmtPort=58835
[13:28:36,469][INFO][sys-#53][GridDhtPartitionsExchangeFuture] Completed partition exchange [localNode=416f3348-aa63-4612-8cfe-d1b533133949, exchange=GridDhtPartitionsExchangeFuture [topVer=AffinityTopologyVersion [topVer=4, minorTopVer=0], evt=NODE_LEFT, evtNode=TcpDiscoveryNode [id=4760fafc-9302-49c0-a41f-b54941b21668, addrs=[0:0:0:0:0:0:0:1%lo, 127.0.0.1, 172.168.1.60], sockAddrs=[/172.168.1.60:47502, /0:0:0:0:0:0:0:1%lo:47502, /127.0.0.1:47502], discPort=47502, order=3, intOrder=3, lastExchangeTime=1580473709403, loc=false, ver=2.7.6#20190911-sha1:21f7ca41, isClient=false], done=true], topVer=AffinityTopologyVersion [topVer=5, minorTopVer=0], durationFromInit=1155]
[13:28:36,590][INFO][exchange-worker-#43][GridCachePartitionExchangeManager] Skipping rebalancing (nothing scheduled) [top=AffinityTopologyVersion [topVer=5, minorTopVer=0], force=false, evt=NODE_LEFT, node=4760fafc-9302-49c0-a41f-b54941b21668]
[13:28:37,579][WARNING][data-streamer-stripe-7-#16][H2TreeIndex] <Relation2IDcache> Indexed columns of a row cannot be fully inlined into index what may lead to slowdown due to additional data page reads, increase index inline size if needed (set system property IGNITE_MAX_INDEX_PAYLOAD_SIZE with recommended size (be aware it will be used by default for all indexes without explicit inline size)) [cacheName=INTEGER, tableName=Relation2IDcache, idxName=_key_PK, idxCols=(_KEY), idxType=PRIMARY KEY, curSize=10, recommendedInlineSize=49]
[13:28:37,618][WARNING][data-streamer-stripe-5-#14][H2TreeIndex] <Relation2IDcache> Indexed columns of a row cannot be fully inlined into index what may lead to slowdown due to additional data page reads, increase index inline size if needed (set system property IGNITE_MAX_INDEX_PAYLOAD_SIZE with recommended size (be aware it will be used by default for all indexes without explicit inline size)) [cacheName=INTEGER, tableName=Relation2IDcache, idxName=_key_PK, idxCols=(_KEY), idxType=PRIMARY KEY, curSize=10, recommendedInlineSize=52]
[13:28:37,820][WARNING][main][GridQueryProcessor] Key-value pair is not inserted into any SQL table [cacheName=tripleHcache, valType=scala.collection.immutable.Set$Set1]
[13:28:37,909][WARNING][main][GridQueryProcessor] Key-value pair is not inserted into any SQL table [cacheName=tripleHcache, valType=scala.collection.immutable.Set$Set2]
[13:28:38,056][WARNING][main][GridQueryProcessor] Key-value pair is not inserted into any SQL table [cacheName=tripleHcache, valType=scala.collection.immutable.Set$Set3]
[13:28:38,162][WARNING][main][GridQueryProcessor] Key-value pair is not inserted into any SQL table [cacheName=tripleHcache, valType=scala.collection.immutable.Set$Set4]
[13:28:38,186][WARNING][main][BinaryContext] Class "scala.collection.immutable.HashSet$SerializationProxy" cannot be serialized using BinaryMarshaller because it either implements Externalizable interface or have writeObject/readObject methods. OptimizedMarshaller will be used instead and class instances will be deserialized on the server. Please ensure that all nodes have this class in classpath. To enable binary serialization either implement Binarylizable interface or set explicit serializer using BinaryTypeConfiguration.setSerializer() method.
[13:28:38,196][INFO][main][GridDeploymentLocalStore] Class locally deployed: class scala.collection.immutable.HashSet$SerializationProxy
[13:28:38,196][INFO][main][GridDeploymentLocalStore] Class locally deployed: class scala.Tuple2
[13:28:38,197][WARNING][main][GridQueryProcessor] Key-value pair is not inserted into any SQL table [cacheName=tripleHcache, val=CacheObjectImpl [val=null, hasValBytes=true]]
[13:28:38,480][WARNING][data-streamer-stripe-7-#16][GridQueryProcessor] Key-value pair is not inserted into any SQL table [cacheName=tripleId, valType=TripleId]
[13:28:38,550][INFO][main][GridDeploymentLocalStore] Class locally deployed: class master2NodeEmbeddCommunication$$anonfun$master2NodeEmbeddCommunication$$visitUsingMapKeysToNodes$1$$anonfun$apply$1
[13:28:38,656][WARNING][pub-#19][BLAS] Failed to load implementation from: com.github.fommil.netlib.NativeSystemBLAS
[13:28:38,656][WARNING][pub-#19][BLAS] Failed to load implementation from: com.github.fommil.netlib.NativeRefBLAS
