[14:08:44,668][WARNING][main][G] Ignite work directory is not provided, automatically resolved to: /home/xshaini/apache-ignite-2.7.5-bin/work
[14:08:44,815][INFO][main][IgniteKernal] 

>>>    __________  ________________  
>>>   /  _/ ___/ |/ /  _/_  __/ __/  
>>>  _/ // (7 7    // /  / / / _/    
>>> /___/\___/_/|_/___/ /_/ /___/   
>>> 
>>> ver. 2.7.6#20190911-sha1:21f7ca41
>>> 2019 Copyright(C) Apache Software Foundation
>>> 
>>> Ignite documentation: http://ignite.apache.org

[14:08:44,821][INFO][main][IgniteKernal] Config URL: file:/home/xshaini/apache-ignite-2.7.5-bin/examples/config/example-ignite.xml
[14:08:44,836][INFO][main][IgniteKernal] IgniteConfiguration [igniteInstanceName=null, pubPoolSize=8, svcPoolSize=8, callbackPoolSize=8, stripedPoolSize=8, sysPoolSize=8, mgmtPoolSize=4, igfsPoolSize=4, dataStreamerPoolSize=8, utilityCachePoolSize=8, utilityCacheKeepAliveTime=60000, p2pPoolSize=2, qryPoolSize=8, igniteHome=/home/xshaini/apache-ignite-2.7.5-bin, igniteWorkDir=/home/xshaini/apache-ignite-2.7.5-bin/work, mbeanSrv=com.sun.jmx.mbeanserver.JmxMBeanServer@5ad851c9, nodeId=6a4bdb58-d80c-4685-ac9a-b8c0044f25f2, marsh=BinaryMarshaller [], marshLocJobs=false, daemon=false, p2pEnabled=true, netTimeout=5000, sndRetryDelay=1000, sndRetryCnt=3, metricsHistSize=10000, metricsUpdateFreq=2000, metricsExpTime=9223372036854775807, discoSpi=TcpDiscoverySpi [addrRslvr=null, sockTimeout=0, ackTimeout=0, marsh=null, reconCnt=10, reconDelay=2000, maxAckTimeout=600000, forceSrvMode=false, clientReconnectDisabled=false, internalLsnr=null], segPlc=STOP, segResolveAttempts=2, waitForSegOnStart=true, allResolversPassReq=true, segChkFreq=10000, commSpi=TcpCommunicationSpi [connectGate=null, connPlc=org.apache.ignite.spi.communication.tcp.TcpCommunicationSpi$FirstConnectionPolicy@6c6cb480, enableForcibleNodeKill=false, enableTroubleshootingLog=false, locAddr=null, locHost=null, locPort=47100, locPortRange=100, shmemPort=-1, directBuf=true, directSndBuf=false, idleConnTimeout=600000, connTimeout=5000, maxConnTimeout=600000, reconCnt=10, sockSndBuf=32768, sockRcvBuf=32768, msgQueueLimit=0, slowClientQueueLimit=0, nioSrvr=null, shmemSrv=null, usePairedConnections=false, connectionsPerNode=1, tcpNoDelay=true, filterReachableAddresses=false, ackSndThreshold=32, unackedMsgsBufSize=0, sockWriteTimeout=2000, boundTcpPort=-1, boundTcpShmemPort=-1, selectorsCnt=4, selectorSpins=0, addrRslvr=null, ctxInitLatch=java.util.concurrent.CountDownLatch@3c46e67a[Count = 1], stopping=false], evtSpi=org.apache.ignite.spi.eventstorage.NoopEventStorageSpi@c730b35, colSpi=NoopCollisionSpi [], deploySpi=LocalDeploymentSpi [], indexingSpi=org.apache.ignite.spi.indexing.noop.NoopIndexingSpi@45752059, addrRslvr=null, encryptionSpi=org.apache.ignite.spi.encryption.noop.NoopEncryptionSpi@34e9fd99, clientMode=false, rebalanceThreadPoolSize=1, txCfg=TransactionConfiguration [txSerEnabled=false, dfltIsolation=REPEATABLE_READ, dfltConcurrency=PESSIMISTIC, dfltTxTimeout=0, txTimeoutOnPartitionMapExchange=0, pessimisticTxLogSize=0, pessimisticTxLogLinger=10000, tmLookupClsName=null, txManagerFactory=null, useJtaSync=false], cacheSanityCheckEnabled=true, discoStartupDelay=60000, deployMode=SHARED, p2pMissedCacheSize=100, locHost=null, timeSrvPortBase=31100, timeSrvPortRange=100, failureDetectionTimeout=10000, sysWorkerBlockedTimeout=null, clientFailureDetectionTimeout=30000, metricsLogFreq=60000, hadoopCfg=null, connectorCfg=ConnectorConfiguration [jettyPath=null, host=null, port=11211, noDelay=true, directBuf=false, sndBufSize=32768, rcvBufSize=32768, idleQryCurTimeout=600000, idleQryCurCheckFreq=60000, sndQueueLimit=0, selectorCnt=4, idleTimeout=7000, sslEnabled=false, sslClientAuth=false, sslCtxFactory=null, sslFactory=null, portRange=100, threadPoolSize=8, msgInterceptor=null], odbcCfg=null, warmupClos=null, atomicCfg=AtomicConfiguration [seqReserveSize=1000, cacheMode=PARTITIONED, backups=1, aff=null, grpName=null], classLdr=null, sslCtxFactory=null, platformCfg=null, binaryCfg=null, memCfg=null, pstCfg=null, dsCfg=DataStorageConfiguration [sysRegionInitSize=41943040, sysRegionMaxSize=104857600, pageSize=0, concLvl=0, dfltDataRegConf=DataRegionConfiguration [name=default, maxSize=3335327744, initSize=268435456, swapPath=null, pageEvictionMode=DISABLED, evictionThreshold=0.9, emptyPagesPoolSize=100, metricsEnabled=false, metricsSubIntervalCount=5, metricsRateTimeInterval=60000, persistenceEnabled=false, checkpointPageBufSize=0], dataRegions=null, storagePath=null, checkpointFreq=180000, lockWaitTime=10000, checkpointThreads=4, checkpointWriteOrder=SEQUENTIAL, walHistSize=20, maxWalArchiveSize=1073741824, walSegments=10, walSegmentSize=67108864, walPath=db/wal, walArchivePath=db/wal/archive, metricsEnabled=false, walMode=LOG_ONLY, walTlbSize=131072, walBuffSize=0, walFlushFreq=2000, walFsyncDelay=1000, walRecordIterBuffSize=67108864, alwaysWriteFullPages=false, fileIOFactory=org.apache.ignite.internal.processors.cache.persistence.file.AsyncFileIOFactory@4c402120, metricsSubIntervalCnt=5, metricsRateTimeInterval=60000, walAutoArchiveAfterInactivity=-1, writeThrottlingEnabled=false, walCompactionEnabled=false, walCompactionLevel=1, checkpointReadLockTimeout=null], activeOnStart=true, autoActivation=true, longQryWarnTimeout=3000, sqlConnCfg=null, cliConnCfg=ClientConnectorConfiguration [host=null, port=10800, portRange=100, sockSndBufSize=0, sockRcvBufSize=0, tcpNoDelay=true, maxOpenCursorsPerConn=128, threadPoolSize=8, idleTimeout=0, jdbcEnabled=true, odbcEnabled=true, thinCliEnabled=true, sslEnabled=false, useIgniteSslCtxFactory=true, sslClientAuth=false, sslCtxFactory=null], mvccVacuumThreadCnt=2, mvccVacuumFreq=5000, authEnabled=false, failureHnd=null, commFailureRslvr=null]
[14:08:44,836][INFO][main][IgniteKernal] Daemon mode: off
[14:08:44,836][INFO][main][IgniteKernal] OS: Linux 4.15.0-72-generic amd64
[14:08:44,836][INFO][main][IgniteKernal] OS user: xshaini
[14:08:44,837][INFO][main][IgniteKernal] PID: 16223
[14:08:44,838][INFO][main][IgniteKernal] Language runtime: Scala ver. 2.11.11
[14:08:44,838][INFO][main][IgniteKernal] VM information: Java(TM) SE Runtime Environment 1.8.0_211-b12 Oracle Corporation Java HotSpot(TM) 64-Bit Server VM 25.211-b12
[14:08:44,839][INFO][main][IgniteKernal] VM total memory: 3.5GB
[14:08:44,839][INFO][main][IgniteKernal] Remote Management [restart: off, REST: on, JMX (remote: off)]
[14:08:44,839][INFO][main][IgniteKernal] Logger: JavaLogger [quiet=true, config=null]
[14:08:44,839][INFO][main][IgniteKernal] IGNITE_HOME=/home/xshaini/apache-ignite-2.7.5-bin
[14:08:44,839][INFO][main][IgniteKernal] VM arguments: [-Dfile.encoding=UTF-8, -Xbootclasspath/p:/home/xshaini/scala-SDK-4.7.0/eclipse/plugins/org.scala-ide.scala211.jars_4.7.0.201709291351/target/jars/scala-library.jar:/home/xshaini/scala-SDK-4.7.0/eclipse/plugins/org.scala-ide.scala211.jars_4.7.0.201709291351/target/jars/scala-reflect.jar]
[14:08:44,840][INFO][main][IgniteKernal] System cache's DataRegion size is configured to 40 MB. Use DataStorageConfiguration.systemRegionInitialSize property to change the setting.
[14:08:44,845][INFO][main][IgniteKernal] Configured caches [in 'sysMemPlc' dataRegion: ['ignite-sys-cache']]
[14:08:44,846][WARNING][main][IgniteKernal] Peer class loading is enabled (disable it in production for performance and deployment consistency reasons)
[14:08:44,846][WARNING][main][IgniteKernal] Please set system property '-Djava.net.preferIPv4Stack=true' to avoid possible problems in mixed environments.
[14:08:44,849][INFO][main][IgniteKernal] 3-rd party licenses can be found at: /home/xshaini/apache-ignite-2.7.5-bin/libs/licenses
[14:08:44,851][WARNING][pub-#22][GridDiagnostic] Initial heap size is 250MB (should be no less than 512MB, use -Xms512m -Xmx512m).
[14:08:44,898][INFO][main][IgnitePluginProcessor] Configured plugins:
[14:08:44,899][INFO][main][IgnitePluginProcessor]   ^-- None
[14:08:44,899][INFO][main][IgnitePluginProcessor] 
[14:08:44,901][INFO][main][FailureProcessor] Configured failure handler: [hnd=StopNodeOrHaltFailureHandler [tryStop=false, timeout=0, super=AbstractFailureHandler [ignoredFailureTypes=[SYSTEM_WORKER_BLOCKED, SYSTEM_CRITICAL_OPERATION_TIMEOUT]]]]
[14:08:44,939][INFO][main][TcpCommunicationSpi] Successfully bound communication NIO server to TCP port [port=47100, locHost=0.0.0.0/0.0.0.0, selectorsCnt=4, selectorSpins=0, pairedConn=false]
[14:08:44,942][WARNING][main][TcpCommunicationSpi] Message queue limit is set to 0 which may lead to potential OOMEs when running cache operations in FULL_ASYNC or PRIMARY_SYNC modes due to message queues growth on sender and receiver sides.
[14:08:44,959][WARNING][main][NoopCheckpointSpi] Checkpoints are disabled (to enable configure any GridCheckpointSpi implementation)
[14:08:44,979][WARNING][main][GridCollisionManager] Collision resolution is disabled (all jobs will be activated upon arrival).
[14:08:44,987][INFO][main][IgniteKernal] Security status [authentication=off, tls/ssl=off]
[14:08:45,206][WARNING][main][IgniteCacheDatabaseSharedManager] DataRegionConfiguration.maxWalArchiveSize instead DataRegionConfiguration.walHistorySize would be used for removing old archive wal files
[14:08:45,221][INFO][main][PartitionsEvictManager] Evict partition permits=2
[14:08:45,409][INFO][main][ClientListenerProcessor] Client connector processor has started on TCP port 10800
[14:08:45,449][INFO][main][GridTcpRestProtocol] Command protocol successfully started [name=TCP binary, host=0.0.0.0/0.0.0.0, port=11211]
[14:08:45,484][INFO][main][IgniteKernal] Non-loopback local IPs: 172.168.1.60, fe80:0:0:0:c537:4cc4:a945:74b5%wlp2s0
[14:08:45,484][INFO][main][IgniteKernal] Enabled local MACs: 1002B5D9B0B6
[14:08:45,515][INFO][main][TcpDiscoverySpi] Connection check threshold is calculated: 10000
[14:08:45,518][INFO][main][TcpDiscoverySpi] Successfully bound to TCP port [port=47500, localHost=0.0.0.0/0.0.0.0, locNodeId=6a4bdb58-d80c-4685-ac9a-b8c0044f25f2]
[14:08:46,765][INFO][disco-notifier-worker-#41][MvccProcessorImpl] Assigned mvcc coordinator [crd=MvccCoordinator [nodeId=6a4bdb58-d80c-4685-ac9a-b8c0044f25f2, crdVer=1576847326760, topVer=AffinityTopologyVersion [topVer=1, minorTopVer=0]], crdNode=TcpDiscoveryNode [id=6a4bdb58-d80c-4685-ac9a-b8c0044f25f2, addrs=[0:0:0:0:0:0:0:1%lo, 127.0.0.1, 172.168.1.60], sockAddrs=[/172.168.1.60:47500, /0:0:0:0:0:0:0:1%lo:47500, /127.0.0.1:47500], discPort=47500, order=1, intOrder=1, lastExchangeTime=1576847325512, loc=true, ver=2.7.6#20190911-sha1:21f7ca41, isClient=false]]
[14:08:46,789][INFO][exchange-worker-#43][time] Started exchange init [topVer=AffinityTopologyVersion [topVer=1, minorTopVer=0], mvccCrd=MvccCoordinator [nodeId=6a4bdb58-d80c-4685-ac9a-b8c0044f25f2, crdVer=1576847326760, topVer=AffinityTopologyVersion [topVer=1, minorTopVer=0]], mvccCrdChange=true, crd=true, evt=NODE_JOINED, evtNode=6a4bdb58-d80c-4685-ac9a-b8c0044f25f2, customEvt=null, allowMerge=false]
[14:08:46,804][INFO][exchange-worker-#43][msg] Components activation performed in 14 ms.
[14:08:46,893][INFO][exchange-worker-#43][GridCacheProcessor] Started cache [name=ignite-sys-cache, id=-2100569601, memoryPolicyName=sysMemPlc, mode=REPLICATED, atomicity=TRANSACTIONAL, backups=2147483647, mvcc=false], encryptionEnabled=false]
[14:08:46,894][INFO][exchange-worker-#43][GridCacheProcessor] Starting caches on local join performed in 90 ms.
[14:08:46,900][INFO][exchange-worker-#43][GridDhtPartitionsExchangeFuture] Skipped waiting for partitions release future (local node is joining) [topVer=AffinityTopologyVersion [topVer=1, minorTopVer=0]]
[14:08:46,942][INFO][exchange-worker-#43][GridDhtPartitionsExchangeFuture] finishExchangeOnCoordinator [topVer=AffinityTopologyVersion [topVer=1, minorTopVer=0], resVer=AffinityTopologyVersion [topVer=1, minorTopVer=0]]
[14:08:46,943][INFO][exchange-worker-#43][GridDhtPartitionsExchangeFuture] Affinity changes (coordinator) applied in 0 ms.
[14:08:46,946][INFO][exchange-worker-#43][GridDhtPartitionsExchangeFuture] Partitions validation performed in 3 ms.
[14:08:46,947][INFO][exchange-worker-#43][GridDhtPartitionsExchangeFuture] Partitions assignment performed in 1 ms.
[14:08:46,959][INFO][exchange-worker-#43][GridDhtPartitionsExchangeFuture] Preparing Full Message performed in 12 ms.
[14:08:46,959][INFO][exchange-worker-#43][GridDhtPartitionsExchangeFuture] Sending Full Message to all nodes performed in 0 ms.
[14:08:46,959][INFO][exchange-worker-#43][GridDhtPartitionsExchangeFuture] Finish exchange future [startVer=AffinityTopologyVersion [topVer=1, minorTopVer=0], resVer=AffinityTopologyVersion [topVer=1, minorTopVer=0], err=null]
[14:08:46,960][INFO][exchange-worker-#43][GridDhtPartitionsExchangeFuture] Detecting lost partitions performed in 1 ms.
[14:08:46,961][INFO][exchange-worker-#43][MvccProcessorImpl] Initialize local node as mvcc coordinator [node=6a4bdb58-d80c-4685-ac9a-b8c0044f25f2, crdVer=1576847326760]
[14:08:46,967][INFO][exchange-worker-#43][GridCacheProcessor] Finish proxy initialization, cacheName=ignite-sys-cache, localNodeId=6a4bdb58-d80c-4685-ac9a-b8c0044f25f2
[14:08:46,967][INFO][exchange-worker-#43][GridDhtPartitionsExchangeFuture] Completed partition exchange [localNode=6a4bdb58-d80c-4685-ac9a-b8c0044f25f2, exchange=GridDhtPartitionsExchangeFuture [topVer=AffinityTopologyVersion [topVer=1, minorTopVer=0], evt=NODE_JOINED, evtNode=TcpDiscoveryNode [id=6a4bdb58-d80c-4685-ac9a-b8c0044f25f2, addrs=[0:0:0:0:0:0:0:1%lo, 127.0.0.1, 172.168.1.60], sockAddrs=[/172.168.1.60:47500, /0:0:0:0:0:0:0:1%lo:47500, /127.0.0.1:47500], discPort=47500, order=1, intOrder=1, lastExchangeTime=1576847325512, loc=true, ver=2.7.6#20190911-sha1:21f7ca41, isClient=false], done=true], topVer=AffinityTopologyVersion [topVer=1, minorTopVer=0], durationFromInit=182]
[14:08:46,968][INFO][exchange-worker-#43][time] Finished exchange init [topVer=AffinityTopologyVersion [topVer=1, minorTopVer=0], crd=true]
[14:08:46,972][INFO][exchange-worker-#43][GridCachePartitionExchangeManager] Skipping rebalancing (nothing scheduled) [top=AffinityTopologyVersion [topVer=1, minorTopVer=0], force=false, evt=NODE_JOINED, node=6a4bdb58-d80c-4685-ac9a-b8c0044f25f2]
[14:08:47,025][INFO][main][IgniteKernal] Performance suggestions for grid  (fix if possible)
[14:08:47,025][INFO][main][IgniteKernal] To disable, set -DIGNITE_PERFORMANCE_SUGGESTIONS_DISABLED=true
[14:08:47,025][INFO][main][IgniteKernal]   ^-- Disable grid events (remove 'includeEventTypes' from configuration)
[14:08:47,025][INFO][main][IgniteKernal]   ^-- Enable G1 Garbage Collector (add '-XX:+UseG1GC' to JVM options)
[14:08:47,025][INFO][main][IgniteKernal]   ^-- Specify JVM heap max size (add '-Xmx<size>[g|G|m|M|k|K]' to JVM options)
[14:08:47,025][INFO][main][IgniteKernal]   ^-- Set max direct memory size if getting 'OOME: Direct buffer memory' (add '-XX:MaxDirectMemorySize=<size>[g|G|m|M|k|K]' to JVM options)
[14:08:47,026][INFO][main][IgniteKernal]   ^-- Disable processing of calls to System.gc() (add '-XX:+DisableExplicitGC' to JVM options)
[14:08:47,026][INFO][main][IgniteKernal] Refer to this page for more performance suggestions: https://apacheignite.readme.io/docs/jvm-and-system-tuning
[14:08:47,026][INFO][main][IgniteKernal] 
[14:08:47,026][INFO][main][IgniteKernal] To start Console Management & Monitoring run ignitevisorcmd.{sh|bat}
[14:08:47,029][INFO][main][IgniteKernal] Data Regions Configured:
[14:08:47,030][INFO][main][IgniteKernal]   ^-- default [initSize=256.0 MiB, maxSize=3.1 GiB, persistence=false]
[14:08:47,030][INFO][main][IgniteKernal] 

>>> +----------------------------------------------------------------------+
>>> Ignite ver. 2.7.6#20190911-sha1:21f7ca41c4348909e2fd26ccf59b5b2ce1f4474e
>>> +----------------------------------------------------------------------+
>>> OS name: Linux 4.15.0-72-generic amd64
>>> CPU(s): 4
>>> Heap: 3.5GB
>>> VM name: 16223@eis-seoul
>>> Local node [ID=6A4BDB58-D80C-4685-AC9A-B8C0044F25F2, order=1, clientMode=false]
>>> Local node addresses: [172.168.1.60/0:0:0:0:0:0:0:1%lo, /127.0.0.1, /172.168.1.60]
>>> Local ports: TCP:10800 TCP:11211 TCP:47100 UDP:47400 TCP:47500 

[14:08:47,032][INFO][main][GridDiscoveryManager] Topology snapshot [ver=1, locNode=6a4bdb58, servers=1, clients=0, state=ACTIVE, CPUs=4, offheap=3.1GB, heap=3.5GB]
[14:08:47,106][INFO][exchange-worker-#43][time] Started exchange init [topVer=AffinityTopologyVersion [topVer=1, minorTopVer=1], mvccCrd=MvccCoordinator [nodeId=6a4bdb58-d80c-4685-ac9a-b8c0044f25f2, crdVer=1576847326760, topVer=AffinityTopologyVersion [topVer=1, minorTopVer=0]], mvccCrdChange=false, crd=true, evt=DISCOVERY_CUSTOM_EVT, evtNode=6a4bdb58-d80c-4685-ac9a-b8c0044f25f2, customEvt=DynamicCacheChangeBatch [id=2f3bc632f61-2f61e960-13df-47a1-82e5-b37af1e784cd, reqs=[DynamicCacheChangeRequest [cacheName=ignatio$, hasCfg=true, nodeId=6a4bdb58-d80c-4685-ac9a-b8c0044f25f2, clientStartOnly=false, stop=false, destroy=false, disabledAfterStartfalse]], exchangeActions=ExchangeActions [startCaches=[ignatio$], stopCaches=null, startGrps=[ignatio$], stopGrps=[], resetParts=null, stateChangeRequest=null], startCaches=false], allowMerge=false]
[14:08:47,107][INFO][exchange-worker-#43][CacheAffinitySharedManager] Updating caches registry performed in 1 ms.
[14:08:47,181][INFO][exchange-worker-#43][GridCacheProcessor] Started cache [name=ignatio$, id=-1522561637, memoryPolicyName=default, mode=PARTITIONED, atomicity=ATOMIC, backups=0, mvcc=false], encryptionEnabled=false]
[14:08:47,229][INFO][exchange-worker-#43][CacheAffinitySharedManager] Caches starting performed in 121 ms.
[14:08:47,231][INFO][exchange-worker-#43][CacheAffinitySharedManager] Affinity initialization for started caches performed in 2 ms.
[14:08:47,237][INFO][exchange-worker-#43][GridDhtPartitionsExchangeFuture] Finished waiting for partition release future [topVer=AffinityTopologyVersion [topVer=1, minorTopVer=1], waitTime=0ms, futInfo=NA, mode=DISTRIBUTED]
[14:08:47,242][INFO][exchange-worker-#43][GridDhtPartitionsExchangeFuture] Finished waiting for partitions release latch: ServerLatch [permits=0, pendingAcks=[], super=CompletableLatch [id=exchange, topVer=AffinityTopologyVersion [topVer=1, minorTopVer=1]]]
[14:08:47,242][INFO][exchange-worker-#43][GridDhtPartitionsExchangeFuture] Finished waiting for partition release future [topVer=AffinityTopologyVersion [topVer=1, minorTopVer=1], waitTime=0ms, futInfo=NA, mode=LOCAL]
[14:08:47,323][INFO][exchange-worker-#43][GridDhtPartitionsExchangeFuture] finishExchangeOnCoordinator [topVer=AffinityTopologyVersion [topVer=1, minorTopVer=1], resVer=AffinityTopologyVersion [topVer=1, minorTopVer=1]]
[14:08:47,323][INFO][exchange-worker-#43][GridDhtPartitionsExchangeFuture] Affinity changes (coordinator) applied in 0 ms.
[14:08:47,325][INFO][exchange-worker-#43][GridDhtPartitionsExchangeFuture] Partitions validation performed in 2 ms.
[14:08:47,326][INFO][exchange-worker-#43][GridDhtPartitionsExchangeFuture] Partitions assignment performed in 0 ms.
[14:08:47,340][INFO][exchange-worker-#43][GridDhtPartitionsExchangeFuture] Preparing Full Message performed in 12 ms.
[14:08:47,340][INFO][exchange-worker-#43][GridDhtPartitionsExchangeFuture] Sending Full Message to all nodes performed in 0 ms.
[14:08:47,340][INFO][exchange-worker-#43][GridDhtPartitionsExchangeFuture] Finish exchange future [startVer=AffinityTopologyVersion [topVer=1, minorTopVer=1], resVer=AffinityTopologyVersion [topVer=1, minorTopVer=1], err=null]
[14:08:47,345][INFO][exchange-worker-#43][GridCacheProcessor] Finish proxy initialization, cacheName=ignatio$, localNodeId=6a4bdb58-d80c-4685-ac9a-b8c0044f25f2
[14:08:47,346][INFO][exchange-worker-#43][GridDhtPartitionsExchangeFuture] Completed partition exchange [localNode=6a4bdb58-d80c-4685-ac9a-b8c0044f25f2, exchange=GridDhtPartitionsExchangeFuture [topVer=AffinityTopologyVersion [topVer=1, minorTopVer=1], evt=DISCOVERY_CUSTOM_EVT, evtNode=TcpDiscoveryNode [id=6a4bdb58-d80c-4685-ac9a-b8c0044f25f2, addrs=[0:0:0:0:0:0:0:1%lo, 127.0.0.1, 172.168.1.60], sockAddrs=[/172.168.1.60:47500, /0:0:0:0:0:0:0:1%lo:47500, /127.0.0.1:47500], discPort=47500, order=1, intOrder=1, lastExchangeTime=1576847325512, loc=true, ver=2.7.6#20190911-sha1:21f7ca41, isClient=false], done=true], topVer=AffinityTopologyVersion [topVer=1, minorTopVer=1], durationFromInit=235]
[14:08:47,346][INFO][exchange-worker-#43][time] Finished exchange init [topVer=AffinityTopologyVersion [topVer=1, minorTopVer=1], crd=true]
[14:08:47,350][INFO][exchange-worker-#43][GridCachePartitionExchangeManager] Skipping rebalancing (nothing scheduled) [top=AffinityTopologyVersion [topVer=1, minorTopVer=1], force=false, evt=DISCOVERY_CUSTOM_EVT, node=6a4bdb58-d80c-4685-ac9a-b8c0044f25f2]
[14:08:47,495][INFO][exchange-worker-#43][time] Started exchange init [topVer=AffinityTopologyVersion [topVer=1, minorTopVer=2], mvccCrd=MvccCoordinator [nodeId=6a4bdb58-d80c-4685-ac9a-b8c0044f25f2, crdVer=1576847326760, topVer=AffinityTopologyVersion [topVer=1, minorTopVer=0]], mvccCrdChange=false, crd=true, evt=DISCOVERY_CUSTOM_EVT, evtNode=6a4bdb58-d80c-4685-ac9a-b8c0044f25f2, customEvt=DynamicCacheChangeBatch [id=634bc632f61-2f61e960-13df-47a1-82e5-b37af1e784cd, reqs=[DynamicCacheChangeRequest [cacheName=ignatio$, hasCfg=false, nodeId=6a4bdb58-d80c-4685-ac9a-b8c0044f25f2, clientStartOnly=false, stop=true, destroy=false, disabledAfterStartfalse]], exchangeActions=ExchangeActions [startCaches=null, stopCaches=[ignatio$], startGrps=[], stopGrps=[ignatio$, destroy=true], resetParts=null, stateChangeRequest=null], startCaches=false], allowMerge=false]
[14:08:47,495][INFO][exchange-worker-#43][CacheAffinitySharedManager] Updating caches registry performed in 0 ms.
[14:08:47,495][INFO][exchange-worker-#43][CacheAffinitySharedManager] Caches starting performed in 0 ms.
[14:08:47,495][INFO][exchange-worker-#43][CacheAffinitySharedManager] Affinity initialization for started caches performed in 0 ms.
[14:08:47,496][INFO][exchange-worker-#43][GridDhtPartitionsExchangeFuture] Finished waiting for partition release future [topVer=AffinityTopologyVersion [topVer=1, minorTopVer=2], waitTime=0ms, futInfo=NA, mode=DISTRIBUTED]
[14:08:47,496][INFO][exchange-worker-#43][GridDhtPartitionsExchangeFuture] Finished waiting for partitions release latch: ServerLatch [permits=0, pendingAcks=[], super=CompletableLatch [id=exchange, topVer=AffinityTopologyVersion [topVer=1, minorTopVer=2]]]
[14:08:47,496][INFO][exchange-worker-#43][GridDhtPartitionsExchangeFuture] Finished waiting for partition release future [topVer=AffinityTopologyVersion [topVer=1, minorTopVer=2], waitTime=0ms, futInfo=NA, mode=LOCAL]
[14:08:47,497][INFO][exchange-worker-#43][GridDhtPartitionsExchangeFuture] finishExchangeOnCoordinator [topVer=AffinityTopologyVersion [topVer=1, minorTopVer=2], resVer=AffinityTopologyVersion [topVer=1, minorTopVer=2]]
[14:08:47,497][INFO][exchange-worker-#43][GridDhtPartitionsExchangeFuture] Affinity changes (coordinator) applied in 0 ms.
[14:08:47,497][INFO][exchange-worker-#43][GridDhtPartitionsExchangeFuture] Partitions validation performed in 0 ms.
[14:08:47,497][INFO][exchange-worker-#43][GridDhtPartitionsExchangeFuture] Partitions assignment performed in 0 ms.
[14:08:47,501][INFO][exchange-worker-#43][GridDhtPartitionsExchangeFuture] Preparing Full Message performed in 4 ms.
[14:08:47,501][INFO][exchange-worker-#43][GridDhtPartitionsExchangeFuture] Sending Full Message to all nodes performed in 0 ms.
[14:08:47,501][INFO][exchange-worker-#43][GridDhtPartitionsExchangeFuture] Finish exchange future [startVer=AffinityTopologyVersion [topVer=1, minorTopVer=2], resVer=AffinityTopologyVersion [topVer=1, minorTopVer=2], err=null]
[14:08:47,508][INFO][exchange-worker-#43][GridCacheProcessor] Stopped cache [cacheName=ignatio$]
[14:08:47,525][INFO][main][GridTcpRestProtocol] Command protocol successfully stopped: TCP binary
[14:08:47,526][INFO][exchange-worker-#43][GridDhtPartitionsExchangeFuture] Completed partition exchange [localNode=6a4bdb58-d80c-4685-ac9a-b8c0044f25f2, exchange=GridDhtPartitionsExchangeFuture [topVer=AffinityTopologyVersion [topVer=1, minorTopVer=2], evt=DISCOVERY_CUSTOM_EVT, evtNode=TcpDiscoveryNode [id=6a4bdb58-d80c-4685-ac9a-b8c0044f25f2, addrs=[0:0:0:0:0:0:0:1%lo, 127.0.0.1, 172.168.1.60], sockAddrs=[/172.168.1.60:47500, /0:0:0:0:0:0:0:1%lo:47500, /127.0.0.1:47500], discPort=47500, order=1, intOrder=1, lastExchangeTime=1576847325512, loc=true, ver=2.7.6#20190911-sha1:21f7ca41, isClient=false], done=true], topVer=AffinityTopologyVersion [topVer=1, minorTopVer=2], durationFromInit=30]
[14:08:47,527][INFO][exchange-worker-#43][time] Finished exchange init [topVer=AffinityTopologyVersion [topVer=1, minorTopVer=2], crd=true]
[14:08:47,527][INFO][exchange-worker-#43][GridCachePartitionExchangeManager] Skipping rebalancing (nothing scheduled) [top=AffinityTopologyVersion [topVer=1, minorTopVer=2], force=false, evt=DISCOVERY_CUSTOM_EVT, node=6a4bdb58-d80c-4685-ac9a-b8c0044f25f2]
[14:08:47,534][INFO][main][GridCacheProcessor] Stopped cache [cacheName=ignite-sys-cache]
[14:08:47,539][INFO][main][GridDeploymentLocalStore] Removed undeployed class: GridDeployment [ts=1576847327104, depMode=SHARED, clsLdr=sun.misc.Launcher$AppClassLoader@4e0e2f2a, clsLdrId=5f3bc632f61-6a4bdb58-d80c-4685-ac9a-b8c0044f25f2, userVer=0, loc=true, sampleClsName=org.apache.ignite.internal.processors.service.GridServiceProcessor$ServiceDeploymentPredicate, pendingUndeploy=false, undeployed=true, usage=0]
[14:08:47,542][INFO][main][IgniteKernal] 

>>> +---------------------------------------------------------------------------------+
>>> Ignite ver. 2.7.6#20190911-sha1:21f7ca41c4348909e2fd26ccf59b5b2ce1f4474e stopped OK
>>> +---------------------------------------------------------------------------------+
>>> Grid uptime: 00:00:00.517


