[11:50:02,316][WARNING][main][G] Ignite work directory is not provided, automatically resolved to: /home/xshaini/apache-ignite-2.7.5-bin/work
[11:50:02,573][INFO][main][IgniteKernal] 

>>>    __________  ________________  
>>>   /  _/ ___/ |/ /  _/_  __/ __/  
>>>  _/ // (7 7    // /  / / / _/    
>>> /___/\___/_/|_/___/ /_/ /___/   
>>> 
>>> ver. 2.7.6#20190911-sha1:21f7ca41
>>> 2019 Copyright(C) Apache Software Foundation
>>> 
>>> Ignite documentation: http://ignite.apache.org

[11:50:02,584][INFO][main][IgniteKernal] Config URL: file:/home/xshaini/apache-ignite-2.7.5-bin/examples/config/example-ignite.xml
[11:50:02,606][INFO][main][IgniteKernal] IgniteConfiguration [igniteInstanceName=null, pubPoolSize=8, svcPoolSize=8, callbackPoolSize=8, stripedPoolSize=8, sysPoolSize=8, mgmtPoolSize=4, igfsPoolSize=4, dataStreamerPoolSize=8, utilityCachePoolSize=8, utilityCacheKeepAliveTime=60000, p2pPoolSize=2, qryPoolSize=8, igniteHome=/home/xshaini/apache-ignite-2.7.5-bin, igniteWorkDir=/home/xshaini/apache-ignite-2.7.5-bin/work, mbeanSrv=com.sun.jmx.mbeanserver.JmxMBeanServer@501edcf1, nodeId=a5ee7e58-0a4b-4a85-a490-e2d26da7f35e, marsh=BinaryMarshaller [], marshLocJobs=false, daemon=false, p2pEnabled=true, netTimeout=5000, sndRetryDelay=1000, sndRetryCnt=3, metricsHistSize=10000, metricsUpdateFreq=2000, metricsExpTime=9223372036854775807, discoSpi=TcpDiscoverySpi [addrRslvr=null, sockTimeout=0, ackTimeout=0, marsh=null, reconCnt=10, reconDelay=2000, maxAckTimeout=600000, forceSrvMode=false, clientReconnectDisabled=false, internalLsnr=null], segPlc=STOP, segResolveAttempts=2, waitForSegOnStart=true, allResolversPassReq=true, segChkFreq=10000, commSpi=TcpCommunicationSpi [connectGate=null, connPlc=org.apache.ignite.spi.communication.tcp.TcpCommunicationSpi$FirstConnectionPolicy@682b2fa, enableForcibleNodeKill=false, enableTroubleshootingLog=false, locAddr=null, locHost=null, locPort=47100, locPortRange=100, shmemPort=-1, directBuf=true, directSndBuf=false, idleConnTimeout=600000, connTimeout=5000, maxConnTimeout=600000, reconCnt=10, sockSndBuf=32768, sockRcvBuf=32768, msgQueueLimit=0, slowClientQueueLimit=0, nioSrvr=null, shmemSrv=null, usePairedConnections=false, connectionsPerNode=1, tcpNoDelay=true, filterReachableAddresses=false, ackSndThreshold=32, unackedMsgsBufSize=0, sockWriteTimeout=2000, boundTcpPort=-1, boundTcpShmemPort=-1, selectorsCnt=4, selectorSpins=0, addrRslvr=null, ctxInitLatch=java.util.concurrent.CountDownLatch@217ed35e[Count = 1], stopping=false], evtSpi=org.apache.ignite.spi.eventstorage.NoopEventStorageSpi@7dcf94f8, colSpi=NoopCollisionSpi [], deploySpi=LocalDeploymentSpi [], indexingSpi=org.apache.ignite.spi.indexing.noop.NoopIndexingSpi@3eb25e1a, addrRslvr=null, encryptionSpi=org.apache.ignite.spi.encryption.noop.NoopEncryptionSpi@477b4cdf, clientMode=false, rebalanceThreadPoolSize=1, txCfg=TransactionConfiguration [txSerEnabled=false, dfltIsolation=REPEATABLE_READ, dfltConcurrency=PESSIMISTIC, dfltTxTimeout=0, txTimeoutOnPartitionMapExchange=0, pessimisticTxLogSize=0, pessimisticTxLogLinger=10000, tmLookupClsName=null, txManagerFactory=null, useJtaSync=false], cacheSanityCheckEnabled=true, discoStartupDelay=60000, deployMode=SHARED, p2pMissedCacheSize=100, locHost=null, timeSrvPortBase=31100, timeSrvPortRange=100, failureDetectionTimeout=10000, sysWorkerBlockedTimeout=null, clientFailureDetectionTimeout=30000, metricsLogFreq=60000, hadoopCfg=null, connectorCfg=ConnectorConfiguration [jettyPath=null, host=null, port=11211, noDelay=true, directBuf=false, sndBufSize=32768, rcvBufSize=32768, idleQryCurTimeout=600000, idleQryCurCheckFreq=60000, sndQueueLimit=0, selectorCnt=4, idleTimeout=7000, sslEnabled=false, sslClientAuth=false, sslCtxFactory=null, sslFactory=null, portRange=100, threadPoolSize=8, msgInterceptor=null], odbcCfg=null, warmupClos=null, atomicCfg=AtomicConfiguration [seqReserveSize=1000, cacheMode=PARTITIONED, backups=1, aff=null, grpName=null], classLdr=null, sslCtxFactory=null, platformCfg=null, binaryCfg=null, memCfg=null, pstCfg=null, dsCfg=DataStorageConfiguration [sysRegionInitSize=41943040, sysRegionMaxSize=104857600, pageSize=0, concLvl=0, dfltDataRegConf=DataRegionConfiguration [name=default, maxSize=3334422528, initSize=268435456, swapPath=null, pageEvictionMode=DISABLED, evictionThreshold=0.9, emptyPagesPoolSize=100, metricsEnabled=false, metricsSubIntervalCount=5, metricsRateTimeInterval=60000, persistenceEnabled=false, checkpointPageBufSize=0], dataRegions=null, storagePath=null, checkpointFreq=180000, lockWaitTime=10000, checkpointThreads=4, checkpointWriteOrder=SEQUENTIAL, walHistSize=20, maxWalArchiveSize=1073741824, walSegments=10, walSegmentSize=67108864, walPath=db/wal, walArchivePath=db/wal/archive, metricsEnabled=false, walMode=LOG_ONLY, walTlbSize=131072, walBuffSize=0, walFlushFreq=2000, walFsyncDelay=1000, walRecordIterBuffSize=67108864, alwaysWriteFullPages=false, fileIOFactory=org.apache.ignite.internal.processors.cache.persistence.file.AsyncFileIOFactory@3b0090a4, metricsSubIntervalCnt=5, metricsRateTimeInterval=60000, walAutoArchiveAfterInactivity=-1, writeThrottlingEnabled=false, walCompactionEnabled=false, walCompactionLevel=1, checkpointReadLockTimeout=null], activeOnStart=true, autoActivation=true, longQryWarnTimeout=3000, sqlConnCfg=null, cliConnCfg=ClientConnectorConfiguration [host=null, port=10800, portRange=100, sockSndBufSize=0, sockRcvBufSize=0, tcpNoDelay=true, maxOpenCursorsPerConn=128, threadPoolSize=8, idleTimeout=0, jdbcEnabled=true, odbcEnabled=true, thinCliEnabled=true, sslEnabled=false, useIgniteSslCtxFactory=true, sslClientAuth=false, sslCtxFactory=null], mvccVacuumThreadCnt=2, mvccVacuumFreq=5000, authEnabled=false, failureHnd=null, commFailureRslvr=null]
[11:50:02,607][INFO][main][IgniteKernal] Daemon mode: off
[11:50:02,607][INFO][main][IgniteKernal] OS: Linux 4.15.0-88-generic amd64
[11:50:02,607][INFO][main][IgniteKernal] OS user: xshaini
[11:50:02,608][INFO][main][IgniteKernal] PID: 30511
[11:50:02,609][INFO][main][IgniteKernal] Language runtime: Scala ver. 2.11.11
[11:50:02,609][INFO][main][IgniteKernal] VM information: Java(TM) SE Runtime Environment 1.8.0_211-b12 Oracle Corporation Java HotSpot(TM) 64-Bit Server VM 25.211-b12
[11:50:02,611][INFO][main][IgniteKernal] VM total memory: 3.5GB
[11:50:02,611][INFO][main][IgniteKernal] Remote Management [restart: off, REST: on, JMX (remote: off)]
[11:50:02,611][INFO][main][IgniteKernal] Logger: JavaLogger [quiet=true, config=null]
[11:50:02,611][INFO][main][IgniteKernal] IGNITE_HOME=/home/xshaini/apache-ignite-2.7.5-bin
[11:50:02,612][INFO][main][IgniteKernal] VM arguments: [-Dfile.encoding=UTF-8, -Xbootclasspath/p:/home/xshaini/scala-SDK-4.7.0/eclipse/plugins/org.scala-ide.scala211.jars_4.7.0.201709291351/target/jars/scala-library.jar:/home/xshaini/scala-SDK-4.7.0/eclipse/plugins/org.scala-ide.scala211.jars_4.7.0.201709291351/target/jars/scala-reflect.jar]
[11:50:02,612][INFO][main][IgniteKernal] System cache's DataRegion size is configured to 40 MB. Use DataStorageConfiguration.systemRegionInitialSize property to change the setting.
[11:50:02,620][INFO][main][IgniteKernal] Configured caches [in 'sysMemPlc' dataRegion: ['ignite-sys-cache']]
[11:50:02,621][WARNING][main][IgniteKernal] Peer class loading is enabled (disable it in production for performance and deployment consistency reasons)
[11:50:02,621][WARNING][main][IgniteKernal] Please set system property '-Djava.net.preferIPv4Stack=true' to avoid possible problems in mixed environments.
[11:50:02,626][INFO][main][IgniteKernal] 3-rd party licenses can be found at: /home/xshaini/apache-ignite-2.7.5-bin/libs/licenses
[11:50:02,628][WARNING][pub-#22][GridDiagnostic] Initial heap size is 250MB (should be no less than 512MB, use -Xms512m -Xmx512m).
[11:50:02,727][INFO][main][IgnitePluginProcessor] Configured plugins:
[11:50:02,727][INFO][main][IgnitePluginProcessor]   ^-- None
[11:50:02,728][INFO][main][IgnitePluginProcessor] 
[11:50:02,730][INFO][main][FailureProcessor] Configured failure handler: [hnd=StopNodeOrHaltFailureHandler [tryStop=false, timeout=0, super=AbstractFailureHandler [ignoredFailureTypes=[SYSTEM_WORKER_BLOCKED, SYSTEM_CRITICAL_OPERATION_TIMEOUT]]]]
[11:50:02,797][INFO][main][TcpCommunicationSpi] Successfully bound communication NIO server to TCP port [port=47100, locHost=0.0.0.0/0.0.0.0, selectorsCnt=4, selectorSpins=0, pairedConn=false]
[11:50:02,804][WARNING][main][TcpCommunicationSpi] Message queue limit is set to 0 which may lead to potential OOMEs when running cache operations in FULL_ASYNC or PRIMARY_SYNC modes due to message queues growth on sender and receiver sides.
[11:50:02,832][WARNING][main][NoopCheckpointSpi] Checkpoints are disabled (to enable configure any GridCheckpointSpi implementation)
[11:50:02,863][WARNING][main][GridCollisionManager] Collision resolution is disabled (all jobs will be activated upon arrival).
[11:50:02,876][INFO][main][IgniteKernal] Security status [authentication=off, tls/ssl=off]
[11:50:03,242][WARNING][main][IgniteCacheDatabaseSharedManager] DataRegionConfiguration.maxWalArchiveSize instead DataRegionConfiguration.walHistorySize would be used for removing old archive wal files
[11:50:03,267][INFO][main][PartitionsEvictManager] Evict partition permits=2
[11:50:03,575][INFO][main][ClientListenerProcessor] Client connector processor has started on TCP port 10800
[11:50:03,634][INFO][main][GridTcpRestProtocol] Command protocol successfully started [name=TCP binary, host=0.0.0.0/0.0.0.0, port=11211]
[11:50:03,686][INFO][main][IgniteKernal] Non-loopback local IPs: 172.168.1.60, fe80:0:0:0:c537:4cc4:a945:74b5%wlp2s0
[11:50:03,686][INFO][main][IgniteKernal] Enabled local MACs: 1002B5D9B0B6
[11:50:03,736][INFO][main][TcpDiscoverySpi] Connection check threshold is calculated: 10000
[11:50:03,739][INFO][main][TcpDiscoverySpi] Successfully bound to TCP port [port=47500, localHost=0.0.0.0/0.0.0.0, locNodeId=a5ee7e58-0a4b-4a85-a490-e2d26da7f35e]
[11:50:04,994][INFO][disco-notifier-worker-#41][MvccProcessorImpl] Assigned mvcc coordinator [crd=MvccCoordinator [nodeId=a5ee7e58-0a4b-4a85-a490-e2d26da7f35e, crdVer=1583491804979, topVer=AffinityTopologyVersion [topVer=1, minorTopVer=0]], crdNode=TcpDiscoveryNode [id=a5ee7e58-0a4b-4a85-a490-e2d26da7f35e, addrs=[0:0:0:0:0:0:0:1%lo, 127.0.0.1, 172.168.1.60], sockAddrs=[/172.168.1.60:47500, /0:0:0:0:0:0:0:1%lo:47500, /127.0.0.1:47500], discPort=47500, order=1, intOrder=1, lastExchangeTime=1583491803730, loc=true, ver=2.7.6#20190911-sha1:21f7ca41, isClient=false]]
[11:50:05,040][INFO][exchange-worker-#43][time] Started exchange init [topVer=AffinityTopologyVersion [topVer=1, minorTopVer=0], mvccCrd=MvccCoordinator [nodeId=a5ee7e58-0a4b-4a85-a490-e2d26da7f35e, crdVer=1583491804979, topVer=AffinityTopologyVersion [topVer=1, minorTopVer=0]], mvccCrdChange=true, crd=true, evt=NODE_JOINED, evtNode=a5ee7e58-0a4b-4a85-a490-e2d26da7f35e, customEvt=null, allowMerge=false]
[11:50:05,061][INFO][exchange-worker-#43][msg] Components activation performed in 20 ms.
[11:50:05,186][INFO][exchange-worker-#43][GridCacheProcessor] Started cache [name=ignite-sys-cache, id=-2100569601, memoryPolicyName=sysMemPlc, mode=REPLICATED, atomicity=TRANSACTIONAL, backups=2147483647, mvcc=false], encryptionEnabled=false]
[11:50:05,186][INFO][exchange-worker-#43][GridCacheProcessor] Starting caches on local join performed in 125 ms.
[11:50:05,196][INFO][exchange-worker-#43][GridDhtPartitionsExchangeFuture] Skipped waiting for partitions release future (local node is joining) [topVer=AffinityTopologyVersion [topVer=1, minorTopVer=0]]
[11:50:05,268][INFO][exchange-worker-#43][GridDhtPartitionsExchangeFuture] finishExchangeOnCoordinator [topVer=AffinityTopologyVersion [topVer=1, minorTopVer=0], resVer=AffinityTopologyVersion [topVer=1, minorTopVer=0]]
[11:50:05,268][INFO][exchange-worker-#43][GridDhtPartitionsExchangeFuture] Affinity changes (coordinator) applied in 0 ms.
[11:50:05,273][INFO][exchange-worker-#43][GridDhtPartitionsExchangeFuture] Partitions validation performed in 5 ms.
[11:50:05,274][INFO][exchange-worker-#43][GridDhtPartitionsExchangeFuture] Partitions assignment performed in 0 ms.
[11:50:05,289][INFO][exchange-worker-#43][GridDhtPartitionsExchangeFuture] Preparing Full Message performed in 14 ms.
[11:50:05,289][INFO][exchange-worker-#43][GridDhtPartitionsExchangeFuture] Sending Full Message to all nodes performed in 0 ms.
[11:50:05,290][INFO][exchange-worker-#43][GridDhtPartitionsExchangeFuture] Finish exchange future [startVer=AffinityTopologyVersion [topVer=1, minorTopVer=0], resVer=AffinityTopologyVersion [topVer=1, minorTopVer=0], err=null]
[11:50:05,290][INFO][exchange-worker-#43][GridDhtPartitionsExchangeFuture] Detecting lost partitions performed in 0 ms.
[11:50:05,291][INFO][exchange-worker-#43][MvccProcessorImpl] Initialize local node as mvcc coordinator [node=a5ee7e58-0a4b-4a85-a490-e2d26da7f35e, crdVer=1583491804979]
[11:50:05,301][INFO][exchange-worker-#43][GridCacheProcessor] Finish proxy initialization, cacheName=ignite-sys-cache, localNodeId=a5ee7e58-0a4b-4a85-a490-e2d26da7f35e
[11:50:05,302][INFO][exchange-worker-#43][GridDhtPartitionsExchangeFuture] Completed partition exchange [localNode=a5ee7e58-0a4b-4a85-a490-e2d26da7f35e, exchange=GridDhtPartitionsExchangeFuture [topVer=AffinityTopologyVersion [topVer=1, minorTopVer=0], evt=NODE_JOINED, evtNode=TcpDiscoveryNode [id=a5ee7e58-0a4b-4a85-a490-e2d26da7f35e, addrs=[0:0:0:0:0:0:0:1%lo, 127.0.0.1, 172.168.1.60], sockAddrs=[/172.168.1.60:47500, /0:0:0:0:0:0:0:1%lo:47500, /127.0.0.1:47500], discPort=47500, order=1, intOrder=1, lastExchangeTime=1583491803730, loc=true, ver=2.7.6#20190911-sha1:21f7ca41, isClient=false], done=true], topVer=AffinityTopologyVersion [topVer=1, minorTopVer=0], durationFromInit=268]
[11:50:05,302][INFO][exchange-worker-#43][time] Finished exchange init [topVer=AffinityTopologyVersion [topVer=1, minorTopVer=0], crd=true]
[11:50:05,309][INFO][exchange-worker-#43][GridCachePartitionExchangeManager] Skipping rebalancing (nothing scheduled) [top=AffinityTopologyVersion [topVer=1, minorTopVer=0], force=false, evt=NODE_JOINED, node=a5ee7e58-0a4b-4a85-a490-e2d26da7f35e]
[11:50:05,419][INFO][main][IgniteKernal] Performance suggestions for grid  (fix if possible)
[11:50:05,419][INFO][main][IgniteKernal] To disable, set -DIGNITE_PERFORMANCE_SUGGESTIONS_DISABLED=true
[11:50:05,419][INFO][main][IgniteKernal]   ^-- Disable grid events (remove 'includeEventTypes' from configuration)
[11:50:05,420][INFO][main][IgniteKernal]   ^-- Enable G1 Garbage Collector (add '-XX:+UseG1GC' to JVM options)
[11:50:05,420][INFO][main][IgniteKernal]   ^-- Specify JVM heap max size (add '-Xmx<size>[g|G|m|M|k|K]' to JVM options)
[11:50:05,420][INFO][main][IgniteKernal]   ^-- Set max direct memory size if getting 'OOME: Direct buffer memory' (add '-XX:MaxDirectMemorySize=<size>[g|G|m|M|k|K]' to JVM options)
[11:50:05,421][INFO][main][IgniteKernal]   ^-- Disable processing of calls to System.gc() (add '-XX:+DisableExplicitGC' to JVM options)
[11:50:05,422][INFO][main][IgniteKernal] Refer to this page for more performance suggestions: https://apacheignite.readme.io/docs/jvm-and-system-tuning
[11:50:05,423][INFO][main][IgniteKernal] 
[11:50:05,423][INFO][main][IgniteKernal] To start Console Management & Monitoring run ignitevisorcmd.{sh|bat}
[11:50:05,427][INFO][main][IgniteKernal] Data Regions Configured:
[11:50:05,427][INFO][main][IgniteKernal]   ^-- default [initSize=256.0 MiB, maxSize=3.1 GiB, persistence=false]
[11:50:05,428][INFO][main][IgniteKernal] 

>>> +----------------------------------------------------------------------+
>>> Ignite ver. 2.7.6#20190911-sha1:21f7ca41c4348909e2fd26ccf59b5b2ce1f4474e
>>> +----------------------------------------------------------------------+
>>> OS name: Linux 4.15.0-88-generic amd64
>>> CPU(s): 4
>>> Heap: 3.5GB
>>> VM name: 30511@eis-seoul
>>> Local node [ID=A5EE7E58-0A4B-4A85-A490-E2D26DA7F35E, order=1, clientMode=false]
>>> Local node addresses: [172.168.1.60/0:0:0:0:0:0:0:1%lo, /127.0.0.1, /172.168.1.60]
>>> Local ports: TCP:10800 TCP:11211 TCP:47100 UDP:47400 TCP:47500 

[11:50:05,430][INFO][main][GridDiscoveryManager] Topology snapshot [ver=1, locNode=a5ee7e58, servers=1, clients=0, state=ACTIVE, CPUs=4, offheap=3.1GB, heap=3.5GB]
[11:50:05,509][INFO][exchange-worker-#43][time] Started exchange init [topVer=AffinityTopologyVersion [topVer=1, minorTopVer=1], mvccCrd=MvccCoordinator [nodeId=a5ee7e58-0a4b-4a85-a490-e2d26da7f35e, crdVer=1583491804979, topVer=AffinityTopologyVersion [topVer=1, minorTopVer=0]], mvccCrdChange=false, crd=true, evt=DISCOVERY_CUSTOM_EVT, evtNode=a5ee7e58-0a4b-4a85-a490-e2d26da7f35e, customEvt=DynamicCacheChangeBatch [id=d71677fa071-a5b90ac6-67fe-49ad-9aeb-f7b0519135cd, reqs=[DynamicCacheChangeRequest [cacheName=Entity2IDcachee, hasCfg=true, nodeId=a5ee7e58-0a4b-4a85-a490-e2d26da7f35e, clientStartOnly=false, stop=false, destroy=false, disabledAfterStartfalse]], exchangeActions=ExchangeActions [startCaches=[Entity2IDcachee], stopCaches=null, startGrps=[Entity2IDcachee], stopGrps=[], resetParts=null, stateChangeRequest=null], startCaches=false], allowMerge=false]
[11:50:05,510][INFO][exchange-worker-#43][CacheAffinitySharedManager] Updating caches registry performed in 1 ms.
[11:50:05,678][INFO][exchange-worker-#43][GridCacheProcessor] Started cache [name=Entity2IDcachee, id=-1087112307, memoryPolicyName=default, mode=PARTITIONED, atomicity=ATOMIC, backups=0, mvcc=false], encryptionEnabled=false]
[11:50:05,681][INFO][exchange-worker-#43][CacheAffinitySharedManager] Caches starting performed in 171 ms.
[11:50:05,683][INFO][exchange-worker-#43][CacheAffinitySharedManager] Affinity initialization for started caches performed in 2 ms.
[11:50:05,693][INFO][exchange-worker-#43][GridDhtPartitionsExchangeFuture] Finished waiting for partition release future [topVer=AffinityTopologyVersion [topVer=1, minorTopVer=1], waitTime=0ms, futInfo=NA, mode=DISTRIBUTED]
[11:50:05,700][INFO][exchange-worker-#43][GridDhtPartitionsExchangeFuture] Finished waiting for partitions release latch: ServerLatch [permits=0, pendingAcks=[], super=CompletableLatch [id=exchange, topVer=AffinityTopologyVersion [topVer=1, minorTopVer=1]]]
[11:50:05,701][INFO][exchange-worker-#43][GridDhtPartitionsExchangeFuture] Finished waiting for partition release future [topVer=AffinityTopologyVersion [topVer=1, minorTopVer=1], waitTime=0ms, futInfo=NA, mode=LOCAL]
[11:50:05,806][INFO][exchange-worker-#43][GridDhtPartitionsExchangeFuture] finishExchangeOnCoordinator [topVer=AffinityTopologyVersion [topVer=1, minorTopVer=1], resVer=AffinityTopologyVersion [topVer=1, minorTopVer=1]]
[11:50:05,807][INFO][exchange-worker-#43][GridDhtPartitionsExchangeFuture] Affinity changes (coordinator) applied in 0 ms.
[11:50:05,810][INFO][exchange-worker-#43][GridDhtPartitionsExchangeFuture] Partitions validation performed in 3 ms.
[11:50:05,811][INFO][exchange-worker-#43][GridDhtPartitionsExchangeFuture] Partitions assignment performed in 1 ms.
[11:50:05,827][INFO][exchange-worker-#43][GridDhtPartitionsExchangeFuture] Preparing Full Message performed in 14 ms.
[11:50:05,827][INFO][exchange-worker-#43][GridDhtPartitionsExchangeFuture] Sending Full Message to all nodes performed in 0 ms.
[11:50:05,827][INFO][exchange-worker-#43][GridDhtPartitionsExchangeFuture] Finish exchange future [startVer=AffinityTopologyVersion [topVer=1, minorTopVer=1], resVer=AffinityTopologyVersion [topVer=1, minorTopVer=1], err=null]
[11:50:05,832][INFO][exchange-worker-#43][GridCacheProcessor] Finish proxy initialization, cacheName=Entity2IDcachee, localNodeId=a5ee7e58-0a4b-4a85-a490-e2d26da7f35e
[11:50:05,834][INFO][exchange-worker-#43][GridDhtPartitionsExchangeFuture] Completed partition exchange [localNode=a5ee7e58-0a4b-4a85-a490-e2d26da7f35e, exchange=GridDhtPartitionsExchangeFuture [topVer=AffinityTopologyVersion [topVer=1, minorTopVer=1], evt=DISCOVERY_CUSTOM_EVT, evtNode=TcpDiscoveryNode [id=a5ee7e58-0a4b-4a85-a490-e2d26da7f35e, addrs=[0:0:0:0:0:0:0:1%lo, 127.0.0.1, 172.168.1.60], sockAddrs=[/172.168.1.60:47500, /0:0:0:0:0:0:0:1%lo:47500, /127.0.0.1:47500], discPort=47500, order=1, intOrder=1, lastExchangeTime=1583491803730, loc=true, ver=2.7.6#20190911-sha1:21f7ca41, isClient=false], done=true], topVer=AffinityTopologyVersion [topVer=1, minorTopVer=1], durationFromInit=336]
[11:50:05,835][INFO][exchange-worker-#43][time] Finished exchange init [topVer=AffinityTopologyVersion [topVer=1, minorTopVer=1], crd=true]
[11:50:05,842][INFO][exchange-worker-#43][GridCachePartitionExchangeManager] Skipping rebalancing (obsolete exchange ID) [top=AffinityTopologyVersion [topVer=1, minorTopVer=1], evt=DISCOVERY_CUSTOM_EVT, node=a5ee7e58-0a4b-4a85-a490-e2d26da7f35e]
[11:50:05,843][INFO][exchange-worker-#43][time] Started exchange init [topVer=AffinityTopologyVersion [topVer=1, minorTopVer=2], mvccCrd=MvccCoordinator [nodeId=a5ee7e58-0a4b-4a85-a490-e2d26da7f35e, crdVer=1583491804979, topVer=AffinityTopologyVersion [topVer=1, minorTopVer=0]], mvccCrdChange=false, crd=true, evt=DISCOVERY_CUSTOM_EVT, evtNode=a5ee7e58-0a4b-4a85-a490-e2d26da7f35e, customEvt=DynamicCacheChangeBatch [id=481677fa071-a5b90ac6-67fe-49ad-9aeb-f7b0519135cd, reqs=[DynamicCacheChangeRequest [cacheName=Relation2IDcachee, hasCfg=true, nodeId=a5ee7e58-0a4b-4a85-a490-e2d26da7f35e, clientStartOnly=false, stop=false, destroy=false, disabledAfterStartfalse]], exchangeActions=ExchangeActions [startCaches=[Relation2IDcachee], stopCaches=null, startGrps=[Relation2IDcachee], stopGrps=[], resetParts=null, stateChangeRequest=null], startCaches=false], allowMerge=false]
[11:50:05,843][INFO][exchange-worker-#43][CacheAffinitySharedManager] Updating caches registry performed in 0 ms.
[11:50:05,852][INFO][exchange-worker-#43][GridCacheProcessor] Started cache [name=Relation2IDcachee, id=1689532820, memoryPolicyName=default, mode=PARTITIONED, atomicity=ATOMIC, backups=0, mvcc=false], encryptionEnabled=false]
[11:50:05,852][INFO][exchange-worker-#43][CacheAffinitySharedManager] Caches starting performed in 9 ms.
[11:50:05,853][INFO][exchange-worker-#43][CacheAffinitySharedManager] Affinity initialization for started caches performed in 1 ms.
[11:50:05,854][INFO][exchange-worker-#43][GridDhtPartitionsExchangeFuture] Finished waiting for partition release future [topVer=AffinityTopologyVersion [topVer=1, minorTopVer=2], waitTime=0ms, futInfo=NA, mode=DISTRIBUTED]
[11:50:05,854][INFO][exchange-worker-#43][GridDhtPartitionsExchangeFuture] Finished waiting for partitions release latch: ServerLatch [permits=0, pendingAcks=[], super=CompletableLatch [id=exchange, topVer=AffinityTopologyVersion [topVer=1, minorTopVer=2]]]
[11:50:05,855][INFO][exchange-worker-#43][GridDhtPartitionsExchangeFuture] Finished waiting for partition release future [topVer=AffinityTopologyVersion [topVer=1, minorTopVer=2], waitTime=0ms, futInfo=NA, mode=LOCAL]
[11:50:05,922][INFO][exchange-worker-#43][GridDhtPartitionsExchangeFuture] finishExchangeOnCoordinator [topVer=AffinityTopologyVersion [topVer=1, minorTopVer=2], resVer=AffinityTopologyVersion [topVer=1, minorTopVer=2]]
[11:50:05,922][INFO][exchange-worker-#43][GridDhtPartitionsExchangeFuture] Affinity changes (coordinator) applied in 0 ms.
[11:50:05,924][INFO][exchange-worker-#43][GridDhtPartitionsExchangeFuture] Partitions validation performed in 2 ms.
[11:50:05,925][INFO][exchange-worker-#43][GridDhtPartitionsExchangeFuture] Partitions assignment performed in 1 ms.
[11:50:05,931][INFO][exchange-worker-#43][GridDhtPartitionsExchangeFuture] Preparing Full Message performed in 5 ms.
[11:50:05,931][INFO][exchange-worker-#43][GridDhtPartitionsExchangeFuture] Sending Full Message to all nodes performed in 0 ms.
[11:50:05,932][INFO][exchange-worker-#43][GridDhtPartitionsExchangeFuture] Finish exchange future [startVer=AffinityTopologyVersion [topVer=1, minorTopVer=2], resVer=AffinityTopologyVersion [topVer=1, minorTopVer=2], err=null]
[11:50:05,937][INFO][exchange-worker-#43][GridCacheProcessor] Finish proxy initialization, cacheName=Relation2IDcachee, localNodeId=a5ee7e58-0a4b-4a85-a490-e2d26da7f35e
[11:50:05,948][INFO][exchange-worker-#43][GridDhtPartitionsExchangeFuture] Completed partition exchange [localNode=a5ee7e58-0a4b-4a85-a490-e2d26da7f35e, exchange=GridDhtPartitionsExchangeFuture [topVer=AffinityTopologyVersion [topVer=1, minorTopVer=2], evt=DISCOVERY_CUSTOM_EVT, evtNode=TcpDiscoveryNode [id=a5ee7e58-0a4b-4a85-a490-e2d26da7f35e, addrs=[0:0:0:0:0:0:0:1%lo, 127.0.0.1, 172.168.1.60], sockAddrs=[/172.168.1.60:47500, /0:0:0:0:0:0:0:1%lo:47500, /127.0.0.1:47500], discPort=47500, order=1, intOrder=1, lastExchangeTime=1583491803730, loc=true, ver=2.7.6#20190911-sha1:21f7ca41, isClient=false], done=true], topVer=AffinityTopologyVersion [topVer=1, minorTopVer=2], durationFromInit=102]
[11:50:05,949][INFO][exchange-worker-#43][time] Finished exchange init [topVer=AffinityTopologyVersion [topVer=1, minorTopVer=2], crd=true]
[11:50:05,956][INFO][exchange-worker-#43][GridCachePartitionExchangeManager] Skipping rebalancing (obsolete exchange ID) [top=AffinityTopologyVersion [topVer=1, minorTopVer=2], evt=DISCOVERY_CUSTOM_EVT, node=a5ee7e58-0a4b-4a85-a490-e2d26da7f35e]
[11:50:05,957][INFO][exchange-worker-#43][time] Started exchange init [topVer=AffinityTopologyVersion [topVer=1, minorTopVer=3], mvccCrd=MvccCoordinator [nodeId=a5ee7e58-0a4b-4a85-a490-e2d26da7f35e, crdVer=1583491804979, topVer=AffinityTopologyVersion [topVer=1, minorTopVer=0]], mvccCrdChange=false, crd=true, evt=DISCOVERY_CUSTOM_EVT, evtNode=a5ee7e58-0a4b-4a85-a490-e2d26da7f35e, customEvt=DynamicCacheChangeBatch [id=a81677fa071-a5b90ac6-67fe-49ad-9aeb-f7b0519135cd, reqs=[DynamicCacheChangeRequest [cacheName=E_embeddingscachee, hasCfg=true, nodeId=a5ee7e58-0a4b-4a85-a490-e2d26da7f35e, clientStartOnly=false, stop=false, destroy=false, disabledAfterStartfalse]], exchangeActions=ExchangeActions [startCaches=[E_embeddingscachee], stopCaches=null, startGrps=[E_embeddingscachee], stopGrps=[], resetParts=null, stateChangeRequest=null], startCaches=false], allowMerge=false]
[11:50:05,957][INFO][exchange-worker-#43][CacheAffinitySharedManager] Updating caches registry performed in 0 ms.
[11:50:06,000][INFO][exchange-worker-#43][GridCacheProcessor] Started cache [name=E_embeddingscachee, id=195644633, memoryPolicyName=default, mode=PARTITIONED, atomicity=ATOMIC, backups=0, mvcc=false], encryptionEnabled=false]
[11:50:06,000][INFO][exchange-worker-#43][CacheAffinitySharedManager] Caches starting performed in 43 ms.
[11:50:06,001][INFO][exchange-worker-#43][CacheAffinitySharedManager] Affinity initialization for started caches performed in 1 ms.
[11:50:06,001][INFO][exchange-worker-#43][GridDhtPartitionsExchangeFuture] Finished waiting for partition release future [topVer=AffinityTopologyVersion [topVer=1, minorTopVer=3], waitTime=0ms, futInfo=NA, mode=DISTRIBUTED]
[11:50:06,002][INFO][exchange-worker-#43][GridDhtPartitionsExchangeFuture] Finished waiting for partitions release latch: ServerLatch [permits=0, pendingAcks=[], super=CompletableLatch [id=exchange, topVer=AffinityTopologyVersion [topVer=1, minorTopVer=3]]]
[11:50:06,002][INFO][exchange-worker-#43][GridDhtPartitionsExchangeFuture] Finished waiting for partition release future [topVer=AffinityTopologyVersion [topVer=1, minorTopVer=3], waitTime=0ms, futInfo=NA, mode=LOCAL]
[11:50:06,049][INFO][exchange-worker-#43][GridDhtPartitionsExchangeFuture] finishExchangeOnCoordinator [topVer=AffinityTopologyVersion [topVer=1, minorTopVer=3], resVer=AffinityTopologyVersion [topVer=1, minorTopVer=3]]
[11:50:06,049][INFO][exchange-worker-#43][GridDhtPartitionsExchangeFuture] Affinity changes (coordinator) applied in 0 ms.
[11:50:06,051][INFO][exchange-worker-#43][GridDhtPartitionsExchangeFuture] Partitions validation performed in 2 ms.
[11:50:06,053][INFO][exchange-worker-#43][GridDhtPartitionsExchangeFuture] Partitions assignment performed in 2 ms.
[11:50:06,062][INFO][exchange-worker-#43][GridDhtPartitionsExchangeFuture] Preparing Full Message performed in 7 ms.
[11:50:06,062][INFO][exchange-worker-#43][GridDhtPartitionsExchangeFuture] Sending Full Message to all nodes performed in 0 ms.
[11:50:06,062][INFO][exchange-worker-#43][GridDhtPartitionsExchangeFuture] Finish exchange future [startVer=AffinityTopologyVersion [topVer=1, minorTopVer=3], resVer=AffinityTopologyVersion [topVer=1, minorTopVer=3], err=null]
[11:50:06,067][INFO][exchange-worker-#43][GridCacheProcessor] Finish proxy initialization, cacheName=E_embeddingscachee, localNodeId=a5ee7e58-0a4b-4a85-a490-e2d26da7f35e
[11:50:06,072][INFO][exchange-worker-#43][GridDhtPartitionsExchangeFuture] Completed partition exchange [localNode=a5ee7e58-0a4b-4a85-a490-e2d26da7f35e, exchange=GridDhtPartitionsExchangeFuture [topVer=AffinityTopologyVersion [topVer=1, minorTopVer=3], evt=DISCOVERY_CUSTOM_EVT, evtNode=TcpDiscoveryNode [id=a5ee7e58-0a4b-4a85-a490-e2d26da7f35e, addrs=[0:0:0:0:0:0:0:1%lo, 127.0.0.1, 172.168.1.60], sockAddrs=[/172.168.1.60:47500, /0:0:0:0:0:0:0:1%lo:47500, /127.0.0.1:47500], discPort=47500, order=1, intOrder=1, lastExchangeTime=1583491803730, loc=true, ver=2.7.6#20190911-sha1:21f7ca41, isClient=false], done=true], topVer=AffinityTopologyVersion [topVer=1, minorTopVer=3], durationFromInit=115]
[11:50:06,072][INFO][exchange-worker-#43][time] Finished exchange init [topVer=AffinityTopologyVersion [topVer=1, minorTopVer=3], crd=true]
[11:50:06,076][INFO][exchange-worker-#43][GridCachePartitionExchangeManager] Skipping rebalancing (obsolete exchange ID) [top=AffinityTopologyVersion [topVer=1, minorTopVer=3], evt=DISCOVERY_CUSTOM_EVT, node=a5ee7e58-0a4b-4a85-a490-e2d26da7f35e]
[11:50:06,076][INFO][exchange-worker-#43][time] Started exchange init [topVer=AffinityTopologyVersion [topVer=1, minorTopVer=4], mvccCrd=MvccCoordinator [nodeId=a5ee7e58-0a4b-4a85-a490-e2d26da7f35e, crdVer=1583491804979, topVer=AffinityTopologyVersion [topVer=1, minorTopVer=0]], mvccCrdChange=false, crd=true, evt=DISCOVERY_CUSTOM_EVT, evtNode=a5ee7e58-0a4b-4a85-a490-e2d26da7f35e, customEvt=DynamicCacheChangeBatch [id=091677fa071-a5b90ac6-67fe-49ad-9aeb-f7b0519135cd, reqs=[DynamicCacheChangeRequest [cacheName=R_embeddingscachee, hasCfg=true, nodeId=a5ee7e58-0a4b-4a85-a490-e2d26da7f35e, clientStartOnly=false, stop=false, destroy=false, disabledAfterStartfalse]], exchangeActions=ExchangeActions [startCaches=[R_embeddingscachee], stopCaches=null, startGrps=[R_embeddingscachee], stopGrps=[], resetParts=null, stateChangeRequest=null], startCaches=false], allowMerge=false]
[11:50:06,076][INFO][exchange-worker-#43][CacheAffinitySharedManager] Updating caches registry performed in 0 ms.
[11:50:06,082][INFO][exchange-worker-#43][GridCacheProcessor] Started cache [name=R_embeddingscachee, id=118605932, memoryPolicyName=default, mode=PARTITIONED, atomicity=ATOMIC, backups=0, mvcc=false], encryptionEnabled=false]
[11:50:06,082][INFO][exchange-worker-#43][CacheAffinitySharedManager] Caches starting performed in 6 ms.
[11:50:06,083][INFO][exchange-worker-#43][CacheAffinitySharedManager] Affinity initialization for started caches performed in 1 ms.
[11:50:06,084][INFO][exchange-worker-#43][GridDhtPartitionsExchangeFuture] Finished waiting for partition release future [topVer=AffinityTopologyVersion [topVer=1, minorTopVer=4], waitTime=0ms, futInfo=NA, mode=DISTRIBUTED]
[11:50:06,085][INFO][exchange-worker-#43][GridDhtPartitionsExchangeFuture] Finished waiting for partitions release latch: ServerLatch [permits=0, pendingAcks=[], super=CompletableLatch [id=exchange, topVer=AffinityTopologyVersion [topVer=1, minorTopVer=4]]]
[11:50:06,085][INFO][exchange-worker-#43][GridDhtPartitionsExchangeFuture] Finished waiting for partition release future [topVer=AffinityTopologyVersion [topVer=1, minorTopVer=4], waitTime=0ms, futInfo=NA, mode=LOCAL]
[11:50:06,136][INFO][exchange-worker-#43][GridDhtPartitionsExchangeFuture] finishExchangeOnCoordinator [topVer=AffinityTopologyVersion [topVer=1, minorTopVer=4], resVer=AffinityTopologyVersion [topVer=1, minorTopVer=4]]
[11:50:06,137][INFO][exchange-worker-#43][GridDhtPartitionsExchangeFuture] Affinity changes (coordinator) applied in 0 ms.
[11:50:06,141][INFO][exchange-worker-#43][GridDhtPartitionsExchangeFuture] Partitions validation performed in 4 ms.
[11:50:06,144][INFO][exchange-worker-#43][GridDhtPartitionsExchangeFuture] Partitions assignment performed in 2 ms.
[11:50:06,159][INFO][exchange-worker-#43][GridDhtPartitionsExchangeFuture] Preparing Full Message performed in 10 ms.
[11:50:06,159][INFO][exchange-worker-#43][GridDhtPartitionsExchangeFuture] Sending Full Message to all nodes performed in 0 ms.
[11:50:06,159][INFO][exchange-worker-#43][GridDhtPartitionsExchangeFuture] Finish exchange future [startVer=AffinityTopologyVersion [topVer=1, minorTopVer=4], resVer=AffinityTopologyVersion [topVer=1, minorTopVer=4], err=null]
[11:50:06,168][INFO][exchange-worker-#43][GridCacheProcessor] Finish proxy initialization, cacheName=R_embeddingscachee, localNodeId=a5ee7e58-0a4b-4a85-a490-e2d26da7f35e
[11:50:06,187][INFO][exchange-worker-#43][GridDhtPartitionsExchangeFuture] Completed partition exchange [localNode=a5ee7e58-0a4b-4a85-a490-e2d26da7f35e, exchange=GridDhtPartitionsExchangeFuture [topVer=AffinityTopologyVersion [topVer=1, minorTopVer=4], evt=DISCOVERY_CUSTOM_EVT, evtNode=TcpDiscoveryNode [id=a5ee7e58-0a4b-4a85-a490-e2d26da7f35e, addrs=[0:0:0:0:0:0:0:1%lo, 127.0.0.1, 172.168.1.60], sockAddrs=[/172.168.1.60:47500, /0:0:0:0:0:0:0:1%lo:47500, /127.0.0.1:47500], discPort=47500, order=1, intOrder=1, lastExchangeTime=1583491803730, loc=true, ver=2.7.6#20190911-sha1:21f7ca41, isClient=false], done=true], topVer=AffinityTopologyVersion [topVer=1, minorTopVer=4], durationFromInit=104]
[11:50:06,187][INFO][exchange-worker-#43][time] Finished exchange init [topVer=AffinityTopologyVersion [topVer=1, minorTopVer=4], crd=true]
[11:50:06,192][INFO][exchange-worker-#43][GridCachePartitionExchangeManager] Skipping rebalancing (obsolete exchange ID) [top=AffinityTopologyVersion [topVer=1, minorTopVer=4], evt=DISCOVERY_CUSTOM_EVT, node=a5ee7e58-0a4b-4a85-a490-e2d26da7f35e]
[11:50:06,193][INFO][exchange-worker-#43][time] Started exchange init [topVer=AffinityTopologyVersion [topVer=1, minorTopVer=5], mvccCrd=MvccCoordinator [nodeId=a5ee7e58-0a4b-4a85-a490-e2d26da7f35e, crdVer=1583491804979, topVer=AffinityTopologyVersion [topVer=1, minorTopVer=0]], mvccCrdChange=false, crd=true, evt=DISCOVERY_CUSTOM_EVT, evtNode=a5ee7e58-0a4b-4a85-a490-e2d26da7f35e, customEvt=DynamicCacheChangeBatch [id=691677fa071-a5b90ac6-67fe-49ad-9aeb-f7b0519135cd, reqs=[DynamicCacheChangeRequest [cacheName=tripleIde, hasCfg=true, nodeId=a5ee7e58-0a4b-4a85-a490-e2d26da7f35e, clientStartOnly=false, stop=false, destroy=false, disabledAfterStartfalse]], exchangeActions=ExchangeActions [startCaches=[tripleIde], stopCaches=null, startGrps=[tripleIde], stopGrps=[], resetParts=null, stateChangeRequest=null], startCaches=false], allowMerge=false]
[11:50:06,193][INFO][exchange-worker-#43][CacheAffinitySharedManager] Updating caches registry performed in 0 ms.
[11:50:06,206][INFO][exchange-worker-#43][GridCacheProcessor] Started cache [name=tripleIde, id=-386511508, memoryPolicyName=default, mode=PARTITIONED, atomicity=ATOMIC, backups=0, mvcc=false], encryptionEnabled=false]
[11:50:06,207][INFO][exchange-worker-#43][CacheAffinitySharedManager] Caches starting performed in 14 ms.
[11:50:06,209][INFO][exchange-worker-#43][CacheAffinitySharedManager] Affinity initialization for started caches performed in 2 ms.
[11:50:06,215][INFO][exchange-worker-#43][GridDhtPartitionsExchangeFuture] Finished waiting for partition release future [topVer=AffinityTopologyVersion [topVer=1, minorTopVer=5], waitTime=0ms, futInfo=NA, mode=DISTRIBUTED]
[11:50:06,215][INFO][exchange-worker-#43][GridDhtPartitionsExchangeFuture] Finished waiting for partitions release latch: ServerLatch [permits=0, pendingAcks=[], super=CompletableLatch [id=exchange, topVer=AffinityTopologyVersion [topVer=1, minorTopVer=5]]]
[11:50:06,215][INFO][exchange-worker-#43][GridDhtPartitionsExchangeFuture] Finished waiting for partition release future [topVer=AffinityTopologyVersion [topVer=1, minorTopVer=5], waitTime=0ms, futInfo=NA, mode=LOCAL]
[11:50:06,274][INFO][exchange-worker-#43][GridDhtPartitionsExchangeFuture] finishExchangeOnCoordinator [topVer=AffinityTopologyVersion [topVer=1, minorTopVer=5], resVer=AffinityTopologyVersion [topVer=1, minorTopVer=5]]
[11:50:06,274][INFO][exchange-worker-#43][GridDhtPartitionsExchangeFuture] Affinity changes (coordinator) applied in 0 ms.
[11:50:06,278][INFO][exchange-worker-#43][GridDhtPartitionsExchangeFuture] Partitions validation performed in 4 ms.
[11:50:06,280][INFO][exchange-worker-#43][GridDhtPartitionsExchangeFuture] Partitions assignment performed in 2 ms.
[11:50:06,292][INFO][exchange-worker-#43][GridDhtPartitionsExchangeFuture] Preparing Full Message performed in 9 ms.
[11:50:06,292][INFO][exchange-worker-#43][GridDhtPartitionsExchangeFuture] Sending Full Message to all nodes performed in 0 ms.
[11:50:06,292][INFO][exchange-worker-#43][GridDhtPartitionsExchangeFuture] Finish exchange future [startVer=AffinityTopologyVersion [topVer=1, minorTopVer=5], resVer=AffinityTopologyVersion [topVer=1, minorTopVer=5], err=null]
[11:50:06,301][INFO][exchange-worker-#43][GridCacheProcessor] Finish proxy initialization, cacheName=tripleIde, localNodeId=a5ee7e58-0a4b-4a85-a490-e2d26da7f35e
[11:50:06,304][INFO][exchange-worker-#43][GridDhtPartitionsExchangeFuture] Completed partition exchange [localNode=a5ee7e58-0a4b-4a85-a490-e2d26da7f35e, exchange=GridDhtPartitionsExchangeFuture [topVer=AffinityTopologyVersion [topVer=1, minorTopVer=5], evt=DISCOVERY_CUSTOM_EVT, evtNode=TcpDiscoveryNode [id=a5ee7e58-0a4b-4a85-a490-e2d26da7f35e, addrs=[0:0:0:0:0:0:0:1%lo, 127.0.0.1, 172.168.1.60], sockAddrs=[/172.168.1.60:47500, /0:0:0:0:0:0:0:1%lo:47500, /127.0.0.1:47500], discPort=47500, order=1, intOrder=1, lastExchangeTime=1583491803730, loc=true, ver=2.7.6#20190911-sha1:21f7ca41, isClient=false], done=true], topVer=AffinityTopologyVersion [topVer=1, minorTopVer=5], durationFromInit=110]
[11:50:06,304][INFO][exchange-worker-#43][time] Finished exchange init [topVer=AffinityTopologyVersion [topVer=1, minorTopVer=5], crd=true]
[11:50:06,309][INFO][exchange-worker-#43][GridCachePartitionExchangeManager] Skipping rebalancing (obsolete exchange ID) [top=AffinityTopologyVersion [topVer=1, minorTopVer=5], evt=DISCOVERY_CUSTOM_EVT, node=a5ee7e58-0a4b-4a85-a490-e2d26da7f35e]
[11:50:06,310][INFO][exchange-worker-#43][time] Started exchange init [topVer=AffinityTopologyVersion [topVer=1, minorTopVer=6], mvccCrd=MvccCoordinator [nodeId=a5ee7e58-0a4b-4a85-a490-e2d26da7f35e, crdVer=1583491804979, topVer=AffinityTopologyVersion [topVer=1, minorTopVer=0]], mvccCrdChange=false, crd=true, evt=DISCOVERY_CUSTOM_EVT, evtNode=a5ee7e58-0a4b-4a85-a490-e2d26da7f35e, customEvt=DynamicCacheChangeBatch [id=c91677fa071-a5b90ac6-67fe-49ad-9aeb-f7b0519135cd, reqs=[DynamicCacheChangeRequest [cacheName=allTriplesCache, hasCfg=true, nodeId=a5ee7e58-0a4b-4a85-a490-e2d26da7f35e, clientStartOnly=false, stop=false, destroy=false, disabledAfterStartfalse]], exchangeActions=ExchangeActions [startCaches=[allTriplesCache], stopCaches=null, startGrps=[allTriplesCache], stopGrps=[], resetParts=null, stateChangeRequest=null], startCaches=false], allowMerge=false]
[11:50:06,310][INFO][exchange-worker-#43][CacheAffinitySharedManager] Updating caches registry performed in 0 ms.
[11:50:06,318][INFO][exchange-worker-#43][GridCacheProcessor] Started cache [name=allTriplesCache, id=1394360558, memoryPolicyName=default, mode=PARTITIONED, atomicity=ATOMIC, backups=0, mvcc=false], encryptionEnabled=false]
[11:50:06,319][INFO][exchange-worker-#43][CacheAffinitySharedManager] Caches starting performed in 9 ms.
[11:50:06,320][INFO][exchange-worker-#43][CacheAffinitySharedManager] Affinity initialization for started caches performed in 1 ms.
[11:50:06,321][INFO][exchange-worker-#43][GridDhtPartitionsExchangeFuture] Finished waiting for partition release future [topVer=AffinityTopologyVersion [topVer=1, minorTopVer=6], waitTime=0ms, futInfo=NA, mode=DISTRIBUTED]
[11:50:06,321][INFO][exchange-worker-#43][GridDhtPartitionsExchangeFuture] Finished waiting for partitions release latch: ServerLatch [permits=0, pendingAcks=[], super=CompletableLatch [id=exchange, topVer=AffinityTopologyVersion [topVer=1, minorTopVer=6]]]
[11:50:06,322][INFO][exchange-worker-#43][GridDhtPartitionsExchangeFuture] Finished waiting for partition release future [topVer=AffinityTopologyVersion [topVer=1, minorTopVer=6], waitTime=0ms, futInfo=NA, mode=LOCAL]
[11:50:06,359][INFO][exchange-worker-#43][GridDhtPartitionsExchangeFuture] finishExchangeOnCoordinator [topVer=AffinityTopologyVersion [topVer=1, minorTopVer=6], resVer=AffinityTopologyVersion [topVer=1, minorTopVer=6]]
[11:50:06,359][INFO][exchange-worker-#43][GridDhtPartitionsExchangeFuture] Affinity changes (coordinator) applied in 0 ms.
[11:50:06,364][INFO][exchange-worker-#43][GridDhtPartitionsExchangeFuture] Partitions validation performed in 5 ms.
[11:50:06,367][INFO][exchange-worker-#43][GridDhtPartitionsExchangeFuture] Partitions assignment performed in 3 ms.
[11:50:06,376][INFO][exchange-worker-#43][GridDhtPartitionsExchangeFuture] Preparing Full Message performed in 6 ms.
[11:50:06,377][INFO][exchange-worker-#43][GridDhtPartitionsExchangeFuture] Sending Full Message to all nodes performed in 0 ms.
[11:50:06,377][INFO][exchange-worker-#43][GridDhtPartitionsExchangeFuture] Finish exchange future [startVer=AffinityTopologyVersion [topVer=1, minorTopVer=6], resVer=AffinityTopologyVersion [topVer=1, minorTopVer=6], err=null]
[11:50:06,384][INFO][exchange-worker-#43][GridCacheProcessor] Finish proxy initialization, cacheName=allTriplesCache, localNodeId=a5ee7e58-0a4b-4a85-a490-e2d26da7f35e
[11:50:06,385][INFO][exchange-worker-#43][GridDhtPartitionsExchangeFuture] Completed partition exchange [localNode=a5ee7e58-0a4b-4a85-a490-e2d26da7f35e, exchange=GridDhtPartitionsExchangeFuture [topVer=AffinityTopologyVersion [topVer=1, minorTopVer=6], evt=DISCOVERY_CUSTOM_EVT, evtNode=TcpDiscoveryNode [id=a5ee7e58-0a4b-4a85-a490-e2d26da7f35e, addrs=[0:0:0:0:0:0:0:1%lo, 127.0.0.1, 172.168.1.60], sockAddrs=[/172.168.1.60:47500, /0:0:0:0:0:0:0:1%lo:47500, /127.0.0.1:47500], discPort=47500, order=1, intOrder=1, lastExchangeTime=1583491803730, loc=true, ver=2.7.6#20190911-sha1:21f7ca41, isClient=false], done=true], topVer=AffinityTopologyVersion [topVer=1, minorTopVer=6], durationFromInit=70]
[11:50:06,385][INFO][exchange-worker-#43][time] Finished exchange init [topVer=AffinityTopologyVersion [topVer=1, minorTopVer=6], crd=true]
[11:50:06,391][INFO][exchange-worker-#43][GridCachePartitionExchangeManager] Skipping rebalancing (obsolete exchange ID) [top=AffinityTopologyVersion [topVer=1, minorTopVer=6], evt=DISCOVERY_CUSTOM_EVT, node=a5ee7e58-0a4b-4a85-a490-e2d26da7f35e]
[11:50:06,391][INFO][exchange-worker-#43][time] Started exchange init [topVer=AffinityTopologyVersion [topVer=1, minorTopVer=7], mvccCrd=MvccCoordinator [nodeId=a5ee7e58-0a4b-4a85-a490-e2d26da7f35e, crdVer=1583491804979, topVer=AffinityTopologyVersion [topVer=1, minorTopVer=0]], mvccCrdChange=false, crd=true, evt=DISCOVERY_CUSTOM_EVT, evtNode=a5ee7e58-0a4b-4a85-a490-e2d26da7f35e, customEvt=DynamicCacheChangeBatch [id=2a1677fa071-a5b90ac6-67fe-49ad-9aeb-f7b0519135cd, reqs=[DynamicCacheChangeRequest [cacheName=testTriplecachee, hasCfg=true, nodeId=a5ee7e58-0a4b-4a85-a490-e2d26da7f35e, clientStartOnly=false, stop=false, destroy=false, disabledAfterStartfalse]], exchangeActions=ExchangeActions [startCaches=[testTriplecachee], stopCaches=null, startGrps=[testTriplecachee], stopGrps=[], resetParts=null, stateChangeRequest=null], startCaches=false], allowMerge=false]
[11:50:06,391][INFO][exchange-worker-#43][CacheAffinitySharedManager] Updating caches registry performed in 0 ms.
[11:50:06,397][INFO][exchange-worker-#43][GridCacheProcessor] Started cache [name=testTriplecachee, id=2015714483, memoryPolicyName=default, mode=PARTITIONED, atomicity=ATOMIC, backups=0, mvcc=false], encryptionEnabled=false]
[11:50:06,398][INFO][exchange-worker-#43][CacheAffinitySharedManager] Caches starting performed in 7 ms.
[11:50:06,398][INFO][exchange-worker-#43][CacheAffinitySharedManager] Affinity initialization for started caches performed in 0 ms.
[11:50:06,399][INFO][exchange-worker-#43][GridDhtPartitionsExchangeFuture] Finished waiting for partition release future [topVer=AffinityTopologyVersion [topVer=1, minorTopVer=7], waitTime=0ms, futInfo=NA, mode=DISTRIBUTED]
[11:50:06,399][INFO][exchange-worker-#43][GridDhtPartitionsExchangeFuture] Finished waiting for partitions release latch: ServerLatch [permits=0, pendingAcks=[], super=CompletableLatch [id=exchange, topVer=AffinityTopologyVersion [topVer=1, minorTopVer=7]]]
[11:50:06,400][INFO][exchange-worker-#43][GridDhtPartitionsExchangeFuture] Finished waiting for partition release future [topVer=AffinityTopologyVersion [topVer=1, minorTopVer=7], waitTime=0ms, futInfo=NA, mode=LOCAL]
[11:50:06,441][INFO][exchange-worker-#43][GridDhtPartitionsExchangeFuture] finishExchangeOnCoordinator [topVer=AffinityTopologyVersion [topVer=1, minorTopVer=7], resVer=AffinityTopologyVersion [topVer=1, minorTopVer=7]]
[11:50:06,441][INFO][exchange-worker-#43][GridDhtPartitionsExchangeFuture] Affinity changes (coordinator) applied in 0 ms.
[11:50:06,444][INFO][exchange-worker-#43][GridDhtPartitionsExchangeFuture] Partitions validation performed in 3 ms.
[11:50:06,448][INFO][exchange-worker-#43][GridDhtPartitionsExchangeFuture] Partitions assignment performed in 3 ms.
[11:50:06,458][INFO][exchange-worker-#43][GridDhtPartitionsExchangeFuture] Preparing Full Message performed in 7 ms.
[11:50:06,458][INFO][exchange-worker-#43][GridDhtPartitionsExchangeFuture] Sending Full Message to all nodes performed in 0 ms.
[11:50:06,458][INFO][exchange-worker-#43][GridDhtPartitionsExchangeFuture] Finish exchange future [startVer=AffinityTopologyVersion [topVer=1, minorTopVer=7], resVer=AffinityTopologyVersion [topVer=1, minorTopVer=7], err=null]
[11:50:06,467][INFO][exchange-worker-#43][GridCacheProcessor] Finish proxy initialization, cacheName=testTriplecachee, localNodeId=a5ee7e58-0a4b-4a85-a490-e2d26da7f35e
[11:50:06,467][INFO][exchange-worker-#43][GridDhtPartitionsExchangeFuture] Completed partition exchange [localNode=a5ee7e58-0a4b-4a85-a490-e2d26da7f35e, exchange=GridDhtPartitionsExchangeFuture [topVer=AffinityTopologyVersion [topVer=1, minorTopVer=7], evt=DISCOVERY_CUSTOM_EVT, evtNode=TcpDiscoveryNode [id=a5ee7e58-0a4b-4a85-a490-e2d26da7f35e, addrs=[0:0:0:0:0:0:0:1%lo, 127.0.0.1, 172.168.1.60], sockAddrs=[/172.168.1.60:47500, /0:0:0:0:0:0:0:1%lo:47500, /127.0.0.1:47500], discPort=47500, order=1, intOrder=1, lastExchangeTime=1583491803730, loc=true, ver=2.7.6#20190911-sha1:21f7ca41, isClient=false], done=true], topVer=AffinityTopologyVersion [topVer=1, minorTopVer=7], durationFromInit=76]
[11:50:06,467][INFO][exchange-worker-#43][time] Finished exchange init [topVer=AffinityTopologyVersion [topVer=1, minorTopVer=7], crd=true]
[11:50:06,477][INFO][exchange-worker-#43][GridCachePartitionExchangeManager] Skipping rebalancing (nothing scheduled) [top=AffinityTopologyVersion [topVer=1, minorTopVer=7], force=false, evt=DISCOVERY_CUSTOM_EVT, node=a5ee7e58-0a4b-4a85-a490-e2d26da7f35e]
[11:50:06,593][WARNING][main][DataStreamerImpl] Data streamer will not overwrite existing cache entries for better performance (to change, set allowOverwrite to true)
[11:50:09,983][WARNING][main][GridQueryProcessor] Key-value pair is not inserted into any SQL table [cacheName=E_embeddingscachee, valType=breeze.linalg.DenseVector$SerializedForm]
[11:50:09,984][WARNING][main][GridQueryProcessor]   ^-- Value type(s) are specified via CacheConfiguration.indexedTypes or CacheConfiguration.queryEntities
[11:50:09,987][WARNING][main][GridQueryProcessor]   ^-- Make sure that same type(s) used when adding Object or BinaryObject to cache
[11:50:09,998][WARNING][main][GridQueryProcessor]   ^-- Otherwise, entries will be stored in cache, but not appear as SQL Table rows
[11:50:15,066][WARNING][data-streamer-stripe-4-#13][GridQueryProcessor] Key-value pair is not inserted into any SQL table [cacheName=tripleIde, valType=TripleID]
[11:50:15,244][WARNING][data-streamer-stripe-4-#13][H2TreeIndex] <allTriplesCache> Indexed columns of a row cannot be fully inlined into index what may lead to slowdown due to additional data page reads, increase index inline size if needed (set system property IGNITE_MAX_INDEX_PAYLOAD_SIZE with recommended size (be aware it will be used by default for all indexes without explicit inline size)) [cacheName=INTEGER, tableName=allTriplesCache, idxName=_key_PK, idxCols=(_KEY), idxType=PRIMARY KEY, curSize=10, recommendedInlineSize=54]
[11:50:15,255][WARNING][data-streamer-stripe-4-#13][H2TreeIndex] <allTriplesCache> Indexed columns of a row cannot be fully inlined into index what may lead to slowdown due to additional data page reads, increase index inline size if needed (use INLINE_SIZE option for CREATE INDEX command, QuerySqlField.inlineSize for annotated classes, or QueryIndex.inlineSize for explicit QueryEntity configuration) [cacheName=INTEGER, tableName=allTriplesCache, idxName=INTEGER__VAL_IDX, idxCols=(_VAL, _KEY), idxType=SECONDARY, curSize=10, recommendedInlineSize=59]
[11:50:24,432][INFO][main][GridDeploymentLocalStore] Class locally deployed: class TransE$$anonfun$bfgs$1$$anonfun$apply$mcVI$sp$3$$anonfun$apply$mcVI$sp$9$$anonfun$apply$2
[11:50:24,505][WARNING][pub-#53][BLAS] Failed to load implementation from: com.github.fommil.netlib.NativeSystemBLAS
[11:50:24,505][WARNING][pub-#53][BLAS] Failed to load implementation from: com.github.fommil.netlib.NativeRefBLAS
[11:51:05,425][INFO][grid-timeout-worker-#23][IgniteKernal] 
Metrics for local node (to disable set 'metricsLogFrequency' to 0)
    ^-- Node [id=a5ee7e58, uptime=00:01:00.006]
    ^-- H/N/C [hosts=1, nodes=1, CPUs=4]
    ^-- CPU [cur=24.67%, avg=31.86%, GC=0.03%]
    ^-- PageMemory [pages=29342]
    ^-- Heap [used=1089MB, free=69.18%, comm=1472MB]
    ^-- Off-heap [used=115MB, free=96.59%, comm=336MB]
    ^--   sysMemPlc region [used=0MB, free=99.21%, comm=40MB]
    ^--   default region [used=114MB, free=96.4%, comm=256MB]
    ^--   TxLog region [used=0MB, free=100%, comm=40MB]
    ^-- Outbound messages queue [size=0]
    ^-- Public thread pool [active=0, idle=8, qSize=0]
    ^-- System thread pool [active=0, idle=8, qSize=0]
[11:51:05,426][INFO][grid-timeout-worker-#23][IgniteKernal] FreeList [name=null, buckets=256, dataPages=11856, reusePages=7]
[11:52:05,431][INFO][grid-timeout-worker-#23][IgniteKernal] 
Metrics for local node (to disable set 'metricsLogFrequency' to 0)
    ^-- Node [id=a5ee7e58, uptime=00:02:00.015]
    ^-- H/N/C [hosts=1, nodes=1, CPUs=4]
    ^-- CPU [cur=25.4%, avg=28.49%, GC=0.13%]
    ^-- PageMemory [pages=29344]
    ^-- Heap [used=340MB, free=90.36%, comm=475MB]
    ^-- Off-heap [used=115MB, free=96.59%, comm=336MB]
    ^--   sysMemPlc region [used=0MB, free=99.21%, comm=40MB]
    ^--   default region [used=114MB, free=96.4%, comm=256MB]
    ^--   TxLog region [used=0MB, free=100%, comm=40MB]
    ^-- Outbound messages queue [size=0]
    ^-- Public thread pool [active=1, idle=7, qSize=0]
    ^-- System thread pool [active=0, idle=6, qSize=0]
[11:52:05,431][INFO][grid-timeout-worker-#23][IgniteKernal] FreeList [name=null, buckets=256, dataPages=11856, reusePages=9]
[11:53:05,439][INFO][grid-timeout-worker-#23][IgniteKernal] 
Metrics for local node (to disable set 'metricsLogFrequency' to 0)
    ^-- Node [id=a5ee7e58, uptime=00:03:00.023]
    ^-- H/N/C [hosts=1, nodes=1, CPUs=4]
    ^-- CPU [cur=25.4%, avg=27.39%, GC=0.23%]
    ^-- PageMemory [pages=29344]
    ^-- Heap [used=129MB, free=96.33%, comm=424MB]
    ^-- Off-heap [used=115MB, free=96.59%, comm=336MB]
    ^--   sysMemPlc region [used=0MB, free=99.21%, comm=40MB]
    ^--   default region [used=114MB, free=96.4%, comm=256MB]
    ^--   TxLog region [used=0MB, free=100%, comm=40MB]
    ^-- Outbound messages queue [size=0]
    ^-- Public thread pool [active=1, idle=7, qSize=0]
    ^-- System thread pool [active=0, idle=6, qSize=0]
[11:53:05,439][INFO][grid-timeout-worker-#23][IgniteKernal] FreeList [name=null, buckets=256, dataPages=11856, reusePages=10]
[11:54:05,446][INFO][grid-timeout-worker-#23][IgniteKernal] 
Metrics for local node (to disable set 'metricsLogFrequency' to 0)
    ^-- Node [id=a5ee7e58, uptime=00:04:00.029]
    ^-- H/N/C [hosts=1, nodes=1, CPUs=4]
    ^-- CPU [cur=25.4%, avg=26.86%, GC=0.2%]
    ^-- PageMemory [pages=29346]
    ^-- Heap [used=139MB, free=96.07%, comm=384MB]
    ^-- Off-heap [used=115MB, free=96.59%, comm=336MB]
    ^--   sysMemPlc region [used=0MB, free=99.21%, comm=40MB]
    ^--   default region [used=114MB, free=96.4%, comm=256MB]
    ^--   TxLog region [used=0MB, free=100%, comm=40MB]
    ^-- Outbound messages queue [size=0]
    ^-- Public thread pool [active=1, idle=7, qSize=0]
    ^-- System thread pool [active=0, idle=6, qSize=0]
[11:54:05,447][INFO][grid-timeout-worker-#23][IgniteKernal] FreeList [name=null, buckets=256, dataPages=11856, reusePages=13]
[11:55:05,452][INFO][grid-timeout-worker-#23][IgniteKernal] 
Metrics for local node (to disable set 'metricsLogFrequency' to 0)
    ^-- Node [id=a5ee7e58, uptime=00:05:00.034]
    ^-- H/N/C [hosts=1, nodes=1, CPUs=4]
    ^-- CPU [cur=25.33%, avg=26.55%, GC=0.17%]
    ^-- PageMemory [pages=29346]
    ^-- Heap [used=177MB, free=94.98%, comm=367MB]
    ^-- Off-heap [used=115MB, free=96.59%, comm=336MB]
    ^--   sysMemPlc region [used=0MB, free=99.21%, comm=40MB]
    ^--   default region [used=114MB, free=96.4%, comm=256MB]
    ^--   TxLog region [used=0MB, free=100%, comm=40MB]
    ^-- Outbound messages queue [size=0]
    ^-- Public thread pool [active=1, idle=7, qSize=0]
    ^-- System thread pool [active=0, idle=5, qSize=0]
[11:55:05,452][INFO][grid-timeout-worker-#23][IgniteKernal] FreeList [name=null, buckets=256, dataPages=11856, reusePages=13]
[11:56:05,456][INFO][grid-timeout-worker-#23][IgniteKernal] 
Metrics for local node (to disable set 'metricsLogFrequency' to 0)
    ^-- Node [id=a5ee7e58, uptime=00:06:00.041]
    ^-- H/N/C [hosts=1, nodes=1, CPUs=4]
    ^-- CPU [cur=25.17%, avg=26.33%, GC=0.2%]
    ^-- PageMemory [pages=29346]
    ^-- Heap [used=142MB, free=95.97%, comm=349MB]
    ^-- Off-heap [used=115MB, free=96.59%, comm=336MB]
    ^--   sysMemPlc region [used=0MB, free=99.21%, comm=40MB]
    ^--   default region [used=114MB, free=96.4%, comm=256MB]
    ^--   TxLog region [used=0MB, free=100%, comm=40MB]
    ^-- Outbound messages queue [size=0]
    ^-- Public thread pool [active=1, idle=7, qSize=0]
    ^-- System thread pool [active=0, idle=6, qSize=0]
[11:56:05,456][INFO][grid-timeout-worker-#23][IgniteKernal] FreeList [name=null, buckets=256, dataPages=11856, reusePages=12]
[11:57:05,464][INFO][grid-timeout-worker-#23][IgniteKernal] 
Metrics for local node (to disable set 'metricsLogFrequency' to 0)
    ^-- Node [id=a5ee7e58, uptime=00:07:00.049]
    ^-- H/N/C [hosts=1, nodes=1, CPUs=4]
    ^-- CPU [cur=25.33%, avg=26.18%, GC=0.2%]
    ^-- PageMemory [pages=29346]
    ^-- Heap [used=132MB, free=96.26%, comm=351MB]
    ^-- Off-heap [used=115MB, free=96.59%, comm=336MB]
    ^--   sysMemPlc region [used=0MB, free=99.21%, comm=40MB]
    ^--   default region [used=114MB, free=96.4%, comm=256MB]
    ^--   TxLog region [used=0MB, free=100%, comm=40MB]
    ^-- Outbound messages queue [size=0]
    ^-- Public thread pool [active=1, idle=7, qSize=0]
    ^-- System thread pool [active=0, idle=6, qSize=0]
[11:57:05,465][INFO][grid-timeout-worker-#23][IgniteKernal] FreeList [name=null, buckets=256, dataPages=11856, reusePages=9]
[11:58:05,472][INFO][grid-timeout-worker-#23][IgniteKernal] 
Metrics for local node (to disable set 'metricsLogFrequency' to 0)
    ^-- Node [id=a5ee7e58, uptime=00:08:00.056]
    ^-- H/N/C [hosts=1, nodes=1, CPUs=4]
    ^-- CPU [cur=25.23%, avg=26.07%, GC=0.2%]
    ^-- PageMemory [pages=29346]
    ^-- Heap [used=198MB, free=94.38%, comm=378MB]
    ^-- Off-heap [used=115MB, free=96.59%, comm=336MB]
    ^--   sysMemPlc region [used=0MB, free=99.21%, comm=40MB]
    ^--   default region [used=114MB, free=96.4%, comm=256MB]
    ^--   TxLog region [used=0MB, free=100%, comm=40MB]
    ^-- Outbound messages queue [size=0]
    ^-- Public thread pool [active=0, idle=8, qSize=0]
    ^-- System thread pool [active=0, idle=6, qSize=0]
[11:58:05,472][INFO][grid-timeout-worker-#23][IgniteKernal] FreeList [name=null, buckets=256, dataPages=11856, reusePages=13]
[11:59:05,480][INFO][grid-timeout-worker-#23][IgniteKernal] 
Metrics for local node (to disable set 'metricsLogFrequency' to 0)
    ^-- Node [id=a5ee7e58, uptime=00:09:00.064]
    ^-- H/N/C [hosts=1, nodes=1, CPUs=4]
    ^-- CPU [cur=25.5%, avg=25.99%, GC=0.23%]
    ^-- PageMemory [pages=29346]
    ^-- Heap [used=169MB, free=95.21%, comm=350MB]
    ^-- Off-heap [used=115MB, free=96.59%, comm=336MB]
    ^--   sysMemPlc region [used=0MB, free=99.21%, comm=40MB]
    ^--   default region [used=114MB, free=96.4%, comm=256MB]
    ^--   TxLog region [used=0MB, free=100%, comm=40MB]
    ^-- Outbound messages queue [size=0]
    ^-- Public thread pool [active=1, idle=7, qSize=0]
    ^-- System thread pool [active=0, idle=6, qSize=0]
[11:59:05,480][INFO][grid-timeout-worker-#23][IgniteKernal] FreeList [name=null, buckets=256, dataPages=11856, reusePages=14]
[12:00:05,487][INFO][grid-timeout-worker-#23][IgniteKernal] 
Metrics for local node (to disable set 'metricsLogFrequency' to 0)
    ^-- Node [id=a5ee7e58, uptime=00:10:00.071]
    ^-- H/N/C [hosts=1, nodes=1, CPUs=4]
    ^-- CPU [cur=25.27%, avg=25.91%, GC=0.23%]
    ^-- PageMemory [pages=29346]
    ^-- Heap [used=114MB, free=96.77%, comm=357MB]
    ^-- Off-heap [used=115MB, free=96.59%, comm=336MB]
    ^--   sysMemPlc region [used=0MB, free=99.21%, comm=40MB]
    ^--   default region [used=114MB, free=96.4%, comm=256MB]
    ^--   TxLog region [used=0MB, free=100%, comm=40MB]
    ^-- Outbound messages queue [size=0]
    ^-- Public thread pool [active=0, idle=8, qSize=0]
    ^-- System thread pool [active=0, idle=6, qSize=0]
[12:00:05,487][INFO][grid-timeout-worker-#23][IgniteKernal] FreeList [name=null, buckets=256, dataPages=11856, reusePages=11]
[12:01:05,489][INFO][grid-timeout-worker-#23][IgniteKernal] 
Metrics for local node (to disable set 'metricsLogFrequency' to 0)
    ^-- Node [id=a5ee7e58, uptime=00:11:00.071]
    ^-- H/N/C [hosts=1, nodes=1, CPUs=4]
    ^-- CPU [cur=25.17%, avg=25.86%, GC=0.17%]
    ^-- PageMemory [pages=29346]
    ^-- Heap [used=247MB, free=93.01%, comm=375MB]
    ^-- Off-heap [used=115MB, free=96.59%, comm=336MB]
    ^--   sysMemPlc region [used=0MB, free=99.21%, comm=40MB]
    ^--   default region [used=114MB, free=96.4%, comm=256MB]
    ^--   TxLog region [used=0MB, free=100%, comm=40MB]
    ^-- Outbound messages queue [size=0]
    ^-- Public thread pool [active=0, idle=8, qSize=0]
    ^-- System thread pool [active=0, idle=6, qSize=0]
[12:01:05,490][INFO][grid-timeout-worker-#23][IgniteKernal] FreeList [name=null, buckets=256, dataPages=11856, reusePages=8]
[12:02:05,494][INFO][grid-timeout-worker-#23][IgniteKernal] 
Metrics for local node (to disable set 'metricsLogFrequency' to 0)
    ^-- Node [id=a5ee7e58, uptime=00:12:00.075]
    ^-- H/N/C [hosts=1, nodes=1, CPUs=4]
    ^-- CPU [cur=25.57%, avg=25.82%, GC=0.23%]
    ^-- PageMemory [pages=29346]
    ^-- Heap [used=277MB, free=92.16%, comm=351MB]
    ^-- Off-heap [used=115MB, free=96.59%, comm=336MB]
    ^--   sysMemPlc region [used=0MB, free=99.21%, comm=40MB]
    ^--   default region [used=114MB, free=96.4%, comm=256MB]
    ^--   TxLog region [used=0MB, free=100%, comm=40MB]
    ^-- Outbound messages queue [size=0]
    ^-- Public thread pool [active=1, idle=7, qSize=0]
    ^-- System thread pool [active=0, idle=6, qSize=0]
[12:02:05,494][INFO][grid-timeout-worker-#23][IgniteKernal] FreeList [name=null, buckets=256, dataPages=11856, reusePages=17]
[12:03:05,498][INFO][grid-timeout-worker-#23][IgniteKernal] 
Metrics for local node (to disable set 'metricsLogFrequency' to 0)
    ^-- Node [id=a5ee7e58, uptime=00:13:00.077]
    ^-- H/N/C [hosts=1, nodes=1, CPUs=4]
    ^-- CPU [cur=25.07%, avg=25.78%, GC=0.23%]
    ^-- PageMemory [pages=29346]
    ^-- Heap [used=187MB, free=94.69%, comm=369MB]
    ^-- Off-heap [used=115MB, free=96.59%, comm=336MB]
    ^--   sysMemPlc region [used=0MB, free=99.21%, comm=40MB]
    ^--   default region [used=114MB, free=96.4%, comm=256MB]
    ^--   TxLog region [used=0MB, free=100%, comm=40MB]
    ^-- Outbound messages queue [size=0]
    ^-- Public thread pool [active=1, idle=7, qSize=0]
    ^-- System thread pool [active=0, idle=6, qSize=0]
[12:03:05,499][INFO][grid-timeout-worker-#23][IgniteKernal] FreeList [name=null, buckets=256, dataPages=11856, reusePages=10]
[12:04:05,493][INFO][grid-timeout-worker-#23][IgniteKernal] 
Metrics for local node (to disable set 'metricsLogFrequency' to 0)
    ^-- Node [id=a5ee7e58, uptime=00:14:00.078]
    ^-- H/N/C [hosts=1, nodes=1, CPUs=4]
    ^-- CPU [cur=25.6%, avg=25.76%, GC=0.23%]
    ^-- PageMemory [pages=29346]
    ^-- Heap [used=172MB, free=95.13%, comm=385MB]
    ^-- Off-heap [used=115MB, free=96.59%, comm=336MB]
    ^--   sysMemPlc region [used=0MB, free=99.21%, comm=40MB]
    ^--   default region [used=114MB, free=96.4%, comm=256MB]
    ^--   TxLog region [used=0MB, free=100%, comm=40MB]
    ^-- Outbound messages queue [size=0]
    ^-- Public thread pool [active=1, idle=7, qSize=0]
    ^-- System thread pool [active=0, idle=6, qSize=0]
[12:04:05,493][INFO][grid-timeout-worker-#23][IgniteKernal] FreeList [name=null, buckets=256, dataPages=11856, reusePages=18]
[12:05:05,500][INFO][grid-timeout-worker-#23][IgniteKernal] 
Metrics for local node (to disable set 'metricsLogFrequency' to 0)
    ^-- Node [id=a5ee7e58, uptime=00:15:00.085]
    ^-- H/N/C [hosts=1, nodes=1, CPUs=4]
    ^-- CPU [cur=25.33%, avg=25.74%, GC=0.23%]
    ^-- PageMemory [pages=29346]
    ^-- Heap [used=155MB, free=95.59%, comm=317MB]
    ^-- Off-heap [used=115MB, free=96.59%, comm=336MB]
    ^--   sysMemPlc region [used=0MB, free=99.21%, comm=40MB]
    ^--   default region [used=114MB, free=96.4%, comm=256MB]
    ^--   TxLog region [used=0MB, free=100%, comm=40MB]
    ^-- Outbound messages queue [size=0]
    ^-- Public thread pool [active=1, idle=7, qSize=0]
    ^-- System thread pool [active=0, idle=6, qSize=0]
[12:05:05,500][INFO][grid-timeout-worker-#23][IgniteKernal] FreeList [name=null, buckets=256, dataPages=11856, reusePages=16]
[12:06:05,507][INFO][grid-timeout-worker-#23][IgniteKernal] 
Metrics for local node (to disable set 'metricsLogFrequency' to 0)
    ^-- Node [id=a5ee7e58, uptime=00:16:00.089]
    ^-- H/N/C [hosts=1, nodes=1, CPUs=4]
    ^-- CPU [cur=25.17%, avg=25.71%, GC=0.2%]
    ^-- PageMemory [pages=29346]
    ^-- Heap [used=155MB, free=95.6%, comm=363MB]
    ^-- Off-heap [used=115MB, free=96.59%, comm=336MB]
    ^--   sysMemPlc region [used=0MB, free=99.21%, comm=40MB]
    ^--   default region [used=114MB, free=96.4%, comm=256MB]
    ^--   TxLog region [used=0MB, free=100%, comm=40MB]
    ^-- Outbound messages queue [size=0]
    ^-- Public thread pool [active=1, idle=7, qSize=0]
    ^-- System thread pool [active=0, idle=6, qSize=0]
[12:06:05,507][INFO][grid-timeout-worker-#23][IgniteKernal] FreeList [name=null, buckets=256, dataPages=11856, reusePages=14]
[12:07:05,512][INFO][grid-timeout-worker-#23][IgniteKernal] 
Metrics for local node (to disable set 'metricsLogFrequency' to 0)
    ^-- Node [id=a5ee7e58, uptime=00:17:00.097]
    ^-- H/N/C [hosts=1, nodes=1, CPUs=4]
    ^-- CPU [cur=25.23%, avg=25.7%, GC=0.2%]
    ^-- PageMemory [pages=29346]
    ^-- Heap [used=180MB, free=94.9%, comm=349MB]
    ^-- Off-heap [used=115MB, free=96.59%, comm=336MB]
    ^--   sysMemPlc region [used=0MB, free=99.21%, comm=40MB]
    ^--   default region [used=114MB, free=96.4%, comm=256MB]
    ^--   TxLog region [used=0MB, free=100%, comm=40MB]
    ^-- Outbound messages queue [size=0]
    ^-- Public thread pool [active=1, idle=7, qSize=0]
    ^-- System thread pool [active=0, idle=6, qSize=0]
[12:07:05,512][INFO][grid-timeout-worker-#23][IgniteKernal] FreeList [name=null, buckets=256, dataPages=11856, reusePages=14]
[12:08:05,521][INFO][grid-timeout-worker-#23][IgniteKernal] 
Metrics for local node (to disable set 'metricsLogFrequency' to 0)
    ^-- Node [id=a5ee7e58, uptime=00:18:00.100]
    ^-- H/N/C [hosts=1, nodes=1, CPUs=4]
    ^-- CPU [cur=25.23%, avg=25.68%, GC=0.23%]
    ^-- PageMemory [pages=29346]
    ^-- Heap [used=274MB, free=92.23%, comm=351MB]
    ^-- Off-heap [used=115MB, free=96.59%, comm=336MB]
    ^--   sysMemPlc region [used=0MB, free=99.21%, comm=40MB]
    ^--   default region [used=114MB, free=96.4%, comm=256MB]
    ^--   TxLog region [used=0MB, free=100%, comm=40MB]
    ^-- Outbound messages queue [size=0]
    ^-- Public thread pool [active=1, idle=7, qSize=0]
    ^-- System thread pool [active=0, idle=6, qSize=0]
[12:08:05,521][INFO][grid-timeout-worker-#23][IgniteKernal] FreeList [name=null, buckets=256, dataPages=11856, reusePages=14]
[12:09:05,523][INFO][grid-timeout-worker-#23][IgniteKernal] 
Metrics for local node (to disable set 'metricsLogFrequency' to 0)
    ^-- Node [id=a5ee7e58, uptime=00:19:00.110]
    ^-- H/N/C [hosts=1, nodes=1, CPUs=4]
    ^-- CPU [cur=25.43%, avg=25.66%, GC=0.27%]
    ^-- PageMemory [pages=29346]
    ^-- Heap [used=167MB, free=95.27%, comm=352MB]
    ^-- Off-heap [used=115MB, free=96.59%, comm=336MB]
    ^--   sysMemPlc region [used=0MB, free=99.21%, comm=40MB]
    ^--   default region [used=114MB, free=96.4%, comm=256MB]
    ^--   TxLog region [used=0MB, free=100%, comm=40MB]
    ^-- Outbound messages queue [size=0]
    ^-- Public thread pool [active=1, idle=7, qSize=0]
    ^-- System thread pool [active=0, idle=6, qSize=0]
[12:09:05,526][INFO][grid-timeout-worker-#23][IgniteKernal] FreeList [name=null, buckets=256, dataPages=11856, reusePages=9]
[12:10:05,534][INFO][grid-timeout-worker-#23][IgniteKernal] 
Metrics for local node (to disable set 'metricsLogFrequency' to 0)
    ^-- Node [id=a5ee7e58, uptime=00:20:00.117]
    ^-- H/N/C [hosts=1, nodes=1, CPUs=4]
    ^-- CPU [cur=25.17%, avg=25.64%, GC=0.23%]
    ^-- PageMemory [pages=29346]
    ^-- Heap [used=167MB, free=95.26%, comm=370MB]
    ^-- Off-heap [used=115MB, free=96.59%, comm=336MB]
    ^--   sysMemPlc region [used=0MB, free=99.21%, comm=40MB]
    ^--   default region [used=114MB, free=96.4%, comm=256MB]
    ^--   TxLog region [used=0MB, free=100%, comm=40MB]
    ^-- Outbound messages queue [size=0]
    ^-- Public thread pool [active=1, idle=7, qSize=0]
    ^-- System thread pool [active=0, idle=6, qSize=0]
[12:10:05,534][INFO][grid-timeout-worker-#23][IgniteKernal] FreeList [name=null, buckets=256, dataPages=11856, reusePages=9]
[12:11:05,535][INFO][grid-timeout-worker-#23][IgniteKernal] 
Metrics for local node (to disable set 'metricsLogFrequency' to 0)
    ^-- Node [id=a5ee7e58, uptime=00:21:00.118]
    ^-- H/N/C [hosts=1, nodes=1, CPUs=4]
    ^-- CPU [cur=25.33%, avg=25.63%, GC=0.23%]
    ^-- PageMemory [pages=29346]
    ^-- Heap [used=194MB, free=94.5%, comm=321MB]
    ^-- Off-heap [used=115MB, free=96.59%, comm=336MB]
    ^--   sysMemPlc region [used=0MB, free=99.21%, comm=40MB]
    ^--   default region [used=114MB, free=96.4%, comm=256MB]
    ^--   TxLog region [used=0MB, free=100%, comm=40MB]
    ^-- Outbound messages queue [size=0]
    ^-- Public thread pool [active=1, idle=7, qSize=0]
    ^-- System thread pool [active=0, idle=6, qSize=0]
[12:11:05,535][INFO][grid-timeout-worker-#23][IgniteKernal] FreeList [name=null, buckets=256, dataPages=11856, reusePages=11]
[12:12:05,541][INFO][grid-timeout-worker-#23][IgniteKernal] 
Metrics for local node (to disable set 'metricsLogFrequency' to 0)
    ^-- Node [id=a5ee7e58, uptime=00:22:00.124]
    ^-- H/N/C [hosts=1, nodes=1, CPUs=4]
    ^-- CPU [cur=25.23%, avg=25.61%, GC=0.23%]
    ^-- PageMemory [pages=29347]
    ^-- Heap [used=286MB, free=91.88%, comm=334MB]
    ^-- Off-heap [used=115MB, free=96.59%, comm=336MB]
    ^--   sysMemPlc region [used=0MB, free=99.21%, comm=40MB]
    ^--   default region [used=114MB, free=96.4%, comm=256MB]
    ^--   TxLog region [used=0MB, free=100%, comm=40MB]
    ^-- Outbound messages queue [size=0]
    ^-- Public thread pool [active=1, idle=7, qSize=0]
    ^-- System thread pool [active=0, idle=6, qSize=0]
[12:12:05,541][INFO][grid-timeout-worker-#23][IgniteKernal] FreeList [name=null, buckets=256, dataPages=11856, reusePages=18]
[12:13:05,547][INFO][grid-timeout-worker-#23][IgniteKernal] 
Metrics for local node (to disable set 'metricsLogFrequency' to 0)
    ^-- Node [id=a5ee7e58, uptime=00:23:00.126]
    ^-- H/N/C [hosts=1, nodes=1, CPUs=4]
    ^-- CPU [cur=25.27%, avg=25.61%, GC=0.27%]
    ^-- PageMemory [pages=29347]
    ^-- Heap [used=147MB, free=95.84%, comm=328MB]
    ^-- Off-heap [used=115MB, free=96.59%, comm=336MB]
    ^--   sysMemPlc region [used=0MB, free=99.21%, comm=40MB]
    ^--   default region [used=114MB, free=96.4%, comm=256MB]
    ^--   TxLog region [used=0MB, free=100%, comm=40MB]
    ^-- Outbound messages queue [size=0]
    ^-- Public thread pool [active=1, idle=7, qSize=0]
    ^-- System thread pool [active=0, idle=6, qSize=0]
[12:13:05,548][INFO][grid-timeout-worker-#23][IgniteKernal] FreeList [name=null, buckets=256, dataPages=11856, reusePages=8]
[12:14:05,550][INFO][grid-timeout-worker-#23][IgniteKernal] 
Metrics for local node (to disable set 'metricsLogFrequency' to 0)
    ^-- Node [id=a5ee7e58, uptime=00:24:00.133]
    ^-- H/N/C [hosts=1, nodes=1, CPUs=4]
    ^-- CPU [cur=25.17%, avg=25.6%, GC=0.27%]
    ^-- PageMemory [pages=29347]
    ^-- Heap [used=157MB, free=95.53%, comm=356MB]
    ^-- Off-heap [used=115MB, free=96.59%, comm=336MB]
    ^--   sysMemPlc region [used=0MB, free=99.21%, comm=40MB]
    ^--   default region [used=114MB, free=96.4%, comm=256MB]
    ^--   TxLog region [used=0MB, free=100%, comm=40MB]
    ^-- Outbound messages queue [size=0]
    ^-- Public thread pool [active=0, idle=8, qSize=0]
    ^-- System thread pool [active=0, idle=6, qSize=0]
[12:14:05,550][INFO][grid-timeout-worker-#23][IgniteKernal] FreeList [name=null, buckets=256, dataPages=11856, reusePages=13]
[12:15:05,555][INFO][grid-timeout-worker-#23][IgniteKernal] 
Metrics for local node (to disable set 'metricsLogFrequency' to 0)
    ^-- Node [id=a5ee7e58, uptime=00:25:00.140]
    ^-- H/N/C [hosts=1, nodes=1, CPUs=4]
    ^-- CPU [cur=25.23%, avg=25.59%, GC=0.23%]
    ^-- PageMemory [pages=29347]
    ^-- Heap [used=165MB, free=95.33%, comm=343MB]
    ^-- Off-heap [used=115MB, free=96.59%, comm=336MB]
    ^--   sysMemPlc region [used=0MB, free=99.21%, comm=40MB]
    ^--   default region [used=114MB, free=96.4%, comm=256MB]
    ^--   TxLog region [used=0MB, free=100%, comm=40MB]
    ^-- Outbound messages queue [size=0]
    ^-- Public thread pool [active=1, idle=7, qSize=0]
    ^-- System thread pool [active=0, idle=6, qSize=0]
[12:15:05,556][INFO][grid-timeout-worker-#23][IgniteKernal] FreeList [name=null, buckets=256, dataPages=11856, reusePages=15]
[12:16:05,564][INFO][grid-timeout-worker-#23][IgniteKernal] 
Metrics for local node (to disable set 'metricsLogFrequency' to 0)
    ^-- Node [id=a5ee7e58, uptime=00:26:00.142]
    ^-- H/N/C [hosts=1, nodes=1, CPUs=4]
    ^-- CPU [cur=25.27%, avg=25.58%, GC=0.27%]
    ^-- PageMemory [pages=29347]
    ^-- Heap [used=220MB, free=93.76%, comm=364MB]
    ^-- Off-heap [used=115MB, free=96.59%, comm=336MB]
    ^--   sysMemPlc region [used=0MB, free=99.21%, comm=40MB]
    ^--   default region [used=114MB, free=96.4%, comm=256MB]
    ^--   TxLog region [used=0MB, free=100%, comm=40MB]
    ^-- Outbound messages queue [size=0]
    ^-- Public thread pool [active=0, idle=8, qSize=0]
    ^-- System thread pool [active=0, idle=6, qSize=0]
[12:16:05,564][INFO][grid-timeout-worker-#23][IgniteKernal] FreeList [name=null, buckets=256, dataPages=11856, reusePages=14]
[12:17:05,566][INFO][grid-timeout-worker-#23][IgniteKernal] 
Metrics for local node (to disable set 'metricsLogFrequency' to 0)
    ^-- Node [id=a5ee7e58, uptime=00:27:00.149]
    ^-- H/N/C [hosts=1, nodes=1, CPUs=4]
    ^-- CPU [cur=25.33%, avg=25.57%, GC=0.23%]
    ^-- PageMemory [pages=29347]
    ^-- Heap [used=264MB, free=92.52%, comm=324MB]
    ^-- Off-heap [used=115MB, free=96.59%, comm=336MB]
    ^--   sysMemPlc region [used=0MB, free=99.21%, comm=40MB]
    ^--   default region [used=114MB, free=96.4%, comm=256MB]
    ^--   TxLog region [used=0MB, free=100%, comm=40MB]
    ^-- Outbound messages queue [size=0]
    ^-- Public thread pool [active=1, idle=7, qSize=0]
    ^-- System thread pool [active=0, idle=6, qSize=0]
[12:17:05,566][INFO][grid-timeout-worker-#23][IgniteKernal] FreeList [name=null, buckets=256, dataPages=11856, reusePages=9]
[12:18:05,567][INFO][grid-timeout-worker-#23][IgniteKernal] 
Metrics for local node (to disable set 'metricsLogFrequency' to 0)
    ^-- Node [id=a5ee7e58, uptime=00:28:00.151]
    ^-- H/N/C [hosts=1, nodes=1, CPUs=4]
    ^-- CPU [cur=25.23%, avg=25.56%, GC=0.2%]
    ^-- PageMemory [pages=29347]
    ^-- Heap [used=261MB, free=92.61%, comm=347MB]
    ^-- Off-heap [used=115MB, free=96.59%, comm=336MB]
    ^--   sysMemPlc region [used=0MB, free=99.21%, comm=40MB]
    ^--   default region [used=114MB, free=96.4%, comm=256MB]
    ^--   TxLog region [used=0MB, free=100%, comm=40MB]
    ^-- Outbound messages queue [size=0]
    ^-- Public thread pool [active=1, idle=7, qSize=0]
    ^-- System thread pool [active=0, idle=6, qSize=0]
[12:18:05,567][INFO][grid-timeout-worker-#23][IgniteKernal] FreeList [name=null, buckets=256, dataPages=11856, reusePages=8]
[12:19:05,570][INFO][grid-timeout-worker-#23][IgniteKernal] 
Metrics for local node (to disable set 'metricsLogFrequency' to 0)
    ^-- Node [id=a5ee7e58, uptime=00:29:00.151]
    ^-- H/N/C [hosts=1, nodes=1, CPUs=4]
    ^-- CPU [cur=25.27%, avg=25.55%, GC=0.27%]
    ^-- PageMemory [pages=29347]
    ^-- Heap [used=171MB, free=95.15%, comm=330MB]
    ^-- Off-heap [used=115MB, free=96.59%, comm=336MB]
    ^--   sysMemPlc region [used=0MB, free=99.21%, comm=40MB]
    ^--   default region [used=114MB, free=96.4%, comm=256MB]
    ^--   TxLog region [used=0MB, free=100%, comm=40MB]
    ^-- Outbound messages queue [size=0]
    ^-- Public thread pool [active=0, idle=8, qSize=0]
    ^-- System thread pool [active=0, idle=6, qSize=0]
[12:19:05,570][INFO][grid-timeout-worker-#23][IgniteKernal] FreeList [name=null, buckets=256, dataPages=11856, reusePages=14]
[12:20:05,575][INFO][grid-timeout-worker-#23][IgniteKernal] 
Metrics for local node (to disable set 'metricsLogFrequency' to 0)
    ^-- Node [id=a5ee7e58, uptime=00:30:00.160]
    ^-- H/N/C [hosts=1, nodes=1, CPUs=4]
    ^-- CPU [cur=25.33%, avg=25.54%, GC=0.27%]
    ^-- PageMemory [pages=29347]
    ^-- Heap [used=291MB, free=91.74%, comm=354MB]
    ^-- Off-heap [used=115MB, free=96.59%, comm=336MB]
    ^--   sysMemPlc region [used=0MB, free=99.21%, comm=40MB]
    ^--   default region [used=114MB, free=96.4%, comm=256MB]
    ^--   TxLog region [used=0MB, free=100%, comm=40MB]
    ^-- Outbound messages queue [size=0]
    ^-- Public thread pool [active=0, idle=8, qSize=0]
    ^-- System thread pool [active=0, idle=6, qSize=0]
[12:20:05,575][INFO][grid-timeout-worker-#23][IgniteKernal] FreeList [name=null, buckets=256, dataPages=11856, reusePages=15]
[12:21:05,580][INFO][grid-timeout-worker-#23][IgniteKernal] 
Metrics for local node (to disable set 'metricsLogFrequency' to 0)
    ^-- Node [id=a5ee7e58, uptime=00:31:00.166]
    ^-- H/N/C [hosts=1, nodes=1, CPUs=4]
    ^-- CPU [cur=25.1%, avg=25.53%, GC=0.3%]
    ^-- PageMemory [pages=29347]
    ^-- Heap [used=384MB, free=89.11%, comm=411MB]
    ^-- Off-heap [used=115MB, free=96.59%, comm=336MB]
    ^--   sysMemPlc region [used=0MB, free=99.21%, comm=40MB]
    ^--   default region [used=114MB, free=96.4%, comm=256MB]
    ^--   TxLog region [used=0MB, free=100%, comm=40MB]
    ^-- Outbound messages queue [size=0]
    ^-- Public thread pool [active=1, idle=7, qSize=0]
    ^-- System thread pool [active=0, idle=6, qSize=0]
[12:21:05,580][INFO][grid-timeout-worker-#23][IgniteKernal] FreeList [name=null, buckets=256, dataPages=11856, reusePages=12]
[12:22:05,581][INFO][grid-timeout-worker-#23][IgniteKernal] 
Metrics for local node (to disable set 'metricsLogFrequency' to 0)
    ^-- Node [id=a5ee7e58, uptime=00:32:00.167]
    ^-- H/N/C [hosts=1, nodes=1, CPUs=4]
    ^-- CPU [cur=25.27%, avg=25.52%, GC=0.27%]
    ^-- PageMemory [pages=29347]
    ^-- Heap [used=231MB, free=93.46%, comm=381MB]
    ^-- Off-heap [used=115MB, free=96.59%, comm=336MB]
    ^--   sysMemPlc region [used=0MB, free=99.21%, comm=40MB]
    ^--   default region [used=114MB, free=96.4%, comm=256MB]
    ^--   TxLog region [used=0MB, free=100%, comm=40MB]
    ^-- Outbound messages queue [size=0]
    ^-- Public thread pool [active=1, idle=7, qSize=0]
    ^-- System thread pool [active=0, idle=6, qSize=0]
[12:22:05,581][INFO][grid-timeout-worker-#23][IgniteKernal] FreeList [name=null, buckets=256, dataPages=11856, reusePages=16]
[12:23:05,582][INFO][grid-timeout-worker-#23][IgniteKernal] 
Metrics for local node (to disable set 'metricsLogFrequency' to 0)
    ^-- Node [id=a5ee7e58, uptime=00:33:00.167]
    ^-- H/N/C [hosts=1, nodes=1, CPUs=4]
    ^-- CPU [cur=25.43%, avg=25.52%, GC=0.27%]
    ^-- PageMemory [pages=29347]
    ^-- Heap [used=270MB, free=92.34%, comm=348MB]
    ^-- Off-heap [used=115MB, free=96.59%, comm=336MB]
    ^--   sysMemPlc region [used=0MB, free=99.21%, comm=40MB]
    ^--   default region [used=114MB, free=96.4%, comm=256MB]
    ^--   TxLog region [used=0MB, free=100%, comm=40MB]
    ^-- Outbound messages queue [size=0]
    ^-- Public thread pool [active=1, idle=7, qSize=0]
    ^-- System thread pool [active=0, idle=6, qSize=0]
[12:23:05,582][INFO][grid-timeout-worker-#23][IgniteKernal] FreeList [name=null, buckets=256, dataPages=11856, reusePages=13]
[12:24:05,591][INFO][grid-timeout-worker-#23][IgniteKernal] 
Metrics for local node (to disable set 'metricsLogFrequency' to 0)
    ^-- Node [id=a5ee7e58, uptime=00:34:00.173]
    ^-- H/N/C [hosts=1, nodes=1, CPUs=4]
    ^-- CPU [cur=25.33%, avg=25.51%, GC=0.23%]
    ^-- PageMemory [pages=29347]
    ^-- Heap [used=264MB, free=92.51%, comm=379MB]
    ^-- Off-heap [used=115MB, free=96.59%, comm=336MB]
    ^--   sysMemPlc region [used=0MB, free=99.21%, comm=40MB]
    ^--   default region [used=114MB, free=96.4%, comm=256MB]
    ^--   TxLog region [used=0MB, free=100%, comm=40MB]
    ^-- Outbound messages queue [size=0]
    ^-- Public thread pool [active=1, idle=7, qSize=0]
    ^-- System thread pool [active=0, idle=6, qSize=0]
[12:24:05,591][INFO][grid-timeout-worker-#23][IgniteKernal] FreeList [name=null, buckets=256, dataPages=11856, reusePages=15]
[12:25:05,589][INFO][grid-timeout-worker-#23][IgniteKernal] 
Metrics for local node (to disable set 'metricsLogFrequency' to 0)
    ^-- Node [id=a5ee7e58, uptime=00:35:00.174]
    ^-- H/N/C [hosts=1, nodes=1, CPUs=4]
    ^-- CPU [cur=25.27%, avg=25.5%, GC=0.23%]
    ^-- PageMemory [pages=29347]
    ^-- Heap [used=249MB, free=92.94%, comm=333MB]
    ^-- Off-heap [used=115MB, free=96.59%, comm=336MB]
    ^--   sysMemPlc region [used=0MB, free=99.21%, comm=40MB]
    ^--   default region [used=114MB, free=96.4%, comm=256MB]
    ^--   TxLog region [used=0MB, free=100%, comm=40MB]
    ^-- Outbound messages queue [size=0]
    ^-- Public thread pool [active=1, idle=7, qSize=0]
    ^-- System thread pool [active=0, idle=6, qSize=0]
[12:25:05,589][INFO][grid-timeout-worker-#23][IgniteKernal] FreeList [name=null, buckets=256, dataPages=11856, reusePages=14]
[12:26:05,592][INFO][grid-timeout-worker-#23][IgniteKernal] 
Metrics for local node (to disable set 'metricsLogFrequency' to 0)
    ^-- Node [id=a5ee7e58, uptime=00:36:00.174]
    ^-- H/N/C [hosts=1, nodes=1, CPUs=4]
    ^-- CPU [cur=24.9%, avg=25.5%, GC=0.03%]
    ^-- PageMemory [pages=29347]
    ^-- Heap [used=493MB, free=86.04%, comm=959MB]
    ^-- Off-heap [used=115MB, free=96.59%, comm=336MB]
    ^--   sysMemPlc region [used=0MB, free=99.21%, comm=40MB]
    ^--   default region [used=114MB, free=96.4%, comm=256MB]
    ^--   TxLog region [used=0MB, free=100%, comm=40MB]
    ^-- Outbound messages queue [size=0]
    ^-- Public thread pool [active=1, idle=7, qSize=0]
    ^-- System thread pool [active=0, idle=6, qSize=0]
[12:26:05,592][INFO][grid-timeout-worker-#23][IgniteKernal] FreeList [name=null, buckets=256, dataPages=11856, reusePages=13]
[12:27:05,592][INFO][grid-timeout-worker-#23][IgniteKernal] 
Metrics for local node (to disable set 'metricsLogFrequency' to 0)
    ^-- Node [id=a5ee7e58, uptime=00:37:00.177]
    ^-- H/N/C [hosts=1, nodes=1, CPUs=4]
    ^-- CPU [cur=25%, avg=25.48%, GC=0.03%]
    ^-- PageMemory [pages=29347]
    ^-- Heap [used=398MB, free=88.72%, comm=1266MB]
    ^-- Off-heap [used=115MB, free=96.59%, comm=336MB]
    ^--   sysMemPlc region [used=0MB, free=99.21%, comm=40MB]
    ^--   default region [used=114MB, free=96.4%, comm=256MB]
    ^--   TxLog region [used=0MB, free=100%, comm=40MB]
    ^-- Outbound messages queue [size=0]
    ^-- Public thread pool [active=0, idle=8, qSize=0]
    ^-- System thread pool [active=0, idle=6, qSize=0]
[12:27:05,592][INFO][grid-timeout-worker-#23][IgniteKernal] FreeList [name=null, buckets=256, dataPages=11855, reusePages=13]
[12:28:05,601][INFO][grid-timeout-worker-#23][IgniteKernal] 
Metrics for local node (to disable set 'metricsLogFrequency' to 0)
    ^-- Node [id=a5ee7e58, uptime=00:38:00.186]
    ^-- H/N/C [hosts=1, nodes=1, CPUs=4]
    ^-- CPU [cur=25%, avg=25.46%, GC=0.03%]
    ^-- PageMemory [pages=29347]
    ^-- Heap [used=946MB, free=73.22%, comm=1490MB]
    ^-- Off-heap [used=115MB, free=96.59%, comm=336MB]
    ^--   sysMemPlc region [used=0MB, free=99.21%, comm=40MB]
    ^--   default region [used=114MB, free=96.4%, comm=256MB]
    ^--   TxLog region [used=0MB, free=100%, comm=40MB]
    ^-- Outbound messages queue [size=0]
    ^-- Public thread pool [active=0, idle=8, qSize=0]
    ^-- System thread pool [active=0, idle=6, qSize=0]
[12:28:05,601][INFO][grid-timeout-worker-#23][IgniteKernal] FreeList [name=null, buckets=256, dataPages=11855, reusePages=14]
