[2019-12-02 14:47:09,940][WARN ][main][G] Ignite work directory is not provided, automatically resolved to: /home/xshaini/apache-ignite-2.7.5-bin/work
[2019-12-02 14:47:10,141][INFO ][main][IgniteKernal] 

>>>    __________  ________________  
>>>   /  _/ ___/ |/ /  _/_  __/ __/  
>>>  _/ // (7 7    // /  / / / _/    
>>> /___/\___/_/|_/___/ /_/ /___/   
>>> 
>>> ver. 2.7.6#20190911-sha1:21f7ca41
>>> 2019 Copyright(C) Apache Software Foundation
>>> 
>>> Ignite documentation: http://ignite.apache.org

[2019-12-02 14:47:10,155][INFO ][main][IgniteKernal] Config URL: file:/home/xshaini/apache-ignite-2.7.5-bin/examples/config/example-ignite.xml
[2019-12-02 14:47:10,174][INFO ][main][IgniteKernal] IgniteConfiguration [igniteInstanceName=null, pubPoolSize=8, svcPoolSize=8, callbackPoolSize=8, stripedPoolSize=8, sysPoolSize=8, mgmtPoolSize=4, igfsPoolSize=4, dataStreamerPoolSize=8, utilityCachePoolSize=8, utilityCacheKeepAliveTime=60000, p2pPoolSize=2, qryPoolSize=8, igniteHome=/home/xshaini/apache-ignite-2.7.5-bin, igniteWorkDir=/home/xshaini/apache-ignite-2.7.5-bin/work, mbeanSrv=com.sun.jmx.mbeanserver.JmxMBeanServer@2e6a8155, nodeId=72edfe90-3c76-4543-aeed-1f22b0a773bb, marsh=BinaryMarshaller [], marshLocJobs=false, daemon=false, p2pEnabled=true, netTimeout=5000, sndRetryDelay=1000, sndRetryCnt=3, metricsHistSize=10000, metricsUpdateFreq=2000, metricsExpTime=9223372036854775807, discoSpi=TcpDiscoverySpi [addrRslvr=null, sockTimeout=0, ackTimeout=0, marsh=null, reconCnt=10, reconDelay=2000, maxAckTimeout=600000, forceSrvMode=false, clientReconnectDisabled=false, internalLsnr=null], segPlc=STOP, segResolveAttempts=2, waitForSegOnStart=true, allResolversPassReq=true, segChkFreq=10000, commSpi=TcpCommunicationSpi [connectGate=null, connPlc=org.apache.ignite.spi.communication.tcp.TcpCommunicationSpi$FirstConnectionPolicy@e25951c, enableForcibleNodeKill=false, enableTroubleshootingLog=false, locAddr=null, locHost=null, locPort=47100, locPortRange=100, shmemPort=-1, directBuf=true, directSndBuf=false, idleConnTimeout=600000, connTimeout=5000, maxConnTimeout=600000, reconCnt=10, sockSndBuf=32768, sockRcvBuf=32768, msgQueueLimit=0, slowClientQueueLimit=0, nioSrvr=null, shmemSrv=null, usePairedConnections=false, connectionsPerNode=1, tcpNoDelay=true, filterReachableAddresses=false, ackSndThreshold=32, unackedMsgsBufSize=0, sockWriteTimeout=2000, boundTcpPort=-1, boundTcpShmemPort=-1, selectorsCnt=4, selectorSpins=0, addrRslvr=null, ctxInitLatch=java.util.concurrent.CountDownLatch@15f47664[Count = 1], stopping=false], evtSpi=org.apache.ignite.spi.eventstorage.NoopEventStorageSpi@471a9022, colSpi=NoopCollisionSpi [], deploySpi=LocalDeploymentSpi [], indexingSpi=org.apache.ignite.spi.indexing.noop.NoopIndexingSpi@4b2c5e02, addrRslvr=null, encryptionSpi=org.apache.ignite.spi.encryption.noop.NoopEncryptionSpi@57a3e26a, clientMode=false, rebalanceThreadPoolSize=1, txCfg=TransactionConfiguration [txSerEnabled=false, dfltIsolation=REPEATABLE_READ, dfltConcurrency=PESSIMISTIC, dfltTxTimeout=0, txTimeoutOnPartitionMapExchange=0, pessimisticTxLogSize=0, pessimisticTxLogLinger=10000, tmLookupClsName=null, txManagerFactory=null, useJtaSync=false], cacheSanityCheckEnabled=true, discoStartupDelay=60000, deployMode=SHARED, p2pMissedCacheSize=100, locHost=null, timeSrvPortBase=31100, timeSrvPortRange=100, failureDetectionTimeout=10000, sysWorkerBlockedTimeout=null, clientFailureDetectionTimeout=30000, metricsLogFreq=60000, hadoopCfg=null, connectorCfg=ConnectorConfiguration [jettyPath=null, host=null, port=11211, noDelay=true, directBuf=false, sndBufSize=32768, rcvBufSize=32768, idleQryCurTimeout=600000, idleQryCurCheckFreq=60000, sndQueueLimit=0, selectorCnt=4, idleTimeout=7000, sslEnabled=false, sslClientAuth=false, sslCtxFactory=null, sslFactory=null, portRange=100, threadPoolSize=8, msgInterceptor=null], odbcCfg=null, warmupClos=null, atomicCfg=AtomicConfiguration [seqReserveSize=1000, cacheMode=PARTITIONED, backups=1, aff=null, grpName=null], classLdr=null, sslCtxFactory=null, platformCfg=null, binaryCfg=null, memCfg=null, pstCfg=null, dsCfg=DataStorageConfiguration [sysRegionInitSize=41943040, sysRegionMaxSize=104857600, pageSize=0, concLvl=0, dfltDataRegConf=DataRegionConfiguration [name=default, maxSize=3335326105, initSize=268435456, swapPath=null, pageEvictionMode=DISABLED, evictionThreshold=0.9, emptyPagesPoolSize=100, metricsEnabled=false, metricsSubIntervalCount=5, metricsRateTimeInterval=60000, persistenceEnabled=false, checkpointPageBufSize=0], dataRegions=null, storagePath=null, checkpointFreq=180000, lockWaitTime=10000, checkpointThreads=4, checkpointWriteOrder=SEQUENTIAL, walHistSize=20, maxWalArchiveSize=1073741824, walSegments=10, walSegmentSize=67108864, walPath=db/wal, walArchivePath=db/wal/archive, metricsEnabled=false, walMode=LOG_ONLY, walTlbSize=131072, walBuffSize=0, walFlushFreq=2000, walFsyncDelay=1000, walRecordIterBuffSize=67108864, alwaysWriteFullPages=false, fileIOFactory=org.apache.ignite.internal.processors.cache.persistence.file.AsyncFileIOFactory@27912e3, metricsSubIntervalCnt=5, metricsRateTimeInterval=60000, walAutoArchiveAfterInactivity=-1, writeThrottlingEnabled=false, walCompactionEnabled=false, walCompactionLevel=1, checkpointReadLockTimeout=null], activeOnStart=true, autoActivation=true, longQryWarnTimeout=3000, sqlConnCfg=null, cliConnCfg=ClientConnectorConfiguration [host=null, port=10800, portRange=100, sockSndBufSize=0, sockRcvBufSize=0, tcpNoDelay=true, maxOpenCursorsPerConn=128, threadPoolSize=8, idleTimeout=0, jdbcEnabled=true, odbcEnabled=true, thinCliEnabled=true, sslEnabled=false, useIgniteSslCtxFactory=true, sslClientAuth=false, sslCtxFactory=null], mvccVacuumThreadCnt=2, mvccVacuumFreq=5000, authEnabled=false, failureHnd=null, commFailureRslvr=null]
[2019-12-02 14:47:10,174][INFO ][main][IgniteKernal] Daemon mode: off
[2019-12-02 14:47:10,174][INFO ][main][IgniteKernal] OS: Linux 4.15.0-70-generic amd64
[2019-12-02 14:47:10,175][INFO ][main][IgniteKernal] OS user: xshaini
[2019-12-02 14:47:10,176][INFO ][main][IgniteKernal] PID: 8767
[2019-12-02 14:47:10,176][INFO ][main][IgniteKernal] Language runtime: Scala ver. 2.11.11
[2019-12-02 14:47:10,176][INFO ][main][IgniteKernal] VM information: Java(TM) SE Runtime Environment 1.8.0_211-b12 Oracle Corporation Java HotSpot(TM) 64-Bit Server VM 25.211-b12
[2019-12-02 14:47:10,178][INFO ][main][IgniteKernal] VM total memory: 3.5GB
[2019-12-02 14:47:10,178][INFO ][main][IgniteKernal] Remote Management [restart: off, REST: on, JMX (remote: off)]
[2019-12-02 14:47:10,178][INFO ][main][IgniteKernal] Logger: Log4JLogger [quiet=true, config=/home/xshaini/apache-ignite-2.7.5-bin/config/ignite-log4j.xml]
[2019-12-02 14:47:10,178][INFO ][main][IgniteKernal] IGNITE_HOME=/home/xshaini/apache-ignite-2.7.5-bin
[2019-12-02 14:47:10,179][INFO ][main][IgniteKernal] VM arguments: [-Dfile.encoding=UTF-8, -Xbootclasspath/p:/home/xshaini/scala-SDK-4.7.0/eclipse/plugins/org.scala-ide.scala211.jars_4.7.0.201709291351/target/jars/scala-library.jar:/home/xshaini/scala-SDK-4.7.0/eclipse/plugins/org.scala-ide.scala211.jars_4.7.0.201709291351/target/jars/scala-reflect.jar]
[2019-12-02 14:47:10,179][INFO ][main][IgniteKernal] System cache's DataRegion size is configured to 40 MB. Use DataStorageConfiguration.systemRegionInitialSize property to change the setting.
[2019-12-02 14:47:10,189][INFO ][main][IgniteKernal] Configured caches [in 'sysMemPlc' dataRegion: ['ignite-sys-cache']]
[2019-12-02 14:47:10,189][WARN ][main][IgniteKernal] Peer class loading is enabled (disable it in production for performance and deployment consistency reasons)
[2019-12-02 14:47:10,189][WARN ][main][IgniteKernal] Please set system property '-Djava.net.preferIPv4Stack=true' to avoid possible problems in mixed environments.
[2019-12-02 14:47:10,194][INFO ][main][IgniteKernal] 3-rd party licenses can be found at: /home/xshaini/apache-ignite-2.7.5-bin/libs/licenses
[2019-12-02 14:47:10,195][WARN ][pub-#22][GridDiagnostic] Initial heap size is 250MB (should be no less than 512MB, use -Xms512m -Xmx512m).
[2019-12-02 14:47:10,274][INFO ][main][IgnitePluginProcessor] Configured plugins:
[2019-12-02 14:47:10,274][INFO ][main][IgnitePluginProcessor]   ^-- None
[2019-12-02 14:47:10,274][INFO ][main][IgnitePluginProcessor] 
[2019-12-02 14:47:10,276][INFO ][main][FailureProcessor] Configured failure handler: [hnd=StopNodeOrHaltFailureHandler [tryStop=false, timeout=0, super=AbstractFailureHandler [ignoredFailureTypes=[SYSTEM_WORKER_BLOCKED, SYSTEM_CRITICAL_OPERATION_TIMEOUT]]]]
[2019-12-02 14:47:10,363][INFO ][main][TcpCommunicationSpi] Successfully bound communication NIO server to TCP port [port=47100, locHost=0.0.0.0/0.0.0.0, selectorsCnt=4, selectorSpins=0, pairedConn=false]
[2019-12-02 14:47:10,372][WARN ][main][TcpCommunicationSpi] Message queue limit is set to 0 which may lead to potential OOMEs when running cache operations in FULL_ASYNC or PRIMARY_SYNC modes due to message queues growth on sender and receiver sides.
[2019-12-02 14:47:10,415][WARN ][main][NoopCheckpointSpi] Checkpoints are disabled (to enable configure any GridCheckpointSpi implementation)
[2019-12-02 14:47:10,446][WARN ][main][GridCollisionManager] Collision resolution is disabled (all jobs will be activated upon arrival).
[2019-12-02 14:47:10,512][INFO ][main][IgniteKernal] Security status [authentication=off, tls/ssl=off]
[2019-12-02 14:47:10,845][WARN ][main][IgniteCacheDatabaseSharedManager] DataRegionConfiguration.maxWalArchiveSize instead DataRegionConfiguration.walHistorySize would be used for removing old archive wal files
[2019-12-02 14:47:10,863][INFO ][main][PartitionsEvictManager] Evict partition permits=2
[2019-12-02 14:47:11,101][INFO ][main][ClientListenerProcessor] Client connector processor has started on TCP port 10800
[2019-12-02 14:47:11,154][INFO ][main][GridTcpRestProtocol] Command protocol successfully started [name=TCP binary, host=0.0.0.0/0.0.0.0, port=11211]
[2019-12-02 14:47:11,212][INFO ][main][IgniteKernal] Non-loopback local IPs: 172.168.1.60, fe80:0:0:0:c537:4cc4:a945:74b5%wlp2s0
[2019-12-02 14:47:11,212][INFO ][main][IgniteKernal] Enabled local MACs: 1002B5D9B0B6
[2019-12-02 14:47:11,271][INFO ][main][TcpDiscoverySpi] Connection check threshold is calculated: 10000
[2019-12-02 14:47:11,274][INFO ][main][TcpDiscoverySpi] Successfully bound to TCP port [port=47500, localHost=0.0.0.0/0.0.0.0, locNodeId=72edfe90-3c76-4543-aeed-1f22b0a773bb]
[2019-12-02 14:47:12,521][INFO ][disco-notifier-worker-#41][MvccProcessorImpl] Assigned mvcc coordinator [crd=MvccCoordinator [nodeId=72edfe90-3c76-4543-aeed-1f22b0a773bb, crdVer=1575294432512, topVer=AffinityTopologyVersion [topVer=1, minorTopVer=0]], crdNode=TcpDiscoveryNode [id=72edfe90-3c76-4543-aeed-1f22b0a773bb, addrs=[0:0:0:0:0:0:0:1%lo, 127.0.0.1, 172.168.1.60], sockAddrs=[/172.168.1.60:47500, /0:0:0:0:0:0:0:1%lo:47500, /127.0.0.1:47500], discPort=47500, order=1, intOrder=1, lastExchangeTime=1575294431269, loc=true, ver=2.7.6#20190911-sha1:21f7ca41, isClient=false]]
[2019-12-02 14:47:12,557][INFO ][exchange-worker-#43][time] Started exchange init [topVer=AffinityTopologyVersion [topVer=1, minorTopVer=0], mvccCrd=MvccCoordinator [nodeId=72edfe90-3c76-4543-aeed-1f22b0a773bb, crdVer=1575294432512, topVer=AffinityTopologyVersion [topVer=1, minorTopVer=0]], mvccCrdChange=true, crd=true, evt=NODE_JOINED, evtNode=72edfe90-3c76-4543-aeed-1f22b0a773bb, customEvt=null, allowMerge=false]
[2019-12-02 14:47:12,579][INFO ][exchange-worker-#43][msg] Components activation performed in 21 ms.
[2019-12-02 14:47:12,723][INFO ][exchange-worker-#43][GridCacheProcessor] Started cache [name=ignite-sys-cache, id=-2100569601, memoryPolicyName=sysMemPlc, mode=REPLICATED, atomicity=TRANSACTIONAL, backups=2147483647, mvcc=false], encryptionEnabled=false]
[2019-12-02 14:47:12,723][INFO ][exchange-worker-#43][GridCacheProcessor] Starting caches on local join performed in 144 ms.
[2019-12-02 14:47:12,732][INFO ][exchange-worker-#43][GridDhtPartitionsExchangeFuture] Skipped waiting for partitions release future (local node is joining) [topVer=AffinityTopologyVersion [topVer=1, minorTopVer=0]]
[2019-12-02 14:47:12,775][INFO ][exchange-worker-#43][GridDhtPartitionsExchangeFuture] finishExchangeOnCoordinator [topVer=AffinityTopologyVersion [topVer=1, minorTopVer=0], resVer=AffinityTopologyVersion [topVer=1, minorTopVer=0]]
[2019-12-02 14:47:12,775][INFO ][exchange-worker-#43][GridDhtPartitionsExchangeFuture] Affinity changes (coordinator) applied in 0 ms.
[2019-12-02 14:47:12,779][INFO ][exchange-worker-#43][GridDhtPartitionsExchangeFuture] Partitions validation performed in 4 ms.
[2019-12-02 14:47:12,779][INFO ][exchange-worker-#43][GridDhtPartitionsExchangeFuture] Partitions assignment performed in 0 ms.
[2019-12-02 14:47:12,790][INFO ][exchange-worker-#43][GridDhtPartitionsExchangeFuture] Preparing Full Message performed in 11 ms.
[2019-12-02 14:47:12,791][INFO ][exchange-worker-#43][GridDhtPartitionsExchangeFuture] Sending Full Message to all nodes performed in 0 ms.
[2019-12-02 14:47:12,791][INFO ][exchange-worker-#43][GridDhtPartitionsExchangeFuture] Finish exchange future [startVer=AffinityTopologyVersion [topVer=1, minorTopVer=0], resVer=AffinityTopologyVersion [topVer=1, minorTopVer=0], err=null]
[2019-12-02 14:47:12,791][INFO ][exchange-worker-#43][GridDhtPartitionsExchangeFuture] Detecting lost partitions performed in 0 ms.
[2019-12-02 14:47:12,792][INFO ][exchange-worker-#43][MvccProcessorImpl] Initialize local node as mvcc coordinator [node=72edfe90-3c76-4543-aeed-1f22b0a773bb, crdVer=1575294432512]
[2019-12-02 14:47:12,798][INFO ][exchange-worker-#43][GridCacheProcessor] Finish proxy initialization, cacheName=ignite-sys-cache, localNodeId=72edfe90-3c76-4543-aeed-1f22b0a773bb
[2019-12-02 14:47:12,799][INFO ][exchange-worker-#43][GridDhtPartitionsExchangeFuture] Completed partition exchange [localNode=72edfe90-3c76-4543-aeed-1f22b0a773bb, exchange=GridDhtPartitionsExchangeFuture [topVer=AffinityTopologyVersion [topVer=1, minorTopVer=0], evt=NODE_JOINED, evtNode=TcpDiscoveryNode [id=72edfe90-3c76-4543-aeed-1f22b0a773bb, addrs=[0:0:0:0:0:0:0:1%lo, 127.0.0.1, 172.168.1.60], sockAddrs=[/172.168.1.60:47500, /0:0:0:0:0:0:0:1%lo:47500, /127.0.0.1:47500], discPort=47500, order=1, intOrder=1, lastExchangeTime=1575294431269, loc=true, ver=2.7.6#20190911-sha1:21f7ca41, isClient=false], done=true], topVer=AffinityTopologyVersion [topVer=1, minorTopVer=0], durationFromInit=239]
[2019-12-02 14:47:12,799][INFO ][exchange-worker-#43][time] Finished exchange init [topVer=AffinityTopologyVersion [topVer=1, minorTopVer=0], crd=true]
[2019-12-02 14:47:12,803][INFO ][exchange-worker-#43][GridCachePartitionExchangeManager] Skipping rebalancing (nothing scheduled) [top=AffinityTopologyVersion [topVer=1, minorTopVer=0], force=false, evt=NODE_JOINED, node=72edfe90-3c76-4543-aeed-1f22b0a773bb]
[2019-12-02 14:47:12,861][INFO ][main][IgniteKernal] Performance suggestions for grid  (fix if possible)
[2019-12-02 14:47:12,861][INFO ][main][IgniteKernal] To disable, set -DIGNITE_PERFORMANCE_SUGGESTIONS_DISABLED=true
[2019-12-02 14:47:12,861][INFO ][main][IgniteKernal]   ^-- Disable grid events (remove 'includeEventTypes' from configuration)
[2019-12-02 14:47:12,862][INFO ][main][IgniteKernal]   ^-- Enable G1 Garbage Collector (add '-XX:+UseG1GC' to JVM options)
[2019-12-02 14:47:12,862][INFO ][main][IgniteKernal]   ^-- Specify JVM heap max size (add '-Xmx<size>[g|G|m|M|k|K]' to JVM options)
[2019-12-02 14:47:12,862][INFO ][main][IgniteKernal]   ^-- Set max direct memory size if getting 'OOME: Direct buffer memory' (add '-XX:MaxDirectMemorySize=<size>[g|G|m|M|k|K]' to JVM options)
[2019-12-02 14:47:12,862][INFO ][main][IgniteKernal]   ^-- Disable processing of calls to System.gc() (add '-XX:+DisableExplicitGC' to JVM options)
[2019-12-02 14:47:12,862][INFO ][main][IgniteKernal] Refer to this page for more performance suggestions: https://apacheignite.readme.io/docs/jvm-and-system-tuning
[2019-12-02 14:47:12,862][INFO ][main][IgniteKernal] 
[2019-12-02 14:47:12,863][INFO ][main][IgniteKernal] To start Console Management & Monitoring run ignitevisorcmd.{sh|bat}
[2019-12-02 14:47:12,866][INFO ][main][IgniteKernal] Data Regions Configured:
[2019-12-02 14:47:12,866][INFO ][main][IgniteKernal]   ^-- default [initSize=256.0 MiB, maxSize=3.1 GiB, persistence=false]
[2019-12-02 14:47:12,866][INFO ][main][IgniteKernal] 

>>> +----------------------------------------------------------------------+
>>> Ignite ver. 2.7.6#20190911-sha1:21f7ca41c4348909e2fd26ccf59b5b2ce1f4474e
>>> +----------------------------------------------------------------------+
>>> OS name: Linux 4.15.0-70-generic amd64
>>> CPU(s): 4
>>> Heap: 3.5GB
>>> VM name: 8767@eis-seoul
>>> Local node [ID=72EDFE90-3C76-4543-AEED-1F22B0A773BB, order=1, clientMode=false]
>>> Local node addresses: [172.168.1.60/0:0:0:0:0:0:0:1%lo, /127.0.0.1, /172.168.1.60]
>>> Local ports: TCP:10800 TCP:11211 TCP:47100 UDP:47400 TCP:47500 

[2019-12-02 14:47:12,869][INFO ][main][GridDiscoveryManager] Topology snapshot [ver=1, locNode=72edfe90, servers=1, clients=0, state=ACTIVE, CPUs=4, offheap=3.1GB, heap=3.5GB]
[2019-12-02 14:47:12,909][INFO ][exchange-worker-#43][time] Started exchange init [topVer=AffinityTopologyVersion [topVer=1, minorTopVer=1], mvccCrd=MvccCoordinator [nodeId=72edfe90-3c76-4543-aeed-1f22b0a773bb, crdVer=1575294432512, topVer=AffinityTopologyVersion [topVer=1, minorTopVer=0]], mvccCrdChange=false, crd=true, evt=DISCOVERY_CUSTOM_EVT, evtNode=72edfe90-3c76-4543-aeed-1f22b0a773bb, customEvt=DynamicCacheChangeBatch [id=b086dd6ce61-d7bfa7da-9019-4503-b724-0be3a2ad5b6f, reqs=[DynamicCacheChangeRequest [cacheName=Entity2IDcache, hasCfg=true, nodeId=72edfe90-3c76-4543-aeed-1f22b0a773bb, clientStartOnly=false, stop=false, destroy=false, disabledAfterStartfalse]], exchangeActions=ExchangeActions [startCaches=[Entity2IDcache], stopCaches=null, startGrps=[Entity2IDcache], stopGrps=[], resetParts=null, stateChangeRequest=null], startCaches=false], allowMerge=false]
[2019-12-02 14:47:12,910][INFO ][exchange-worker-#43][CacheAffinitySharedManager] Updating caches registry performed in 1 ms.
[2019-12-02 14:47:13,118][INFO ][exchange-worker-#43][GridCacheProcessor] Started cache [name=Entity2IDcache, id=-1974730792, memoryPolicyName=default, mode=PARTITIONED, atomicity=ATOMIC, backups=0, mvcc=false], encryptionEnabled=false]
[2019-12-02 14:47:13,123][INFO ][exchange-worker-#43][CacheAffinitySharedManager] Caches starting performed in 213 ms.
[2019-12-02 14:47:13,124][INFO ][exchange-worker-#43][CacheAffinitySharedManager] Affinity initialization for started caches performed in 1 ms.
[2019-12-02 14:47:13,136][INFO ][exchange-worker-#43][GridDhtPartitionsExchangeFuture] Finished waiting for partition release future [topVer=AffinityTopologyVersion [topVer=1, minorTopVer=1], waitTime=0ms, futInfo=NA, mode=DISTRIBUTED]
[2019-12-02 14:47:13,143][INFO ][exchange-worker-#43][GridDhtPartitionsExchangeFuture] Finished waiting for partitions release latch: ServerLatch [permits=0, pendingAcks=[], super=CompletableLatch [id=exchange, topVer=AffinityTopologyVersion [topVer=1, minorTopVer=1]]]
[2019-12-02 14:47:13,144][INFO ][exchange-worker-#43][GridDhtPartitionsExchangeFuture] Finished waiting for partition release future [topVer=AffinityTopologyVersion [topVer=1, minorTopVer=1], waitTime=0ms, futInfo=NA, mode=LOCAL]
[2019-12-02 14:47:13,396][INFO ][exchange-worker-#43][GridDhtPartitionsExchangeFuture] finishExchangeOnCoordinator [topVer=AffinityTopologyVersion [topVer=1, minorTopVer=1], resVer=AffinityTopologyVersion [topVer=1, minorTopVer=1]]
[2019-12-02 14:47:13,396][INFO ][exchange-worker-#43][GridDhtPartitionsExchangeFuture] Affinity changes (coordinator) applied in 0 ms.
[2019-12-02 14:47:13,400][INFO ][exchange-worker-#43][GridDhtPartitionsExchangeFuture] Partitions validation performed in 4 ms.
[2019-12-02 14:47:13,405][INFO ][exchange-worker-#43][GridDhtPartitionsExchangeFuture] Partitions assignment performed in 3 ms.
[2019-12-02 14:47:13,444][INFO ][exchange-worker-#43][GridDhtPartitionsExchangeFuture] Preparing Full Message performed in 29 ms.
[2019-12-02 14:47:13,445][INFO ][exchange-worker-#43][GridDhtPartitionsExchangeFuture] Sending Full Message to all nodes performed in 0 ms.
[2019-12-02 14:47:13,445][INFO ][exchange-worker-#43][GridDhtPartitionsExchangeFuture] Finish exchange future [startVer=AffinityTopologyVersion [topVer=1, minorTopVer=1], resVer=AffinityTopologyVersion [topVer=1, minorTopVer=1], err=null]
[2019-12-02 14:47:13,457][INFO ][exchange-worker-#43][GridCacheProcessor] Finish proxy initialization, cacheName=Entity2IDcache, localNodeId=72edfe90-3c76-4543-aeed-1f22b0a773bb
[2019-12-02 14:47:13,457][INFO ][exchange-worker-#43][GridDhtPartitionsExchangeFuture] Completed partition exchange [localNode=72edfe90-3c76-4543-aeed-1f22b0a773bb, exchange=GridDhtPartitionsExchangeFuture [topVer=AffinityTopologyVersion [topVer=1, minorTopVer=1], evt=DISCOVERY_CUSTOM_EVT, evtNode=TcpDiscoveryNode [id=72edfe90-3c76-4543-aeed-1f22b0a773bb, addrs=[0:0:0:0:0:0:0:1%lo, 127.0.0.1, 172.168.1.60], sockAddrs=[/172.168.1.60:47500, /0:0:0:0:0:0:0:1%lo:47500, /127.0.0.1:47500], discPort=47500, order=1, intOrder=1, lastExchangeTime=1575294431269, loc=true, ver=2.7.6#20190911-sha1:21f7ca41, isClient=false], done=true], topVer=AffinityTopologyVersion [topVer=1, minorTopVer=1], durationFromInit=550]
[2019-12-02 14:47:13,457][INFO ][exchange-worker-#43][time] Finished exchange init [topVer=AffinityTopologyVersion [topVer=1, minorTopVer=1], crd=true]
[2019-12-02 14:47:13,468][INFO ][exchange-worker-#43][GridCachePartitionExchangeManager] Skipping rebalancing (nothing scheduled) [top=AffinityTopologyVersion [topVer=1, minorTopVer=1], force=false, evt=DISCOVERY_CUSTOM_EVT, node=72edfe90-3c76-4543-aeed-1f22b0a773bb]
[2019-12-02 14:47:13,514][INFO ][exchange-worker-#43][time] Started exchange init [topVer=AffinityTopologyVersion [topVer=1, minorTopVer=2], mvccCrd=MvccCoordinator [nodeId=72edfe90-3c76-4543-aeed-1f22b0a773bb, crdVer=1575294432512, topVer=AffinityTopologyVersion [topVer=1, minorTopVer=0]], mvccCrdChange=false, crd=true, evt=DISCOVERY_CUSTOM_EVT, evtNode=72edfe90-3c76-4543-aeed-1f22b0a773bb, customEvt=DynamicCacheChangeBatch [id=2186dd6ce61-d7bfa7da-9019-4503-b724-0be3a2ad5b6f, reqs=[DynamicCacheChangeRequest [cacheName=Entity2IDcache, hasCfg=false, nodeId=72edfe90-3c76-4543-aeed-1f22b0a773bb, clientStartOnly=false, stop=true, destroy=false, disabledAfterStartfalse]], exchangeActions=ExchangeActions [startCaches=null, stopCaches=[Entity2IDcache], startGrps=[], stopGrps=[Entity2IDcache, destroy=true], resetParts=null, stateChangeRequest=null], startCaches=false], allowMerge=false]
[2019-12-02 14:47:13,514][INFO ][exchange-worker-#43][CacheAffinitySharedManager] Updating caches registry performed in 0 ms.
[2019-12-02 14:47:13,514][INFO ][exchange-worker-#43][CacheAffinitySharedManager] Caches starting performed in 0 ms.
[2019-12-02 14:47:13,514][INFO ][exchange-worker-#43][CacheAffinitySharedManager] Affinity initialization for started caches performed in 0 ms.
[2019-12-02 14:47:13,515][INFO ][exchange-worker-#43][GridDhtPartitionsExchangeFuture] Finished waiting for partition release future [topVer=AffinityTopologyVersion [topVer=1, minorTopVer=2], waitTime=0ms, futInfo=NA, mode=DISTRIBUTED]
[2019-12-02 14:47:13,515][INFO ][exchange-worker-#43][GridDhtPartitionsExchangeFuture] Finished waiting for partitions release latch: ServerLatch [permits=0, pendingAcks=[], super=CompletableLatch [id=exchange, topVer=AffinityTopologyVersion [topVer=1, minorTopVer=2]]]
[2019-12-02 14:47:13,516][INFO ][exchange-worker-#43][GridDhtPartitionsExchangeFuture] Finished waiting for partition release future [topVer=AffinityTopologyVersion [topVer=1, minorTopVer=2], waitTime=0ms, futInfo=NA, mode=LOCAL]
[2019-12-02 14:47:13,516][INFO ][exchange-worker-#43][GridDhtPartitionsExchangeFuture] finishExchangeOnCoordinator [topVer=AffinityTopologyVersion [topVer=1, minorTopVer=2], resVer=AffinityTopologyVersion [topVer=1, minorTopVer=2]]
[2019-12-02 14:47:13,516][INFO ][exchange-worker-#43][GridDhtPartitionsExchangeFuture] Affinity changes (coordinator) applied in 0 ms.
[2019-12-02 14:47:13,517][INFO ][exchange-worker-#43][GridDhtPartitionsExchangeFuture] Partitions validation performed in 1 ms.
[2019-12-02 14:47:13,517][INFO ][exchange-worker-#43][GridDhtPartitionsExchangeFuture] Partitions assignment performed in 0 ms.
[2019-12-02 14:47:13,522][INFO ][exchange-worker-#43][GridDhtPartitionsExchangeFuture] Preparing Full Message performed in 5 ms.
[2019-12-02 14:47:13,522][INFO ][exchange-worker-#43][GridDhtPartitionsExchangeFuture] Sending Full Message to all nodes performed in 0 ms.
[2019-12-02 14:47:13,522][INFO ][exchange-worker-#43][GridDhtPartitionsExchangeFuture] Finish exchange future [startVer=AffinityTopologyVersion [topVer=1, minorTopVer=2], resVer=AffinityTopologyVersion [topVer=1, minorTopVer=2], err=null]
[2019-12-02 14:47:13,555][INFO ][exchange-worker-#43][GridCacheProcessor] Stopped cache [cacheName=Entity2IDcache]
[2019-12-02 14:47:13,597][ERROR][main][DataStreamerImpl] DataStreamer operation failed.
class org.apache.ignite.IgniteCheckedException: Data streamer has been cancelled: DataStreamerImpl [bufLdrSzPerThread=4096, rcvr=org.apache.ignite.internal.processors.datastreamer.DataStreamerImpl$IsolatedUpdater@464a4442, ioPlcRslvr=null, cacheName=Entity2IDcache, bufSize=2048, parallelOps=0, timeout=-1, autoFlushFreq=0, bufMappings={}, cacheObjProc=GridProcessorAdapter [], cacheObjCtx=org.apache.ignite.internal.processors.cache.binary.CacheObjectBinaryContext@2873d672, cancelled=true, cancellationReason=null, failCntr=0, activeFuts=GridConcurrentHashSet [elements=[GridFutureAdapter [ignoreInterrupts=false, state=INIT, res=null, hash=1511004956]]], jobPda=null, depCls=null, fut=DataStreamerFuture [super=GridFutureAdapter [ignoreInterrupts=false, state=INIT, res=null, hash=1467977993]], publicFut=IgniteFuture [orig=DataStreamerFuture [super=GridFutureAdapter [ignoreInterrupts=false, state=INIT, res=null, hash=1467977993]]], disconnectErr=null, closed=true, lastFlushTime=1575294433474, skipStore=false, keepBinary=false, maxRemapCnt=32, remapSem=java.util.concurrent.Semaphore@757529a4[Permits = 2147483647], remapOwning=false]
	at org.apache.ignite.internal.processors.datastreamer.DataStreamerImpl.closeEx(DataStreamerImpl.java:1325)
	at org.apache.ignite.internal.processors.datastreamer.DataStreamerImpl.closeEx(DataStreamerImpl.java:1296)
	at org.apache.ignite.internal.processors.datastreamer.DataStreamProcessor.onKernalStop(DataStreamProcessor.java:155)
	at org.apache.ignite.internal.IgniteKernal.stop0(IgniteKernal.java:2280)
	at org.apache.ignite.internal.IgniteKernal.stop(IgniteKernal.java:2228)
	at org.apache.ignite.internal.IgnitionEx$IgniteNamedInstance.stop0(IgnitionEx.java:2617)
	at org.apache.ignite.internal.IgnitionEx$IgniteNamedInstance.stop(IgnitionEx.java:2580)
	at org.apache.ignite.internal.IgnitionEx.stop(IgnitionEx.java:379)
	at org.apache.ignite.Ignition.stop(Ignition.java:225)
	at org.apache.ignite.scalar.scalar$.init0(scalar.scala:184)
	at org.apache.ignite.scalar.scalar$.apply(scalar.scala:237)
	at ScalarCacheExample$.delayedEndpoint$ScalarCacheExample$1( ScalarCacheExample.scala:30)
	at ScalarCacheExample$delayedInit$body.apply( ScalarCacheExample.scala:17)
	at scala.Function0$class.apply$mcV$sp(Function0.scala:34)
	at scala.runtime.AbstractFunction0.apply$mcV$sp(AbstractFunction0.scala:12)
	at scala.App$$anonfun$main$1.apply(App.scala:76)
	at scala.App$$anonfun$main$1.apply(App.scala:76)
	at scala.collection.immutable.List.foreach(List.scala:392)
	at scala.collection.generic.TraversableForwarder$class.foreach(TraversableForwarder.scala:35)
	at scala.App$class.main(App.scala:76)
	at ScalarCacheExample$.main( ScalarCacheExample.scala:17)
	at ScalarCacheExample.main( ScalarCacheExample.scala)
[2019-12-02 14:47:13,603][ERROR][main][DataStreamProcessor] Failed to close data streamer: DataStreamerImpl [bufLdrSzPerThread=4096, rcvr=o.a.i.i.processors.datastreamer.DataStreamerImpl$IsolatedUpdater@464a4442, ioPlcRslvr=null, cacheName=Entity2IDcache, bufSize=2048, parallelOps=0, timeout=-1, autoFlushFreq=0, bufMappings={}, cacheObjProc=GridProcessorAdapter [], cacheObjCtx=o.a.i.i.processors.cache.binary.CacheObjectBinaryContext@2873d672, cancelled=true, cancellationReason=class o.a.i.IgniteCheckedException: Data streamer has been cancelled: DataStreamerImpl [bufLdrSzPerThread=4096, rcvr=o.a.i.i.processors.datastreamer.DataStreamerImpl$IsolatedUpdater@464a4442, ioPlcRslvr=null, cacheName=Entity2IDcache, bufSize=2048, parallelOps=0, timeout=-1, autoFlushFreq=0, bufMappings={}, cacheObjProc=GridProcessorAdapter [], cacheObjCtx=o.a.i.i.processors.cache.binary.CacheObjectBinaryContext@2873d672, cancelled=true, cancellationReason=null, failCntr=0, activeFuts=GridConcurrentHashSet [elements=[GridFutureAdapter [ignoreInterrupts=false, state=INIT, res=null, hash=1511004956]]], jobPda=null, depCls=null, fut=DataStreamerFuture [super=GridFutureAdapter [ignoreInterrupts=false, state=INIT, res=null, hash=1467977993]], publicFut=IgniteFuture [orig=DataStreamerFuture [super=GridFutureAdapter [ignoreInterrupts=false, state=INIT, res=null, hash=1467977993]]], disconnectErr=null, closed=true, lastFlushTime=1575294433474, skipStore=false, keepBinary=false, maxRemapCnt=32, remapSem=java.util.concurrent.Semaphore@757529a4[Permits = 2147483647], remapOwning=false], failCntr=1, activeFuts=GridConcurrentHashSet [elements=[]], jobPda=null, depCls=null, fut=DataStreamerFuture [super=GridFutureAdapter [ignoreInterrupts=false, state=DONE, res=class o.a.i.IgniteCheckedException: Some of DataStreamer operations failed [failedCount=1], hash=1467977993]], publicFut=IgniteFuture [orig=DataStreamerFuture [super=GridFutureAdapter [ignoreInterrupts=false, state=DONE, res=class o.a.i.IgniteCheckedException: Some of DataStreamer operations failed [failedCount=1], hash=1467977993]]], disconnectErr=null, closed=true, lastFlushTime=1575294433474, skipStore=false, keepBinary=false, maxRemapCnt=32, remapSem=java.util.concurrent.Semaphore@757529a4[Permits = 2147483647], remapOwning=false]
class org.apache.ignite.IgniteCheckedException: Some of DataStreamer operations failed [failedCount=1]
	at org.apache.ignite.internal.processors.datastreamer.DataStreamerImpl.closeEx(DataStreamerImpl.java:1352)
	at org.apache.ignite.internal.processors.datastreamer.DataStreamerImpl.closeEx(DataStreamerImpl.java:1296)
	at org.apache.ignite.internal.processors.datastreamer.DataStreamProcessor.onKernalStop(DataStreamProcessor.java:155)
	at org.apache.ignite.internal.IgniteKernal.stop0(IgniteKernal.java:2280)
	at org.apache.ignite.internal.IgniteKernal.stop(IgniteKernal.java:2228)
	at org.apache.ignite.internal.IgnitionEx$IgniteNamedInstance.stop0(IgnitionEx.java:2617)
	at org.apache.ignite.internal.IgnitionEx$IgniteNamedInstance.stop(IgnitionEx.java:2580)
	at org.apache.ignite.internal.IgnitionEx.stop(IgnitionEx.java:379)
	at org.apache.ignite.Ignition.stop(Ignition.java:225)
	at org.apache.ignite.scalar.scalar$.init0(scalar.scala:184)
	at org.apache.ignite.scalar.scalar$.apply(scalar.scala:237)
	at ScalarCacheExample$.delayedEndpoint$ScalarCacheExample$1( ScalarCacheExample.scala:30)
	at ScalarCacheExample$delayedInit$body.apply( ScalarCacheExample.scala:17)
	at scala.Function0$class.apply$mcV$sp(Function0.scala:34)
	at scala.runtime.AbstractFunction0.apply$mcV$sp(AbstractFunction0.scala:12)
	at scala.App$$anonfun$main$1.apply(App.scala:76)
	at scala.App$$anonfun$main$1.apply(App.scala:76)
	at scala.collection.immutable.List.foreach(List.scala:392)
	at scala.collection.generic.TraversableForwarder$class.foreach(TraversableForwarder.scala:35)
	at scala.App$class.main(App.scala:76)
	at ScalarCacheExample$.main( ScalarCacheExample.scala:17)
	at ScalarCacheExample.main( ScalarCacheExample.scala)
[2019-12-02 14:47:13,606][INFO ][main][GridTcpRestProtocol] Command protocol successfully stopped: TCP binary
[2019-12-02 14:47:13,607][INFO ][exchange-worker-#43][GridDhtPartitionsExchangeFuture] Completed partition exchange [localNode=72edfe90-3c76-4543-aeed-1f22b0a773bb, exchange=GridDhtPartitionsExchangeFuture [topVer=AffinityTopologyVersion [topVer=1, minorTopVer=2], evt=DISCOVERY_CUSTOM_EVT, evtNode=TcpDiscoveryNode [id=72edfe90-3c76-4543-aeed-1f22b0a773bb, addrs=[0:0:0:0:0:0:0:1%lo, 127.0.0.1, 172.168.1.60], sockAddrs=[/172.168.1.60:47500, /0:0:0:0:0:0:0:1%lo:47500, /127.0.0.1:47500], discPort=47500, order=1, intOrder=1, lastExchangeTime=1575294431269, loc=true, ver=2.7.6#20190911-sha1:21f7ca41, isClient=false], done=true], topVer=AffinityTopologyVersion [topVer=1, minorTopVer=2], durationFromInit=98]
[2019-12-02 14:47:13,608][INFO ][exchange-worker-#43][time] Finished exchange init [topVer=AffinityTopologyVersion [topVer=1, minorTopVer=2], crd=true]
[2019-12-02 14:47:13,609][INFO ][exchange-worker-#43][GridCachePartitionExchangeManager] Skipping rebalancing (nothing scheduled) [top=AffinityTopologyVersion [topVer=1, minorTopVer=2], force=false, evt=DISCOVERY_CUSTOM_EVT, node=72edfe90-3c76-4543-aeed-1f22b0a773bb]
[2019-12-02 14:47:13,623][INFO ][main][GridCacheProcessor] Stopped cache [cacheName=ignite-sys-cache]
[2019-12-02 14:47:13,651][INFO ][main][GridDeploymentLocalStore] Removed undeployed class: GridDeployment [ts=1575294432912, depMode=SHARED, clsLdr=sun.misc.Launcher$AppClassLoader@4e0e2f2a, clsLdrId=e086dd6ce61-72edfe90-3c76-4543-aeed-1f22b0a773bb, userVer=0, loc=true, sampleClsName=org.apache.ignite.internal.processors.service.GridServiceProcessor$ServiceDeploymentPredicate, pendingUndeploy=false, undeployed=true, usage=0]
[2019-12-02 14:47:13,663][INFO ][main][IgniteKernal] 

>>> +---------------------------------------------------------------------------------+
>>> Ignite ver. 2.7.6#20190911-sha1:21f7ca41c4348909e2fd26ccf59b5b2ce1f4474e stopped OK
>>> +---------------------------------------------------------------------------------+
>>> Grid uptime: 00:00:00.803


