[2019-12-09 14:10:46,088][WARN ][main][G] Ignite work directory is not provided, automatically resolved to: /home/xshaini/apache-ignite-2.7.5-bin/work
[2019-12-09 14:10:46,262][INFO ][main][IgniteKernal] 

>>>    __________  ________________  
>>>   /  _/ ___/ |/ /  _/_  __/ __/  
>>>  _/ // (7 7    // /  / / / _/    
>>> /___/\___/_/|_/___/ /_/ /___/   
>>> 
>>> ver. 2.7.6#20190911-sha1:21f7ca41
>>> 2019 Copyright(C) Apache Software Foundation
>>> 
>>> Ignite documentation: http://ignite.apache.org

[2019-12-09 14:10:46,271][INFO ][main][IgniteKernal] Config URL: file:/home/xshaini/apache-ignite-2.7.5-bin/examples/config/example-ignite.xml
[2019-12-09 14:10:46,289][INFO ][main][IgniteKernal] IgniteConfiguration [igniteInstanceName=null, pubPoolSize=8, svcPoolSize=8, callbackPoolSize=8, stripedPoolSize=8, sysPoolSize=8, mgmtPoolSize=4, igfsPoolSize=4, dataStreamerPoolSize=8, utilityCachePoolSize=8, utilityCacheKeepAliveTime=60000, p2pPoolSize=2, qryPoolSize=8, igniteHome=/home/xshaini/apache-ignite-2.7.5-bin, igniteWorkDir=/home/xshaini/apache-ignite-2.7.5-bin/work, mbeanSrv=com.sun.jmx.mbeanserver.JmxMBeanServer@2e3967ea, nodeId=e10c4f12-9eb3-44c9-a446-0a6a7645f522, marsh=BinaryMarshaller [], marshLocJobs=false, daemon=false, p2pEnabled=true, netTimeout=5000, sndRetryDelay=1000, sndRetryCnt=3, metricsHistSize=10000, metricsUpdateFreq=2000, metricsExpTime=9223372036854775807, discoSpi=TcpDiscoverySpi [addrRslvr=null, sockTimeout=0, ackTimeout=0, marsh=null, reconCnt=10, reconDelay=2000, maxAckTimeout=600000, forceSrvMode=false, clientReconnectDisabled=false, internalLsnr=null], segPlc=STOP, segResolveAttempts=2, waitForSegOnStart=true, allResolversPassReq=true, segChkFreq=10000, commSpi=TcpCommunicationSpi [connectGate=null, connPlc=org.apache.ignite.spi.communication.tcp.TcpCommunicationSpi$FirstConnectionPolicy@e25951c, enableForcibleNodeKill=false, enableTroubleshootingLog=false, locAddr=null, locHost=null, locPort=47100, locPortRange=100, shmemPort=-1, directBuf=true, directSndBuf=false, idleConnTimeout=600000, connTimeout=5000, maxConnTimeout=600000, reconCnt=10, sockSndBuf=32768, sockRcvBuf=32768, msgQueueLimit=0, slowClientQueueLimit=0, nioSrvr=null, shmemSrv=null, usePairedConnections=false, connectionsPerNode=1, tcpNoDelay=true, filterReachableAddresses=false, ackSndThreshold=32, unackedMsgsBufSize=0, sockWriteTimeout=2000, boundTcpPort=-1, boundTcpShmemPort=-1, selectorsCnt=4, selectorSpins=0, addrRslvr=null, ctxInitLatch=java.util.concurrent.CountDownLatch@15f47664[Count = 1], stopping=false], evtSpi=org.apache.ignite.spi.eventstorage.NoopEventStorageSpi@471a9022, colSpi=NoopCollisionSpi [], deploySpi=LocalDeploymentSpi [], indexingSpi=org.apache.ignite.spi.indexing.noop.NoopIndexingSpi@4b2c5e02, addrRslvr=null, encryptionSpi=org.apache.ignite.spi.encryption.noop.NoopEncryptionSpi@57a3e26a, clientMode=false, rebalanceThreadPoolSize=1, txCfg=TransactionConfiguration [txSerEnabled=false, dfltIsolation=REPEATABLE_READ, dfltConcurrency=PESSIMISTIC, dfltTxTimeout=0, txTimeoutOnPartitionMapExchange=0, pessimisticTxLogSize=0, pessimisticTxLogLinger=10000, tmLookupClsName=null, txManagerFactory=null, useJtaSync=false], cacheSanityCheckEnabled=true, discoStartupDelay=60000, deployMode=SHARED, p2pMissedCacheSize=100, locHost=null, timeSrvPortBase=31100, timeSrvPortRange=100, failureDetectionTimeout=10000, sysWorkerBlockedTimeout=null, clientFailureDetectionTimeout=30000, metricsLogFreq=60000, hadoopCfg=null, connectorCfg=ConnectorConfiguration [jettyPath=null, host=null, port=11211, noDelay=true, directBuf=false, sndBufSize=32768, rcvBufSize=32768, idleQryCurTimeout=600000, idleQryCurCheckFreq=60000, sndQueueLimit=0, selectorCnt=4, idleTimeout=7000, sslEnabled=false, sslClientAuth=false, sslCtxFactory=null, sslFactory=null, portRange=100, threadPoolSize=8, msgInterceptor=null], odbcCfg=null, warmupClos=null, atomicCfg=AtomicConfiguration [seqReserveSize=1000, cacheMode=PARTITIONED, backups=1, aff=null, grpName=null], classLdr=null, sslCtxFactory=null, platformCfg=null, binaryCfg=null, memCfg=null, pstCfg=null, dsCfg=DataStorageConfiguration [sysRegionInitSize=41943040, sysRegionMaxSize=104857600, pageSize=0, concLvl=0, dfltDataRegConf=DataRegionConfiguration [name=default, maxSize=3335326105, initSize=268435456, swapPath=null, pageEvictionMode=DISABLED, evictionThreshold=0.9, emptyPagesPoolSize=100, metricsEnabled=false, metricsSubIntervalCount=5, metricsRateTimeInterval=60000, persistenceEnabled=false, checkpointPageBufSize=0], dataRegions=null, storagePath=null, checkpointFreq=180000, lockWaitTime=10000, checkpointThreads=4, checkpointWriteOrder=SEQUENTIAL, walHistSize=20, maxWalArchiveSize=1073741824, walSegments=10, walSegmentSize=67108864, walPath=db/wal, walArchivePath=db/wal/archive, metricsEnabled=false, walMode=LOG_ONLY, walTlbSize=131072, walBuffSize=0, walFlushFreq=2000, walFsyncDelay=1000, walRecordIterBuffSize=67108864, alwaysWriteFullPages=false, fileIOFactory=org.apache.ignite.internal.processors.cache.persistence.file.AsyncFileIOFactory@27912e3, metricsSubIntervalCnt=5, metricsRateTimeInterval=60000, walAutoArchiveAfterInactivity=-1, writeThrottlingEnabled=false, walCompactionEnabled=false, walCompactionLevel=1, checkpointReadLockTimeout=null], activeOnStart=true, autoActivation=true, longQryWarnTimeout=3000, sqlConnCfg=null, cliConnCfg=ClientConnectorConfiguration [host=null, port=10800, portRange=100, sockSndBufSize=0, sockRcvBufSize=0, tcpNoDelay=true, maxOpenCursorsPerConn=128, threadPoolSize=8, idleTimeout=0, jdbcEnabled=true, odbcEnabled=true, thinCliEnabled=true, sslEnabled=false, useIgniteSslCtxFactory=true, sslClientAuth=false, sslCtxFactory=null], mvccVacuumThreadCnt=2, mvccVacuumFreq=5000, authEnabled=false, failureHnd=null, commFailureRslvr=null]
[2019-12-09 14:10:46,290][INFO ][main][IgniteKernal] Daemon mode: off
[2019-12-09 14:10:46,290][INFO ][main][IgniteKernal] OS: Linux 4.15.0-70-generic amd64
[2019-12-09 14:10:46,290][INFO ][main][IgniteKernal] OS user: xshaini
[2019-12-09 14:10:46,291][INFO ][main][IgniteKernal] PID: 10887
[2019-12-09 14:10:46,292][INFO ][main][IgniteKernal] Language runtime: Scala ver. 2.11.11
[2019-12-09 14:10:46,292][INFO ][main][IgniteKernal] VM information: Java(TM) SE Runtime Environment 1.8.0_211-b12 Oracle Corporation Java HotSpot(TM) 64-Bit Server VM 25.211-b12
[2019-12-09 14:10:46,294][INFO ][main][IgniteKernal] VM total memory: 3.5GB
[2019-12-09 14:10:46,294][INFO ][main][IgniteKernal] Remote Management [restart: off, REST: on, JMX (remote: off)]
[2019-12-09 14:10:46,294][INFO ][main][IgniteKernal] Logger: Log4JLogger [quiet=true, config=/home/xshaini/apache-ignite-2.7.5-bin/config/ignite-log4j.xml]
[2019-12-09 14:10:46,294][INFO ][main][IgniteKernal] IGNITE_HOME=/home/xshaini/apache-ignite-2.7.5-bin
[2019-12-09 14:10:46,294][INFO ][main][IgniteKernal] VM arguments: [-Dfile.encoding=UTF-8, -Xbootclasspath/p:/home/xshaini/scala-SDK-4.7.0/eclipse/plugins/org.scala-ide.scala211.jars_4.7.0.201709291351/target/jars/scala-library.jar:/home/xshaini/scala-SDK-4.7.0/eclipse/plugins/org.scala-ide.scala211.jars_4.7.0.201709291351/target/jars/scala-reflect.jar]
[2019-12-09 14:10:46,294][INFO ][main][IgniteKernal] System cache's DataRegion size is configured to 40 MB. Use DataStorageConfiguration.systemRegionInitialSize property to change the setting.
[2019-12-09 14:10:46,305][INFO ][main][IgniteKernal] Configured caches [in 'sysMemPlc' dataRegion: ['ignite-sys-cache']]
[2019-12-09 14:10:46,305][WARN ][main][IgniteKernal] Peer class loading is enabled (disable it in production for performance and deployment consistency reasons)
[2019-12-09 14:10:46,305][WARN ][main][IgniteKernal] Please set system property '-Djava.net.preferIPv4Stack=true' to avoid possible problems in mixed environments.
[2019-12-09 14:10:46,309][INFO ][main][IgniteKernal] 3-rd party licenses can be found at: /home/xshaini/apache-ignite-2.7.5-bin/libs/licenses
[2019-12-09 14:10:46,310][WARN ][pub-#22][GridDiagnostic] Initial heap size is 250MB (should be no less than 512MB, use -Xms512m -Xmx512m).
[2019-12-09 14:10:46,361][INFO ][main][IgnitePluginProcessor] Configured plugins:
[2019-12-09 14:10:46,361][INFO ][main][IgnitePluginProcessor]   ^-- None
[2019-12-09 14:10:46,361][INFO ][main][IgnitePluginProcessor] 
[2019-12-09 14:10:46,363][INFO ][main][FailureProcessor] Configured failure handler: [hnd=StopNodeOrHaltFailureHandler [tryStop=false, timeout=0, super=AbstractFailureHandler [ignoredFailureTypes=[SYSTEM_WORKER_BLOCKED, SYSTEM_CRITICAL_OPERATION_TIMEOUT]]]]
[2019-12-09 14:10:46,455][INFO ][main][TcpCommunicationSpi] Successfully bound communication NIO server to TCP port [port=47100, locHost=0.0.0.0/0.0.0.0, selectorsCnt=4, selectorSpins=0, pairedConn=false]
[2019-12-09 14:10:46,458][WARN ][main][TcpCommunicationSpi] Message queue limit is set to 0 which may lead to potential OOMEs when running cache operations in FULL_ASYNC or PRIMARY_SYNC modes due to message queues growth on sender and receiver sides.
[2019-12-09 14:10:46,501][WARN ][main][NoopCheckpointSpi] Checkpoints are disabled (to enable configure any GridCheckpointSpi implementation)
[2019-12-09 14:10:46,535][WARN ][main][GridCollisionManager] Collision resolution is disabled (all jobs will be activated upon arrival).
[2019-12-09 14:10:46,608][INFO ][main][IgniteKernal] Security status [authentication=off, tls/ssl=off]
[2019-12-09 14:10:46,866][WARN ][main][IgniteCacheDatabaseSharedManager] DataRegionConfiguration.maxWalArchiveSize instead DataRegionConfiguration.walHistorySize would be used for removing old archive wal files
[2019-12-09 14:10:46,883][INFO ][main][PartitionsEvictManager] Evict partition permits=2
[2019-12-09 14:10:47,081][INFO ][main][ClientListenerProcessor] Client connector processor has started on TCP port 10800
[2019-12-09 14:10:47,132][INFO ][main][GridTcpRestProtocol] Command protocol successfully started [name=TCP binary, host=0.0.0.0/0.0.0.0, port=11211]
[2019-12-09 14:10:47,175][INFO ][main][IgniteKernal] Non-loopback local IPs: 172.16.2.60, fe80:0:0:0:8c20:4568:85a6:55e3%wlp2s0
[2019-12-09 14:10:47,175][INFO ][main][IgniteKernal] Enabled local MACs: 1002B5D9B0B6
[2019-12-09 14:10:47,215][INFO ][main][TcpDiscoverySpi] Connection check threshold is calculated: 10000
[2019-12-09 14:10:47,218][INFO ][main][TcpDiscoverySpi] Successfully bound to TCP port [port=47500, localHost=0.0.0.0/0.0.0.0, locNodeId=e10c4f12-9eb3-44c9-a446-0a6a7645f522]
[2019-12-09 14:10:48,459][INFO ][disco-notifier-worker-#41][MvccProcessorImpl] Assigned mvcc coordinator [crd=MvccCoordinator [nodeId=e10c4f12-9eb3-44c9-a446-0a6a7645f522, crdVer=1575897048447, topVer=AffinityTopologyVersion [topVer=1, minorTopVer=0]], crdNode=TcpDiscoveryNode [id=e10c4f12-9eb3-44c9-a446-0a6a7645f522, addrs=[0:0:0:0:0:0:0:1%lo, 127.0.0.1, 172.16.2.60], sockAddrs=[/172.16.2.60:47500, /0:0:0:0:0:0:0:1%lo:47500, /127.0.0.1:47500], discPort=47500, order=1, intOrder=1, lastExchangeTime=1575897047217, loc=true, ver=2.7.6#20190911-sha1:21f7ca41, isClient=false]]
[2019-12-09 14:10:48,492][INFO ][exchange-worker-#43][time] Started exchange init [topVer=AffinityTopologyVersion [topVer=1, minorTopVer=0], mvccCrd=MvccCoordinator [nodeId=e10c4f12-9eb3-44c9-a446-0a6a7645f522, crdVer=1575897048447, topVer=AffinityTopologyVersion [topVer=1, minorTopVer=0]], mvccCrdChange=true, crd=true, evt=NODE_JOINED, evtNode=e10c4f12-9eb3-44c9-a446-0a6a7645f522, customEvt=null, allowMerge=false]
[2019-12-09 14:10:48,512][INFO ][exchange-worker-#43][msg] Components activation performed in 20 ms.
[2019-12-09 14:10:48,608][INFO ][exchange-worker-#43][GridCacheProcessor] Started cache [name=ignite-sys-cache, id=-2100569601, memoryPolicyName=sysMemPlc, mode=REPLICATED, atomicity=TRANSACTIONAL, backups=2147483647, mvcc=false], encryptionEnabled=false]
[2019-12-09 14:10:48,609][INFO ][exchange-worker-#43][GridCacheProcessor] Starting caches on local join performed in 97 ms.
[2019-12-09 14:10:48,616][INFO ][exchange-worker-#43][GridDhtPartitionsExchangeFuture] Skipped waiting for partitions release future (local node is joining) [topVer=AffinityTopologyVersion [topVer=1, minorTopVer=0]]
[2019-12-09 14:10:48,660][INFO ][exchange-worker-#43][GridDhtPartitionsExchangeFuture] finishExchangeOnCoordinator [topVer=AffinityTopologyVersion [topVer=1, minorTopVer=0], resVer=AffinityTopologyVersion [topVer=1, minorTopVer=0]]
[2019-12-09 14:10:48,660][INFO ][exchange-worker-#43][GridDhtPartitionsExchangeFuture] Affinity changes (coordinator) applied in 0 ms.
[2019-12-09 14:10:48,664][INFO ][exchange-worker-#43][GridDhtPartitionsExchangeFuture] Partitions validation performed in 4 ms.
[2019-12-09 14:10:48,664][INFO ][exchange-worker-#43][GridDhtPartitionsExchangeFuture] Partitions assignment performed in 0 ms.
[2019-12-09 14:10:48,675][INFO ][exchange-worker-#43][GridDhtPartitionsExchangeFuture] Preparing Full Message performed in 11 ms.
[2019-12-09 14:10:48,675][INFO ][exchange-worker-#43][GridDhtPartitionsExchangeFuture] Sending Full Message to all nodes performed in 0 ms.
[2019-12-09 14:10:48,675][INFO ][exchange-worker-#43][GridDhtPartitionsExchangeFuture] Finish exchange future [startVer=AffinityTopologyVersion [topVer=1, minorTopVer=0], resVer=AffinityTopologyVersion [topVer=1, minorTopVer=0], err=null]
[2019-12-09 14:10:48,676][INFO ][exchange-worker-#43][GridDhtPartitionsExchangeFuture] Detecting lost partitions performed in 1 ms.
[2019-12-09 14:10:48,676][INFO ][exchange-worker-#43][MvccProcessorImpl] Initialize local node as mvcc coordinator [node=e10c4f12-9eb3-44c9-a446-0a6a7645f522, crdVer=1575897048447]
[2019-12-09 14:10:48,683][INFO ][exchange-worker-#43][GridCacheProcessor] Finish proxy initialization, cacheName=ignite-sys-cache, localNodeId=e10c4f12-9eb3-44c9-a446-0a6a7645f522
[2019-12-09 14:10:48,684][INFO ][exchange-worker-#43][GridDhtPartitionsExchangeFuture] Completed partition exchange [localNode=e10c4f12-9eb3-44c9-a446-0a6a7645f522, exchange=GridDhtPartitionsExchangeFuture [topVer=AffinityTopologyVersion [topVer=1, minorTopVer=0], evt=NODE_JOINED, evtNode=TcpDiscoveryNode [id=e10c4f12-9eb3-44c9-a446-0a6a7645f522, addrs=[0:0:0:0:0:0:0:1%lo, 127.0.0.1, 172.16.2.60], sockAddrs=[/172.16.2.60:47500, /0:0:0:0:0:0:0:1%lo:47500, /127.0.0.1:47500], discPort=47500, order=1, intOrder=1, lastExchangeTime=1575897047217, loc=true, ver=2.7.6#20190911-sha1:21f7ca41, isClient=false], done=true], topVer=AffinityTopologyVersion [topVer=1, minorTopVer=0], durationFromInit=191]
[2019-12-09 14:10:48,684][INFO ][exchange-worker-#43][time] Finished exchange init [topVer=AffinityTopologyVersion [topVer=1, minorTopVer=0], crd=true]
[2019-12-09 14:10:48,688][INFO ][exchange-worker-#43][GridCachePartitionExchangeManager] Skipping rebalancing (nothing scheduled) [top=AffinityTopologyVersion [topVer=1, minorTopVer=0], force=false, evt=NODE_JOINED, node=e10c4f12-9eb3-44c9-a446-0a6a7645f522]
[2019-12-09 14:10:48,746][INFO ][main][IgniteKernal] Performance suggestions for grid  (fix if possible)
[2019-12-09 14:10:48,746][INFO ][main][IgniteKernal] To disable, set -DIGNITE_PERFORMANCE_SUGGESTIONS_DISABLED=true
[2019-12-09 14:10:48,746][INFO ][main][IgniteKernal]   ^-- Disable grid events (remove 'includeEventTypes' from configuration)
[2019-12-09 14:10:48,746][INFO ][main][IgniteKernal]   ^-- Enable G1 Garbage Collector (add '-XX:+UseG1GC' to JVM options)
[2019-12-09 14:10:48,746][INFO ][main][IgniteKernal]   ^-- Specify JVM heap max size (add '-Xmx<size>[g|G|m|M|k|K]' to JVM options)
[2019-12-09 14:10:48,746][INFO ][main][IgniteKernal]   ^-- Set max direct memory size if getting 'OOME: Direct buffer memory' (add '-XX:MaxDirectMemorySize=<size>[g|G|m|M|k|K]' to JVM options)
[2019-12-09 14:10:48,746][INFO ][main][IgniteKernal]   ^-- Disable processing of calls to System.gc() (add '-XX:+DisableExplicitGC' to JVM options)
[2019-12-09 14:10:48,746][INFO ][main][IgniteKernal] Refer to this page for more performance suggestions: https://apacheignite.readme.io/docs/jvm-and-system-tuning
[2019-12-09 14:10:48,746][INFO ][main][IgniteKernal] 
[2019-12-09 14:10:48,747][INFO ][main][IgniteKernal] To start Console Management & Monitoring run ignitevisorcmd.{sh|bat}
[2019-12-09 14:10:48,749][INFO ][main][IgniteKernal] Data Regions Configured:
[2019-12-09 14:10:48,749][INFO ][main][IgniteKernal]   ^-- default [initSize=256.0 MiB, maxSize=3.1 GiB, persistence=false]
[2019-12-09 14:10:48,749][INFO ][main][IgniteKernal] 

>>> +----------------------------------------------------------------------+
>>> Ignite ver. 2.7.6#20190911-sha1:21f7ca41c4348909e2fd26ccf59b5b2ce1f4474e
>>> +----------------------------------------------------------------------+
>>> OS name: Linux 4.15.0-70-generic amd64
>>> CPU(s): 4
>>> Heap: 3.5GB
>>> VM name: 10887@eis-seoul
>>> Local node [ID=E10C4F12-9EB3-44C9-A446-0A6A7645F522, order=1, clientMode=false]
>>> Local node addresses: [172.16.2.60/0:0:0:0:0:0:0:1%lo, /127.0.0.1, /172.16.2.60]
>>> Local ports: TCP:10800 TCP:11211 TCP:47100 UDP:47400 TCP:47500 

[2019-12-09 14:10:48,751][INFO ][main][GridDiscoveryManager] Topology snapshot [ver=1, locNode=e10c4f12, servers=1, clients=0, state=ACTIVE, CPUs=4, offheap=3.1GB, heap=3.5GB]
[2019-12-09 14:10:48,774][INFO ][main][GridTcpRestProtocol] Command protocol successfully stopped: TCP binary
[2019-12-09 14:10:48,790][INFO ][main][GridCacheProcessor] Stopped cache [cacheName=ignite-sys-cache]
[2019-12-09 14:10:48,803][INFO ][main][IgniteKernal] 

>>> +---------------------------------------------------------------------------------+
>>> Ignite ver. 2.7.6#20190911-sha1:21f7ca41c4348909e2fd26ccf59b5b2ce1f4474e stopped OK
>>> +---------------------------------------------------------------------------------+
>>> Grid uptime: 00:00:00.060


