[14:25:30,952][WARNING][main][G] Ignite work directory is not provided, automatically resolved to: /home/xshaini/apache-ignite-2.7.5-bin/work
[14:25:31,149][INFO][main][IgniteKernal] 

>>>    __________  ________________  
>>>   /  _/ ___/ |/ /  _/_  __/ __/  
>>>  _/ // (7 7    // /  / / / _/    
>>> /___/\___/_/|_/___/ /_/ /___/   
>>> 
>>> ver. 2.7.6#20190911-sha1:21f7ca41
>>> 2019 Copyright(C) Apache Software Foundation
>>> 
>>> Ignite documentation: http://ignite.apache.org

[14:25:31,157][INFO][main][IgniteKernal] Config URL: file:/home/xshaini/apache-ignite-2.7.5-bin/examples/config/example-ignite.xml
[14:25:31,178][INFO][main][IgniteKernal] IgniteConfiguration [igniteInstanceName=null, pubPoolSize=8, svcPoolSize=8, callbackPoolSize=8, stripedPoolSize=8, sysPoolSize=8, mgmtPoolSize=4, igfsPoolSize=4, dataStreamerPoolSize=8, utilityCachePoolSize=8, utilityCacheKeepAliveTime=60000, p2pPoolSize=2, qryPoolSize=8, igniteHome=/home/xshaini/apache-ignite-2.7.5-bin, igniteWorkDir=/home/xshaini/apache-ignite-2.7.5-bin/work, mbeanSrv=com.sun.jmx.mbeanserver.JmxMBeanServer@7219ec67, nodeId=adf591ca-4c76-4202-b285-aea5fa3e8af3, marsh=BinaryMarshaller [], marshLocJobs=false, daemon=false, p2pEnabled=true, netTimeout=5000, sndRetryDelay=1000, sndRetryCnt=3, metricsHistSize=10000, metricsUpdateFreq=2000, metricsExpTime=9223372036854775807, discoSpi=TcpDiscoverySpi [addrRslvr=null, sockTimeout=0, ackTimeout=0, marsh=null, reconCnt=10, reconDelay=2000, maxAckTimeout=600000, forceSrvMode=false, clientReconnectDisabled=false, internalLsnr=null], segPlc=STOP, segResolveAttempts=2, waitForSegOnStart=true, allResolversPassReq=true, segChkFreq=10000, commSpi=TcpCommunicationSpi [connectGate=null, connPlc=org.apache.ignite.spi.communication.tcp.TcpCommunicationSpi$FirstConnectionPolicy@2925bf5b, enableForcibleNodeKill=false, enableTroubleshootingLog=false, locAddr=null, locHost=null, locPort=47100, locPortRange=100, shmemPort=-1, directBuf=true, directSndBuf=false, idleConnTimeout=600000, connTimeout=5000, maxConnTimeout=600000, reconCnt=10, sockSndBuf=32768, sockRcvBuf=32768, msgQueueLimit=0, slowClientQueueLimit=0, nioSrvr=null, shmemSrv=null, usePairedConnections=false, connectionsPerNode=1, tcpNoDelay=true, filterReachableAddresses=false, ackSndThreshold=32, unackedMsgsBufSize=0, sockWriteTimeout=2000, boundTcpPort=-1, boundTcpShmemPort=-1, selectorsCnt=4, selectorSpins=0, addrRslvr=null, ctxInitLatch=java.util.concurrent.CountDownLatch@710f4dc7[Count = 1], stopping=false], evtSpi=org.apache.ignite.spi.eventstorage.NoopEventStorageSpi@1ff4931d, colSpi=NoopCollisionSpi [], deploySpi=LocalDeploymentSpi [], indexingSpi=org.apache.ignite.spi.indexing.noop.NoopIndexingSpi@7817fd62, addrRslvr=null, encryptionSpi=org.apache.ignite.spi.encryption.noop.NoopEncryptionSpi@8297b3a, clientMode=false, rebalanceThreadPoolSize=1, txCfg=TransactionConfiguration [txSerEnabled=false, dfltIsolation=REPEATABLE_READ, dfltConcurrency=PESSIMISTIC, dfltTxTimeout=0, txTimeoutOnPartitionMapExchange=0, pessimisticTxLogSize=0, pessimisticTxLogLinger=10000, tmLookupClsName=null, txManagerFactory=null, useJtaSync=false], cacheSanityCheckEnabled=true, discoStartupDelay=60000, deployMode=SHARED, p2pMissedCacheSize=100, locHost=null, timeSrvPortBase=31100, timeSrvPortRange=100, failureDetectionTimeout=10000, sysWorkerBlockedTimeout=null, clientFailureDetectionTimeout=30000, metricsLogFreq=60000, hadoopCfg=null, connectorCfg=ConnectorConfiguration [jettyPath=null, host=null, port=11211, noDelay=true, directBuf=false, sndBufSize=32768, rcvBufSize=32768, idleQryCurTimeout=600000, idleQryCurCheckFreq=60000, sndQueueLimit=0, selectorCnt=4, idleTimeout=7000, sslEnabled=false, sslClientAuth=false, sslCtxFactory=null, sslFactory=null, portRange=100, threadPoolSize=8, msgInterceptor=null], odbcCfg=null, warmupClos=null, atomicCfg=AtomicConfiguration [seqReserveSize=1000, cacheMode=PARTITIONED, backups=1, aff=null, grpName=null], classLdr=null, sslCtxFactory=null, platformCfg=null, binaryCfg=null, memCfg=null, pstCfg=null, dsCfg=DataStorageConfiguration [sysRegionInitSize=41943040, sysRegionMaxSize=104857600, pageSize=0, concLvl=0, dfltDataRegConf=DataRegionConfiguration [name=default, maxSize=3334422528, initSize=268435456, swapPath=null, pageEvictionMode=DISABLED, evictionThreshold=0.9, emptyPagesPoolSize=100, metricsEnabled=false, metricsSubIntervalCount=5, metricsRateTimeInterval=60000, persistenceEnabled=false, checkpointPageBufSize=0], dataRegions=null, storagePath=null, checkpointFreq=180000, lockWaitTime=10000, checkpointThreads=4, checkpointWriteOrder=SEQUENTIAL, walHistSize=20, maxWalArchiveSize=1073741824, walSegments=10, walSegmentSize=67108864, walPath=db/wal, walArchivePath=db/wal/archive, metricsEnabled=false, walMode=LOG_ONLY, walTlbSize=131072, walBuffSize=0, walFlushFreq=2000, walFsyncDelay=1000, walRecordIterBuffSize=67108864, alwaysWriteFullPages=false, fileIOFactory=org.apache.ignite.internal.processors.cache.persistence.file.AsyncFileIOFactory@24313fcc, metricsSubIntervalCnt=5, metricsRateTimeInterval=60000, walAutoArchiveAfterInactivity=-1, writeThrottlingEnabled=false, walCompactionEnabled=false, walCompactionLevel=1, checkpointReadLockTimeout=null], activeOnStart=true, autoActivation=true, longQryWarnTimeout=3000, sqlConnCfg=null, cliConnCfg=ClientConnectorConfiguration [host=null, port=10800, portRange=100, sockSndBufSize=0, sockRcvBufSize=0, tcpNoDelay=true, maxOpenCursorsPerConn=128, threadPoolSize=8, idleTimeout=0, jdbcEnabled=true, odbcEnabled=true, thinCliEnabled=true, sslEnabled=false, useIgniteSslCtxFactory=true, sslClientAuth=false, sslCtxFactory=null], mvccVacuumThreadCnt=2, mvccVacuumFreq=5000, authEnabled=false, failureHnd=null, commFailureRslvr=null]
[14:25:31,179][INFO][main][IgniteKernal] Daemon mode: off
[14:25:31,179][INFO][main][IgniteKernal] OS: Linux 4.15.0-88-generic amd64
[14:25:31,179][INFO][main][IgniteKernal] OS user: xshaini
[14:25:31,180][INFO][main][IgniteKernal] PID: 15854
[14:25:31,181][INFO][main][IgniteKernal] Language runtime: Scala ver. 2.11.11
[14:25:31,181][INFO][main][IgniteKernal] VM information: Java(TM) SE Runtime Environment 1.8.0_211-b12 Oracle Corporation Java HotSpot(TM) 64-Bit Server VM 25.211-b12
[14:25:31,182][INFO][main][IgniteKernal] VM total memory: 3.5GB
[14:25:31,182][INFO][main][IgniteKernal] Remote Management [restart: off, REST: on, JMX (remote: off)]
[14:25:31,182][INFO][main][IgniteKernal] Logger: JavaLogger [quiet=true, config=null]
[14:25:31,182][INFO][main][IgniteKernal] IGNITE_HOME=/home/xshaini/apache-ignite-2.7.5-bin
[14:25:31,182][INFO][main][IgniteKernal] VM arguments: [-Dfile.encoding=UTF-8, -Xbootclasspath/p:/home/xshaini/scala-SDK-4.7.0/eclipse/plugins/org.scala-ide.scala211.jars_4.7.0.201709291351/target/jars/scala-library.jar:/home/xshaini/scala-SDK-4.7.0/eclipse/plugins/org.scala-ide.scala211.jars_4.7.0.201709291351/target/jars/scala-reflect.jar]
[14:25:31,183][INFO][main][IgniteKernal] System cache's DataRegion size is configured to 40 MB. Use DataStorageConfiguration.systemRegionInitialSize property to change the setting.
[14:25:31,190][INFO][main][IgniteKernal] Configured caches [in 'sysMemPlc' dataRegion: ['ignite-sys-cache']]
[14:25:31,190][WARNING][main][IgniteKernal] Peer class loading is enabled (disable it in production for performance and deployment consistency reasons)
[14:25:31,190][WARNING][main][IgniteKernal] Please set system property '-Djava.net.preferIPv4Stack=true' to avoid possible problems in mixed environments.
[14:25:31,194][INFO][main][IgniteKernal] 3-rd party licenses can be found at: /home/xshaini/apache-ignite-2.7.5-bin/libs/licenses
[14:25:31,196][WARNING][pub-#22][GridDiagnostic] Initial heap size is 250MB (should be no less than 512MB, use -Xms512m -Xmx512m).
[14:25:31,268][INFO][main][IgnitePluginProcessor] Configured plugins:
[14:25:31,268][INFO][main][IgnitePluginProcessor]   ^-- None
[14:25:31,269][INFO][main][IgnitePluginProcessor] 
[14:25:31,272][INFO][main][FailureProcessor] Configured failure handler: [hnd=StopNodeOrHaltFailureHandler [tryStop=false, timeout=0, super=AbstractFailureHandler [ignoredFailureTypes=[SYSTEM_WORKER_BLOCKED, SYSTEM_CRITICAL_OPERATION_TIMEOUT]]]]
[14:25:31,331][INFO][main][TcpCommunicationSpi] Successfully bound communication NIO server to TCP port [port=47100, locHost=0.0.0.0/0.0.0.0, selectorsCnt=4, selectorSpins=0, pairedConn=false]
[14:25:31,333][WARNING][main][TcpCommunicationSpi] Message queue limit is set to 0 which may lead to potential OOMEs when running cache operations in FULL_ASYNC or PRIMARY_SYNC modes due to message queues growth on sender and receiver sides.
[14:25:31,409][WARNING][main][NoopCheckpointSpi] Checkpoints are disabled (to enable configure any GridCheckpointSpi implementation)
[14:25:31,440][WARNING][main][GridCollisionManager] Collision resolution is disabled (all jobs will be activated upon arrival).
[14:25:31,450][INFO][main][IgniteKernal] Security status [authentication=off, tls/ssl=off]
[14:25:31,716][WARNING][main][IgniteCacheDatabaseSharedManager] DataRegionConfiguration.maxWalArchiveSize instead DataRegionConfiguration.walHistorySize would be used for removing old archive wal files
[14:25:31,739][INFO][main][PartitionsEvictManager] Evict partition permits=2
[14:25:31,974][INFO][main][ClientListenerProcessor] Client connector processor has started on TCP port 10800
[14:25:32,030][INFO][main][GridTcpRestProtocol] Command protocol successfully started [name=TCP binary, host=0.0.0.0/0.0.0.0, port=11211]
[14:25:32,073][INFO][main][IgniteKernal] Non-loopback local IPs: 172.168.1.60, fe80:0:0:0:c537:4cc4:a945:74b5%wlp2s0
[14:25:32,073][INFO][main][IgniteKernal] Enabled local MACs: 1002B5D9B0B6
[14:25:32,111][INFO][main][TcpDiscoverySpi] Connection check threshold is calculated: 10000
[14:25:32,118][INFO][main][TcpDiscoverySpi] Successfully bound to TCP port [port=47500, localHost=0.0.0.0/0.0.0.0, locNodeId=adf591ca-4c76-4202-b285-aea5fa3e8af3]
[14:25:33,359][INFO][disco-notifier-worker-#41][MvccProcessorImpl] Assigned mvcc coordinator [crd=MvccCoordinator [nodeId=adf591ca-4c76-4202-b285-aea5fa3e8af3, crdVer=1583241933346, topVer=AffinityTopologyVersion [topVer=1, minorTopVer=0]], crdNode=TcpDiscoveryNode [id=adf591ca-4c76-4202-b285-aea5fa3e8af3, addrs=[0:0:0:0:0:0:0:1%lo, 127.0.0.1, 172.168.1.60], sockAddrs=[/172.168.1.60:47500, /0:0:0:0:0:0:0:1%lo:47500, /127.0.0.1:47500], discPort=47500, order=1, intOrder=1, lastExchangeTime=1583241932112, loc=true, ver=2.7.6#20190911-sha1:21f7ca41, isClient=false]]
[14:25:33,394][INFO][exchange-worker-#43][time] Started exchange init [topVer=AffinityTopologyVersion [topVer=1, minorTopVer=0], mvccCrd=MvccCoordinator [nodeId=adf591ca-4c76-4202-b285-aea5fa3e8af3, crdVer=1583241933346, topVer=AffinityTopologyVersion [topVer=1, minorTopVer=0]], mvccCrdChange=true, crd=true, evt=NODE_JOINED, evtNode=adf591ca-4c76-4202-b285-aea5fa3e8af3, customEvt=null, allowMerge=false]
[14:25:33,414][INFO][exchange-worker-#43][msg] Components activation performed in 20 ms.
[14:25:33,532][INFO][exchange-worker-#43][GridCacheProcessor] Started cache [name=ignite-sys-cache, id=-2100569601, memoryPolicyName=sysMemPlc, mode=REPLICATED, atomicity=TRANSACTIONAL, backups=2147483647, mvcc=false], encryptionEnabled=false]
[14:25:33,532][INFO][exchange-worker-#43][GridCacheProcessor] Starting caches on local join performed in 118 ms.
[14:25:33,553][INFO][exchange-worker-#43][GridDhtPartitionsExchangeFuture] Skipped waiting for partitions release future (local node is joining) [topVer=AffinityTopologyVersion [topVer=1, minorTopVer=0]]
[14:25:33,613][INFO][exchange-worker-#43][GridDhtPartitionsExchangeFuture] finishExchangeOnCoordinator [topVer=AffinityTopologyVersion [topVer=1, minorTopVer=0], resVer=AffinityTopologyVersion [topVer=1, minorTopVer=0]]
[14:25:33,613][INFO][exchange-worker-#43][GridDhtPartitionsExchangeFuture] Affinity changes (coordinator) applied in 0 ms.
[14:25:33,618][INFO][exchange-worker-#43][GridDhtPartitionsExchangeFuture] Partitions validation performed in 5 ms.
[14:25:33,618][INFO][exchange-worker-#43][GridDhtPartitionsExchangeFuture] Partitions assignment performed in 0 ms.
[14:25:33,634][INFO][exchange-worker-#43][GridDhtPartitionsExchangeFuture] Preparing Full Message performed in 15 ms.
[14:25:33,635][INFO][exchange-worker-#43][GridDhtPartitionsExchangeFuture] Sending Full Message to all nodes performed in 0 ms.
[14:25:33,635][INFO][exchange-worker-#43][GridDhtPartitionsExchangeFuture] Finish exchange future [startVer=AffinityTopologyVersion [topVer=1, minorTopVer=0], resVer=AffinityTopologyVersion [topVer=1, minorTopVer=0], err=null]
[14:25:33,636][INFO][exchange-worker-#43][GridDhtPartitionsExchangeFuture] Detecting lost partitions performed in 1 ms.
[14:25:33,637][INFO][exchange-worker-#43][MvccProcessorImpl] Initialize local node as mvcc coordinator [node=adf591ca-4c76-4202-b285-aea5fa3e8af3, crdVer=1583241933346]
[14:25:33,648][INFO][exchange-worker-#43][GridCacheProcessor] Finish proxy initialization, cacheName=ignite-sys-cache, localNodeId=adf591ca-4c76-4202-b285-aea5fa3e8af3
[14:25:33,651][INFO][exchange-worker-#43][GridDhtPartitionsExchangeFuture] Completed partition exchange [localNode=adf591ca-4c76-4202-b285-aea5fa3e8af3, exchange=GridDhtPartitionsExchangeFuture [topVer=AffinityTopologyVersion [topVer=1, minorTopVer=0], evt=NODE_JOINED, evtNode=TcpDiscoveryNode [id=adf591ca-4c76-4202-b285-aea5fa3e8af3, addrs=[0:0:0:0:0:0:0:1%lo, 127.0.0.1, 172.168.1.60], sockAddrs=[/172.168.1.60:47500, /0:0:0:0:0:0:0:1%lo:47500, /127.0.0.1:47500], discPort=47500, order=1, intOrder=1, lastExchangeTime=1583241932112, loc=true, ver=2.7.6#20190911-sha1:21f7ca41, isClient=false], done=true], topVer=AffinityTopologyVersion [topVer=1, minorTopVer=0], durationFromInit=259]
[14:25:33,651][INFO][exchange-worker-#43][time] Finished exchange init [topVer=AffinityTopologyVersion [topVer=1, minorTopVer=0], crd=true]
[14:25:33,656][INFO][exchange-worker-#43][GridCachePartitionExchangeManager] Skipping rebalancing (nothing scheduled) [top=AffinityTopologyVersion [topVer=1, minorTopVer=0], force=false, evt=NODE_JOINED, node=adf591ca-4c76-4202-b285-aea5fa3e8af3]
[14:25:33,732][INFO][main][IgniteKernal] Performance suggestions for grid  (fix if possible)
[14:25:33,732][INFO][main][IgniteKernal] To disable, set -DIGNITE_PERFORMANCE_SUGGESTIONS_DISABLED=true
[14:25:33,732][INFO][main][IgniteKernal]   ^-- Disable grid events (remove 'includeEventTypes' from configuration)
[14:25:33,732][INFO][main][IgniteKernal]   ^-- Enable G1 Garbage Collector (add '-XX:+UseG1GC' to JVM options)
[14:25:33,733][INFO][main][IgniteKernal]   ^-- Specify JVM heap max size (add '-Xmx<size>[g|G|m|M|k|K]' to JVM options)
[14:25:33,733][INFO][main][IgniteKernal]   ^-- Set max direct memory size if getting 'OOME: Direct buffer memory' (add '-XX:MaxDirectMemorySize=<size>[g|G|m|M|k|K]' to JVM options)
[14:25:33,733][INFO][main][IgniteKernal]   ^-- Disable processing of calls to System.gc() (add '-XX:+DisableExplicitGC' to JVM options)
[14:25:33,733][INFO][main][IgniteKernal] Refer to this page for more performance suggestions: https://apacheignite.readme.io/docs/jvm-and-system-tuning
[14:25:33,734][INFO][main][IgniteKernal] 
[14:25:33,734][INFO][main][IgniteKernal] To start Console Management & Monitoring run ignitevisorcmd.{sh|bat}
[14:25:33,739][INFO][main][IgniteKernal] Data Regions Configured:
[14:25:33,739][INFO][main][IgniteKernal]   ^-- default [initSize=256.0 MiB, maxSize=3.1 GiB, persistence=false]
[14:25:33,740][INFO][main][IgniteKernal] 

>>> +----------------------------------------------------------------------+
>>> Ignite ver. 2.7.6#20190911-sha1:21f7ca41c4348909e2fd26ccf59b5b2ce1f4474e
>>> +----------------------------------------------------------------------+
>>> OS name: Linux 4.15.0-88-generic amd64
>>> CPU(s): 4
>>> Heap: 3.5GB
>>> VM name: 15854@eis-seoul
>>> Local node [ID=ADF591CA-4C76-4202-B285-AEA5FA3E8AF3, order=1, clientMode=false]
>>> Local node addresses: [172.168.1.60/0:0:0:0:0:0:0:1%lo, /127.0.0.1, /172.168.1.60]
>>> Local ports: TCP:10800 TCP:11211 TCP:47100 UDP:47400 TCP:47500 

[14:25:33,741][INFO][main][GridDiscoveryManager] Topology snapshot [ver=1, locNode=adf591ca, servers=1, clients=0, state=ACTIVE, CPUs=4, offheap=3.1GB, heap=3.5GB]
[14:25:33,780][INFO][exchange-worker-#43][time] Started exchange init [topVer=AffinityTopologyVersion [topVer=1, minorTopVer=1], mvccCrd=MvccCoordinator [nodeId=adf591ca-4c76-4202-b285-aea5fa3e8af3, crdVer=1583241933346, topVer=AffinityTopologyVersion [topVer=1, minorTopVer=0]], mvccCrdChange=false, crd=true, evt=DISCOVERY_CUSTOM_EVT, evtNode=adf591ca-4c76-4202-b285-aea5fa3e8af3, customEvt=DynamicCacheChangeBatch [id=526a290a071-7bba2c72-7c6f-43fb-abd0-358b1cb873b8, reqs=[DynamicCacheChangeRequest [cacheName=Entity2IDcache, hasCfg=true, nodeId=adf591ca-4c76-4202-b285-aea5fa3e8af3, clientStartOnly=false, stop=false, destroy=false, disabledAfterStartfalse]], exchangeActions=ExchangeActions [startCaches=[Entity2IDcache], stopCaches=null, startGrps=[Entity2IDcache], stopGrps=[], resetParts=null, stateChangeRequest=null], startCaches=false], allowMerge=false]
[14:25:33,782][INFO][exchange-worker-#43][CacheAffinitySharedManager] Updating caches registry performed in 2 ms.
[14:25:33,928][INFO][exchange-worker-#43][GridCacheProcessor] Started cache [name=Entity2IDcache, id=-1974730792, memoryPolicyName=default, mode=PARTITIONED, atomicity=ATOMIC, backups=0, mvcc=false], encryptionEnabled=false]
[14:25:33,930][INFO][exchange-worker-#43][CacheAffinitySharedManager] Caches starting performed in 148 ms.
[14:25:33,932][INFO][exchange-worker-#43][CacheAffinitySharedManager] Affinity initialization for started caches performed in 1 ms.
[14:25:33,943][INFO][exchange-worker-#43][GridDhtPartitionsExchangeFuture] Finished waiting for partition release future [topVer=AffinityTopologyVersion [topVer=1, minorTopVer=1], waitTime=0ms, futInfo=NA, mode=DISTRIBUTED]
[14:25:33,951][INFO][exchange-worker-#43][GridDhtPartitionsExchangeFuture] Finished waiting for partitions release latch: ServerLatch [permits=0, pendingAcks=[], super=CompletableLatch [id=exchange, topVer=AffinityTopologyVersion [topVer=1, minorTopVer=1]]]
[14:25:33,951][INFO][exchange-worker-#43][GridDhtPartitionsExchangeFuture] Finished waiting for partition release future [topVer=AffinityTopologyVersion [topVer=1, minorTopVer=1], waitTime=0ms, futInfo=NA, mode=LOCAL]
[14:25:34,082][INFO][exchange-worker-#43][GridDhtPartitionsExchangeFuture] finishExchangeOnCoordinator [topVer=AffinityTopologyVersion [topVer=1, minorTopVer=1], resVer=AffinityTopologyVersion [topVer=1, minorTopVer=1]]
[14:25:34,083][INFO][exchange-worker-#43][GridDhtPartitionsExchangeFuture] Affinity changes (coordinator) applied in 0 ms.
[14:25:34,085][INFO][exchange-worker-#43][GridDhtPartitionsExchangeFuture] Partitions validation performed in 2 ms.
[14:25:34,086][INFO][exchange-worker-#43][GridDhtPartitionsExchangeFuture] Partitions assignment performed in 1 ms.
[14:25:34,114][INFO][exchange-worker-#43][GridDhtPartitionsExchangeFuture] Preparing Full Message performed in 25 ms.
[14:25:34,115][INFO][exchange-worker-#43][GridDhtPartitionsExchangeFuture] Sending Full Message to all nodes performed in 0 ms.
[14:25:34,115][INFO][exchange-worker-#43][GridDhtPartitionsExchangeFuture] Finish exchange future [startVer=AffinityTopologyVersion [topVer=1, minorTopVer=1], resVer=AffinityTopologyVersion [topVer=1, minorTopVer=1], err=null]
[14:25:34,124][INFO][exchange-worker-#43][GridCacheProcessor] Finish proxy initialization, cacheName=Entity2IDcache, localNodeId=adf591ca-4c76-4202-b285-aea5fa3e8af3
[14:25:34,135][INFO][exchange-worker-#43][GridDhtPartitionsExchangeFuture] Completed partition exchange [localNode=adf591ca-4c76-4202-b285-aea5fa3e8af3, exchange=GridDhtPartitionsExchangeFuture [topVer=AffinityTopologyVersion [topVer=1, minorTopVer=1], evt=DISCOVERY_CUSTOM_EVT, evtNode=TcpDiscoveryNode [id=adf591ca-4c76-4202-b285-aea5fa3e8af3, addrs=[0:0:0:0:0:0:0:1%lo, 127.0.0.1, 172.168.1.60], sockAddrs=[/172.168.1.60:47500, /0:0:0:0:0:0:0:1%lo:47500, /127.0.0.1:47500], discPort=47500, order=1, intOrder=1, lastExchangeTime=1583241932112, loc=true, ver=2.7.6#20190911-sha1:21f7ca41, isClient=false], done=true], topVer=AffinityTopologyVersion [topVer=1, minorTopVer=1], durationFromInit=361]
[14:25:34,135][INFO][exchange-worker-#43][time] Finished exchange init [topVer=AffinityTopologyVersion [topVer=1, minorTopVer=1], crd=true]
[14:25:34,138][INFO][exchange-worker-#43][GridCachePartitionExchangeManager] Skipping rebalancing (obsolete exchange ID) [top=AffinityTopologyVersion [topVer=1, minorTopVer=1], evt=DISCOVERY_CUSTOM_EVT, node=adf591ca-4c76-4202-b285-aea5fa3e8af3]
[14:25:34,138][INFO][exchange-worker-#43][time] Started exchange init [topVer=AffinityTopologyVersion [topVer=1, minorTopVer=2], mvccCrd=MvccCoordinator [nodeId=adf591ca-4c76-4202-b285-aea5fa3e8af3, crdVer=1583241933346, topVer=AffinityTopologyVersion [topVer=1, minorTopVer=0]], mvccCrdChange=false, crd=true, evt=DISCOVERY_CUSTOM_EVT, evtNode=adf591ca-4c76-4202-b285-aea5fa3e8af3, customEvt=DynamicCacheChangeBatch [id=c26a290a071-7bba2c72-7c6f-43fb-abd0-358b1cb873b8, reqs=[DynamicCacheChangeRequest [cacheName=Relation2IDcache, hasCfg=true, nodeId=adf591ca-4c76-4202-b285-aea5fa3e8af3, clientStartOnly=false, stop=false, destroy=false, disabledAfterStartfalse]], exchangeActions=ExchangeActions [startCaches=[Relation2IDcache], stopCaches=null, startGrps=[Relation2IDcache], stopGrps=[], resetParts=null, stateChangeRequest=null], startCaches=false], allowMerge=false]
[14:25:34,139][INFO][exchange-worker-#43][CacheAffinitySharedManager] Updating caches registry performed in 0 ms.
[14:25:34,145][INFO][exchange-worker-#43][GridCacheProcessor] Started cache [name=Relation2IDcache, id=1717069041, memoryPolicyName=default, mode=PARTITIONED, atomicity=ATOMIC, backups=0, mvcc=false], encryptionEnabled=false]
[14:25:34,146][INFO][exchange-worker-#43][CacheAffinitySharedManager] Caches starting performed in 7 ms.
[14:25:34,147][INFO][exchange-worker-#43][CacheAffinitySharedManager] Affinity initialization for started caches performed in 1 ms.
[14:25:34,148][INFO][exchange-worker-#43][GridDhtPartitionsExchangeFuture] Finished waiting for partition release future [topVer=AffinityTopologyVersion [topVer=1, minorTopVer=2], waitTime=0ms, futInfo=NA, mode=DISTRIBUTED]
[14:25:34,148][INFO][exchange-worker-#43][GridDhtPartitionsExchangeFuture] Finished waiting for partitions release latch: ServerLatch [permits=0, pendingAcks=[], super=CompletableLatch [id=exchange, topVer=AffinityTopologyVersion [topVer=1, minorTopVer=2]]]
[14:25:34,148][INFO][exchange-worker-#43][GridDhtPartitionsExchangeFuture] Finished waiting for partition release future [topVer=AffinityTopologyVersion [topVer=1, minorTopVer=2], waitTime=0ms, futInfo=NA, mode=LOCAL]
[14:25:34,205][INFO][exchange-worker-#43][GridDhtPartitionsExchangeFuture] finishExchangeOnCoordinator [topVer=AffinityTopologyVersion [topVer=1, minorTopVer=2], resVer=AffinityTopologyVersion [topVer=1, minorTopVer=2]]
[14:25:34,206][INFO][exchange-worker-#43][GridDhtPartitionsExchangeFuture] Affinity changes (coordinator) applied in 0 ms.
[14:25:34,208][INFO][exchange-worker-#43][GridDhtPartitionsExchangeFuture] Partitions validation performed in 2 ms.
[14:25:34,209][INFO][exchange-worker-#43][GridDhtPartitionsExchangeFuture] Partitions assignment performed in 1 ms.
[14:25:34,215][INFO][exchange-worker-#43][GridDhtPartitionsExchangeFuture] Preparing Full Message performed in 5 ms.
[14:25:34,215][INFO][exchange-worker-#43][GridDhtPartitionsExchangeFuture] Sending Full Message to all nodes performed in 0 ms.
[14:25:34,215][INFO][exchange-worker-#43][GridDhtPartitionsExchangeFuture] Finish exchange future [startVer=AffinityTopologyVersion [topVer=1, minorTopVer=2], resVer=AffinityTopologyVersion [topVer=1, minorTopVer=2], err=null]
[14:25:34,220][INFO][exchange-worker-#43][GridCacheProcessor] Finish proxy initialization, cacheName=Relation2IDcache, localNodeId=adf591ca-4c76-4202-b285-aea5fa3e8af3
[14:25:34,235][INFO][exchange-worker-#43][GridDhtPartitionsExchangeFuture] Completed partition exchange [localNode=adf591ca-4c76-4202-b285-aea5fa3e8af3, exchange=GridDhtPartitionsExchangeFuture [topVer=AffinityTopologyVersion [topVer=1, minorTopVer=2], evt=DISCOVERY_CUSTOM_EVT, evtNode=TcpDiscoveryNode [id=adf591ca-4c76-4202-b285-aea5fa3e8af3, addrs=[0:0:0:0:0:0:0:1%lo, 127.0.0.1, 172.168.1.60], sockAddrs=[/172.168.1.60:47500, /0:0:0:0:0:0:0:1%lo:47500, /127.0.0.1:47500], discPort=47500, order=1, intOrder=1, lastExchangeTime=1583241932112, loc=true, ver=2.7.6#20190911-sha1:21f7ca41, isClient=false], done=true], topVer=AffinityTopologyVersion [topVer=1, minorTopVer=2], durationFromInit=102]
[14:25:34,235][INFO][exchange-worker-#43][time] Finished exchange init [topVer=AffinityTopologyVersion [topVer=1, minorTopVer=2], crd=true]
[14:25:34,245][INFO][exchange-worker-#43][GridCachePartitionExchangeManager] Skipping rebalancing (nothing scheduled) [top=AffinityTopologyVersion [topVer=1, minorTopVer=2], force=false, evt=DISCOVERY_CUSTOM_EVT, node=adf591ca-4c76-4202-b285-aea5fa3e8af3]
[14:25:34,251][INFO][exchange-worker-#43][time] Started exchange init [topVer=AffinityTopologyVersion [topVer=1, minorTopVer=3], mvccCrd=MvccCoordinator [nodeId=adf591ca-4c76-4202-b285-aea5fa3e8af3, crdVer=1583241933346, topVer=AffinityTopologyVersion [topVer=1, minorTopVer=0]], mvccCrdChange=false, crd=true, evt=DISCOVERY_CUSTOM_EVT, evtNode=adf591ca-4c76-4202-b285-aea5fa3e8af3, customEvt=DynamicCacheChangeBatch [id=236a290a071-7bba2c72-7c6f-43fb-abd0-358b1cb873b8, reqs=[DynamicCacheChangeRequest [cacheName=E_embeddingscache, hasCfg=true, nodeId=adf591ca-4c76-4202-b285-aea5fa3e8af3, clientStartOnly=false, stop=false, destroy=false, disabledAfterStartfalse]], exchangeActions=ExchangeActions [startCaches=[E_embeddingscache], stopCaches=null, startGrps=[E_embeddingscache], stopGrps=[], resetParts=null, stateChangeRequest=null], startCaches=false], allowMerge=false]
[14:25:34,252][INFO][exchange-worker-#43][CacheAffinitySharedManager] Updating caches registry performed in 0 ms.
[14:25:34,286][INFO][exchange-worker-#43][GridCacheProcessor] Started cache [name=E_embeddingscache, id=-2071898868, memoryPolicyName=default, mode=PARTITIONED, atomicity=ATOMIC, backups=0, mvcc=false], encryptionEnabled=false]
[14:25:34,286][INFO][exchange-worker-#43][CacheAffinitySharedManager] Caches starting performed in 34 ms.
[14:25:34,287][INFO][exchange-worker-#43][CacheAffinitySharedManager] Affinity initialization for started caches performed in 1 ms.
[14:25:34,288][INFO][exchange-worker-#43][GridDhtPartitionsExchangeFuture] Finished waiting for partition release future [topVer=AffinityTopologyVersion [topVer=1, minorTopVer=3], waitTime=0ms, futInfo=NA, mode=DISTRIBUTED]
[14:25:34,289][INFO][exchange-worker-#43][GridDhtPartitionsExchangeFuture] Finished waiting for partitions release latch: ServerLatch [permits=0, pendingAcks=[], super=CompletableLatch [id=exchange, topVer=AffinityTopologyVersion [topVer=1, minorTopVer=3]]]
[14:25:34,289][INFO][exchange-worker-#43][GridDhtPartitionsExchangeFuture] Finished waiting for partition release future [topVer=AffinityTopologyVersion [topVer=1, minorTopVer=3], waitTime=0ms, futInfo=NA, mode=LOCAL]
[14:25:34,345][INFO][exchange-worker-#43][GridDhtPartitionsExchangeFuture] finishExchangeOnCoordinator [topVer=AffinityTopologyVersion [topVer=1, minorTopVer=3], resVer=AffinityTopologyVersion [topVer=1, minorTopVer=3]]
[14:25:34,345][INFO][exchange-worker-#43][GridDhtPartitionsExchangeFuture] Affinity changes (coordinator) applied in 0 ms.
[14:25:34,349][INFO][exchange-worker-#43][GridDhtPartitionsExchangeFuture] Partitions validation performed in 4 ms.
[14:25:34,351][INFO][exchange-worker-#43][GridDhtPartitionsExchangeFuture] Partitions assignment performed in 2 ms.
[14:25:34,366][INFO][exchange-worker-#43][GridDhtPartitionsExchangeFuture] Preparing Full Message performed in 11 ms.
[14:25:34,366][INFO][exchange-worker-#43][GridDhtPartitionsExchangeFuture] Sending Full Message to all nodes performed in 0 ms.
[14:25:34,366][INFO][exchange-worker-#43][GridDhtPartitionsExchangeFuture] Finish exchange future [startVer=AffinityTopologyVersion [topVer=1, minorTopVer=3], resVer=AffinityTopologyVersion [topVer=1, minorTopVer=3], err=null]
[14:25:34,373][INFO][exchange-worker-#43][GridCacheProcessor] Finish proxy initialization, cacheName=E_embeddingscache, localNodeId=adf591ca-4c76-4202-b285-aea5fa3e8af3
[14:25:34,374][INFO][exchange-worker-#43][GridDhtPartitionsExchangeFuture] Completed partition exchange [localNode=adf591ca-4c76-4202-b285-aea5fa3e8af3, exchange=GridDhtPartitionsExchangeFuture [topVer=AffinityTopologyVersion [topVer=1, minorTopVer=3], evt=DISCOVERY_CUSTOM_EVT, evtNode=TcpDiscoveryNode [id=adf591ca-4c76-4202-b285-aea5fa3e8af3, addrs=[0:0:0:0:0:0:0:1%lo, 127.0.0.1, 172.168.1.60], sockAddrs=[/172.168.1.60:47500, /0:0:0:0:0:0:0:1%lo:47500, /127.0.0.1:47500], discPort=47500, order=1, intOrder=1, lastExchangeTime=1583241932112, loc=true, ver=2.7.6#20190911-sha1:21f7ca41, isClient=false], done=true], topVer=AffinityTopologyVersion [topVer=1, minorTopVer=3], durationFromInit=126]
[14:25:34,375][INFO][exchange-worker-#43][time] Finished exchange init [topVer=AffinityTopologyVersion [topVer=1, minorTopVer=3], crd=true]
[14:25:34,379][INFO][exchange-worker-#43][GridCachePartitionExchangeManager] Skipping rebalancing (obsolete exchange ID) [top=AffinityTopologyVersion [topVer=1, minorTopVer=3], evt=DISCOVERY_CUSTOM_EVT, node=adf591ca-4c76-4202-b285-aea5fa3e8af3]
[14:25:34,379][INFO][exchange-worker-#43][time] Started exchange init [topVer=AffinityTopologyVersion [topVer=1, minorTopVer=4], mvccCrd=MvccCoordinator [nodeId=adf591ca-4c76-4202-b285-aea5fa3e8af3, crdVer=1583241933346, topVer=AffinityTopologyVersion [topVer=1, minorTopVer=0]], mvccCrdChange=false, crd=true, evt=DISCOVERY_CUSTOM_EVT, evtNode=adf591ca-4c76-4202-b285-aea5fa3e8af3, customEvt=DynamicCacheChangeBatch [id=836a290a071-7bba2c72-7c6f-43fb-abd0-358b1cb873b8, reqs=[DynamicCacheChangeRequest [cacheName=R_embeddingscache, hasCfg=true, nodeId=adf591ca-4c76-4202-b285-aea5fa3e8af3, clientStartOnly=false, stop=false, destroy=false, disabledAfterStartfalse]], exchangeActions=ExchangeActions [startCaches=[R_embeddingscache], stopCaches=null, startGrps=[R_embeddingscache], stopGrps=[], resetParts=null, stateChangeRequest=null], startCaches=false], allowMerge=false]
[14:25:34,380][INFO][exchange-worker-#43][CacheAffinitySharedManager] Updating caches registry performed in 0 ms.
[14:25:34,386][INFO][exchange-worker-#43][GridCacheProcessor] Started cache [name=R_embeddingscache, id=-1658741991, memoryPolicyName=default, mode=PARTITIONED, atomicity=ATOMIC, backups=0, mvcc=false], encryptionEnabled=false]
[14:25:34,386][INFO][exchange-worker-#43][CacheAffinitySharedManager] Caches starting performed in 6 ms.
[14:25:34,387][INFO][exchange-worker-#43][CacheAffinitySharedManager] Affinity initialization for started caches performed in 1 ms.
[14:25:34,388][INFO][exchange-worker-#43][GridDhtPartitionsExchangeFuture] Finished waiting for partition release future [topVer=AffinityTopologyVersion [topVer=1, minorTopVer=4], waitTime=0ms, futInfo=NA, mode=DISTRIBUTED]
[14:25:34,389][INFO][exchange-worker-#43][GridDhtPartitionsExchangeFuture] Finished waiting for partitions release latch: ServerLatch [permits=0, pendingAcks=[], super=CompletableLatch [id=exchange, topVer=AffinityTopologyVersion [topVer=1, minorTopVer=4]]]
[14:25:34,390][INFO][exchange-worker-#43][GridDhtPartitionsExchangeFuture] Finished waiting for partition release future [topVer=AffinityTopologyVersion [topVer=1, minorTopVer=4], waitTime=0ms, futInfo=NA, mode=LOCAL]
[14:25:34,448][INFO][exchange-worker-#43][GridDhtPartitionsExchangeFuture] finishExchangeOnCoordinator [topVer=AffinityTopologyVersion [topVer=1, minorTopVer=4], resVer=AffinityTopologyVersion [topVer=1, minorTopVer=4]]
[14:25:34,448][INFO][exchange-worker-#43][GridDhtPartitionsExchangeFuture] Affinity changes (coordinator) applied in 0 ms.
[14:25:34,452][INFO][exchange-worker-#43][GridDhtPartitionsExchangeFuture] Partitions validation performed in 4 ms.
[14:25:34,455][INFO][exchange-worker-#43][GridDhtPartitionsExchangeFuture] Partitions assignment performed in 2 ms.
[14:25:34,468][INFO][exchange-worker-#43][GridDhtPartitionsExchangeFuture] Preparing Full Message performed in 9 ms.
[14:25:34,468][INFO][exchange-worker-#43][GridDhtPartitionsExchangeFuture] Sending Full Message to all nodes performed in 0 ms.
[14:25:34,469][INFO][exchange-worker-#43][GridDhtPartitionsExchangeFuture] Finish exchange future [startVer=AffinityTopologyVersion [topVer=1, minorTopVer=4], resVer=AffinityTopologyVersion [topVer=1, minorTopVer=4], err=null]
[14:25:34,479][INFO][exchange-worker-#43][GridCacheProcessor] Finish proxy initialization, cacheName=R_embeddingscache, localNodeId=adf591ca-4c76-4202-b285-aea5fa3e8af3
[14:25:34,480][INFO][exchange-worker-#43][GridDhtPartitionsExchangeFuture] Completed partition exchange [localNode=adf591ca-4c76-4202-b285-aea5fa3e8af3, exchange=GridDhtPartitionsExchangeFuture [topVer=AffinityTopologyVersion [topVer=1, minorTopVer=4], evt=DISCOVERY_CUSTOM_EVT, evtNode=TcpDiscoveryNode [id=adf591ca-4c76-4202-b285-aea5fa3e8af3, addrs=[0:0:0:0:0:0:0:1%lo, 127.0.0.1, 172.168.1.60], sockAddrs=[/172.168.1.60:47500, /0:0:0:0:0:0:0:1%lo:47500, /127.0.0.1:47500], discPort=47500, order=1, intOrder=1, lastExchangeTime=1583241932112, loc=true, ver=2.7.6#20190911-sha1:21f7ca41, isClient=false], done=true], topVer=AffinityTopologyVersion [topVer=1, minorTopVer=4], durationFromInit=105]
[14:25:34,483][INFO][exchange-worker-#43][time] Finished exchange init [topVer=AffinityTopologyVersion [topVer=1, minorTopVer=4], crd=true]
[14:25:34,488][INFO][exchange-worker-#43][GridCachePartitionExchangeManager] Skipping rebalancing (obsolete exchange ID) [top=AffinityTopologyVersion [topVer=1, minorTopVer=4], evt=DISCOVERY_CUSTOM_EVT, node=adf591ca-4c76-4202-b285-aea5fa3e8af3]
[14:25:34,489][INFO][exchange-worker-#43][time] Started exchange init [topVer=AffinityTopologyVersion [topVer=1, minorTopVer=5], mvccCrd=MvccCoordinator [nodeId=adf591ca-4c76-4202-b285-aea5fa3e8af3, crdVer=1583241933346, topVer=AffinityTopologyVersion [topVer=1, minorTopVer=0]], mvccCrdChange=false, crd=true, evt=DISCOVERY_CUSTOM_EVT, evtNode=adf591ca-4c76-4202-b285-aea5fa3e8af3, customEvt=DynamicCacheChangeBatch [id=e36a290a071-7bba2c72-7c6f-43fb-abd0-358b1cb873b8, reqs=[DynamicCacheChangeRequest [cacheName=tripleId, hasCfg=true, nodeId=adf591ca-4c76-4202-b285-aea5fa3e8af3, clientStartOnly=false, stop=false, destroy=false, disabledAfterStartfalse]], exchangeActions=ExchangeActions [startCaches=[tripleId], stopCaches=null, startGrps=[tripleId], stopGrps=[], resetParts=null, stateChangeRequest=null], startCaches=false], allowMerge=false]
[14:25:34,489][INFO][exchange-worker-#43][CacheAffinitySharedManager] Updating caches registry performed in 0 ms.
[14:25:34,501][INFO][exchange-worker-#43][GridCacheProcessor] Started cache [name=tripleId, id=1511552537, memoryPolicyName=default, mode=PARTITIONED, atomicity=ATOMIC, backups=0, mvcc=false], encryptionEnabled=false]
[14:25:34,501][INFO][exchange-worker-#43][CacheAffinitySharedManager] Caches starting performed in 12 ms.
[14:25:34,502][INFO][exchange-worker-#43][CacheAffinitySharedManager] Affinity initialization for started caches performed in 1 ms.
[14:25:34,503][INFO][exchange-worker-#43][GridDhtPartitionsExchangeFuture] Finished waiting for partition release future [topVer=AffinityTopologyVersion [topVer=1, minorTopVer=5], waitTime=0ms, futInfo=NA, mode=DISTRIBUTED]
[14:25:34,503][INFO][exchange-worker-#43][GridDhtPartitionsExchangeFuture] Finished waiting for partitions release latch: ServerLatch [permits=0, pendingAcks=[], super=CompletableLatch [id=exchange, topVer=AffinityTopologyVersion [topVer=1, minorTopVer=5]]]
[14:25:34,503][INFO][exchange-worker-#43][GridDhtPartitionsExchangeFuture] Finished waiting for partition release future [topVer=AffinityTopologyVersion [topVer=1, minorTopVer=5], waitTime=0ms, futInfo=NA, mode=LOCAL]
[14:25:34,558][INFO][exchange-worker-#43][GridDhtPartitionsExchangeFuture] finishExchangeOnCoordinator [topVer=AffinityTopologyVersion [topVer=1, minorTopVer=5], resVer=AffinityTopologyVersion [topVer=1, minorTopVer=5]]
[14:25:34,558][INFO][exchange-worker-#43][GridDhtPartitionsExchangeFuture] Affinity changes (coordinator) applied in 0 ms.
[14:25:34,562][INFO][exchange-worker-#43][GridDhtPartitionsExchangeFuture] Partitions validation performed in 4 ms.
[14:25:34,565][INFO][exchange-worker-#43][GridDhtPartitionsExchangeFuture] Partitions assignment performed in 3 ms.
[14:25:34,573][INFO][exchange-worker-#43][GridDhtPartitionsExchangeFuture] Preparing Full Message performed in 5 ms.
[14:25:34,574][INFO][exchange-worker-#43][GridDhtPartitionsExchangeFuture] Sending Full Message to all nodes performed in 0 ms.
[14:25:34,574][INFO][exchange-worker-#43][GridDhtPartitionsExchangeFuture] Finish exchange future [startVer=AffinityTopologyVersion [topVer=1, minorTopVer=5], resVer=AffinityTopologyVersion [topVer=1, minorTopVer=5], err=null]
[14:25:34,583][INFO][exchange-worker-#43][GridCacheProcessor] Finish proxy initialization, cacheName=tripleId, localNodeId=adf591ca-4c76-4202-b285-aea5fa3e8af3
[14:25:34,583][INFO][exchange-worker-#43][GridDhtPartitionsExchangeFuture] Completed partition exchange [localNode=adf591ca-4c76-4202-b285-aea5fa3e8af3, exchange=GridDhtPartitionsExchangeFuture [topVer=AffinityTopologyVersion [topVer=1, minorTopVer=5], evt=DISCOVERY_CUSTOM_EVT, evtNode=TcpDiscoveryNode [id=adf591ca-4c76-4202-b285-aea5fa3e8af3, addrs=[0:0:0:0:0:0:0:1%lo, 127.0.0.1, 172.168.1.60], sockAddrs=[/172.168.1.60:47500, /0:0:0:0:0:0:0:1%lo:47500, /127.0.0.1:47500], discPort=47500, order=1, intOrder=1, lastExchangeTime=1583241932112, loc=true, ver=2.7.6#20190911-sha1:21f7ca41, isClient=false], done=true], topVer=AffinityTopologyVersion [topVer=1, minorTopVer=5], durationFromInit=96]
[14:25:34,584][INFO][exchange-worker-#43][time] Finished exchange init [topVer=AffinityTopologyVersion [topVer=1, minorTopVer=5], crd=true]
[14:25:34,591][INFO][exchange-worker-#43][GridCachePartitionExchangeManager] Skipping rebalancing (obsolete exchange ID) [top=AffinityTopologyVersion [topVer=1, minorTopVer=5], evt=DISCOVERY_CUSTOM_EVT, node=adf591ca-4c76-4202-b285-aea5fa3e8af3]
[14:25:34,592][INFO][exchange-worker-#43][time] Started exchange init [topVer=AffinityTopologyVersion [topVer=1, minorTopVer=6], mvccCrd=MvccCoordinator [nodeId=adf591ca-4c76-4202-b285-aea5fa3e8af3, crdVer=1583241933346, topVer=AffinityTopologyVersion [topVer=1, minorTopVer=0]], mvccCrdChange=false, crd=true, evt=DISCOVERY_CUSTOM_EVT, evtNode=adf591ca-4c76-4202-b285-aea5fa3e8af3, customEvt=DynamicCacheChangeBatch [id=446a290a071-7bba2c72-7c6f-43fb-abd0-358b1cb873b8, reqs=[DynamicCacheChangeRequest [cacheName=tripleHcache, hasCfg=true, nodeId=adf591ca-4c76-4202-b285-aea5fa3e8af3, clientStartOnly=false, stop=false, destroy=false, disabledAfterStartfalse]], exchangeActions=ExchangeActions [startCaches=[tripleHcache], stopCaches=null, startGrps=[tripleHcache], stopGrps=[], resetParts=null, stateChangeRequest=null], startCaches=false], allowMerge=false]
[14:25:34,592][INFO][exchange-worker-#43][CacheAffinitySharedManager] Updating caches registry performed in 0 ms.
[14:25:34,602][INFO][exchange-worker-#43][GridCacheProcessor] Started cache [name=tripleHcache, id=213412376, memoryPolicyName=default, mode=PARTITIONED, atomicity=ATOMIC, backups=0, mvcc=false], encryptionEnabled=false]
[14:25:34,602][INFO][exchange-worker-#43][CacheAffinitySharedManager] Caches starting performed in 10 ms.
[14:25:34,603][INFO][exchange-worker-#43][CacheAffinitySharedManager] Affinity initialization for started caches performed in 1 ms.
[14:25:34,605][INFO][exchange-worker-#43][GridDhtPartitionsExchangeFuture] Finished waiting for partition release future [topVer=AffinityTopologyVersion [topVer=1, minorTopVer=6], waitTime=0ms, futInfo=NA, mode=DISTRIBUTED]
[14:25:34,606][INFO][exchange-worker-#43][GridDhtPartitionsExchangeFuture] Finished waiting for partitions release latch: ServerLatch [permits=0, pendingAcks=[], super=CompletableLatch [id=exchange, topVer=AffinityTopologyVersion [topVer=1, minorTopVer=6]]]
[14:25:34,608][INFO][exchange-worker-#43][GridDhtPartitionsExchangeFuture] Finished waiting for partition release future [topVer=AffinityTopologyVersion [topVer=1, minorTopVer=6], waitTime=0ms, futInfo=NA, mode=LOCAL]
[14:25:34,660][INFO][exchange-worker-#43][GridDhtPartitionsExchangeFuture] finishExchangeOnCoordinator [topVer=AffinityTopologyVersion [topVer=1, minorTopVer=6], resVer=AffinityTopologyVersion [topVer=1, minorTopVer=6]]
[14:25:34,661][INFO][exchange-worker-#43][GridDhtPartitionsExchangeFuture] Affinity changes (coordinator) applied in 0 ms.
[14:25:34,668][INFO][exchange-worker-#43][GridDhtPartitionsExchangeFuture] Partitions validation performed in 6 ms.
[14:25:34,671][INFO][exchange-worker-#43][GridDhtPartitionsExchangeFuture] Partitions assignment performed in 3 ms.
[14:25:34,683][INFO][exchange-worker-#43][GridDhtPartitionsExchangeFuture] Preparing Full Message performed in 8 ms.
[14:25:34,683][INFO][exchange-worker-#43][GridDhtPartitionsExchangeFuture] Sending Full Message to all nodes performed in 0 ms.
[14:25:34,683][INFO][exchange-worker-#43][GridDhtPartitionsExchangeFuture] Finish exchange future [startVer=AffinityTopologyVersion [topVer=1, minorTopVer=6], resVer=AffinityTopologyVersion [topVer=1, minorTopVer=6], err=null]
[14:25:34,692][INFO][exchange-worker-#43][GridCacheProcessor] Finish proxy initialization, cacheName=tripleHcache, localNodeId=adf591ca-4c76-4202-b285-aea5fa3e8af3
[14:25:34,692][INFO][exchange-worker-#43][GridDhtPartitionsExchangeFuture] Completed partition exchange [localNode=adf591ca-4c76-4202-b285-aea5fa3e8af3, exchange=GridDhtPartitionsExchangeFuture [topVer=AffinityTopologyVersion [topVer=1, minorTopVer=6], evt=DISCOVERY_CUSTOM_EVT, evtNode=TcpDiscoveryNode [id=adf591ca-4c76-4202-b285-aea5fa3e8af3, addrs=[0:0:0:0:0:0:0:1%lo, 127.0.0.1, 172.168.1.60], sockAddrs=[/172.168.1.60:47500, /0:0:0:0:0:0:0:1%lo:47500, /127.0.0.1:47500], discPort=47500, order=1, intOrder=1, lastExchangeTime=1583241932112, loc=true, ver=2.7.6#20190911-sha1:21f7ca41, isClient=false], done=true], topVer=AffinityTopologyVersion [topVer=1, minorTopVer=6], durationFromInit=101]
[14:25:34,692][INFO][exchange-worker-#43][time] Finished exchange init [topVer=AffinityTopologyVersion [topVer=1, minorTopVer=6], crd=true]
[14:25:34,698][INFO][exchange-worker-#43][GridCachePartitionExchangeManager] Skipping rebalancing (obsolete exchange ID) [top=AffinityTopologyVersion [topVer=1, minorTopVer=6], evt=DISCOVERY_CUSTOM_EVT, node=adf591ca-4c76-4202-b285-aea5fa3e8af3]
[14:25:34,699][INFO][exchange-worker-#43][time] Started exchange init [topVer=AffinityTopologyVersion [topVer=1, minorTopVer=7], mvccCrd=MvccCoordinator [nodeId=adf591ca-4c76-4202-b285-aea5fa3e8af3, crdVer=1583241933346, topVer=AffinityTopologyVersion [topVer=1, minorTopVer=0]], mvccCrdChange=false, crd=true, evt=DISCOVERY_CUSTOM_EVT, evtNode=adf591ca-4c76-4202-b285-aea5fa3e8af3, customEvt=DynamicCacheChangeBatch [id=a46a290a071-7bba2c72-7c6f-43fb-abd0-358b1cb873b8, reqs=[DynamicCacheChangeRequest [cacheName=testTriplecache, hasCfg=true, nodeId=adf591ca-4c76-4202-b285-aea5fa3e8af3, clientStartOnly=false, stop=false, destroy=false, disabledAfterStartfalse]], exchangeActions=ExchangeActions [startCaches=[testTriplecache], stopCaches=null, startGrps=[testTriplecache], stopGrps=[], resetParts=null, stateChangeRequest=null], startCaches=false], allowMerge=false]
[14:25:34,699][INFO][exchange-worker-#43][CacheAffinitySharedManager] Updating caches registry performed in 0 ms.
[14:25:34,704][INFO][exchange-worker-#43][GridCacheProcessor] Started cache [name=testTriplecache, id=1589043698, memoryPolicyName=default, mode=PARTITIONED, atomicity=ATOMIC, backups=0, mvcc=false], encryptionEnabled=false]
[14:25:34,705][INFO][exchange-worker-#43][CacheAffinitySharedManager] Caches starting performed in 6 ms.
[14:25:34,706][INFO][exchange-worker-#43][CacheAffinitySharedManager] Affinity initialization for started caches performed in 1 ms.
[14:25:34,707][INFO][exchange-worker-#43][GridDhtPartitionsExchangeFuture] Finished waiting for partition release future [topVer=AffinityTopologyVersion [topVer=1, minorTopVer=7], waitTime=0ms, futInfo=NA, mode=DISTRIBUTED]
[14:25:34,707][INFO][exchange-worker-#43][GridDhtPartitionsExchangeFuture] Finished waiting for partitions release latch: ServerLatch [permits=0, pendingAcks=[], super=CompletableLatch [id=exchange, topVer=AffinityTopologyVersion [topVer=1, minorTopVer=7]]]
[14:25:34,707][INFO][exchange-worker-#43][GridDhtPartitionsExchangeFuture] Finished waiting for partition release future [topVer=AffinityTopologyVersion [topVer=1, minorTopVer=7], waitTime=0ms, futInfo=NA, mode=LOCAL]
[14:25:34,757][INFO][exchange-worker-#43][GridDhtPartitionsExchangeFuture] finishExchangeOnCoordinator [topVer=AffinityTopologyVersion [topVer=1, minorTopVer=7], resVer=AffinityTopologyVersion [topVer=1, minorTopVer=7]]
[14:25:34,757][INFO][exchange-worker-#43][GridDhtPartitionsExchangeFuture] Affinity changes (coordinator) applied in 0 ms.
[14:25:34,765][INFO][exchange-worker-#43][GridDhtPartitionsExchangeFuture] Partitions validation performed in 8 ms.
[14:25:34,770][INFO][exchange-worker-#43][GridDhtPartitionsExchangeFuture] Partitions assignment performed in 5 ms.
[14:25:34,783][INFO][exchange-worker-#43][GridDhtPartitionsExchangeFuture] Preparing Full Message performed in 9 ms.
[14:25:34,783][INFO][exchange-worker-#43][GridDhtPartitionsExchangeFuture] Sending Full Message to all nodes performed in 0 ms.
[14:25:34,783][INFO][exchange-worker-#43][GridDhtPartitionsExchangeFuture] Finish exchange future [startVer=AffinityTopologyVersion [topVer=1, minorTopVer=7], resVer=AffinityTopologyVersion [topVer=1, minorTopVer=7], err=null]
[14:25:34,796][INFO][exchange-worker-#43][GridCacheProcessor] Finish proxy initialization, cacheName=testTriplecache, localNodeId=adf591ca-4c76-4202-b285-aea5fa3e8af3
[14:25:34,797][INFO][exchange-worker-#43][GridDhtPartitionsExchangeFuture] Completed partition exchange [localNode=adf591ca-4c76-4202-b285-aea5fa3e8af3, exchange=GridDhtPartitionsExchangeFuture [topVer=AffinityTopologyVersion [topVer=1, minorTopVer=7], evt=DISCOVERY_CUSTOM_EVT, evtNode=TcpDiscoveryNode [id=adf591ca-4c76-4202-b285-aea5fa3e8af3, addrs=[0:0:0:0:0:0:0:1%lo, 127.0.0.1, 172.168.1.60], sockAddrs=[/172.168.1.60:47500, /0:0:0:0:0:0:0:1%lo:47500, /127.0.0.1:47500], discPort=47500, order=1, intOrder=1, lastExchangeTime=1583241932112, loc=true, ver=2.7.6#20190911-sha1:21f7ca41, isClient=false], done=true], topVer=AffinityTopologyVersion [topVer=1, minorTopVer=7], durationFromInit=101]
[14:25:34,797][INFO][exchange-worker-#43][time] Finished exchange init [topVer=AffinityTopologyVersion [topVer=1, minorTopVer=7], crd=true]
[14:25:34,801][INFO][main][GridTcpRestProtocol] Command protocol successfully stopped: TCP binary
[14:25:34,808][INFO][exchange-worker-#43][GridCachePartitionExchangeManager] Skipping rebalancing (nothing scheduled) [top=AffinityTopologyVersion [topVer=1, minorTopVer=7], force=false, evt=DISCOVERY_CUSTOM_EVT, node=adf591ca-4c76-4202-b285-aea5fa3e8af3]
[14:25:34,827][INFO][main][GridCacheProcessor] Stopped cache [cacheName=ignite-sys-cache]
[14:25:34,829][INFO][main][GridCacheProcessor] Stopped cache [cacheName=tripleHcache]
[14:25:34,830][INFO][main][GridCacheProcessor] Stopped cache [cacheName=tripleId]
[14:25:34,830][INFO][main][GridCacheProcessor] Stopped cache [cacheName=Entity2IDcache]
[14:25:34,831][INFO][main][GridCacheProcessor] Stopped cache [cacheName=testTriplecache]
[14:25:34,837][INFO][main][GridCacheProcessor] Stopped cache [cacheName=R_embeddingscache]
[14:25:34,838][INFO][main][GridCacheProcessor] Stopped cache [cacheName=Relation2IDcache]
[14:25:34,838][INFO][main][GridCacheProcessor] Stopped cache [cacheName=E_embeddingscache]
[14:25:34,895][INFO][main][GridDeploymentLocalStore] Removed undeployed class: GridDeployment [ts=1583241933782, depMode=SHARED, clsLdr=sun.misc.Launcher$AppClassLoader@4e0e2f2a, clsLdrId=826a290a071-adf591ca-4c76-4202-b285-aea5fa3e8af3, userVer=0, loc=true, sampleClsName=org.apache.ignite.internal.processors.service.GridServiceProcessor$ServiceDeploymentPredicate, pendingUndeploy=false, undeployed=true, usage=0]
[14:25:34,899][INFO][main][IgniteKernal] 

>>> +---------------------------------------------------------------------------------+
>>> Ignite ver. 2.7.6#20190911-sha1:21f7ca41c4348909e2fd26ccf59b5b2ce1f4474e stopped OK
>>> +---------------------------------------------------------------------------------+
>>> Grid uptime: 00:00:01.160


