[16:47:32,025][WARNING][main][G] Ignite work directory is not provided, automatically resolved to: /home/xshaini/apache-ignite-2.7.5-bin/work
[16:47:32,179][INFO][main][IgniteKernal] 

>>>    __________  ________________  
>>>   /  _/ ___/ |/ /  _/_  __/ __/  
>>>  _/ // (7 7    // /  / / / _/    
>>> /___/\___/_/|_/___/ /_/ /___/   
>>> 
>>> ver. 2.7.6#20190911-sha1:21f7ca41
>>> 2019 Copyright(C) Apache Software Foundation
>>> 
>>> Ignite documentation: http://ignite.apache.org

[16:47:32,185][INFO][main][IgniteKernal] Config URL: file:/home/xshaini/apache-ignite-2.7.5-bin/examples/config/example-ignite.xml
[16:47:32,198][INFO][main][IgniteKernal] IgniteConfiguration [igniteInstanceName=null, pubPoolSize=8, svcPoolSize=8, callbackPoolSize=8, stripedPoolSize=8, sysPoolSize=8, mgmtPoolSize=4, igfsPoolSize=4, dataStreamerPoolSize=8, utilityCachePoolSize=8, utilityCacheKeepAliveTime=60000, p2pPoolSize=2, qryPoolSize=8, igniteHome=/home/xshaini/apache-ignite-2.7.5-bin, igniteWorkDir=/home/xshaini/apache-ignite-2.7.5-bin/work, mbeanSrv=com.sun.jmx.mbeanserver.JmxMBeanServer@501edcf1, nodeId=3c171036-267f-413d-903f-adcdcec8e19a, marsh=BinaryMarshaller [], marshLocJobs=false, daemon=false, p2pEnabled=true, netTimeout=5000, sndRetryDelay=1000, sndRetryCnt=3, metricsHistSize=10000, metricsUpdateFreq=2000, metricsExpTime=9223372036854775807, discoSpi=TcpDiscoverySpi [addrRslvr=null, sockTimeout=0, ackTimeout=0, marsh=null, reconCnt=10, reconDelay=2000, maxAckTimeout=600000, forceSrvMode=false, clientReconnectDisabled=false, internalLsnr=null], segPlc=STOP, segResolveAttempts=2, waitForSegOnStart=true, allResolversPassReq=true, segChkFreq=10000, commSpi=TcpCommunicationSpi [connectGate=null, connPlc=org.apache.ignite.spi.communication.tcp.TcpCommunicationSpi$FirstConnectionPolicy@682b2fa, enableForcibleNodeKill=false, enableTroubleshootingLog=false, locAddr=null, locHost=null, locPort=47100, locPortRange=100, shmemPort=-1, directBuf=true, directSndBuf=false, idleConnTimeout=600000, connTimeout=5000, maxConnTimeout=600000, reconCnt=10, sockSndBuf=32768, sockRcvBuf=32768, msgQueueLimit=0, slowClientQueueLimit=0, nioSrvr=null, shmemSrv=null, usePairedConnections=false, connectionsPerNode=1, tcpNoDelay=true, filterReachableAddresses=false, ackSndThreshold=32, unackedMsgsBufSize=0, sockWriteTimeout=2000, boundTcpPort=-1, boundTcpShmemPort=-1, selectorsCnt=4, selectorSpins=0, addrRslvr=null, ctxInitLatch=java.util.concurrent.CountDownLatch@217ed35e[Count = 1], stopping=false], evtSpi=org.apache.ignite.spi.eventstorage.NoopEventStorageSpi@7dcf94f8, colSpi=NoopCollisionSpi [], deploySpi=LocalDeploymentSpi [], indexingSpi=org.apache.ignite.spi.indexing.noop.NoopIndexingSpi@3eb25e1a, addrRslvr=null, encryptionSpi=org.apache.ignite.spi.encryption.noop.NoopEncryptionSpi@477b4cdf, clientMode=false, rebalanceThreadPoolSize=1, txCfg=TransactionConfiguration [txSerEnabled=false, dfltIsolation=REPEATABLE_READ, dfltConcurrency=PESSIMISTIC, dfltTxTimeout=0, txTimeoutOnPartitionMapExchange=0, pessimisticTxLogSize=0, pessimisticTxLogLinger=10000, tmLookupClsName=null, txManagerFactory=null, useJtaSync=false], cacheSanityCheckEnabled=true, discoStartupDelay=60000, deployMode=SHARED, p2pMissedCacheSize=100, locHost=null, timeSrvPortBase=31100, timeSrvPortRange=100, failureDetectionTimeout=10000, sysWorkerBlockedTimeout=null, clientFailureDetectionTimeout=30000, metricsLogFreq=60000, hadoopCfg=null, connectorCfg=ConnectorConfiguration [jettyPath=null, host=null, port=11211, noDelay=true, directBuf=false, sndBufSize=32768, rcvBufSize=32768, idleQryCurTimeout=600000, idleQryCurCheckFreq=60000, sndQueueLimit=0, selectorCnt=4, idleTimeout=7000, sslEnabled=false, sslClientAuth=false, sslCtxFactory=null, sslFactory=null, portRange=100, threadPoolSize=8, msgInterceptor=null], odbcCfg=null, warmupClos=null, atomicCfg=AtomicConfiguration [seqReserveSize=1000, cacheMode=PARTITIONED, backups=1, aff=null, grpName=null], classLdr=null, sslCtxFactory=null, platformCfg=null, binaryCfg=null, memCfg=null, pstCfg=null, dsCfg=DataStorageConfiguration [sysRegionInitSize=41943040, sysRegionMaxSize=104857600, pageSize=0, concLvl=0, dfltDataRegConf=DataRegionConfiguration [name=default, maxSize=3334424985, initSize=268435456, swapPath=null, pageEvictionMode=DISABLED, evictionThreshold=0.9, emptyPagesPoolSize=100, metricsEnabled=false, metricsSubIntervalCount=5, metricsRateTimeInterval=60000, persistenceEnabled=false, checkpointPageBufSize=0], dataRegions=null, storagePath=null, checkpointFreq=180000, lockWaitTime=10000, checkpointThreads=4, checkpointWriteOrder=SEQUENTIAL, walHistSize=20, maxWalArchiveSize=1073741824, walSegments=10, walSegmentSize=67108864, walPath=db/wal, walArchivePath=db/wal/archive, metricsEnabled=false, walMode=LOG_ONLY, walTlbSize=131072, walBuffSize=0, walFlushFreq=2000, walFsyncDelay=1000, walRecordIterBuffSize=67108864, alwaysWriteFullPages=false, fileIOFactory=org.apache.ignite.internal.processors.cache.persistence.file.AsyncFileIOFactory@3b0090a4, metricsSubIntervalCnt=5, metricsRateTimeInterval=60000, walAutoArchiveAfterInactivity=-1, writeThrottlingEnabled=false, walCompactionEnabled=false, walCompactionLevel=1, checkpointReadLockTimeout=null], activeOnStart=true, autoActivation=true, longQryWarnTimeout=3000, sqlConnCfg=null, cliConnCfg=ClientConnectorConfiguration [host=null, port=10800, portRange=100, sockSndBufSize=0, sockRcvBufSize=0, tcpNoDelay=true, maxOpenCursorsPerConn=128, threadPoolSize=8, idleTimeout=0, jdbcEnabled=true, odbcEnabled=true, thinCliEnabled=true, sslEnabled=false, useIgniteSslCtxFactory=true, sslClientAuth=false, sslCtxFactory=null], mvccVacuumThreadCnt=2, mvccVacuumFreq=5000, authEnabled=false, failureHnd=null, commFailureRslvr=null]
[16:47:32,199][INFO][main][IgniteKernal] Daemon mode: off
[16:47:32,199][INFO][main][IgniteKernal] OS: Linux 4.15.0-76-generic amd64
[16:47:32,199][INFO][main][IgniteKernal] OS user: xshaini
[16:47:32,200][INFO][main][IgniteKernal] PID: 5239
[16:47:32,200][INFO][main][IgniteKernal] Language runtime: Scala ver. 2.11.11
[16:47:32,200][INFO][main][IgniteKernal] VM information: Java(TM) SE Runtime Environment 1.8.0_211-b12 Oracle Corporation Java HotSpot(TM) 64-Bit Server VM 25.211-b12
[16:47:32,202][INFO][main][IgniteKernal] VM total memory: 3.5GB
[16:47:32,202][INFO][main][IgniteKernal] Remote Management [restart: off, REST: on, JMX (remote: off)]
[16:47:32,202][INFO][main][IgniteKernal] Logger: JavaLogger [quiet=true, config=null]
[16:47:32,202][INFO][main][IgniteKernal] IGNITE_HOME=/home/xshaini/apache-ignite-2.7.5-bin
[16:47:32,202][INFO][main][IgniteKernal] VM arguments: [-Dfile.encoding=UTF-8, -Xbootclasspath/p:/home/xshaini/scala-SDK-4.7.0/eclipse/plugins/org.scala-ide.scala211.jars_4.7.0.201709291351/target/jars/scala-library.jar:/home/xshaini/scala-SDK-4.7.0/eclipse/plugins/org.scala-ide.scala211.jars_4.7.0.201709291351/target/jars/scala-reflect.jar]
[16:47:32,202][INFO][main][IgniteKernal] System cache's DataRegion size is configured to 40 MB. Use DataStorageConfiguration.systemRegionInitialSize property to change the setting.
[16:47:32,209][INFO][main][IgniteKernal] Configured caches [in 'sysMemPlc' dataRegion: ['ignite-sys-cache']]
[16:47:32,209][WARNING][main][IgniteKernal] Peer class loading is enabled (disable it in production for performance and deployment consistency reasons)
[16:47:32,209][WARNING][main][IgniteKernal] Please set system property '-Djava.net.preferIPv4Stack=true' to avoid possible problems in mixed environments.
[16:47:32,211][INFO][main][IgniteKernal] 3-rd party licenses can be found at: /home/xshaini/apache-ignite-2.7.5-bin/libs/licenses
[16:47:32,213][WARNING][pub-#22][GridDiagnostic] Initial heap size is 250MB (should be no less than 512MB, use -Xms512m -Xmx512m).
[16:47:32,261][INFO][main][IgnitePluginProcessor] Configured plugins:
[16:47:32,261][INFO][main][IgnitePluginProcessor]   ^-- None
[16:47:32,261][INFO][main][IgnitePluginProcessor] 
[16:47:32,263][INFO][main][FailureProcessor] Configured failure handler: [hnd=StopNodeOrHaltFailureHandler [tryStop=false, timeout=0, super=AbstractFailureHandler [ignoredFailureTypes=[SYSTEM_WORKER_BLOCKED, SYSTEM_CRITICAL_OPERATION_TIMEOUT]]]]
[16:47:32,305][INFO][main][TcpCommunicationSpi] Successfully bound communication NIO server to TCP port [port=47100, locHost=0.0.0.0/0.0.0.0, selectorsCnt=4, selectorSpins=0, pairedConn=false]
[16:47:32,318][WARNING][main][TcpCommunicationSpi] Message queue limit is set to 0 which may lead to potential OOMEs when running cache operations in FULL_ASYNC or PRIMARY_SYNC modes due to message queues growth on sender and receiver sides.
[16:47:32,336][WARNING][main][NoopCheckpointSpi] Checkpoints are disabled (to enable configure any GridCheckpointSpi implementation)
[16:47:32,355][WARNING][main][GridCollisionManager] Collision resolution is disabled (all jobs will be activated upon arrival).
[16:47:32,365][INFO][main][IgniteKernal] Security status [authentication=off, tls/ssl=off]
[16:47:32,585][WARNING][main][IgniteCacheDatabaseSharedManager] DataRegionConfiguration.maxWalArchiveSize instead DataRegionConfiguration.walHistorySize would be used for removing old archive wal files
[16:47:32,602][INFO][main][PartitionsEvictManager] Evict partition permits=2
[16:47:32,786][INFO][main][ClientListenerProcessor] Client connector processor has started on TCP port 10800
[16:47:32,830][INFO][main][GridTcpRestProtocol] Command protocol successfully started [name=TCP binary, host=0.0.0.0/0.0.0.0, port=11211]
[16:47:32,867][INFO][main][IgniteKernal] Non-loopback local IPs: 172.16.2.60, fe80:0:0:0:8c20:4568:85a6:55e3%wlp2s0
[16:47:32,867][INFO][main][IgniteKernal] Enabled local MACs: 1002B5D9B0B6
[16:47:32,901][INFO][main][TcpDiscoverySpi] Connection check threshold is calculated: 10000
[16:47:32,903][INFO][main][TcpDiscoverySpi] Successfully bound to TCP port [port=47500, localHost=0.0.0.0/0.0.0.0, locNodeId=3c171036-267f-413d-903f-adcdcec8e19a]
[16:47:34,149][INFO][disco-notifier-worker-#41][MvccProcessorImpl] Assigned mvcc coordinator [crd=MvccCoordinator [nodeId=3c171036-267f-413d-903f-adcdcec8e19a, crdVer=1582127254138, topVer=AffinityTopologyVersion [topVer=1, minorTopVer=0]], crdNode=TcpDiscoveryNode [id=3c171036-267f-413d-903f-adcdcec8e19a, addrs=[0:0:0:0:0:0:0:1%lo, 127.0.0.1, 172.16.2.60], sockAddrs=[/172.16.2.60:47500, /0:0:0:0:0:0:0:1%lo:47500, /127.0.0.1:47500], discPort=47500, order=1, intOrder=1, lastExchangeTime=1582127252898, loc=true, ver=2.7.6#20190911-sha1:21f7ca41, isClient=false]]
[16:47:34,176][INFO][exchange-worker-#43][time] Started exchange init [topVer=AffinityTopologyVersion [topVer=1, minorTopVer=0], mvccCrd=MvccCoordinator [nodeId=3c171036-267f-413d-903f-adcdcec8e19a, crdVer=1582127254138, topVer=AffinityTopologyVersion [topVer=1, minorTopVer=0]], mvccCrdChange=true, crd=true, evt=NODE_JOINED, evtNode=3c171036-267f-413d-903f-adcdcec8e19a, customEvt=null, allowMerge=false]
[16:47:34,189][INFO][exchange-worker-#43][msg] Components activation performed in 13 ms.
[16:47:34,282][INFO][exchange-worker-#43][GridCacheProcessor] Started cache [name=ignite-sys-cache, id=-2100569601, memoryPolicyName=sysMemPlc, mode=REPLICATED, atomicity=TRANSACTIONAL, backups=2147483647, mvcc=false], encryptionEnabled=false]
[16:47:34,282][INFO][exchange-worker-#43][GridCacheProcessor] Starting caches on local join performed in 92 ms.
[16:47:34,290][INFO][exchange-worker-#43][GridDhtPartitionsExchangeFuture] Skipped waiting for partitions release future (local node is joining) [topVer=AffinityTopologyVersion [topVer=1, minorTopVer=0]]
[16:47:34,330][INFO][exchange-worker-#43][GridDhtPartitionsExchangeFuture] finishExchangeOnCoordinator [topVer=AffinityTopologyVersion [topVer=1, minorTopVer=0], resVer=AffinityTopologyVersion [topVer=1, minorTopVer=0]]
[16:47:34,330][INFO][exchange-worker-#43][GridDhtPartitionsExchangeFuture] Affinity changes (coordinator) applied in 0 ms.
[16:47:34,345][INFO][exchange-worker-#43][GridDhtPartitionsExchangeFuture] Partitions validation performed in 14 ms.
[16:47:34,345][INFO][exchange-worker-#43][GridDhtPartitionsExchangeFuture] Partitions assignment performed in 0 ms.
[16:47:34,360][INFO][exchange-worker-#43][GridDhtPartitionsExchangeFuture] Preparing Full Message performed in 14 ms.
[16:47:34,361][INFO][exchange-worker-#43][GridDhtPartitionsExchangeFuture] Sending Full Message to all nodes performed in 0 ms.
[16:47:34,361][INFO][exchange-worker-#43][GridDhtPartitionsExchangeFuture] Finish exchange future [startVer=AffinityTopologyVersion [topVer=1, minorTopVer=0], resVer=AffinityTopologyVersion [topVer=1, minorTopVer=0], err=null]
[16:47:34,362][INFO][exchange-worker-#43][GridDhtPartitionsExchangeFuture] Detecting lost partitions performed in 0 ms.
[16:47:34,363][INFO][exchange-worker-#43][MvccProcessorImpl] Initialize local node as mvcc coordinator [node=3c171036-267f-413d-903f-adcdcec8e19a, crdVer=1582127254138]
[16:47:34,371][INFO][exchange-worker-#43][GridCacheProcessor] Finish proxy initialization, cacheName=ignite-sys-cache, localNodeId=3c171036-267f-413d-903f-adcdcec8e19a
[16:47:34,372][INFO][exchange-worker-#43][GridDhtPartitionsExchangeFuture] Completed partition exchange [localNode=3c171036-267f-413d-903f-adcdcec8e19a, exchange=GridDhtPartitionsExchangeFuture [topVer=AffinityTopologyVersion [topVer=1, minorTopVer=0], evt=NODE_JOINED, evtNode=TcpDiscoveryNode [id=3c171036-267f-413d-903f-adcdcec8e19a, addrs=[0:0:0:0:0:0:0:1%lo, 127.0.0.1, 172.16.2.60], sockAddrs=[/172.16.2.60:47500, /0:0:0:0:0:0:0:1%lo:47500, /127.0.0.1:47500], discPort=47500, order=1, intOrder=1, lastExchangeTime=1582127252898, loc=true, ver=2.7.6#20190911-sha1:21f7ca41, isClient=false], done=true], topVer=AffinityTopologyVersion [topVer=1, minorTopVer=0], durationFromInit=204]
[16:47:34,372][INFO][exchange-worker-#43][time] Finished exchange init [topVer=AffinityTopologyVersion [topVer=1, minorTopVer=0], crd=true]
[16:47:34,377][INFO][exchange-worker-#43][GridCachePartitionExchangeManager] Skipping rebalancing (nothing scheduled) [top=AffinityTopologyVersion [topVer=1, minorTopVer=0], force=false, evt=NODE_JOINED, node=3c171036-267f-413d-903f-adcdcec8e19a]
[16:47:34,441][INFO][main][IgniteKernal] Performance suggestions for grid  (fix if possible)
[16:47:34,441][INFO][main][IgniteKernal] To disable, set -DIGNITE_PERFORMANCE_SUGGESTIONS_DISABLED=true
[16:47:34,442][INFO][main][IgniteKernal]   ^-- Disable grid events (remove 'includeEventTypes' from configuration)
[16:47:34,442][INFO][main][IgniteKernal]   ^-- Enable G1 Garbage Collector (add '-XX:+UseG1GC' to JVM options)
[16:47:34,442][INFO][main][IgniteKernal]   ^-- Specify JVM heap max size (add '-Xmx<size>[g|G|m|M|k|K]' to JVM options)
[16:47:34,442][INFO][main][IgniteKernal]   ^-- Set max direct memory size if getting 'OOME: Direct buffer memory' (add '-XX:MaxDirectMemorySize=<size>[g|G|m|M|k|K]' to JVM options)
[16:47:34,442][INFO][main][IgniteKernal]   ^-- Disable processing of calls to System.gc() (add '-XX:+DisableExplicitGC' to JVM options)
[16:47:34,442][INFO][main][IgniteKernal] Refer to this page for more performance suggestions: https://apacheignite.readme.io/docs/jvm-and-system-tuning
[16:47:34,442][INFO][main][IgniteKernal] 
[16:47:34,443][INFO][main][IgniteKernal] To start Console Management & Monitoring run ignitevisorcmd.{sh|bat}
[16:47:34,446][INFO][main][IgniteKernal] Data Regions Configured:
[16:47:34,446][INFO][main][IgniteKernal]   ^-- default [initSize=256.0 MiB, maxSize=3.1 GiB, persistence=false]
[16:47:34,447][INFO][main][IgniteKernal] 

>>> +----------------------------------------------------------------------+
>>> Ignite ver. 2.7.6#20190911-sha1:21f7ca41c4348909e2fd26ccf59b5b2ce1f4474e
>>> +----------------------------------------------------------------------+
>>> OS name: Linux 4.15.0-76-generic amd64
>>> CPU(s): 4
>>> Heap: 3.5GB
>>> VM name: 5239@eis-seoul
>>> Local node [ID=3C171036-267F-413D-903F-ADCDCEC8E19A, order=1, clientMode=false]
>>> Local node addresses: [172.16.2.60/0:0:0:0:0:0:0:1%lo, /127.0.0.1, /172.16.2.60]
>>> Local ports: TCP:10800 TCP:11211 TCP:47100 UDP:47400 TCP:47500 

[16:47:34,450][INFO][main][GridDiscoveryManager] Topology snapshot [ver=1, locNode=3c171036, servers=1, clients=0, state=ACTIVE, CPUs=4, offheap=3.1GB, heap=3.5GB]
[16:47:34,495][INFO][exchange-worker-#43][time] Started exchange init [topVer=AffinityTopologyVersion [topVer=1, minorTopVer=1], mvccCrd=MvccCoordinator [nodeId=3c171036-267f-413d-903f-adcdcec8e19a, crdVer=1582127254138, topVer=AffinityTopologyVersion [topVer=1, minorTopVer=0]], mvccCrdChange=false, crd=true, evt=DISCOVERY_CUSTOM_EVT, evtNode=3c171036-267f-413d-903f-adcdcec8e19a, customEvt=DynamicCacheChangeBatch [id=040022e5071-7844f2e5-9158-4aac-8a1e-d3ce4d98749a, reqs=[DynamicCacheChangeRequest [cacheName=Entity2IDcache, hasCfg=true, nodeId=3c171036-267f-413d-903f-adcdcec8e19a, clientStartOnly=false, stop=false, destroy=false, disabledAfterStartfalse]], exchangeActions=ExchangeActions [startCaches=[Entity2IDcache], stopCaches=null, startGrps=[Entity2IDcache], stopGrps=[], resetParts=null, stateChangeRequest=null], startCaches=false], allowMerge=false]
[16:47:34,498][INFO][exchange-worker-#43][CacheAffinitySharedManager] Updating caches registry performed in 2 ms.
[16:47:34,609][INFO][exchange-worker-#43][GridCacheProcessor] Started cache [name=Entity2IDcache, id=-1974730792, memoryPolicyName=default, mode=PARTITIONED, atomicity=ATOMIC, backups=0, mvcc=false], encryptionEnabled=false]
[16:47:34,611][INFO][exchange-worker-#43][CacheAffinitySharedManager] Caches starting performed in 113 ms.
[16:47:34,612][INFO][exchange-worker-#43][CacheAffinitySharedManager] Affinity initialization for started caches performed in 1 ms.
[16:47:34,619][INFO][exchange-worker-#43][GridDhtPartitionsExchangeFuture] Finished waiting for partition release future [topVer=AffinityTopologyVersion [topVer=1, minorTopVer=1], waitTime=0ms, futInfo=NA, mode=DISTRIBUTED]
[16:47:34,623][INFO][exchange-worker-#43][GridDhtPartitionsExchangeFuture] Finished waiting for partitions release latch: ServerLatch [permits=0, pendingAcks=[], super=CompletableLatch [id=exchange, topVer=AffinityTopologyVersion [topVer=1, minorTopVer=1]]]
[16:47:34,623][INFO][exchange-worker-#43][GridDhtPartitionsExchangeFuture] Finished waiting for partition release future [topVer=AffinityTopologyVersion [topVer=1, minorTopVer=1], waitTime=0ms, futInfo=NA, mode=LOCAL]
[16:47:34,714][INFO][exchange-worker-#43][GridDhtPartitionsExchangeFuture] finishExchangeOnCoordinator [topVer=AffinityTopologyVersion [topVer=1, minorTopVer=1], resVer=AffinityTopologyVersion [topVer=1, minorTopVer=1]]
[16:47:34,714][INFO][exchange-worker-#43][GridDhtPartitionsExchangeFuture] Affinity changes (coordinator) applied in 0 ms.
[16:47:34,716][INFO][exchange-worker-#43][GridDhtPartitionsExchangeFuture] Partitions validation performed in 2 ms.
[16:47:34,717][INFO][exchange-worker-#43][GridDhtPartitionsExchangeFuture] Partitions assignment performed in 1 ms.
[16:47:34,733][INFO][exchange-worker-#43][GridDhtPartitionsExchangeFuture] Preparing Full Message performed in 12 ms.
[16:47:34,733][INFO][exchange-worker-#43][GridDhtPartitionsExchangeFuture] Sending Full Message to all nodes performed in 0 ms.
[16:47:34,733][INFO][exchange-worker-#43][GridDhtPartitionsExchangeFuture] Finish exchange future [startVer=AffinityTopologyVersion [topVer=1, minorTopVer=1], resVer=AffinityTopologyVersion [topVer=1, minorTopVer=1], err=null]
[16:47:34,738][INFO][exchange-worker-#43][GridCacheProcessor] Finish proxy initialization, cacheName=Entity2IDcache, localNodeId=3c171036-267f-413d-903f-adcdcec8e19a
[16:47:34,739][INFO][exchange-worker-#43][GridDhtPartitionsExchangeFuture] Completed partition exchange [localNode=3c171036-267f-413d-903f-adcdcec8e19a, exchange=GridDhtPartitionsExchangeFuture [topVer=AffinityTopologyVersion [topVer=1, minorTopVer=1], evt=DISCOVERY_CUSTOM_EVT, evtNode=TcpDiscoveryNode [id=3c171036-267f-413d-903f-adcdcec8e19a, addrs=[0:0:0:0:0:0:0:1%lo, 127.0.0.1, 172.16.2.60], sockAddrs=[/172.16.2.60:47500, /0:0:0:0:0:0:0:1%lo:47500, /127.0.0.1:47500], discPort=47500, order=1, intOrder=1, lastExchangeTime=1582127252898, loc=true, ver=2.7.6#20190911-sha1:21f7ca41, isClient=false], done=true], topVer=AffinityTopologyVersion [topVer=1, minorTopVer=1], durationFromInit=248]
[16:47:34,739][INFO][exchange-worker-#43][time] Finished exchange init [topVer=AffinityTopologyVersion [topVer=1, minorTopVer=1], crd=true]
[16:47:34,743][INFO][exchange-worker-#43][GridCachePartitionExchangeManager] Skipping rebalancing (nothing scheduled) [top=AffinityTopologyVersion [topVer=1, minorTopVer=1], force=false, evt=DISCOVERY_CUSTOM_EVT, node=3c171036-267f-413d-903f-adcdcec8e19a]
[16:47:34,752][INFO][exchange-worker-#43][time] Started exchange init [topVer=AffinityTopologyVersion [topVer=1, minorTopVer=2], mvccCrd=MvccCoordinator [nodeId=3c171036-267f-413d-903f-adcdcec8e19a, crdVer=1582127254138, topVer=AffinityTopologyVersion [topVer=1, minorTopVer=0]], mvccCrdChange=false, crd=true, evt=DISCOVERY_CUSTOM_EVT, evtNode=3c171036-267f-413d-903f-adcdcec8e19a, customEvt=DynamicCacheChangeBatch [id=740022e5071-7844f2e5-9158-4aac-8a1e-d3ce4d98749a, reqs=[DynamicCacheChangeRequest [cacheName=Relation2IDcache, hasCfg=true, nodeId=3c171036-267f-413d-903f-adcdcec8e19a, clientStartOnly=false, stop=false, destroy=false, disabledAfterStartfalse]], exchangeActions=ExchangeActions [startCaches=[Relation2IDcache], stopCaches=null, startGrps=[Relation2IDcache], stopGrps=[], resetParts=null, stateChangeRequest=null], startCaches=false], allowMerge=false]
[16:47:34,752][INFO][exchange-worker-#43][CacheAffinitySharedManager] Updating caches registry performed in 0 ms.
[16:47:34,757][INFO][exchange-worker-#43][GridCacheProcessor] Started cache [name=Relation2IDcache, id=1717069041, memoryPolicyName=default, mode=PARTITIONED, atomicity=ATOMIC, backups=0, mvcc=false], encryptionEnabled=false]
[16:47:34,757][INFO][exchange-worker-#43][CacheAffinitySharedManager] Caches starting performed in 5 ms.
[16:47:34,758][INFO][exchange-worker-#43][CacheAffinitySharedManager] Affinity initialization for started caches performed in 0 ms.
[16:47:34,759][INFO][exchange-worker-#43][GridDhtPartitionsExchangeFuture] Finished waiting for partition release future [topVer=AffinityTopologyVersion [topVer=1, minorTopVer=2], waitTime=0ms, futInfo=NA, mode=DISTRIBUTED]
[16:47:34,760][INFO][exchange-worker-#43][GridDhtPartitionsExchangeFuture] Finished waiting for partitions release latch: ServerLatch [permits=0, pendingAcks=[], super=CompletableLatch [id=exchange, topVer=AffinityTopologyVersion [topVer=1, minorTopVer=2]]]
[16:47:34,760][INFO][exchange-worker-#43][GridDhtPartitionsExchangeFuture] Finished waiting for partition release future [topVer=AffinityTopologyVersion [topVer=1, minorTopVer=2], waitTime=0ms, futInfo=NA, mode=LOCAL]
[16:47:34,814][INFO][exchange-worker-#43][GridDhtPartitionsExchangeFuture] finishExchangeOnCoordinator [topVer=AffinityTopologyVersion [topVer=1, minorTopVer=2], resVer=AffinityTopologyVersion [topVer=1, minorTopVer=2]]
[16:47:34,815][INFO][exchange-worker-#43][GridDhtPartitionsExchangeFuture] Affinity changes (coordinator) applied in 0 ms.
[16:47:34,817][INFO][exchange-worker-#43][GridDhtPartitionsExchangeFuture] Partitions validation performed in 2 ms.
[16:47:34,819][INFO][exchange-worker-#43][GridDhtPartitionsExchangeFuture] Partitions assignment performed in 2 ms.
[16:47:34,827][INFO][exchange-worker-#43][GridDhtPartitionsExchangeFuture] Preparing Full Message performed in 7 ms.
[16:47:34,828][INFO][exchange-worker-#43][GridDhtPartitionsExchangeFuture] Sending Full Message to all nodes performed in 0 ms.
[16:47:34,828][INFO][exchange-worker-#43][GridDhtPartitionsExchangeFuture] Finish exchange future [startVer=AffinityTopologyVersion [topVer=1, minorTopVer=2], resVer=AffinityTopologyVersion [topVer=1, minorTopVer=2], err=null]
[16:47:34,833][INFO][exchange-worker-#43][GridCacheProcessor] Finish proxy initialization, cacheName=Relation2IDcache, localNodeId=3c171036-267f-413d-903f-adcdcec8e19a
[16:47:34,833][INFO][exchange-worker-#43][GridDhtPartitionsExchangeFuture] Completed partition exchange [localNode=3c171036-267f-413d-903f-adcdcec8e19a, exchange=GridDhtPartitionsExchangeFuture [topVer=AffinityTopologyVersion [topVer=1, minorTopVer=2], evt=DISCOVERY_CUSTOM_EVT, evtNode=TcpDiscoveryNode [id=3c171036-267f-413d-903f-adcdcec8e19a, addrs=[0:0:0:0:0:0:0:1%lo, 127.0.0.1, 172.16.2.60], sockAddrs=[/172.16.2.60:47500, /0:0:0:0:0:0:0:1%lo:47500, /127.0.0.1:47500], discPort=47500, order=1, intOrder=1, lastExchangeTime=1582127252898, loc=true, ver=2.7.6#20190911-sha1:21f7ca41, isClient=false], done=true], topVer=AffinityTopologyVersion [topVer=1, minorTopVer=2], durationFromInit=81]
[16:47:34,833][INFO][exchange-worker-#43][time] Finished exchange init [topVer=AffinityTopologyVersion [topVer=1, minorTopVer=2], crd=true]
[16:47:34,838][INFO][exchange-worker-#43][GridCachePartitionExchangeManager] Skipping rebalancing (nothing scheduled) [top=AffinityTopologyVersion [topVer=1, minorTopVer=2], force=false, evt=DISCOVERY_CUSTOM_EVT, node=3c171036-267f-413d-903f-adcdcec8e19a]
[16:47:34,845][INFO][exchange-worker-#43][time] Started exchange init [topVer=AffinityTopologyVersion [topVer=1, minorTopVer=3], mvccCrd=MvccCoordinator [nodeId=3c171036-267f-413d-903f-adcdcec8e19a, crdVer=1582127254138, topVer=AffinityTopologyVersion [topVer=1, minorTopVer=0]], mvccCrdChange=false, crd=true, evt=DISCOVERY_CUSTOM_EVT, evtNode=3c171036-267f-413d-903f-adcdcec8e19a, customEvt=DynamicCacheChangeBatch [id=d40022e5071-7844f2e5-9158-4aac-8a1e-d3ce4d98749a, reqs=[DynamicCacheChangeRequest [cacheName=E_embeddingscache, hasCfg=true, nodeId=3c171036-267f-413d-903f-adcdcec8e19a, clientStartOnly=false, stop=false, destroy=false, disabledAfterStartfalse]], exchangeActions=ExchangeActions [startCaches=[E_embeddingscache], stopCaches=null, startGrps=[E_embeddingscache], stopGrps=[], resetParts=null, stateChangeRequest=null], startCaches=false], allowMerge=false]
[16:47:34,845][INFO][exchange-worker-#43][CacheAffinitySharedManager] Updating caches registry performed in 0 ms.
[16:47:34,875][INFO][exchange-worker-#43][GridCacheProcessor] Started cache [name=E_embeddingscache, id=-2071898868, memoryPolicyName=default, mode=PARTITIONED, atomicity=ATOMIC, backups=0, mvcc=false], encryptionEnabled=false]
[16:47:34,875][INFO][exchange-worker-#43][CacheAffinitySharedManager] Caches starting performed in 30 ms.
[16:47:34,876][INFO][exchange-worker-#43][CacheAffinitySharedManager] Affinity initialization for started caches performed in 1 ms.
[16:47:34,877][INFO][exchange-worker-#43][GridDhtPartitionsExchangeFuture] Finished waiting for partition release future [topVer=AffinityTopologyVersion [topVer=1, minorTopVer=3], waitTime=0ms, futInfo=NA, mode=DISTRIBUTED]
[16:47:34,877][INFO][exchange-worker-#43][GridDhtPartitionsExchangeFuture] Finished waiting for partitions release latch: ServerLatch [permits=0, pendingAcks=[], super=CompletableLatch [id=exchange, topVer=AffinityTopologyVersion [topVer=1, minorTopVer=3]]]
[16:47:34,877][INFO][exchange-worker-#43][GridDhtPartitionsExchangeFuture] Finished waiting for partition release future [topVer=AffinityTopologyVersion [topVer=1, minorTopVer=3], waitTime=0ms, futInfo=NA, mode=LOCAL]
[16:47:34,931][INFO][exchange-worker-#43][GridDhtPartitionsExchangeFuture] finishExchangeOnCoordinator [topVer=AffinityTopologyVersion [topVer=1, minorTopVer=3], resVer=AffinityTopologyVersion [topVer=1, minorTopVer=3]]
[16:47:34,931][INFO][exchange-worker-#43][GridDhtPartitionsExchangeFuture] Affinity changes (coordinator) applied in 0 ms.
[16:47:34,934][INFO][exchange-worker-#43][GridDhtPartitionsExchangeFuture] Partitions validation performed in 3 ms.
[16:47:34,937][INFO][exchange-worker-#43][GridDhtPartitionsExchangeFuture] Partitions assignment performed in 3 ms.
[16:47:34,947][INFO][exchange-worker-#43][GridDhtPartitionsExchangeFuture] Preparing Full Message performed in 8 ms.
[16:47:34,947][INFO][exchange-worker-#43][GridDhtPartitionsExchangeFuture] Sending Full Message to all nodes performed in 0 ms.
[16:47:34,947][INFO][exchange-worker-#43][GridDhtPartitionsExchangeFuture] Finish exchange future [startVer=AffinityTopologyVersion [topVer=1, minorTopVer=3], resVer=AffinityTopologyVersion [topVer=1, minorTopVer=3], err=null]
[16:47:34,955][INFO][exchange-worker-#43][GridCacheProcessor] Finish proxy initialization, cacheName=E_embeddingscache, localNodeId=3c171036-267f-413d-903f-adcdcec8e19a
[16:47:34,955][INFO][exchange-worker-#43][GridDhtPartitionsExchangeFuture] Completed partition exchange [localNode=3c171036-267f-413d-903f-adcdcec8e19a, exchange=GridDhtPartitionsExchangeFuture [topVer=AffinityTopologyVersion [topVer=1, minorTopVer=3], evt=DISCOVERY_CUSTOM_EVT, evtNode=TcpDiscoveryNode [id=3c171036-267f-413d-903f-adcdcec8e19a, addrs=[0:0:0:0:0:0:0:1%lo, 127.0.0.1, 172.16.2.60], sockAddrs=[/172.16.2.60:47500, /0:0:0:0:0:0:0:1%lo:47500, /127.0.0.1:47500], discPort=47500, order=1, intOrder=1, lastExchangeTime=1582127252898, loc=true, ver=2.7.6#20190911-sha1:21f7ca41, isClient=false], done=true], topVer=AffinityTopologyVersion [topVer=1, minorTopVer=3], durationFromInit=111]
[16:47:34,955][INFO][exchange-worker-#43][time] Finished exchange init [topVer=AffinityTopologyVersion [topVer=1, minorTopVer=3], crd=true]
[16:47:34,959][INFO][exchange-worker-#43][GridCachePartitionExchangeManager] Skipping rebalancing (obsolete exchange ID) [top=AffinityTopologyVersion [topVer=1, minorTopVer=3], evt=DISCOVERY_CUSTOM_EVT, node=3c171036-267f-413d-903f-adcdcec8e19a]
[16:47:34,960][INFO][exchange-worker-#43][time] Started exchange init [topVer=AffinityTopologyVersion [topVer=1, minorTopVer=4], mvccCrd=MvccCoordinator [nodeId=3c171036-267f-413d-903f-adcdcec8e19a, crdVer=1582127254138, topVer=AffinityTopologyVersion [topVer=1, minorTopVer=0]], mvccCrdChange=false, crd=true, evt=DISCOVERY_CUSTOM_EVT, evtNode=3c171036-267f-413d-903f-adcdcec8e19a, customEvt=DynamicCacheChangeBatch [id=350022e5071-7844f2e5-9158-4aac-8a1e-d3ce4d98749a, reqs=[DynamicCacheChangeRequest [cacheName=R_embeddingscache, hasCfg=true, nodeId=3c171036-267f-413d-903f-adcdcec8e19a, clientStartOnly=false, stop=false, destroy=false, disabledAfterStartfalse]], exchangeActions=ExchangeActions [startCaches=[R_embeddingscache], stopCaches=null, startGrps=[R_embeddingscache], stopGrps=[], resetParts=null, stateChangeRequest=null], startCaches=false], allowMerge=false]
[16:47:34,960][INFO][exchange-worker-#43][CacheAffinitySharedManager] Updating caches registry performed in 0 ms.
[16:47:34,964][INFO][exchange-worker-#43][GridCacheProcessor] Started cache [name=R_embeddingscache, id=-1658741991, memoryPolicyName=default, mode=PARTITIONED, atomicity=ATOMIC, backups=0, mvcc=false], encryptionEnabled=false]
[16:47:34,964][INFO][exchange-worker-#43][CacheAffinitySharedManager] Caches starting performed in 4 ms.
[16:47:34,965][INFO][exchange-worker-#43][CacheAffinitySharedManager] Affinity initialization for started caches performed in 1 ms.
[16:47:34,966][INFO][exchange-worker-#43][GridDhtPartitionsExchangeFuture] Finished waiting for partition release future [topVer=AffinityTopologyVersion [topVer=1, minorTopVer=4], waitTime=0ms, futInfo=NA, mode=DISTRIBUTED]
[16:47:34,966][INFO][exchange-worker-#43][GridDhtPartitionsExchangeFuture] Finished waiting for partitions release latch: ServerLatch [permits=0, pendingAcks=[], super=CompletableLatch [id=exchange, topVer=AffinityTopologyVersion [topVer=1, minorTopVer=4]]]
[16:47:34,966][INFO][exchange-worker-#43][GridDhtPartitionsExchangeFuture] Finished waiting for partition release future [topVer=AffinityTopologyVersion [topVer=1, minorTopVer=4], waitTime=0ms, futInfo=NA, mode=LOCAL]
[16:47:35,019][INFO][exchange-worker-#43][GridDhtPartitionsExchangeFuture] finishExchangeOnCoordinator [topVer=AffinityTopologyVersion [topVer=1, minorTopVer=4], resVer=AffinityTopologyVersion [topVer=1, minorTopVer=4]]
[16:47:35,019][INFO][exchange-worker-#43][GridDhtPartitionsExchangeFuture] Affinity changes (coordinator) applied in 0 ms.
[16:47:35,023][INFO][exchange-worker-#43][GridDhtPartitionsExchangeFuture] Partitions validation performed in 4 ms.
[16:47:35,026][INFO][exchange-worker-#43][GridDhtPartitionsExchangeFuture] Partitions assignment performed in 3 ms.
[16:47:35,039][INFO][exchange-worker-#43][GridDhtPartitionsExchangeFuture] Preparing Full Message performed in 9 ms.
[16:47:35,039][INFO][exchange-worker-#43][GridDhtPartitionsExchangeFuture] Sending Full Message to all nodes performed in 0 ms.
[16:47:35,039][INFO][exchange-worker-#43][GridDhtPartitionsExchangeFuture] Finish exchange future [startVer=AffinityTopologyVersion [topVer=1, minorTopVer=4], resVer=AffinityTopologyVersion [topVer=1, minorTopVer=4], err=null]
[16:47:35,048][INFO][exchange-worker-#43][GridCacheProcessor] Finish proxy initialization, cacheName=R_embeddingscache, localNodeId=3c171036-267f-413d-903f-adcdcec8e19a
[16:47:35,049][INFO][exchange-worker-#43][GridDhtPartitionsExchangeFuture] Completed partition exchange [localNode=3c171036-267f-413d-903f-adcdcec8e19a, exchange=GridDhtPartitionsExchangeFuture [topVer=AffinityTopologyVersion [topVer=1, minorTopVer=4], evt=DISCOVERY_CUSTOM_EVT, evtNode=TcpDiscoveryNode [id=3c171036-267f-413d-903f-adcdcec8e19a, addrs=[0:0:0:0:0:0:0:1%lo, 127.0.0.1, 172.16.2.60], sockAddrs=[/172.16.2.60:47500, /0:0:0:0:0:0:0:1%lo:47500, /127.0.0.1:47500], discPort=47500, order=1, intOrder=1, lastExchangeTime=1582127252898, loc=true, ver=2.7.6#20190911-sha1:21f7ca41, isClient=false], done=true], topVer=AffinityTopologyVersion [topVer=1, minorTopVer=4], durationFromInit=80]
[16:47:35,049][INFO][exchange-worker-#43][time] Finished exchange init [topVer=AffinityTopologyVersion [topVer=1, minorTopVer=4], crd=true]
[16:47:35,053][INFO][exchange-worker-#43][GridCachePartitionExchangeManager] Skipping rebalancing (obsolete exchange ID) [top=AffinityTopologyVersion [topVer=1, minorTopVer=4], evt=DISCOVERY_CUSTOM_EVT, node=3c171036-267f-413d-903f-adcdcec8e19a]
[16:47:35,054][INFO][exchange-worker-#43][time] Started exchange init [topVer=AffinityTopologyVersion [topVer=1, minorTopVer=5], mvccCrd=MvccCoordinator [nodeId=3c171036-267f-413d-903f-adcdcec8e19a, crdVer=1582127254138, topVer=AffinityTopologyVersion [topVer=1, minorTopVer=0]], mvccCrdChange=false, crd=true, evt=DISCOVERY_CUSTOM_EVT, evtNode=3c171036-267f-413d-903f-adcdcec8e19a, customEvt=DynamicCacheChangeBatch [id=950022e5071-7844f2e5-9158-4aac-8a1e-d3ce4d98749a, reqs=[DynamicCacheChangeRequest [cacheName=tripleId, hasCfg=true, nodeId=3c171036-267f-413d-903f-adcdcec8e19a, clientStartOnly=false, stop=false, destroy=false, disabledAfterStartfalse]], exchangeActions=ExchangeActions [startCaches=[tripleId], stopCaches=null, startGrps=[tripleId], stopGrps=[], resetParts=null, stateChangeRequest=null], startCaches=false], allowMerge=false]
[16:47:35,054][INFO][exchange-worker-#43][CacheAffinitySharedManager] Updating caches registry performed in 0 ms.
[16:47:35,059][INFO][exchange-worker-#43][GridCacheProcessor] Started cache [name=tripleId, id=1511552537, memoryPolicyName=default, mode=PARTITIONED, atomicity=ATOMIC, backups=0, mvcc=false], encryptionEnabled=false]
[16:47:35,059][INFO][exchange-worker-#43][CacheAffinitySharedManager] Caches starting performed in 5 ms.
[16:47:35,060][INFO][exchange-worker-#43][CacheAffinitySharedManager] Affinity initialization for started caches performed in 1 ms.
[16:47:35,061][INFO][exchange-worker-#43][GridDhtPartitionsExchangeFuture] Finished waiting for partition release future [topVer=AffinityTopologyVersion [topVer=1, minorTopVer=5], waitTime=0ms, futInfo=NA, mode=DISTRIBUTED]
[16:47:35,061][INFO][exchange-worker-#43][GridDhtPartitionsExchangeFuture] Finished waiting for partitions release latch: ServerLatch [permits=0, pendingAcks=[], super=CompletableLatch [id=exchange, topVer=AffinityTopologyVersion [topVer=1, minorTopVer=5]]]
[16:47:35,061][INFO][exchange-worker-#43][GridDhtPartitionsExchangeFuture] Finished waiting for partition release future [topVer=AffinityTopologyVersion [topVer=1, minorTopVer=5], waitTime=0ms, futInfo=NA, mode=LOCAL]
[16:47:35,116][INFO][exchange-worker-#43][GridDhtPartitionsExchangeFuture] finishExchangeOnCoordinator [topVer=AffinityTopologyVersion [topVer=1, minorTopVer=5], resVer=AffinityTopologyVersion [topVer=1, minorTopVer=5]]
[16:47:35,116][INFO][exchange-worker-#43][GridDhtPartitionsExchangeFuture] Affinity changes (coordinator) applied in 0 ms.
[16:47:35,121][INFO][exchange-worker-#43][GridDhtPartitionsExchangeFuture] Partitions validation performed in 5 ms.
[16:47:35,124][INFO][exchange-worker-#43][GridDhtPartitionsExchangeFuture] Partitions assignment performed in 3 ms.
[16:47:35,140][INFO][exchange-worker-#43][GridDhtPartitionsExchangeFuture] Preparing Full Message performed in 12 ms.
[16:47:35,140][INFO][exchange-worker-#43][GridDhtPartitionsExchangeFuture] Sending Full Message to all nodes performed in 0 ms.
[16:47:35,140][INFO][exchange-worker-#43][GridDhtPartitionsExchangeFuture] Finish exchange future [startVer=AffinityTopologyVersion [topVer=1, minorTopVer=5], resVer=AffinityTopologyVersion [topVer=1, minorTopVer=5], err=null]
[16:47:35,151][INFO][exchange-worker-#43][GridCacheProcessor] Finish proxy initialization, cacheName=tripleId, localNodeId=3c171036-267f-413d-903f-adcdcec8e19a
[16:47:35,151][INFO][exchange-worker-#43][GridDhtPartitionsExchangeFuture] Completed partition exchange [localNode=3c171036-267f-413d-903f-adcdcec8e19a, exchange=GridDhtPartitionsExchangeFuture [topVer=AffinityTopologyVersion [topVer=1, minorTopVer=5], evt=DISCOVERY_CUSTOM_EVT, evtNode=TcpDiscoveryNode [id=3c171036-267f-413d-903f-adcdcec8e19a, addrs=[0:0:0:0:0:0:0:1%lo, 127.0.0.1, 172.16.2.60], sockAddrs=[/172.16.2.60:47500, /0:0:0:0:0:0:0:1%lo:47500, /127.0.0.1:47500], discPort=47500, order=1, intOrder=1, lastExchangeTime=1582127252898, loc=true, ver=2.7.6#20190911-sha1:21f7ca41, isClient=false], done=true], topVer=AffinityTopologyVersion [topVer=1, minorTopVer=5], durationFromInit=91]
[16:47:35,151][INFO][exchange-worker-#43][time] Finished exchange init [topVer=AffinityTopologyVersion [topVer=1, minorTopVer=5], crd=true]
[16:47:35,156][INFO][exchange-worker-#43][GridCachePartitionExchangeManager] Skipping rebalancing (obsolete exchange ID) [top=AffinityTopologyVersion [topVer=1, minorTopVer=5], evt=DISCOVERY_CUSTOM_EVT, node=3c171036-267f-413d-903f-adcdcec8e19a]
[16:47:35,156][INFO][exchange-worker-#43][time] Started exchange init [topVer=AffinityTopologyVersion [topVer=1, minorTopVer=6], mvccCrd=MvccCoordinator [nodeId=3c171036-267f-413d-903f-adcdcec8e19a, crdVer=1582127254138, topVer=AffinityTopologyVersion [topVer=1, minorTopVer=0]], mvccCrdChange=false, crd=true, evt=DISCOVERY_CUSTOM_EVT, evtNode=3c171036-267f-413d-903f-adcdcec8e19a, customEvt=DynamicCacheChangeBatch [id=f50022e5071-7844f2e5-9158-4aac-8a1e-d3ce4d98749a, reqs=[DynamicCacheChangeRequest [cacheName=tripleHcache, hasCfg=true, nodeId=3c171036-267f-413d-903f-adcdcec8e19a, clientStartOnly=false, stop=false, destroy=false, disabledAfterStartfalse]], exchangeActions=ExchangeActions [startCaches=[tripleHcache], stopCaches=null, startGrps=[tripleHcache], stopGrps=[], resetParts=null, stateChangeRequest=null], startCaches=false], allowMerge=false]
[16:47:35,156][INFO][exchange-worker-#43][CacheAffinitySharedManager] Updating caches registry performed in 0 ms.
[16:47:35,161][INFO][exchange-worker-#43][GridCacheProcessor] Started cache [name=tripleHcache, id=213412376, memoryPolicyName=default, mode=PARTITIONED, atomicity=ATOMIC, backups=0, mvcc=false], encryptionEnabled=false]
[16:47:35,161][INFO][exchange-worker-#43][CacheAffinitySharedManager] Caches starting performed in 4 ms.
[16:47:35,162][INFO][exchange-worker-#43][CacheAffinitySharedManager] Affinity initialization for started caches performed in 1 ms.
[16:47:35,163][INFO][exchange-worker-#43][GridDhtPartitionsExchangeFuture] Finished waiting for partition release future [topVer=AffinityTopologyVersion [topVer=1, minorTopVer=6], waitTime=0ms, futInfo=NA, mode=DISTRIBUTED]
[16:47:35,164][INFO][exchange-worker-#43][GridDhtPartitionsExchangeFuture] Finished waiting for partitions release latch: ServerLatch [permits=0, pendingAcks=[], super=CompletableLatch [id=exchange, topVer=AffinityTopologyVersion [topVer=1, minorTopVer=6]]]
[16:47:35,164][INFO][exchange-worker-#43][GridDhtPartitionsExchangeFuture] Finished waiting for partition release future [topVer=AffinityTopologyVersion [topVer=1, minorTopVer=6], waitTime=0ms, futInfo=NA, mode=LOCAL]
[16:47:35,213][INFO][exchange-worker-#43][GridDhtPartitionsExchangeFuture] finishExchangeOnCoordinator [topVer=AffinityTopologyVersion [topVer=1, minorTopVer=6], resVer=AffinityTopologyVersion [topVer=1, minorTopVer=6]]
[16:47:35,213][INFO][exchange-worker-#43][GridDhtPartitionsExchangeFuture] Affinity changes (coordinator) applied in 0 ms.
[16:47:35,216][INFO][exchange-worker-#43][GridDhtPartitionsExchangeFuture] Partitions validation performed in 3 ms.
[16:47:35,218][INFO][exchange-worker-#43][GridDhtPartitionsExchangeFuture] Partitions assignment performed in 2 ms.
[16:47:35,235][INFO][exchange-worker-#43][GridDhtPartitionsExchangeFuture] Preparing Full Message performed in 13 ms.
[16:47:35,235][INFO][exchange-worker-#43][GridDhtPartitionsExchangeFuture] Sending Full Message to all nodes performed in 0 ms.
[16:47:35,235][INFO][exchange-worker-#43][GridDhtPartitionsExchangeFuture] Finish exchange future [startVer=AffinityTopologyVersion [topVer=1, minorTopVer=6], resVer=AffinityTopologyVersion [topVer=1, minorTopVer=6], err=null]
[16:47:35,247][INFO][exchange-worker-#43][GridCacheProcessor] Finish proxy initialization, cacheName=tripleHcache, localNodeId=3c171036-267f-413d-903f-adcdcec8e19a
[16:47:35,248][INFO][exchange-worker-#43][GridDhtPartitionsExchangeFuture] Completed partition exchange [localNode=3c171036-267f-413d-903f-adcdcec8e19a, exchange=GridDhtPartitionsExchangeFuture [topVer=AffinityTopologyVersion [topVer=1, minorTopVer=6], evt=DISCOVERY_CUSTOM_EVT, evtNode=TcpDiscoveryNode [id=3c171036-267f-413d-903f-adcdcec8e19a, addrs=[0:0:0:0:0:0:0:1%lo, 127.0.0.1, 172.16.2.60], sockAddrs=[/172.16.2.60:47500, /0:0:0:0:0:0:0:1%lo:47500, /127.0.0.1:47500], discPort=47500, order=1, intOrder=1, lastExchangeTime=1582127252898, loc=true, ver=2.7.6#20190911-sha1:21f7ca41, isClient=false], done=true], topVer=AffinityTopologyVersion [topVer=1, minorTopVer=6], durationFromInit=90]
[16:47:35,248][INFO][exchange-worker-#43][time] Finished exchange init [topVer=AffinityTopologyVersion [topVer=1, minorTopVer=6], crd=true]
[16:47:35,253][INFO][exchange-worker-#43][GridCachePartitionExchangeManager] Skipping rebalancing (obsolete exchange ID) [top=AffinityTopologyVersion [topVer=1, minorTopVer=6], evt=DISCOVERY_CUSTOM_EVT, node=3c171036-267f-413d-903f-adcdcec8e19a]
[16:47:35,254][INFO][exchange-worker-#43][time] Started exchange init [topVer=AffinityTopologyVersion [topVer=1, minorTopVer=7], mvccCrd=MvccCoordinator [nodeId=3c171036-267f-413d-903f-adcdcec8e19a, crdVer=1582127254138, topVer=AffinityTopologyVersion [topVer=1, minorTopVer=0]], mvccCrdChange=false, crd=true, evt=DISCOVERY_CUSTOM_EVT, evtNode=3c171036-267f-413d-903f-adcdcec8e19a, customEvt=DynamicCacheChangeBatch [id=560022e5071-7844f2e5-9158-4aac-8a1e-d3ce4d98749a, reqs=[DynamicCacheChangeRequest [cacheName=testTriplecache, hasCfg=true, nodeId=3c171036-267f-413d-903f-adcdcec8e19a, clientStartOnly=false, stop=false, destroy=false, disabledAfterStartfalse]], exchangeActions=ExchangeActions [startCaches=[testTriplecache], stopCaches=null, startGrps=[testTriplecache], stopGrps=[], resetParts=null, stateChangeRequest=null], startCaches=false], allowMerge=false]
[16:47:35,254][INFO][exchange-worker-#43][CacheAffinitySharedManager] Updating caches registry performed in 0 ms.
[16:47:35,258][INFO][exchange-worker-#43][GridCacheProcessor] Started cache [name=testTriplecache, id=1589043698, memoryPolicyName=default, mode=PARTITIONED, atomicity=ATOMIC, backups=0, mvcc=false], encryptionEnabled=false]
[16:47:35,259][INFO][exchange-worker-#43][CacheAffinitySharedManager] Caches starting performed in 5 ms.
[16:47:35,260][INFO][exchange-worker-#43][CacheAffinitySharedManager] Affinity initialization for started caches performed in 1 ms.
[16:47:35,261][INFO][exchange-worker-#43][GridDhtPartitionsExchangeFuture] Finished waiting for partition release future [topVer=AffinityTopologyVersion [topVer=1, minorTopVer=7], waitTime=0ms, futInfo=NA, mode=DISTRIBUTED]
[16:47:35,261][INFO][exchange-worker-#43][GridDhtPartitionsExchangeFuture] Finished waiting for partitions release latch: ServerLatch [permits=0, pendingAcks=[], super=CompletableLatch [id=exchange, topVer=AffinityTopologyVersion [topVer=1, minorTopVer=7]]]
[16:47:35,261][INFO][exchange-worker-#43][GridDhtPartitionsExchangeFuture] Finished waiting for partition release future [topVer=AffinityTopologyVersion [topVer=1, minorTopVer=7], waitTime=0ms, futInfo=NA, mode=LOCAL]
[16:47:35,305][INFO][exchange-worker-#43][GridDhtPartitionsExchangeFuture] finishExchangeOnCoordinator [topVer=AffinityTopologyVersion [topVer=1, minorTopVer=7], resVer=AffinityTopologyVersion [topVer=1, minorTopVer=7]]
[16:47:35,305][INFO][exchange-worker-#43][GridDhtPartitionsExchangeFuture] Affinity changes (coordinator) applied in 0 ms.
[16:47:35,309][INFO][exchange-worker-#43][GridDhtPartitionsExchangeFuture] Partitions validation performed in 4 ms.
[16:47:35,312][INFO][exchange-worker-#43][GridDhtPartitionsExchangeFuture] Partitions assignment performed in 3 ms.
[16:47:35,321][INFO][exchange-worker-#43][GridDhtPartitionsExchangeFuture] Preparing Full Message performed in 6 ms.
[16:47:35,321][INFO][exchange-worker-#43][GridDhtPartitionsExchangeFuture] Sending Full Message to all nodes performed in 0 ms.
[16:47:35,321][INFO][exchange-worker-#43][GridDhtPartitionsExchangeFuture] Finish exchange future [startVer=AffinityTopologyVersion [topVer=1, minorTopVer=7], resVer=AffinityTopologyVersion [topVer=1, minorTopVer=7], err=null]
[16:47:35,328][INFO][exchange-worker-#43][GridCacheProcessor] Finish proxy initialization, cacheName=testTriplecache, localNodeId=3c171036-267f-413d-903f-adcdcec8e19a
[16:47:35,329][INFO][exchange-worker-#43][GridDhtPartitionsExchangeFuture] Completed partition exchange [localNode=3c171036-267f-413d-903f-adcdcec8e19a, exchange=GridDhtPartitionsExchangeFuture [topVer=AffinityTopologyVersion [topVer=1, minorTopVer=7], evt=DISCOVERY_CUSTOM_EVT, evtNode=TcpDiscoveryNode [id=3c171036-267f-413d-903f-adcdcec8e19a, addrs=[0:0:0:0:0:0:0:1%lo, 127.0.0.1, 172.16.2.60], sockAddrs=[/172.16.2.60:47500, /0:0:0:0:0:0:0:1%lo:47500, /127.0.0.1:47500], discPort=47500, order=1, intOrder=1, lastExchangeTime=1582127252898, loc=true, ver=2.7.6#20190911-sha1:21f7ca41, isClient=false], done=true], topVer=AffinityTopologyVersion [topVer=1, minorTopVer=7], durationFromInit=81]
[16:47:35,329][INFO][exchange-worker-#43][time] Finished exchange init [topVer=AffinityTopologyVersion [topVer=1, minorTopVer=7], crd=true]
[16:47:35,338][INFO][exchange-worker-#43][GridCachePartitionExchangeManager] Skipping rebalancing (nothing scheduled) [top=AffinityTopologyVersion [topVer=1, minorTopVer=7], force=false, evt=DISCOVERY_CUSTOM_EVT, node=3c171036-267f-413d-903f-adcdcec8e19a]
[16:47:35,388][WARNING][main][DataStreamerImpl] Data streamer will not overwrite existing cache entries for better performance (to change, set allowOverwrite to true)
[16:47:37,151][WARNING][main][GridQueryProcessor] Key-value pair is not inserted into any SQL table [cacheName=E_embeddingscache, valType=breeze.linalg.DenseVector$SerializedForm]
[16:47:37,152][WARNING][main][GridQueryProcessor]   ^-- Value type(s) are specified via CacheConfiguration.indexedTypes or CacheConfiguration.queryEntities
[16:47:37,152][WARNING][main][GridQueryProcessor]   ^-- Make sure that same type(s) used when adding Object or BinaryObject to cache
[16:47:37,152][WARNING][main][GridQueryProcessor]   ^-- Otherwise, entries will be stored in cache, but not appear as SQL Table rows
