[20:15:13,642][WARNING][main][G] Ignite work directory is not provided, automatically resolved to: /home/xshaini/apache-ignite-2.7.5-bin/work
[20:15:13,820][INFO][main][IgniteKernal] 

>>>    __________  ________________  
>>>   /  _/ ___/ |/ /  _/_  __/ __/  
>>>  _/ // (7 7    // /  / / / _/    
>>> /___/\___/_/|_/___/ /_/ /___/   
>>> 
>>> ver. 2.7.6#20190911-sha1:21f7ca41
>>> 2019 Copyright(C) Apache Software Foundation
>>> 
>>> Ignite documentation: http://ignite.apache.org

[20:15:13,827][INFO][main][IgniteKernal] Config URL: file:/home/xshaini/apache-ignite-2.7.5-bin/examples/config/example-ignite.xml
[20:15:13,849][INFO][main][IgniteKernal] IgniteConfiguration [igniteInstanceName=null, pubPoolSize=8, svcPoolSize=8, callbackPoolSize=8, stripedPoolSize=8, sysPoolSize=8, mgmtPoolSize=4, igfsPoolSize=4, dataStreamerPoolSize=8, utilityCachePoolSize=8, utilityCacheKeepAliveTime=60000, p2pPoolSize=2, qryPoolSize=8, igniteHome=/home/xshaini/apache-ignite-2.7.5-bin, igniteWorkDir=/home/xshaini/apache-ignite-2.7.5-bin/work, mbeanSrv=com.sun.jmx.mbeanserver.JmxMBeanServer@501edcf1, nodeId=4f9dba44-0776-4741-92b3-214bdec9f256, marsh=BinaryMarshaller [], marshLocJobs=false, daemon=false, p2pEnabled=true, netTimeout=5000, sndRetryDelay=1000, sndRetryCnt=3, metricsHistSize=10000, metricsUpdateFreq=2000, metricsExpTime=9223372036854775807, discoSpi=TcpDiscoverySpi [addrRslvr=null, sockTimeout=0, ackTimeout=0, marsh=null, reconCnt=10, reconDelay=2000, maxAckTimeout=600000, forceSrvMode=false, clientReconnectDisabled=false, internalLsnr=null], segPlc=STOP, segResolveAttempts=2, waitForSegOnStart=true, allResolversPassReq=true, segChkFreq=10000, commSpi=TcpCommunicationSpi [connectGate=null, connPlc=org.apache.ignite.spi.communication.tcp.TcpCommunicationSpi$FirstConnectionPolicy@682b2fa, enableForcibleNodeKill=false, enableTroubleshootingLog=false, locAddr=null, locHost=null, locPort=47100, locPortRange=100, shmemPort=-1, directBuf=true, directSndBuf=false, idleConnTimeout=600000, connTimeout=5000, maxConnTimeout=600000, reconCnt=10, sockSndBuf=32768, sockRcvBuf=32768, msgQueueLimit=0, slowClientQueueLimit=0, nioSrvr=null, shmemSrv=null, usePairedConnections=false, connectionsPerNode=1, tcpNoDelay=true, filterReachableAddresses=false, ackSndThreshold=32, unackedMsgsBufSize=0, sockWriteTimeout=2000, boundTcpPort=-1, boundTcpShmemPort=-1, selectorsCnt=4, selectorSpins=0, addrRslvr=null, ctxInitLatch=java.util.concurrent.CountDownLatch@217ed35e[Count = 1], stopping=false], evtSpi=org.apache.ignite.spi.eventstorage.NoopEventStorageSpi@7dcf94f8, colSpi=NoopCollisionSpi [], deploySpi=LocalDeploymentSpi [], indexingSpi=org.apache.ignite.spi.indexing.noop.NoopIndexingSpi@3eb25e1a, addrRslvr=null, encryptionSpi=org.apache.ignite.spi.encryption.noop.NoopEncryptionSpi@477b4cdf, clientMode=false, rebalanceThreadPoolSize=1, txCfg=TransactionConfiguration [txSerEnabled=false, dfltIsolation=REPEATABLE_READ, dfltConcurrency=PESSIMISTIC, dfltTxTimeout=0, txTimeoutOnPartitionMapExchange=0, pessimisticTxLogSize=0, pessimisticTxLogLinger=10000, tmLookupClsName=null, txManagerFactory=null, useJtaSync=false], cacheSanityCheckEnabled=true, discoStartupDelay=60000, deployMode=SHARED, p2pMissedCacheSize=100, locHost=null, timeSrvPortBase=31100, timeSrvPortRange=100, failureDetectionTimeout=10000, sysWorkerBlockedTimeout=null, clientFailureDetectionTimeout=30000, metricsLogFreq=60000, hadoopCfg=null, connectorCfg=ConnectorConfiguration [jettyPath=null, host=null, port=11211, noDelay=true, directBuf=false, sndBufSize=32768, rcvBufSize=32768, idleQryCurTimeout=600000, idleQryCurCheckFreq=60000, sndQueueLimit=0, selectorCnt=4, idleTimeout=7000, sslEnabled=false, sslClientAuth=false, sslCtxFactory=null, sslFactory=null, portRange=100, threadPoolSize=8, msgInterceptor=null], odbcCfg=null, warmupClos=null, atomicCfg=AtomicConfiguration [seqReserveSize=1000, cacheMode=PARTITIONED, backups=1, aff=null, grpName=null], classLdr=null, sslCtxFactory=null, platformCfg=null, binaryCfg=null, memCfg=null, pstCfg=null, dsCfg=DataStorageConfiguration [sysRegionInitSize=41943040, sysRegionMaxSize=104857600, pageSize=0, concLvl=0, dfltDataRegConf=DataRegionConfiguration [name=default, maxSize=3334422528, initSize=268435456, swapPath=null, pageEvictionMode=DISABLED, evictionThreshold=0.9, emptyPagesPoolSize=100, metricsEnabled=false, metricsSubIntervalCount=5, metricsRateTimeInterval=60000, persistenceEnabled=false, checkpointPageBufSize=0], dataRegions=null, storagePath=null, checkpointFreq=180000, lockWaitTime=10000, checkpointThreads=4, checkpointWriteOrder=SEQUENTIAL, walHistSize=20, maxWalArchiveSize=1073741824, walSegments=10, walSegmentSize=67108864, walPath=db/wal, walArchivePath=db/wal/archive, metricsEnabled=false, walMode=LOG_ONLY, walTlbSize=131072, walBuffSize=0, walFlushFreq=2000, walFsyncDelay=1000, walRecordIterBuffSize=67108864, alwaysWriteFullPages=false, fileIOFactory=org.apache.ignite.internal.processors.cache.persistence.file.AsyncFileIOFactory@3b0090a4, metricsSubIntervalCnt=5, metricsRateTimeInterval=60000, walAutoArchiveAfterInactivity=-1, writeThrottlingEnabled=false, walCompactionEnabled=false, walCompactionLevel=1, checkpointReadLockTimeout=null], activeOnStart=true, autoActivation=true, longQryWarnTimeout=3000, sqlConnCfg=null, cliConnCfg=ClientConnectorConfiguration [host=null, port=10800, portRange=100, sockSndBufSize=0, sockRcvBufSize=0, tcpNoDelay=true, maxOpenCursorsPerConn=128, threadPoolSize=8, idleTimeout=0, jdbcEnabled=true, odbcEnabled=true, thinCliEnabled=true, sslEnabled=false, useIgniteSslCtxFactory=true, sslClientAuth=false, sslCtxFactory=null], mvccVacuumThreadCnt=2, mvccVacuumFreq=5000, authEnabled=false, failureHnd=null, commFailureRslvr=null]
[20:15:13,849][INFO][main][IgniteKernal] Daemon mode: off
[20:15:13,849][INFO][main][IgniteKernal] OS: Linux 4.15.0-88-generic amd64
[20:15:13,849][INFO][main][IgniteKernal] OS user: xshaini
[20:15:13,850][INFO][main][IgniteKernal] PID: 2385
[20:15:13,851][INFO][main][IgniteKernal] Language runtime: Scala ver. 2.11.11
[20:15:13,851][INFO][main][IgniteKernal] VM information: Java(TM) SE Runtime Environment 1.8.0_211-b12 Oracle Corporation Java HotSpot(TM) 64-Bit Server VM 25.211-b12
[20:15:13,853][INFO][main][IgniteKernal] VM total memory: 3.5GB
[20:15:13,853][INFO][main][IgniteKernal] Remote Management [restart: off, REST: on, JMX (remote: off)]
[20:15:13,853][INFO][main][IgniteKernal] Logger: JavaLogger [quiet=true, config=null]
[20:15:13,853][INFO][main][IgniteKernal] IGNITE_HOME=/home/xshaini/apache-ignite-2.7.5-bin
[20:15:13,854][INFO][main][IgniteKernal] VM arguments: [-Dfile.encoding=UTF-8, -Xbootclasspath/p:/home/xshaini/scala-SDK-4.7.0/eclipse/plugins/org.scala-ide.scala211.jars_4.7.0.201709291351/target/jars/scala-library.jar:/home/xshaini/scala-SDK-4.7.0/eclipse/plugins/org.scala-ide.scala211.jars_4.7.0.201709291351/target/jars/scala-reflect.jar]
[20:15:13,854][INFO][main][IgniteKernal] System cache's DataRegion size is configured to 40 MB. Use DataStorageConfiguration.systemRegionInitialSize property to change the setting.
[20:15:13,861][INFO][main][IgniteKernal] Configured caches [in 'sysMemPlc' dataRegion: ['ignite-sys-cache']]
[20:15:13,861][WARNING][main][IgniteKernal] Peer class loading is enabled (disable it in production for performance and deployment consistency reasons)
[20:15:13,861][WARNING][main][IgniteKernal] Please set system property '-Djava.net.preferIPv4Stack=true' to avoid possible problems in mixed environments.
[20:15:13,871][INFO][main][IgniteKernal] 3-rd party licenses can be found at: /home/xshaini/apache-ignite-2.7.5-bin/libs/licenses
[20:15:13,873][WARNING][pub-#22][GridDiagnostic] Initial heap size is 250MB (should be no less than 512MB, use -Xms512m -Xmx512m).
[20:15:13,936][INFO][main][IgnitePluginProcessor] Configured plugins:
[20:15:13,936][INFO][main][IgnitePluginProcessor]   ^-- None
[20:15:13,936][INFO][main][IgnitePluginProcessor] 
[20:15:13,938][INFO][main][FailureProcessor] Configured failure handler: [hnd=StopNodeOrHaltFailureHandler [tryStop=false, timeout=0, super=AbstractFailureHandler [ignoredFailureTypes=[SYSTEM_WORKER_BLOCKED, SYSTEM_CRITICAL_OPERATION_TIMEOUT]]]]
[20:15:13,984][INFO][main][TcpCommunicationSpi] Successfully bound communication NIO server to TCP port [port=47100, locHost=0.0.0.0/0.0.0.0, selectorsCnt=4, selectorSpins=0, pairedConn=false]
[20:15:13,990][WARNING][main][TcpCommunicationSpi] Message queue limit is set to 0 which may lead to potential OOMEs when running cache operations in FULL_ASYNC or PRIMARY_SYNC modes due to message queues growth on sender and receiver sides.
[20:15:14,011][WARNING][main][NoopCheckpointSpi] Checkpoints are disabled (to enable configure any GridCheckpointSpi implementation)
[20:15:14,037][WARNING][main][GridCollisionManager] Collision resolution is disabled (all jobs will be activated upon arrival).
[20:15:14,047][INFO][main][IgniteKernal] Security status [authentication=off, tls/ssl=off]
[20:15:14,324][WARNING][main][IgniteCacheDatabaseSharedManager] DataRegionConfiguration.maxWalArchiveSize instead DataRegionConfiguration.walHistorySize would be used for removing old archive wal files
[20:15:14,344][INFO][main][PartitionsEvictManager] Evict partition permits=2
[20:15:14,557][INFO][main][ClientListenerProcessor] Client connector processor has started on TCP port 10800
[20:15:14,603][INFO][main][GridTcpRestProtocol] Command protocol successfully started [name=TCP binary, host=0.0.0.0/0.0.0.0, port=11211]
[20:15:14,639][INFO][main][IgniteKernal] Non-loopback local IPs: 172.168.1.60, fe80:0:0:0:c537:4cc4:a945:74b5%wlp2s0
[20:15:14,639][INFO][main][IgniteKernal] Enabled local MACs: 1002B5D9B0B6
[20:15:14,674][INFO][main][TcpDiscoverySpi] Connection check threshold is calculated: 10000
[20:15:14,677][INFO][main][TcpDiscoverySpi] Successfully bound to TCP port [port=47500, localHost=0.0.0.0/0.0.0.0, locNodeId=4f9dba44-0776-4741-92b3-214bdec9f256]
[20:15:15,928][INFO][disco-notifier-worker-#41][MvccProcessorImpl] Assigned mvcc coordinator [crd=MvccCoordinator [nodeId=4f9dba44-0776-4741-92b3-214bdec9f256, crdVer=1583522115916, topVer=AffinityTopologyVersion [topVer=1, minorTopVer=0]], crdNode=TcpDiscoveryNode [id=4f9dba44-0776-4741-92b3-214bdec9f256, addrs=[0:0:0:0:0:0:0:1%lo, 127.0.0.1, 172.168.1.60], sockAddrs=[/172.168.1.60:47500, /0:0:0:0:0:0:0:1%lo:47500, /127.0.0.1:47500], discPort=47500, order=1, intOrder=1, lastExchangeTime=1583522114670, loc=true, ver=2.7.6#20190911-sha1:21f7ca41, isClient=false]]
[20:15:15,975][INFO][exchange-worker-#43][time] Started exchange init [topVer=AffinityTopologyVersion [topVer=1, minorTopVer=0], mvccCrd=MvccCoordinator [nodeId=4f9dba44-0776-4741-92b3-214bdec9f256, crdVer=1583522115916, topVer=AffinityTopologyVersion [topVer=1, minorTopVer=0]], mvccCrdChange=true, crd=true, evt=NODE_JOINED, evtNode=4f9dba44-0776-4741-92b3-214bdec9f256, customEvt=null, allowMerge=false]
[20:15:15,997][INFO][exchange-worker-#43][msg] Components activation performed in 22 ms.
[20:15:16,154][INFO][exchange-worker-#43][GridCacheProcessor] Started cache [name=ignite-sys-cache, id=-2100569601, memoryPolicyName=sysMemPlc, mode=REPLICATED, atomicity=TRANSACTIONAL, backups=2147483647, mvcc=false], encryptionEnabled=false]
[20:15:16,155][INFO][exchange-worker-#43][GridCacheProcessor] Starting caches on local join performed in 157 ms.
[20:15:16,165][INFO][exchange-worker-#43][GridDhtPartitionsExchangeFuture] Skipped waiting for partitions release future (local node is joining) [topVer=AffinityTopologyVersion [topVer=1, minorTopVer=0]]
[20:15:16,238][INFO][exchange-worker-#43][GridDhtPartitionsExchangeFuture] finishExchangeOnCoordinator [topVer=AffinityTopologyVersion [topVer=1, minorTopVer=0], resVer=AffinityTopologyVersion [topVer=1, minorTopVer=0]]
[20:15:16,238][INFO][exchange-worker-#43][GridDhtPartitionsExchangeFuture] Affinity changes (coordinator) applied in 0 ms.
[20:15:16,268][INFO][exchange-worker-#43][GridDhtPartitionsExchangeFuture] Partitions validation performed in 30 ms.
[20:15:16,271][INFO][exchange-worker-#43][GridDhtPartitionsExchangeFuture] Partitions assignment performed in 3 ms.
[20:15:16,290][INFO][exchange-worker-#43][GridDhtPartitionsExchangeFuture] Preparing Full Message performed in 17 ms.
[20:15:16,291][INFO][exchange-worker-#43][GridDhtPartitionsExchangeFuture] Sending Full Message to all nodes performed in 0 ms.
[20:15:16,291][INFO][exchange-worker-#43][GridDhtPartitionsExchangeFuture] Finish exchange future [startVer=AffinityTopologyVersion [topVer=1, minorTopVer=0], resVer=AffinityTopologyVersion [topVer=1, minorTopVer=0], err=null]
[20:15:16,292][INFO][exchange-worker-#43][GridDhtPartitionsExchangeFuture] Detecting lost partitions performed in 1 ms.
[20:15:16,292][INFO][exchange-worker-#43][MvccProcessorImpl] Initialize local node as mvcc coordinator [node=4f9dba44-0776-4741-92b3-214bdec9f256, crdVer=1583522115916]
[20:15:16,301][INFO][exchange-worker-#43][GridCacheProcessor] Finish proxy initialization, cacheName=ignite-sys-cache, localNodeId=4f9dba44-0776-4741-92b3-214bdec9f256
[20:15:16,302][INFO][exchange-worker-#43][GridDhtPartitionsExchangeFuture] Completed partition exchange [localNode=4f9dba44-0776-4741-92b3-214bdec9f256, exchange=GridDhtPartitionsExchangeFuture [topVer=AffinityTopologyVersion [topVer=1, minorTopVer=0], evt=NODE_JOINED, evtNode=TcpDiscoveryNode [id=4f9dba44-0776-4741-92b3-214bdec9f256, addrs=[0:0:0:0:0:0:0:1%lo, 127.0.0.1, 172.168.1.60], sockAddrs=[/172.168.1.60:47500, /0:0:0:0:0:0:0:1%lo:47500, /127.0.0.1:47500], discPort=47500, order=1, intOrder=1, lastExchangeTime=1583522114670, loc=true, ver=2.7.6#20190911-sha1:21f7ca41, isClient=false], done=true], topVer=AffinityTopologyVersion [topVer=1, minorTopVer=0], durationFromInit=327]
[20:15:16,302][INFO][exchange-worker-#43][time] Finished exchange init [topVer=AffinityTopologyVersion [topVer=1, minorTopVer=0], crd=true]
[20:15:16,307][INFO][exchange-worker-#43][GridCachePartitionExchangeManager] Skipping rebalancing (nothing scheduled) [top=AffinityTopologyVersion [topVer=1, minorTopVer=0], force=false, evt=NODE_JOINED, node=4f9dba44-0776-4741-92b3-214bdec9f256]
[20:15:16,399][INFO][main][IgniteKernal] Performance suggestions for grid  (fix if possible)
[20:15:16,399][INFO][main][IgniteKernal] To disable, set -DIGNITE_PERFORMANCE_SUGGESTIONS_DISABLED=true
[20:15:16,399][INFO][main][IgniteKernal]   ^-- Disable grid events (remove 'includeEventTypes' from configuration)
[20:15:16,400][INFO][main][IgniteKernal]   ^-- Enable G1 Garbage Collector (add '-XX:+UseG1GC' to JVM options)
[20:15:16,400][INFO][main][IgniteKernal]   ^-- Specify JVM heap max size (add '-Xmx<size>[g|G|m|M|k|K]' to JVM options)
[20:15:16,400][INFO][main][IgniteKernal]   ^-- Set max direct memory size if getting 'OOME: Direct buffer memory' (add '-XX:MaxDirectMemorySize=<size>[g|G|m|M|k|K]' to JVM options)
[20:15:16,400][INFO][main][IgniteKernal]   ^-- Disable processing of calls to System.gc() (add '-XX:+DisableExplicitGC' to JVM options)
[20:15:16,400][INFO][main][IgniteKernal] Refer to this page for more performance suggestions: https://apacheignite.readme.io/docs/jvm-and-system-tuning
[20:15:16,401][INFO][main][IgniteKernal] 
[20:15:16,401][INFO][main][IgniteKernal] To start Console Management & Monitoring run ignitevisorcmd.{sh|bat}
[20:15:16,404][INFO][main][IgniteKernal] Data Regions Configured:
[20:15:16,405][INFO][main][IgniteKernal]   ^-- default [initSize=256.0 MiB, maxSize=3.1 GiB, persistence=false]
[20:15:16,405][INFO][main][IgniteKernal] 

>>> +----------------------------------------------------------------------+
>>> Ignite ver. 2.7.6#20190911-sha1:21f7ca41c4348909e2fd26ccf59b5b2ce1f4474e
>>> +----------------------------------------------------------------------+
>>> OS name: Linux 4.15.0-88-generic amd64
>>> CPU(s): 4
>>> Heap: 3.5GB
>>> VM name: 2385@eis-seoul
>>> Local node [ID=4F9DBA44-0776-4741-92B3-214BDEC9F256, order=1, clientMode=false]
>>> Local node addresses: [172.168.1.60/0:0:0:0:0:0:0:1%lo, /127.0.0.1, /172.168.1.60]
>>> Local ports: TCP:10800 TCP:11211 TCP:47100 UDP:47400 TCP:47500 

[20:15:16,408][INFO][main][GridDiscoveryManager] Topology snapshot [ver=1, locNode=4f9dba44, servers=1, clients=0, state=ACTIVE, CPUs=4, offheap=3.1GB, heap=3.5GB]
[20:15:16,466][INFO][exchange-worker-#43][time] Started exchange init [topVer=AffinityTopologyVersion [topVer=1, minorTopVer=1], mvccCrd=MvccCoordinator [nodeId=4f9dba44-0776-4741-92b3-214bdec9f256, crdVer=1583522115916, topVer=AffinityTopologyVersion [topVer=1, minorTopVer=0]], mvccCrdChange=false, crd=true, evt=DISCOVERY_CUSTOM_EVT, evtNode=4f9dba44-0776-4741-92b3-214bdec9f256, customEvt=DynamicCacheChangeBatch [id=416e541b071-71effdbe-0787-4a93-a1cd-b34ea3ec1523, reqs=[DynamicCacheChangeRequest [cacheName=Entity2IDcachee, hasCfg=true, nodeId=4f9dba44-0776-4741-92b3-214bdec9f256, clientStartOnly=false, stop=false, destroy=false, disabledAfterStartfalse]], exchangeActions=ExchangeActions [startCaches=[Entity2IDcachee], stopCaches=null, startGrps=[Entity2IDcachee], stopGrps=[], resetParts=null, stateChangeRequest=null], startCaches=false], allowMerge=false]
[20:15:16,468][INFO][exchange-worker-#43][CacheAffinitySharedManager] Updating caches registry performed in 1 ms.
[20:15:16,638][INFO][exchange-worker-#43][GridCacheProcessor] Started cache [name=Entity2IDcachee, id=-1087112307, memoryPolicyName=default, mode=PARTITIONED, atomicity=ATOMIC, backups=0, mvcc=false], encryptionEnabled=false]
[20:15:16,641][INFO][exchange-worker-#43][CacheAffinitySharedManager] Caches starting performed in 173 ms.
[20:15:16,650][INFO][exchange-worker-#43][CacheAffinitySharedManager] Affinity initialization for started caches performed in 8 ms.
[20:15:16,664][INFO][exchange-worker-#43][GridDhtPartitionsExchangeFuture] Finished waiting for partition release future [topVer=AffinityTopologyVersion [topVer=1, minorTopVer=1], waitTime=0ms, futInfo=NA, mode=DISTRIBUTED]
[20:15:16,669][INFO][exchange-worker-#43][GridDhtPartitionsExchangeFuture] Finished waiting for partitions release latch: ServerLatch [permits=0, pendingAcks=[], super=CompletableLatch [id=exchange, topVer=AffinityTopologyVersion [topVer=1, minorTopVer=1]]]
[20:15:16,670][INFO][exchange-worker-#43][GridDhtPartitionsExchangeFuture] Finished waiting for partition release future [topVer=AffinityTopologyVersion [topVer=1, minorTopVer=1], waitTime=0ms, futInfo=NA, mode=LOCAL]
[20:15:16,807][INFO][exchange-worker-#43][GridDhtPartitionsExchangeFuture] finishExchangeOnCoordinator [topVer=AffinityTopologyVersion [topVer=1, minorTopVer=1], resVer=AffinityTopologyVersion [topVer=1, minorTopVer=1]]
[20:15:16,807][INFO][exchange-worker-#43][GridDhtPartitionsExchangeFuture] Affinity changes (coordinator) applied in 0 ms.
[20:15:16,808][INFO][exchange-worker-#43][GridDhtPartitionsExchangeFuture] Partitions validation performed in 1 ms.
[20:15:16,810][INFO][exchange-worker-#43][GridDhtPartitionsExchangeFuture] Partitions assignment performed in 1 ms.
[20:15:16,830][INFO][exchange-worker-#43][GridDhtPartitionsExchangeFuture] Preparing Full Message performed in 17 ms.
[20:15:16,831][INFO][exchange-worker-#43][GridDhtPartitionsExchangeFuture] Sending Full Message to all nodes performed in 0 ms.
[20:15:16,831][INFO][exchange-worker-#43][GridDhtPartitionsExchangeFuture] Finish exchange future [startVer=AffinityTopologyVersion [topVer=1, minorTopVer=1], resVer=AffinityTopologyVersion [topVer=1, minorTopVer=1], err=null]
[20:15:16,841][INFO][exchange-worker-#43][GridCacheProcessor] Finish proxy initialization, cacheName=Entity2IDcachee, localNodeId=4f9dba44-0776-4741-92b3-214bdec9f256
[20:15:16,842][INFO][exchange-worker-#43][GridDhtPartitionsExchangeFuture] Completed partition exchange [localNode=4f9dba44-0776-4741-92b3-214bdec9f256, exchange=GridDhtPartitionsExchangeFuture [topVer=AffinityTopologyVersion [topVer=1, minorTopVer=1], evt=DISCOVERY_CUSTOM_EVT, evtNode=TcpDiscoveryNode [id=4f9dba44-0776-4741-92b3-214bdec9f256, addrs=[0:0:0:0:0:0:0:1%lo, 127.0.0.1, 172.168.1.60], sockAddrs=[/172.168.1.60:47500, /0:0:0:0:0:0:0:1%lo:47500, /127.0.0.1:47500], discPort=47500, order=1, intOrder=1, lastExchangeTime=1583522114670, loc=true, ver=2.7.6#20190911-sha1:21f7ca41, isClient=false], done=true], topVer=AffinityTopologyVersion [topVer=1, minorTopVer=1], durationFromInit=383]
[20:15:16,842][INFO][exchange-worker-#43][time] Finished exchange init [topVer=AffinityTopologyVersion [topVer=1, minorTopVer=1], crd=true]
[20:15:16,852][INFO][exchange-worker-#43][GridCachePartitionExchangeManager] Skipping rebalancing (nothing scheduled) [top=AffinityTopologyVersion [topVer=1, minorTopVer=1], force=false, evt=DISCOVERY_CUSTOM_EVT, node=4f9dba44-0776-4741-92b3-214bdec9f256]
[20:15:16,859][INFO][exchange-worker-#43][time] Started exchange init [topVer=AffinityTopologyVersion [topVer=1, minorTopVer=2], mvccCrd=MvccCoordinator [nodeId=4f9dba44-0776-4741-92b3-214bdec9f256, crdVer=1583522115916, topVer=AffinityTopologyVersion [topVer=1, minorTopVer=0]], mvccCrdChange=false, crd=true, evt=DISCOVERY_CUSTOM_EVT, evtNode=4f9dba44-0776-4741-92b3-214bdec9f256, customEvt=DynamicCacheChangeBatch [id=b16e541b071-71effdbe-0787-4a93-a1cd-b34ea3ec1523, reqs=[DynamicCacheChangeRequest [cacheName=Relation2IDcachee, hasCfg=true, nodeId=4f9dba44-0776-4741-92b3-214bdec9f256, clientStartOnly=false, stop=false, destroy=false, disabledAfterStartfalse]], exchangeActions=ExchangeActions [startCaches=[Relation2IDcachee], stopCaches=null, startGrps=[Relation2IDcachee], stopGrps=[], resetParts=null, stateChangeRequest=null], startCaches=false], allowMerge=false]
[20:15:16,859][INFO][exchange-worker-#43][CacheAffinitySharedManager] Updating caches registry performed in 0 ms.
[20:15:16,868][INFO][exchange-worker-#43][GridCacheProcessor] Started cache [name=Relation2IDcachee, id=1689532820, memoryPolicyName=default, mode=PARTITIONED, atomicity=ATOMIC, backups=0, mvcc=false], encryptionEnabled=false]
[20:15:16,869][INFO][exchange-worker-#43][CacheAffinitySharedManager] Caches starting performed in 10 ms.
[20:15:16,870][INFO][exchange-worker-#43][CacheAffinitySharedManager] Affinity initialization for started caches performed in 1 ms.
[20:15:16,872][INFO][exchange-worker-#43][GridDhtPartitionsExchangeFuture] Finished waiting for partition release future [topVer=AffinityTopologyVersion [topVer=1, minorTopVer=2], waitTime=0ms, futInfo=NA, mode=DISTRIBUTED]
[20:15:16,872][INFO][exchange-worker-#43][GridDhtPartitionsExchangeFuture] Finished waiting for partitions release latch: ServerLatch [permits=0, pendingAcks=[], super=CompletableLatch [id=exchange, topVer=AffinityTopologyVersion [topVer=1, minorTopVer=2]]]
[20:15:16,873][INFO][exchange-worker-#43][GridDhtPartitionsExchangeFuture] Finished waiting for partition release future [topVer=AffinityTopologyVersion [topVer=1, minorTopVer=2], waitTime=0ms, futInfo=NA, mode=LOCAL]
[20:15:16,945][INFO][exchange-worker-#43][GridDhtPartitionsExchangeFuture] finishExchangeOnCoordinator [topVer=AffinityTopologyVersion [topVer=1, minorTopVer=2], resVer=AffinityTopologyVersion [topVer=1, minorTopVer=2]]
[20:15:16,945][INFO][exchange-worker-#43][GridDhtPartitionsExchangeFuture] Affinity changes (coordinator) applied in 0 ms.
[20:15:16,949][INFO][exchange-worker-#43][GridDhtPartitionsExchangeFuture] Partitions validation performed in 3 ms.
[20:15:16,951][INFO][exchange-worker-#43][GridDhtPartitionsExchangeFuture] Partitions assignment performed in 2 ms.
[20:15:16,965][INFO][exchange-worker-#43][GridDhtPartitionsExchangeFuture] Preparing Full Message performed in 10 ms.
[20:15:16,965][INFO][exchange-worker-#43][GridDhtPartitionsExchangeFuture] Sending Full Message to all nodes performed in 0 ms.
[20:15:16,965][INFO][exchange-worker-#43][GridDhtPartitionsExchangeFuture] Finish exchange future [startVer=AffinityTopologyVersion [topVer=1, minorTopVer=2], resVer=AffinityTopologyVersion [topVer=1, minorTopVer=2], err=null]
[20:15:16,972][INFO][exchange-worker-#43][GridCacheProcessor] Finish proxy initialization, cacheName=Relation2IDcachee, localNodeId=4f9dba44-0776-4741-92b3-214bdec9f256
[20:15:16,975][INFO][exchange-worker-#43][GridDhtPartitionsExchangeFuture] Completed partition exchange [localNode=4f9dba44-0776-4741-92b3-214bdec9f256, exchange=GridDhtPartitionsExchangeFuture [topVer=AffinityTopologyVersion [topVer=1, minorTopVer=2], evt=DISCOVERY_CUSTOM_EVT, evtNode=TcpDiscoveryNode [id=4f9dba44-0776-4741-92b3-214bdec9f256, addrs=[0:0:0:0:0:0:0:1%lo, 127.0.0.1, 172.168.1.60], sockAddrs=[/172.168.1.60:47500, /0:0:0:0:0:0:0:1%lo:47500, /127.0.0.1:47500], discPort=47500, order=1, intOrder=1, lastExchangeTime=1583522114670, loc=true, ver=2.7.6#20190911-sha1:21f7ca41, isClient=false], done=true], topVer=AffinityTopologyVersion [topVer=1, minorTopVer=2], durationFromInit=122]
[20:15:16,975][INFO][exchange-worker-#43][time] Finished exchange init [topVer=AffinityTopologyVersion [topVer=1, minorTopVer=2], crd=true]
[20:15:16,981][INFO][exchange-worker-#43][GridCachePartitionExchangeManager] Skipping rebalancing (nothing scheduled) [top=AffinityTopologyVersion [topVer=1, minorTopVer=2], force=false, evt=DISCOVERY_CUSTOM_EVT, node=4f9dba44-0776-4741-92b3-214bdec9f256]
[20:15:16,999][INFO][exchange-worker-#43][time] Started exchange init [topVer=AffinityTopologyVersion [topVer=1, minorTopVer=3], mvccCrd=MvccCoordinator [nodeId=4f9dba44-0776-4741-92b3-214bdec9f256, crdVer=1583522115916, topVer=AffinityTopologyVersion [topVer=1, minorTopVer=0]], mvccCrdChange=false, crd=true, evt=DISCOVERY_CUSTOM_EVT, evtNode=4f9dba44-0776-4741-92b3-214bdec9f256, customEvt=DynamicCacheChangeBatch [id=126e541b071-71effdbe-0787-4a93-a1cd-b34ea3ec1523, reqs=[DynamicCacheChangeRequest [cacheName=E_embeddingscachee, hasCfg=true, nodeId=4f9dba44-0776-4741-92b3-214bdec9f256, clientStartOnly=false, stop=false, destroy=false, disabledAfterStartfalse]], exchangeActions=ExchangeActions [startCaches=[E_embeddingscachee], stopCaches=null, startGrps=[E_embeddingscachee], stopGrps=[], resetParts=null, stateChangeRequest=null], startCaches=false], allowMerge=false]
[20:15:16,999][INFO][exchange-worker-#43][CacheAffinitySharedManager] Updating caches registry performed in 0 ms.
[20:15:17,045][INFO][exchange-worker-#43][GridCacheProcessor] Started cache [name=E_embeddingscachee, id=195644633, memoryPolicyName=default, mode=PARTITIONED, atomicity=ATOMIC, backups=0, mvcc=false], encryptionEnabled=false]
[20:15:17,045][INFO][exchange-worker-#43][CacheAffinitySharedManager] Caches starting performed in 45 ms.
[20:15:17,046][INFO][exchange-worker-#43][CacheAffinitySharedManager] Affinity initialization for started caches performed in 1 ms.
[20:15:17,047][INFO][exchange-worker-#43][GridDhtPartitionsExchangeFuture] Finished waiting for partition release future [topVer=AffinityTopologyVersion [topVer=1, minorTopVer=3], waitTime=0ms, futInfo=NA, mode=DISTRIBUTED]
[20:15:17,047][INFO][exchange-worker-#43][GridDhtPartitionsExchangeFuture] Finished waiting for partitions release latch: ServerLatch [permits=0, pendingAcks=[], super=CompletableLatch [id=exchange, topVer=AffinityTopologyVersion [topVer=1, minorTopVer=3]]]
[20:15:17,048][INFO][exchange-worker-#43][GridDhtPartitionsExchangeFuture] Finished waiting for partition release future [topVer=AffinityTopologyVersion [topVer=1, minorTopVer=3], waitTime=0ms, futInfo=NA, mode=LOCAL]
[20:15:17,135][INFO][exchange-worker-#43][GridDhtPartitionsExchangeFuture] finishExchangeOnCoordinator [topVer=AffinityTopologyVersion [topVer=1, minorTopVer=3], resVer=AffinityTopologyVersion [topVer=1, minorTopVer=3]]
[20:15:17,135][INFO][exchange-worker-#43][GridDhtPartitionsExchangeFuture] Affinity changes (coordinator) applied in 0 ms.
[20:15:17,139][INFO][exchange-worker-#43][GridDhtPartitionsExchangeFuture] Partitions validation performed in 4 ms.
[20:15:17,142][INFO][exchange-worker-#43][GridDhtPartitionsExchangeFuture] Partitions assignment performed in 2 ms.
[20:15:17,157][INFO][exchange-worker-#43][GridDhtPartitionsExchangeFuture] Preparing Full Message performed in 12 ms.
[20:15:17,157][INFO][exchange-worker-#43][GridDhtPartitionsExchangeFuture] Sending Full Message to all nodes performed in 0 ms.
[20:15:17,157][INFO][exchange-worker-#43][GridDhtPartitionsExchangeFuture] Finish exchange future [startVer=AffinityTopologyVersion [topVer=1, minorTopVer=3], resVer=AffinityTopologyVersion [topVer=1, minorTopVer=3], err=null]
[20:15:17,170][INFO][exchange-worker-#43][GridCacheProcessor] Finish proxy initialization, cacheName=E_embeddingscachee, localNodeId=4f9dba44-0776-4741-92b3-214bdec9f256
[20:15:17,173][INFO][exchange-worker-#43][GridDhtPartitionsExchangeFuture] Completed partition exchange [localNode=4f9dba44-0776-4741-92b3-214bdec9f256, exchange=GridDhtPartitionsExchangeFuture [topVer=AffinityTopologyVersion [topVer=1, minorTopVer=3], evt=DISCOVERY_CUSTOM_EVT, evtNode=TcpDiscoveryNode [id=4f9dba44-0776-4741-92b3-214bdec9f256, addrs=[0:0:0:0:0:0:0:1%lo, 127.0.0.1, 172.168.1.60], sockAddrs=[/172.168.1.60:47500, /0:0:0:0:0:0:0:1%lo:47500, /127.0.0.1:47500], discPort=47500, order=1, intOrder=1, lastExchangeTime=1583522114670, loc=true, ver=2.7.6#20190911-sha1:21f7ca41, isClient=false], done=true], topVer=AffinityTopologyVersion [topVer=1, minorTopVer=3], durationFromInit=172]
[20:15:17,173][INFO][exchange-worker-#43][time] Finished exchange init [topVer=AffinityTopologyVersion [topVer=1, minorTopVer=3], crd=true]
[20:15:17,178][INFO][exchange-worker-#43][GridCachePartitionExchangeManager] Skipping rebalancing (obsolete exchange ID) [top=AffinityTopologyVersion [topVer=1, minorTopVer=3], evt=DISCOVERY_CUSTOM_EVT, node=4f9dba44-0776-4741-92b3-214bdec9f256]
[20:15:17,179][INFO][exchange-worker-#43][time] Started exchange init [topVer=AffinityTopologyVersion [topVer=1, minorTopVer=4], mvccCrd=MvccCoordinator [nodeId=4f9dba44-0776-4741-92b3-214bdec9f256, crdVer=1583522115916, topVer=AffinityTopologyVersion [topVer=1, minorTopVer=0]], mvccCrdChange=false, crd=true, evt=DISCOVERY_CUSTOM_EVT, evtNode=4f9dba44-0776-4741-92b3-214bdec9f256, customEvt=DynamicCacheChangeBatch [id=726e541b071-71effdbe-0787-4a93-a1cd-b34ea3ec1523, reqs=[DynamicCacheChangeRequest [cacheName=R_embeddingscachee, hasCfg=true, nodeId=4f9dba44-0776-4741-92b3-214bdec9f256, clientStartOnly=false, stop=false, destroy=false, disabledAfterStartfalse]], exchangeActions=ExchangeActions [startCaches=[R_embeddingscachee], stopCaches=null, startGrps=[R_embeddingscachee], stopGrps=[], resetParts=null, stateChangeRequest=null], startCaches=false], allowMerge=false]
[20:15:17,180][INFO][exchange-worker-#43][CacheAffinitySharedManager] Updating caches registry performed in 0 ms.
[20:15:17,189][INFO][exchange-worker-#43][GridCacheProcessor] Started cache [name=R_embeddingscachee, id=118605932, memoryPolicyName=default, mode=PARTITIONED, atomicity=ATOMIC, backups=0, mvcc=false], encryptionEnabled=false]
[20:15:17,189][INFO][exchange-worker-#43][CacheAffinitySharedManager] Caches starting performed in 9 ms.
[20:15:17,190][INFO][exchange-worker-#43][CacheAffinitySharedManager] Affinity initialization for started caches performed in 1 ms.
[20:15:17,191][INFO][exchange-worker-#43][GridDhtPartitionsExchangeFuture] Finished waiting for partition release future [topVer=AffinityTopologyVersion [topVer=1, minorTopVer=4], waitTime=0ms, futInfo=NA, mode=DISTRIBUTED]
[20:15:17,192][INFO][exchange-worker-#43][GridDhtPartitionsExchangeFuture] Finished waiting for partitions release latch: ServerLatch [permits=0, pendingAcks=[], super=CompletableLatch [id=exchange, topVer=AffinityTopologyVersion [topVer=1, minorTopVer=4]]]
[20:15:17,192][INFO][exchange-worker-#43][GridDhtPartitionsExchangeFuture] Finished waiting for partition release future [topVer=AffinityTopologyVersion [topVer=1, minorTopVer=4], waitTime=0ms, futInfo=NA, mode=LOCAL]
[20:15:17,297][INFO][exchange-worker-#43][GridDhtPartitionsExchangeFuture] finishExchangeOnCoordinator [topVer=AffinityTopologyVersion [topVer=1, minorTopVer=4], resVer=AffinityTopologyVersion [topVer=1, minorTopVer=4]]
[20:15:17,297][INFO][exchange-worker-#43][GridDhtPartitionsExchangeFuture] Affinity changes (coordinator) applied in 0 ms.
[20:15:17,306][INFO][exchange-worker-#43][GridDhtPartitionsExchangeFuture] Partitions validation performed in 9 ms.
[20:15:17,310][INFO][exchange-worker-#43][GridDhtPartitionsExchangeFuture] Partitions assignment performed in 4 ms.
[20:15:17,327][INFO][exchange-worker-#43][GridDhtPartitionsExchangeFuture] Preparing Full Message performed in 12 ms.
[20:15:17,327][INFO][exchange-worker-#43][GridDhtPartitionsExchangeFuture] Sending Full Message to all nodes performed in 0 ms.
[20:15:17,327][INFO][exchange-worker-#43][GridDhtPartitionsExchangeFuture] Finish exchange future [startVer=AffinityTopologyVersion [topVer=1, minorTopVer=4], resVer=AffinityTopologyVersion [topVer=1, minorTopVer=4], err=null]
[20:15:17,338][INFO][exchange-worker-#43][GridCacheProcessor] Finish proxy initialization, cacheName=R_embeddingscachee, localNodeId=4f9dba44-0776-4741-92b3-214bdec9f256
[20:15:17,344][INFO][exchange-worker-#43][GridDhtPartitionsExchangeFuture] Completed partition exchange [localNode=4f9dba44-0776-4741-92b3-214bdec9f256, exchange=GridDhtPartitionsExchangeFuture [topVer=AffinityTopologyVersion [topVer=1, minorTopVer=4], evt=DISCOVERY_CUSTOM_EVT, evtNode=TcpDiscoveryNode [id=4f9dba44-0776-4741-92b3-214bdec9f256, addrs=[0:0:0:0:0:0:0:1%lo, 127.0.0.1, 172.168.1.60], sockAddrs=[/172.168.1.60:47500, /0:0:0:0:0:0:0:1%lo:47500, /127.0.0.1:47500], discPort=47500, order=1, intOrder=1, lastExchangeTime=1583522114670, loc=true, ver=2.7.6#20190911-sha1:21f7ca41, isClient=false], done=true], topVer=AffinityTopologyVersion [topVer=1, minorTopVer=4], durationFromInit=166]
[20:15:17,344][INFO][exchange-worker-#43][time] Finished exchange init [topVer=AffinityTopologyVersion [topVer=1, minorTopVer=4], crd=true]
[20:15:17,350][INFO][exchange-worker-#43][GridCachePartitionExchangeManager] Skipping rebalancing (obsolete exchange ID) [top=AffinityTopologyVersion [topVer=1, minorTopVer=4], evt=DISCOVERY_CUSTOM_EVT, node=4f9dba44-0776-4741-92b3-214bdec9f256]
[20:15:17,350][INFO][exchange-worker-#43][time] Started exchange init [topVer=AffinityTopologyVersion [topVer=1, minorTopVer=5], mvccCrd=MvccCoordinator [nodeId=4f9dba44-0776-4741-92b3-214bdec9f256, crdVer=1583522115916, topVer=AffinityTopologyVersion [topVer=1, minorTopVer=0]], mvccCrdChange=false, crd=true, evt=DISCOVERY_CUSTOM_EVT, evtNode=4f9dba44-0776-4741-92b3-214bdec9f256, customEvt=DynamicCacheChangeBatch [id=d26e541b071-71effdbe-0787-4a93-a1cd-b34ea3ec1523, reqs=[DynamicCacheChangeRequest [cacheName=TripleIDse, hasCfg=true, nodeId=4f9dba44-0776-4741-92b3-214bdec9f256, clientStartOnly=false, stop=false, destroy=false, disabledAfterStartfalse]], exchangeActions=ExchangeActions [startCaches=[TripleIDse], stopCaches=null, startGrps=[TripleIDse], stopGrps=[], resetParts=null, stateChangeRequest=null], startCaches=false], allowMerge=false]
[20:15:17,351][INFO][exchange-worker-#43][CacheAffinitySharedManager] Updating caches registry performed in 1 ms.
[20:15:17,361][INFO][exchange-worker-#43][GridCacheProcessor] Started cache [name=TripleIDse, id=-1398487509, memoryPolicyName=default, mode=PARTITIONED, atomicity=ATOMIC, backups=0, mvcc=false], encryptionEnabled=false]
[20:15:17,361][INFO][exchange-worker-#43][CacheAffinitySharedManager] Caches starting performed in 10 ms.
[20:15:17,363][INFO][exchange-worker-#43][CacheAffinitySharedManager] Affinity initialization for started caches performed in 1 ms.
[20:15:17,364][INFO][exchange-worker-#43][GridDhtPartitionsExchangeFuture] Finished waiting for partition release future [topVer=AffinityTopologyVersion [topVer=1, minorTopVer=5], waitTime=0ms, futInfo=NA, mode=DISTRIBUTED]
[20:15:17,364][INFO][exchange-worker-#43][GridDhtPartitionsExchangeFuture] Finished waiting for partitions release latch: ServerLatch [permits=0, pendingAcks=[], super=CompletableLatch [id=exchange, topVer=AffinityTopologyVersion [topVer=1, minorTopVer=5]]]
[20:15:17,364][INFO][exchange-worker-#43][GridDhtPartitionsExchangeFuture] Finished waiting for partition release future [topVer=AffinityTopologyVersion [topVer=1, minorTopVer=5], waitTime=0ms, futInfo=NA, mode=LOCAL]
[20:15:17,430][INFO][exchange-worker-#43][GridDhtPartitionsExchangeFuture] finishExchangeOnCoordinator [topVer=AffinityTopologyVersion [topVer=1, minorTopVer=5], resVer=AffinityTopologyVersion [topVer=1, minorTopVer=5]]
[20:15:17,430][INFO][exchange-worker-#43][GridDhtPartitionsExchangeFuture] Affinity changes (coordinator) applied in 0 ms.
[20:15:17,435][INFO][exchange-worker-#43][GridDhtPartitionsExchangeFuture] Partitions validation performed in 5 ms.
[20:15:17,438][INFO][exchange-worker-#43][GridDhtPartitionsExchangeFuture] Partitions assignment performed in 3 ms.
[20:15:17,448][INFO][exchange-worker-#43][GridDhtPartitionsExchangeFuture] Preparing Full Message performed in 8 ms.
[20:15:17,448][INFO][exchange-worker-#43][GridDhtPartitionsExchangeFuture] Sending Full Message to all nodes performed in 0 ms.
[20:15:17,448][INFO][exchange-worker-#43][GridDhtPartitionsExchangeFuture] Finish exchange future [startVer=AffinityTopologyVersion [topVer=1, minorTopVer=5], resVer=AffinityTopologyVersion [topVer=1, minorTopVer=5], err=null]
[20:15:17,460][INFO][exchange-worker-#43][GridCacheProcessor] Finish proxy initialization, cacheName=TripleIDse, localNodeId=4f9dba44-0776-4741-92b3-214bdec9f256
[20:15:17,461][INFO][exchange-worker-#43][GridDhtPartitionsExchangeFuture] Completed partition exchange [localNode=4f9dba44-0776-4741-92b3-214bdec9f256, exchange=GridDhtPartitionsExchangeFuture [topVer=AffinityTopologyVersion [topVer=1, minorTopVer=5], evt=DISCOVERY_CUSTOM_EVT, evtNode=TcpDiscoveryNode [id=4f9dba44-0776-4741-92b3-214bdec9f256, addrs=[0:0:0:0:0:0:0:1%lo, 127.0.0.1, 172.168.1.60], sockAddrs=[/172.168.1.60:47500, /0:0:0:0:0:0:0:1%lo:47500, /127.0.0.1:47500], discPort=47500, order=1, intOrder=1, lastExchangeTime=1583522114670, loc=true, ver=2.7.6#20190911-sha1:21f7ca41, isClient=false], done=true], topVer=AffinityTopologyVersion [topVer=1, minorTopVer=5], durationFromInit=111]
[20:15:17,461][INFO][exchange-worker-#43][time] Finished exchange init [topVer=AffinityTopologyVersion [topVer=1, minorTopVer=5], crd=true]
[20:15:17,470][INFO][exchange-worker-#43][GridCachePartitionExchangeManager] Skipping rebalancing (obsolete exchange ID) [top=AffinityTopologyVersion [topVer=1, minorTopVer=5], evt=DISCOVERY_CUSTOM_EVT, node=4f9dba44-0776-4741-92b3-214bdec9f256]
[20:15:17,471][INFO][exchange-worker-#43][time] Started exchange init [topVer=AffinityTopologyVersion [topVer=1, minorTopVer=6], mvccCrd=MvccCoordinator [nodeId=4f9dba44-0776-4741-92b3-214bdec9f256, crdVer=1583522115916, topVer=AffinityTopologyVersion [topVer=1, minorTopVer=0]], mvccCrdChange=false, crd=true, evt=DISCOVERY_CUSTOM_EVT, evtNode=4f9dba44-0776-4741-92b3-214bdec9f256, customEvt=DynamicCacheChangeBatch [id=336e541b071-71effdbe-0787-4a93-a1cd-b34ea3ec1523, reqs=[DynamicCacheChangeRequest [cacheName=allTriplesCache, hasCfg=true, nodeId=4f9dba44-0776-4741-92b3-214bdec9f256, clientStartOnly=false, stop=false, destroy=false, disabledAfterStartfalse]], exchangeActions=ExchangeActions [startCaches=[allTriplesCache], stopCaches=null, startGrps=[allTriplesCache], stopGrps=[], resetParts=null, stateChangeRequest=null], startCaches=false], allowMerge=false]
[20:15:17,471][INFO][exchange-worker-#43][CacheAffinitySharedManager] Updating caches registry performed in 0 ms.
[20:15:17,477][INFO][exchange-worker-#43][GridCacheProcessor] Started cache [name=allTriplesCache, id=1394360558, memoryPolicyName=default, mode=PARTITIONED, atomicity=ATOMIC, backups=0, mvcc=false], encryptionEnabled=false]
[20:15:17,478][INFO][exchange-worker-#43][CacheAffinitySharedManager] Caches starting performed in 7 ms.
[20:15:17,479][INFO][exchange-worker-#43][CacheAffinitySharedManager] Affinity initialization for started caches performed in 1 ms.
[20:15:17,481][INFO][exchange-worker-#43][GridDhtPartitionsExchangeFuture] Finished waiting for partition release future [topVer=AffinityTopologyVersion [topVer=1, minorTopVer=6], waitTime=0ms, futInfo=NA, mode=DISTRIBUTED]
[20:15:17,481][INFO][exchange-worker-#43][GridDhtPartitionsExchangeFuture] Finished waiting for partitions release latch: ServerLatch [permits=0, pendingAcks=[], super=CompletableLatch [id=exchange, topVer=AffinityTopologyVersion [topVer=1, minorTopVer=6]]]
[20:15:17,481][INFO][exchange-worker-#43][GridDhtPartitionsExchangeFuture] Finished waiting for partition release future [topVer=AffinityTopologyVersion [topVer=1, minorTopVer=6], waitTime=0ms, futInfo=NA, mode=LOCAL]
[20:15:17,543][INFO][exchange-worker-#43][GridDhtPartitionsExchangeFuture] finishExchangeOnCoordinator [topVer=AffinityTopologyVersion [topVer=1, minorTopVer=6], resVer=AffinityTopologyVersion [topVer=1, minorTopVer=6]]
[20:15:17,543][INFO][exchange-worker-#43][GridDhtPartitionsExchangeFuture] Affinity changes (coordinator) applied in 0 ms.
[20:15:17,550][INFO][exchange-worker-#43][GridDhtPartitionsExchangeFuture] Partitions validation performed in 7 ms.
[20:15:17,555][INFO][exchange-worker-#43][GridDhtPartitionsExchangeFuture] Partitions assignment performed in 5 ms.
[20:15:17,571][INFO][exchange-worker-#43][GridDhtPartitionsExchangeFuture] Preparing Full Message performed in 11 ms.
[20:15:17,571][INFO][exchange-worker-#43][GridDhtPartitionsExchangeFuture] Sending Full Message to all nodes performed in 0 ms.
[20:15:17,571][INFO][exchange-worker-#43][GridDhtPartitionsExchangeFuture] Finish exchange future [startVer=AffinityTopologyVersion [topVer=1, minorTopVer=6], resVer=AffinityTopologyVersion [topVer=1, minorTopVer=6], err=null]
[20:15:17,586][INFO][exchange-worker-#43][GridCacheProcessor] Finish proxy initialization, cacheName=allTriplesCache, localNodeId=4f9dba44-0776-4741-92b3-214bdec9f256
[20:15:17,586][INFO][exchange-worker-#43][GridDhtPartitionsExchangeFuture] Completed partition exchange [localNode=4f9dba44-0776-4741-92b3-214bdec9f256, exchange=GridDhtPartitionsExchangeFuture [topVer=AffinityTopologyVersion [topVer=1, minorTopVer=6], evt=DISCOVERY_CUSTOM_EVT, evtNode=TcpDiscoveryNode [id=4f9dba44-0776-4741-92b3-214bdec9f256, addrs=[0:0:0:0:0:0:0:1%lo, 127.0.0.1, 172.168.1.60], sockAddrs=[/172.168.1.60:47500, /0:0:0:0:0:0:0:1%lo:47500, /127.0.0.1:47500], discPort=47500, order=1, intOrder=1, lastExchangeTime=1583522114670, loc=true, ver=2.7.6#20190911-sha1:21f7ca41, isClient=false], done=true], topVer=AffinityTopologyVersion [topVer=1, minorTopVer=6], durationFromInit=121]
[20:15:17,586][INFO][exchange-worker-#43][time] Finished exchange init [topVer=AffinityTopologyVersion [topVer=1, minorTopVer=6], crd=true]
[20:15:17,594][INFO][exchange-worker-#43][GridCachePartitionExchangeManager] Skipping rebalancing (obsolete exchange ID) [top=AffinityTopologyVersion [topVer=1, minorTopVer=6], evt=DISCOVERY_CUSTOM_EVT, node=4f9dba44-0776-4741-92b3-214bdec9f256]
[20:15:17,594][INFO][exchange-worker-#43][time] Started exchange init [topVer=AffinityTopologyVersion [topVer=1, minorTopVer=7], mvccCrd=MvccCoordinator [nodeId=4f9dba44-0776-4741-92b3-214bdec9f256, crdVer=1583522115916, topVer=AffinityTopologyVersion [topVer=1, minorTopVer=0]], mvccCrdChange=false, crd=true, evt=DISCOVERY_CUSTOM_EVT, evtNode=4f9dba44-0776-4741-92b3-214bdec9f256, customEvt=DynamicCacheChangeBatch [id=936e541b071-71effdbe-0787-4a93-a1cd-b34ea3ec1523, reqs=[DynamicCacheChangeRequest [cacheName=testTriplecachee, hasCfg=true, nodeId=4f9dba44-0776-4741-92b3-214bdec9f256, clientStartOnly=false, stop=false, destroy=false, disabledAfterStartfalse]], exchangeActions=ExchangeActions [startCaches=[testTriplecachee], stopCaches=null, startGrps=[testTriplecachee], stopGrps=[], resetParts=null, stateChangeRequest=null], startCaches=false], allowMerge=false]
[20:15:17,594][INFO][exchange-worker-#43][CacheAffinitySharedManager] Updating caches registry performed in 0 ms.
[20:15:17,600][INFO][exchange-worker-#43][GridCacheProcessor] Started cache [name=testTriplecachee, id=2015714483, memoryPolicyName=default, mode=PARTITIONED, atomicity=ATOMIC, backups=0, mvcc=false], encryptionEnabled=false]
[20:15:17,600][INFO][exchange-worker-#43][CacheAffinitySharedManager] Caches starting performed in 6 ms.
[20:15:17,603][INFO][exchange-worker-#43][CacheAffinitySharedManager] Affinity initialization for started caches performed in 3 ms.
[20:15:17,604][INFO][exchange-worker-#43][GridDhtPartitionsExchangeFuture] Finished waiting for partition release future [topVer=AffinityTopologyVersion [topVer=1, minorTopVer=7], waitTime=0ms, futInfo=NA, mode=DISTRIBUTED]
[20:15:17,605][INFO][exchange-worker-#43][GridDhtPartitionsExchangeFuture] Finished waiting for partitions release latch: ServerLatch [permits=0, pendingAcks=[], super=CompletableLatch [id=exchange, topVer=AffinityTopologyVersion [topVer=1, minorTopVer=7]]]
[20:15:17,605][INFO][exchange-worker-#43][GridDhtPartitionsExchangeFuture] Finished waiting for partition release future [topVer=AffinityTopologyVersion [topVer=1, minorTopVer=7], waitTime=0ms, futInfo=NA, mode=LOCAL]
[20:15:17,663][INFO][exchange-worker-#43][GridDhtPartitionsExchangeFuture] finishExchangeOnCoordinator [topVer=AffinityTopologyVersion [topVer=1, minorTopVer=7], resVer=AffinityTopologyVersion [topVer=1, minorTopVer=7]]
[20:15:17,663][INFO][exchange-worker-#43][GridDhtPartitionsExchangeFuture] Affinity changes (coordinator) applied in 0 ms.
[20:15:17,669][INFO][exchange-worker-#43][GridDhtPartitionsExchangeFuture] Partitions validation performed in 6 ms.
[20:15:17,674][INFO][exchange-worker-#43][GridDhtPartitionsExchangeFuture] Partitions assignment performed in 5 ms.
[20:15:17,687][INFO][exchange-worker-#43][GridDhtPartitionsExchangeFuture] Preparing Full Message performed in 9 ms.
[20:15:17,687][INFO][exchange-worker-#43][GridDhtPartitionsExchangeFuture] Sending Full Message to all nodes performed in 0 ms.
[20:15:17,687][INFO][exchange-worker-#43][GridDhtPartitionsExchangeFuture] Finish exchange future [startVer=AffinityTopologyVersion [topVer=1, minorTopVer=7], resVer=AffinityTopologyVersion [topVer=1, minorTopVer=7], err=null]
[20:15:17,702][INFO][exchange-worker-#43][GridCacheProcessor] Finish proxy initialization, cacheName=testTriplecachee, localNodeId=4f9dba44-0776-4741-92b3-214bdec9f256
[20:15:17,703][INFO][exchange-worker-#43][GridDhtPartitionsExchangeFuture] Completed partition exchange [localNode=4f9dba44-0776-4741-92b3-214bdec9f256, exchange=GridDhtPartitionsExchangeFuture [topVer=AffinityTopologyVersion [topVer=1, minorTopVer=7], evt=DISCOVERY_CUSTOM_EVT, evtNode=TcpDiscoveryNode [id=4f9dba44-0776-4741-92b3-214bdec9f256, addrs=[0:0:0:0:0:0:0:1%lo, 127.0.0.1, 172.168.1.60], sockAddrs=[/172.168.1.60:47500, /0:0:0:0:0:0:0:1%lo:47500, /127.0.0.1:47500], discPort=47500, order=1, intOrder=1, lastExchangeTime=1583522114670, loc=true, ver=2.7.6#20190911-sha1:21f7ca41, isClient=false], done=true], topVer=AffinityTopologyVersion [topVer=1, minorTopVer=7], durationFromInit=113]
[20:15:17,703][INFO][exchange-worker-#43][time] Finished exchange init [topVer=AffinityTopologyVersion [topVer=1, minorTopVer=7], crd=true]
[20:15:17,714][INFO][exchange-worker-#43][GridCachePartitionExchangeManager] Skipping rebalancing (nothing scheduled) [top=AffinityTopologyVersion [topVer=1, minorTopVer=7], force=false, evt=DISCOVERY_CUSTOM_EVT, node=4f9dba44-0776-4741-92b3-214bdec9f256]
[20:15:17,811][WARNING][main][DataStreamerImpl] Data streamer will not overwrite existing cache entries for better performance (to change, set allowOverwrite to true)
[20:15:20,747][WARNING][data-streamer-stripe-4-#13][H2TreeIndex] <allTriplesCache> Indexed columns of a row cannot be fully inlined into index what may lead to slowdown due to additional data page reads, increase index inline size if needed (set system property IGNITE_MAX_INDEX_PAYLOAD_SIZE with recommended size (be aware it will be used by default for all indexes without explicit inline size)) [cacheName=INTEGER, tableName=allTriplesCache, idxName=_key_PK, idxCols=(_KEY), idxType=PRIMARY KEY, curSize=10, recommendedInlineSize=54]
[20:15:20,748][WARNING][data-streamer-stripe-4-#13][H2TreeIndex] <allTriplesCache> Indexed columns of a row cannot be fully inlined into index what may lead to slowdown due to additional data page reads, increase index inline size if needed (use INLINE_SIZE option for CREATE INDEX command, QuerySqlField.inlineSize for annotated classes, or QueryIndex.inlineSize for explicit QueryEntity configuration) [cacheName=INTEGER, tableName=allTriplesCache, idxName=INTEGER__VAL_IDX, idxCols=(_VAL, _KEY), idxType=SECONDARY, curSize=10, recommendedInlineSize=59]
[20:15:26,996][WARNING][data-streamer-stripe-3-#12][GridQueryProcessor] Key-value pair is not inserted into any SQL table [cacheName=testTriplecachee, valType=TripleID]
[20:15:26,996][WARNING][data-streamer-stripe-3-#12][GridQueryProcessor]   ^-- Value type(s) are specified via CacheConfiguration.indexedTypes or CacheConfiguration.queryEntities
[20:15:26,996][WARNING][data-streamer-stripe-3-#12][GridQueryProcessor]   ^-- Make sure that same type(s) used when adding Object or BinaryObject to cache
[20:15:26,996][WARNING][data-streamer-stripe-3-#12][GridQueryProcessor]   ^-- Otherwise, entries will be stored in cache, but not appear as SQL Table rows
[20:15:28,589][WARNING][data-streamer-stripe-2-#11][GridQueryProcessor] Key-value pair is not inserted into any SQL table [cacheName=E_embeddingscachee, valType=breeze.linalg.DenseVector$SerializedForm]
[20:15:31,481][INFO][main][GridTcpRestProtocol] Command protocol successfully stopped: TCP binary
[20:15:31,495][INFO][main][GridCacheProcessor] Stopped cache [cacheName=ignite-sys-cache]
[20:15:31,496][INFO][main][GridCacheProcessor] Stopped cache [cacheName=Relation2IDcachee]
[20:15:31,497][INFO][main][GridCacheProcessor] Stopped cache [cacheName=E_embeddingscachee]
[20:15:31,499][INFO][main][GridCacheProcessor] Stopped cache [cacheName=allTriplesCache]
[20:15:31,500][INFO][main][GridCacheProcessor] Stopped cache [cacheName=testTriplecachee]
[20:15:31,502][INFO][main][GridCacheProcessor] Stopped cache [cacheName=R_embeddingscachee]
[20:15:31,502][INFO][main][GridCacheProcessor] Stopped cache [cacheName=Entity2IDcachee]
[20:15:31,503][INFO][main][GridCacheProcessor] Stopped cache [cacheName=TripleIDse]
[20:15:31,960][INFO][main][GridDeploymentLocalStore] Removed undeployed class: GridDeployment [ts=1583522116477, depMode=SHARED, clsLdr=sun.misc.Launcher$AppClassLoader@4e0e2f2a, clsLdrId=716e541b071-4f9dba44-0776-4741-92b3-214bdec9f256, userVer=0, loc=true, sampleClsName=org.apache.ignite.internal.processors.service.GridServiceProcessor$ServiceDeploymentPredicate, pendingUndeploy=false, undeployed=true, usage=0]
[20:15:31,965][INFO][main][IgniteKernal] 

>>> +---------------------------------------------------------------------------------+
>>> Ignite ver. 2.7.6#20190911-sha1:21f7ca41c4348909e2fd26ccf59b5b2ce1f4474e stopped OK
>>> +---------------------------------------------------------------------------------+
>>> Grid uptime: 00:00:15.580


