[20:54:37,917][INFO][main][IgniteKernal] 

>>>    __________  ________________  
>>>   /  _/ ___/ |/ /  _/_  __/ __/  
>>>  _/ // (7 7    // /  / / / _/    
>>> /___/\___/_/|_/___/ /_/ /___/   
>>> 
>>> ver. 2.7.5#20190603-sha1:be4f2a15
>>> 2018 Copyright(C) Apache Software Foundation
>>> 
>>> Ignite documentation: http://ignite.apache.org

[20:54:37,923][INFO][main][IgniteKernal] Config URL: file:/home/xshaini/apache-ignite-2.7.5-bin/config/default-config.xml
[20:54:37,956][INFO][main][IgniteKernal] IgniteConfiguration [igniteInstanceName=null, pubPoolSize=8, svcPoolSize=8, callbackPoolSize=8, stripedPoolSize=8, sysPoolSize=8, mgmtPoolSize=4, igfsPoolSize=4, dataStreamerPoolSize=8, utilityCachePoolSize=8, utilityCacheKeepAliveTime=60000, p2pPoolSize=2, qryPoolSize=8, igniteHome=/home/xshaini/apache-ignite-2.7.5-bin, igniteWorkDir=/home/xshaini/apache-ignite-2.7.5-bin/work, mbeanSrv=com.sun.jmx.mbeanserver.JmxMBeanServer@6f94fa3e, nodeId=e04f3904-3bbe-4b0d-8fe3-8c0f2a773326, marsh=BinaryMarshaller [], marshLocJobs=false, daemon=false, p2pEnabled=false, netTimeout=5000, sndRetryDelay=1000, sndRetryCnt=3, metricsHistSize=10000, metricsUpdateFreq=2000, metricsExpTime=9223372036854775807, discoSpi=TcpDiscoverySpi [addrRslvr=null, sockTimeout=0, ackTimeout=0, marsh=null, reconCnt=10, reconDelay=2000, maxAckTimeout=600000, forceSrvMode=false, clientReconnectDisabled=false, internalLsnr=null], segPlc=STOP, segResolveAttempts=2, waitForSegOnStart=true, allResolversPassReq=true, segChkFreq=10000, commSpi=TcpCommunicationSpi [connectGate=null, connPlc=org.apache.ignite.spi.communication.tcp.TcpCommunicationSpi$FirstConnectionPolicy@31d7b7bf, enableForcibleNodeKill=false, enableTroubleshootingLog=false, locAddr=null, locHost=null, locPort=47100, locPortRange=100, shmemPort=-1, directBuf=true, directSndBuf=false, idleConnTimeout=600000, connTimeout=5000, maxConnTimeout=600000, reconCnt=10, sockSndBuf=32768, sockRcvBuf=32768, msgQueueLimit=0, slowClientQueueLimit=0, nioSrvr=null, shmemSrv=null, usePairedConnections=false, connectionsPerNode=1, tcpNoDelay=true, filterReachableAddresses=false, ackSndThreshold=32, unackedMsgsBufSize=0, sockWriteTimeout=2000, boundTcpPort=-1, boundTcpShmemPort=-1, selectorsCnt=4, selectorSpins=0, addrRslvr=null, ctxInitLatch=java.util.concurrent.CountDownLatch@635eaaf1[Count = 1], stopping=false], evtSpi=org.apache.ignite.spi.eventstorage.NoopEventStorageSpi@5c30a9b0, colSpi=NoopCollisionSpi [], deploySpi=LocalDeploymentSpi [], indexingSpi=org.apache.ignite.spi.indexing.noop.NoopIndexingSpi@3f197a46, addrRslvr=null, encryptionSpi=org.apache.ignite.spi.encryption.noop.NoopEncryptionSpi@636be97c, clientMode=false, rebalanceThreadPoolSize=1, txCfg=TransactionConfiguration [txSerEnabled=false, dfltIsolation=REPEATABLE_READ, dfltConcurrency=PESSIMISTIC, dfltTxTimeout=0, txTimeoutOnPartitionMapExchange=0, pessimisticTxLogSize=0, pessimisticTxLogLinger=10000, tmLookupClsName=null, txManagerFactory=null, useJtaSync=false], cacheSanityCheckEnabled=true, discoStartupDelay=60000, deployMode=SHARED, p2pMissedCacheSize=100, locHost=null, timeSrvPortBase=31100, timeSrvPortRange=100, failureDetectionTimeout=10000, sysWorkerBlockedTimeout=null, clientFailureDetectionTimeout=30000, metricsLogFreq=60000, hadoopCfg=null, connectorCfg=ConnectorConfiguration [jettyPath=null, host=null, port=11211, noDelay=true, directBuf=false, sndBufSize=32768, rcvBufSize=32768, idleQryCurTimeout=600000, idleQryCurCheckFreq=60000, sndQueueLimit=0, selectorCnt=4, idleTimeout=7000, sslEnabled=false, sslClientAuth=false, sslCtxFactory=null, sslFactory=null, portRange=100, threadPoolSize=8, msgInterceptor=null], odbcCfg=null, warmupClos=null, atomicCfg=AtomicConfiguration [seqReserveSize=1000, cacheMode=PARTITIONED, backups=1, aff=null, grpName=null], classLdr=null, sslCtxFactory=null, platformCfg=null, binaryCfg=null, memCfg=null, pstCfg=null, dsCfg=DataStorageConfiguration [sysRegionInitSize=41943040, sysRegionMaxSize=104857600, pageSize=0, concLvl=0, dfltDataRegConf=DataRegionConfiguration [name=default, maxSize=3335316275, initSize=268435456, swapPath=null, pageEvictionMode=DISABLED, evictionThreshold=0.9, emptyPagesPoolSize=100, metricsEnabled=false, metricsSubIntervalCount=5, metricsRateTimeInterval=60000, persistenceEnabled=false, checkpointPageBufSize=0], dataRegions=null, storagePath=null, checkpointFreq=180000, lockWaitTime=10000, checkpointThreads=4, checkpointWriteOrder=SEQUENTIAL, walHistSize=20, maxWalArchiveSize=1073741824, walSegments=10, walSegmentSize=67108864, walPath=db/wal, walArchivePath=db/wal/archive, metricsEnabled=false, walMode=LOG_ONLY, walTlbSize=131072, walBuffSize=0, walFlushFreq=2000, walFsyncDelay=1000, walRecordIterBuffSize=67108864, alwaysWriteFullPages=false, fileIOFactory=org.apache.ignite.internal.processors.cache.persistence.file.AsyncFileIOFactory@15c43bd9, metricsSubIntervalCnt=5, metricsRateTimeInterval=60000, walAutoArchiveAfterInactivity=-1, writeThrottlingEnabled=false, walCompactionEnabled=false, walCompactionLevel=1, checkpointReadLockTimeout=null], activeOnStart=true, autoActivation=true, longQryWarnTimeout=3000, sqlConnCfg=null, cliConnCfg=ClientConnectorConfiguration [host=null, port=10800, portRange=100, sockSndBufSize=0, sockRcvBufSize=0, tcpNoDelay=true, maxOpenCursorsPerConn=128, threadPoolSize=8, idleTimeout=0, jdbcEnabled=true, odbcEnabled=true, thinCliEnabled=true, sslEnabled=false, useIgniteSslCtxFactory=true, sslClientAuth=false, sslCtxFactory=null], mvccVacuumThreadCnt=2, mvccVacuumFreq=5000, authEnabled=false, failureHnd=null, commFailureRslvr=null]
[20:54:37,956][INFO][main][IgniteKernal] Daemon mode: off
[20:54:37,957][INFO][main][IgniteKernal] OS: Linux 4.15.0-55-generic amd64
[20:54:37,957][INFO][main][IgniteKernal] OS user: xshaini
[20:54:37,957][INFO][main][IgniteKernal] PID: 19661
[20:54:37,957][INFO][main][IgniteKernal] Language runtime: Java Platform API Specification ver. 1.8
[20:54:37,957][INFO][main][IgniteKernal] VM information: Java(TM) SE Runtime Environment 1.8.0_211-b12 Oracle Corporation Java HotSpot(TM) 64-Bit Server VM 25.211-b12
[20:54:37,960][INFO][main][IgniteKernal] VM total memory: 3.5GB
[20:54:37,960][INFO][main][IgniteKernal] Remote Management [restart: on, REST: on, JMX (remote: on, port: 49115, auth: off, ssl: off)]
[20:54:37,960][INFO][main][IgniteKernal] Logger: JavaLogger [quiet=true, config=null]
[20:54:37,960][INFO][main][IgniteKernal] IGNITE_HOME=/home/xshaini/apache-ignite-2.7.5-bin
[20:54:37,960][INFO][main][IgniteKernal] VM arguments: [-XX:+AggressiveOpts, -Dfile.encoding=UTF-8, -DIGNITE_QUIET=true, -DIGNITE_SUCCESS_FILE=/home/xshaini/apache-ignite-2.7.5-bin/work/ignite_success_547f80d6-c95c-44b3-9afa-802f845b6f55, -Dcom.sun.management.jmxremote, -Dcom.sun.management.jmxremote.port=49115, -Dcom.sun.management.jmxremote.authenticate=false, -Dcom.sun.management.jmxremote.ssl=false, -DIGNITE_HOME=/home/xshaini/apache-ignite-2.7.5-bin, -DIGNITE_PROG_NAME=./ignite.sh]
[20:54:37,961][INFO][main][IgniteKernal] System cache's DataRegion size is configured to 40 MB. Use DataStorageConfiguration.systemRegionInitialSize property to change the setting.
[20:54:37,966][INFO][main][IgniteKernal] Configured caches [in 'sysMemPlc' dataRegion: ['ignite-sys-cache']]
[20:54:37,966][WARNING][main][IgniteKernal] Please set system property '-Djava.net.preferIPv4Stack=true' to avoid possible problems in mixed environments.
[20:54:37,970][INFO][main][IgniteKernal] 3-rd party licenses can be found at: /home/xshaini/apache-ignite-2.7.5-bin/libs/licenses
[20:54:37,971][WARNING][pub-#22][GridDiagnostic] Initial heap size is 250MB (should be no less than 512MB, use -Xms512m -Xmx512m).
[20:54:38,021][INFO][main][IgnitePluginProcessor] Configured plugins:
[20:54:38,021][INFO][main][IgnitePluginProcessor]   ^-- None
[20:54:38,021][INFO][main][IgnitePluginProcessor] 
[20:54:38,023][INFO][main][FailureProcessor] Configured failure handler: [hnd=StopNodeOrHaltFailureHandler [tryStop=false, timeout=0, super=AbstractFailureHandler [ignoredFailureTypes=[SYSTEM_WORKER_BLOCKED, SYSTEM_CRITICAL_OPERATION_TIMEOUT]]]]
[20:54:38,061][INFO][main][TcpCommunicationSpi] Successfully bound communication NIO server to TCP port [port=47100, locHost=0.0.0.0/0.0.0.0, selectorsCnt=4, selectorSpins=0, pairedConn=false]
[20:54:38,063][WARNING][main][TcpCommunicationSpi] Message queue limit is set to 0 which may lead to potential OOMEs when running cache operations in FULL_ASYNC or PRIMARY_SYNC modes due to message queues growth on sender and receiver sides.
[20:54:38,076][WARNING][main][NoopCheckpointSpi] Checkpoints are disabled (to enable configure any GridCheckpointSpi implementation)
[20:54:38,100][WARNING][main][GridCollisionManager] Collision resolution is disabled (all jobs will be activated upon arrival).
[20:54:38,106][INFO][main][IgniteKernal] Security status [authentication=off, tls/ssl=off]
[20:54:38,305][WARNING][main][IgniteCacheDatabaseSharedManager] DataRegionConfiguration.maxWalArchiveSize instead DataRegionConfiguration.walHistorySize would be used for removing old archive wal files
[20:54:38,322][INFO][main][PartitionsEvictManager] Evict partition permits=2
[20:54:38,476][INFO][main][ClientListenerProcessor] Client connector processor has started on TCP port 10800
[20:54:38,509][INFO][main][GridTcpRestProtocol] Command protocol successfully started [name=TCP binary, host=0.0.0.0/0.0.0.0, port=11211]
[20:54:38,543][INFO][main][IgniteKernal] Non-loopback local IPs: 172.16.2.60, fe80:0:0:0:8c20:4568:85a6:55e3%wlp2s0
[20:54:38,544][INFO][main][IgniteKernal] Enabled local MACs: 1002B5D9B0B6
[20:54:38,584][INFO][main][TcpDiscoverySpi] Connection check threshold is calculated: 10000
[20:54:38,586][INFO][main][TcpDiscoverySpi] Successfully bound to TCP port [port=47500, localHost=0.0.0.0/0.0.0.0, locNodeId=e04f3904-3bbe-4b0d-8fe3-8c0f2a773326]
[20:54:38,589][WARNING][main][TcpDiscoveryMulticastIpFinder] TcpDiscoveryMulticastIpFinder has no pre-configured addresses (it is recommended in production to specify at least one address in TcpDiscoveryMulticastIpFinder.getAddresses() configuration property)
[20:54:39,825][INFO][disco-notifier-worker-#41][MvccProcessorImpl] Assigned mvcc coordinator [crd=MvccCoordinator [nodeId=e04f3904-3bbe-4b0d-8fe3-8c0f2a773326, crdVer=1566413679813, topVer=AffinityTopologyVersion [topVer=1, minorTopVer=0]], crdNode=TcpDiscoveryNode [id=e04f3904-3bbe-4b0d-8fe3-8c0f2a773326, addrs=[0:0:0:0:0:0:0:1%lo, 127.0.0.1, 172.16.2.60], sockAddrs=[/172.16.2.60:47500, /0:0:0:0:0:0:0:1%lo:47500, /127.0.0.1:47500], discPort=47500, order=1, intOrder=1, lastExchangeTime=1566413678583, loc=true, ver=2.7.5#20190603-sha1:be4f2a15, isClient=false]]
[20:54:39,854][INFO][exchange-worker-#43][time] Started exchange init [topVer=AffinityTopologyVersion [topVer=1, minorTopVer=0], mvccCrd=MvccCoordinator [nodeId=e04f3904-3bbe-4b0d-8fe3-8c0f2a773326, crdVer=1566413679813, topVer=AffinityTopologyVersion [topVer=1, minorTopVer=0]], mvccCrdChange=true, crd=true, evt=NODE_JOINED, evtNode=e04f3904-3bbe-4b0d-8fe3-8c0f2a773326, customEvt=null, allowMerge=false]
[20:54:39,873][INFO][exchange-worker-#43][msg] Components activation performed in 19 ms.
[20:54:39,956][INFO][exchange-worker-#43][GridCacheProcessor] Started cache [name=ignite-sys-cache, id=-2100569601, memoryPolicyName=sysMemPlc, mode=REPLICATED, atomicity=TRANSACTIONAL, backups=2147483647, mvcc=false], encryptionEnabled=false]
[20:54:39,957][INFO][exchange-worker-#43][GridCacheProcessor] Starting caches on local join performed in 84 ms.
[20:54:39,964][INFO][exchange-worker-#43][GridDhtPartitionsExchangeFuture] Skipped waiting for partitions release future (local node is joining) [topVer=AffinityTopologyVersion [topVer=1, minorTopVer=0]]
[20:54:40,003][INFO][exchange-worker-#43][GridDhtPartitionsExchangeFuture] finishExchangeOnCoordinator [topVer=AffinityTopologyVersion [topVer=1, minorTopVer=0], resVer=AffinityTopologyVersion [topVer=1, minorTopVer=0]]
[20:54:40,003][INFO][exchange-worker-#43][GridDhtPartitionsExchangeFuture] Affinity changes (coordinator) applied in 0 ms.
[20:54:40,006][INFO][exchange-worker-#43][GridDhtPartitionsExchangeFuture] Partitions validation performed in 3 ms.
[20:54:40,006][INFO][exchange-worker-#43][GridDhtPartitionsExchangeFuture] Partitions assignment performed in 0 ms.
[20:54:40,017][INFO][exchange-worker-#43][GridDhtPartitionsExchangeFuture] Preparing Full Message performed in 10 ms.
[20:54:40,018][INFO][exchange-worker-#43][GridDhtPartitionsExchangeFuture] Sending Full Message to all nodes performed in 0 ms.
[20:54:40,018][INFO][exchange-worker-#43][GridDhtPartitionsExchangeFuture] Finish exchange future [startVer=AffinityTopologyVersion [topVer=1, minorTopVer=0], resVer=AffinityTopologyVersion [topVer=1, minorTopVer=0], err=null]
[20:54:40,018][INFO][exchange-worker-#43][GridDhtPartitionsExchangeFuture] Detecting lost partitions performed in 0 ms.
[20:54:40,019][INFO][exchange-worker-#43][MvccProcessorImpl] Initialize local node as mvcc coordinator [node=e04f3904-3bbe-4b0d-8fe3-8c0f2a773326, crdVer=1566413679813]
[20:54:40,026][INFO][exchange-worker-#43][GridCacheProcessor] Finish proxy initialization, cacheName=ignite-sys-cache, localNodeId=e04f3904-3bbe-4b0d-8fe3-8c0f2a773326
[20:54:40,027][INFO][exchange-worker-#43][GridDhtPartitionsExchangeFuture] Completed partition exchange [localNode=e04f3904-3bbe-4b0d-8fe3-8c0f2a773326, exchange=GridDhtPartitionsExchangeFuture [topVer=AffinityTopologyVersion [topVer=1, minorTopVer=0], evt=NODE_JOINED, evtNode=TcpDiscoveryNode [id=e04f3904-3bbe-4b0d-8fe3-8c0f2a773326, addrs=[0:0:0:0:0:0:0:1%lo, 127.0.0.1, 172.16.2.60], sockAddrs=[/172.16.2.60:47500, /0:0:0:0:0:0:0:1%lo:47500, /127.0.0.1:47500], discPort=47500, order=1, intOrder=1, lastExchangeTime=1566413678583, loc=true, ver=2.7.5#20190603-sha1:be4f2a15, isClient=false], done=true], topVer=AffinityTopologyVersion [topVer=1, minorTopVer=0], durationFromInit=181]
[20:54:40,028][INFO][exchange-worker-#43][time] Finished exchange init [topVer=AffinityTopologyVersion [topVer=1, minorTopVer=0], crd=true]
[20:54:40,031][INFO][exchange-worker-#43][GridCachePartitionExchangeManager] Skipping rebalancing (nothing scheduled) [top=AffinityTopologyVersion [topVer=1, minorTopVer=0], force=false, evt=NODE_JOINED, node=e04f3904-3bbe-4b0d-8fe3-8c0f2a773326]
[20:54:40,079][INFO][main][IgniteKernal] Performance suggestions for grid  (fix if possible)
[20:54:40,079][INFO][main][IgniteKernal] To disable, set -DIGNITE_PERFORMANCE_SUGGESTIONS_DISABLED=true
[20:54:40,079][INFO][main][IgniteKernal]   ^-- Enable G1 Garbage Collector (add '-XX:+UseG1GC' to JVM options)
[20:54:40,080][INFO][main][IgniteKernal]   ^-- Specify JVM heap max size (add '-Xmx<size>[g|G|m|M|k|K]' to JVM options)
[20:54:40,080][INFO][main][IgniteKernal]   ^-- Set max direct memory size if getting 'OOME: Direct buffer memory' (add '-XX:MaxDirectMemorySize=<size>[g|G|m|M|k|K]' to JVM options)
[20:54:40,080][INFO][main][IgniteKernal]   ^-- Disable processing of calls to System.gc() (add '-XX:+DisableExplicitGC' to JVM options)
[20:54:40,080][INFO][main][IgniteKernal] Refer to this page for more performance suggestions: https://apacheignite.readme.io/docs/jvm-and-system-tuning
[20:54:40,080][INFO][main][IgniteKernal] 
[20:54:40,081][INFO][main][IgniteKernal] To start Console Management & Monitoring run ignitevisorcmd.{sh|bat}
[20:54:40,083][INFO][main][IgniteKernal] Data Regions Configured:
[20:54:40,084][INFO][main][IgniteKernal]   ^-- default [initSize=256.0 MiB, maxSize=3.1 GiB, persistence=false]
[20:54:40,084][INFO][main][IgniteKernal] 

>>> +----------------------------------------------------------------------+
>>> Ignite ver. 2.7.5#20190603-sha1:be4f2a158bcf79a52ab4f372a6576f20c4f86954
>>> +----------------------------------------------------------------------+
>>> OS name: Linux 4.15.0-55-generic amd64
>>> CPU(s): 4
>>> Heap: 3.5GB
>>> VM name: 19661@eis-seoul
>>> Local node [ID=E04F3904-3BBE-4B0D-8FE3-8C0F2A773326, order=1, clientMode=false]
>>> Local node addresses: [172.16.2.60/0:0:0:0:0:0:0:1%lo, /127.0.0.1, /172.16.2.60]
>>> Local ports: TCP:10800 TCP:11211 TCP:47100 UDP:47400 TCP:47500 

[20:54:40,086][INFO][main][GridDiscoveryManager] Topology snapshot [ver=1, locNode=e04f3904, servers=1, clients=0, state=ACTIVE, CPUs=4, offheap=3.1GB, heap=3.5GB]
[20:54:49,850][INFO][ignite-update-notifier-timer][GridUpdateNotifier] Your version is up to date.
[20:55:40,102][INFO][grid-timeout-worker-#23][IgniteKernal] 
Metrics for local node (to disable set 'metricsLogFrequency' to 0)
    ^-- Node [id=e04f3904, uptime=00:01:00.020]
    ^-- H/N/C [hosts=1, nodes=1, CPUs=4]
    ^-- CPU [cur=0.43%, avg=1.03%, GC=0%]
    ^-- PageMemory [pages=200]
    ^-- Heap [used=33MB, free=99.06%, comm=277MB]
    ^-- Off-heap [used=0MB, free=99.98%, comm=336MB]
    ^--   sysMemPlc region [used=0MB, free=99.21%, comm=40MB]
    ^--   default region [used=0MB, free=100%, comm=256MB]
    ^--   TxLog region [used=0MB, free=100%, comm=40MB]
    ^-- Outbound messages queue [size=0]
    ^-- Public thread pool [active=0, idle=0, qSize=0]
    ^-- System thread pool [active=0, idle=6, qSize=0]
[20:56:01,058][INFO][exchange-worker-#43][time] Started exchange init [topVer=AffinityTopologyVersion [topVer=1, minorTopVer=1], mvccCrd=MvccCoordinator [nodeId=e04f3904-3bbe-4b0d-8fe3-8c0f2a773326, crdVer=1566413679813, topVer=AffinityTopologyVersion [topVer=1, minorTopVer=0]], mvccCrdChange=false, crd=true, evt=DISCOVERY_CUSTOM_EVT, evtNode=e04f3904-3bbe-4b0d-8fe3-8c0f2a773326, customEvt=DynamicCacheChangeBatch [id=344e785bc61-505bde0a-64fd-4101-8abe-5bb32bba3af7, reqs=[DynamicCacheChangeRequest [cacheName=PUBLIC, hasCfg=true, nodeId=e04f3904-3bbe-4b0d-8fe3-8c0f2a773326, clientStartOnly=false, stop=false, destroy=false, disabledAfterStartfalse]], exchangeActions=ExchangeActions [startCaches=[PUBLIC], stopCaches=null, startGrps=[PUBLIC], stopGrps=[], resetParts=null, stateChangeRequest=null], startCaches=false], allowMerge=false]
[20:56:01,060][INFO][exchange-worker-#43][CacheAffinitySharedManager] Updating caches registry performed in 1 ms.
[20:56:01,085][INFO][exchange-worker-#43][GridCacheProcessor] Started cache [name=PUBLIC, id=-1924094359, memoryPolicyName=default, mode=PARTITIONED, atomicity=ATOMIC, backups=0, mvcc=false], encryptionEnabled=false]
[20:56:01,086][INFO][exchange-worker-#43][CacheAffinitySharedManager] Caches starting performed in 25 ms.
[20:56:01,088][INFO][exchange-worker-#43][CacheAffinitySharedManager] Affinity initialization for started caches performed in 1 ms.
[20:56:01,093][INFO][exchange-worker-#43][GridDhtPartitionsExchangeFuture] Finished waiting for partition release future [topVer=AffinityTopologyVersion [topVer=1, minorTopVer=1], waitTime=0ms, futInfo=NA, mode=DISTRIBUTED]
[20:56:01,096][INFO][exchange-worker-#43][GridDhtPartitionsExchangeFuture] Finished waiting for partitions release latch: ServerLatch [permits=0, pendingAcks=[], super=CompletableLatch [id=exchange, topVer=AffinityTopologyVersion [topVer=1, minorTopVer=1]]]
[20:56:01,096][INFO][exchange-worker-#43][GridDhtPartitionsExchangeFuture] Finished waiting for partition release future [topVer=AffinityTopologyVersion [topVer=1, minorTopVer=1], waitTime=0ms, futInfo=NA, mode=LOCAL]
[20:56:01,155][INFO][exchange-worker-#43][GridDhtPartitionsExchangeFuture] finishExchangeOnCoordinator [topVer=AffinityTopologyVersion [topVer=1, minorTopVer=1], resVer=AffinityTopologyVersion [topVer=1, minorTopVer=1]]
[20:56:01,155][INFO][exchange-worker-#43][GridDhtPartitionsExchangeFuture] Affinity changes (coordinator) applied in 0 ms.
[20:56:01,157][INFO][exchange-worker-#43][GridDhtPartitionsExchangeFuture] Partitions validation performed in 2 ms.
[20:56:01,157][INFO][exchange-worker-#43][GridDhtPartitionsExchangeFuture] Partitions assignment performed in 0 ms.
[20:56:01,167][INFO][exchange-worker-#43][GridDhtPartitionsExchangeFuture] Preparing Full Message performed in 8 ms.
[20:56:01,167][INFO][exchange-worker-#43][GridDhtPartitionsExchangeFuture] Sending Full Message to all nodes performed in 0 ms.
[20:56:01,167][INFO][exchange-worker-#43][GridDhtPartitionsExchangeFuture] Finish exchange future [startVer=AffinityTopologyVersion [topVer=1, minorTopVer=1], resVer=AffinityTopologyVersion [topVer=1, minorTopVer=1], err=null]
[20:56:01,172][INFO][exchange-worker-#43][GridCacheProcessor] Finish proxy initialization, cacheName=PUBLIC, localNodeId=e04f3904-3bbe-4b0d-8fe3-8c0f2a773326
[20:56:01,172][INFO][exchange-worker-#43][GridDhtPartitionsExchangeFuture] Completed partition exchange [localNode=e04f3904-3bbe-4b0d-8fe3-8c0f2a773326, exchange=GridDhtPartitionsExchangeFuture [topVer=AffinityTopologyVersion [topVer=1, minorTopVer=1], evt=DISCOVERY_CUSTOM_EVT, evtNode=TcpDiscoveryNode [id=e04f3904-3bbe-4b0d-8fe3-8c0f2a773326, addrs=[0:0:0:0:0:0:0:1%lo, 127.0.0.1, 172.16.2.60], sockAddrs=[/172.16.2.60:47500, /0:0:0:0:0:0:0:1%lo:47500, /127.0.0.1:47500], discPort=47500, order=1, intOrder=1, lastExchangeTime=1566413678583, loc=true, ver=2.7.5#20190603-sha1:be4f2a15, isClient=false], done=true], topVer=AffinityTopologyVersion [topVer=1, minorTopVer=1], durationFromInit=110]
[20:56:01,172][INFO][exchange-worker-#43][time] Finished exchange init [topVer=AffinityTopologyVersion [topVer=1, minorTopVer=1], crd=true]
[20:56:01,175][INFO][exchange-worker-#43][GridCachePartitionExchangeManager] Skipping rebalancing (nothing scheduled) [top=AffinityTopologyVersion [topVer=1, minorTopVer=1], force=false, evt=DISCOVERY_CUSTOM_EVT, node=e04f3904-3bbe-4b0d-8fe3-8c0f2a773326]
[20:56:01,222][INFO][exchange-worker-#43][time] Started exchange init [topVer=AffinityTopologyVersion [topVer=1, minorTopVer=2], mvccCrd=MvccCoordinator [nodeId=e04f3904-3bbe-4b0d-8fe3-8c0f2a773326, crdVer=1566413679813, topVer=AffinityTopologyVersion [topVer=1, minorTopVer=0]], mvccCrdChange=false, crd=true, evt=DISCOVERY_CUSTOM_EVT, evtNode=e04f3904-3bbe-4b0d-8fe3-8c0f2a773326, customEvt=DynamicCacheChangeBatch [id=944e785bc61-505bde0a-64fd-4101-8abe-5bb32bba3af7, reqs=[DynamicCacheChangeRequest [cacheName=SQL_PUBLIC_COUNTRY, hasCfg=true, nodeId=e04f3904-3bbe-4b0d-8fe3-8c0f2a773326, clientStartOnly=false, stop=false, destroy=false, disabledAfterStartfalse]], exchangeActions=ExchangeActions [startCaches=[SQL_PUBLIC_COUNTRY], stopCaches=null, startGrps=[SQL_PUBLIC_COUNTRY], stopGrps=[], resetParts=null, stateChangeRequest=null], startCaches=false], allowMerge=false]
[20:56:01,222][INFO][exchange-worker-#43][CacheAffinitySharedManager] Updating caches registry performed in 0 ms.
[20:56:01,245][INFO][exchange-worker-#43][GridCacheProcessor] Started cache [name=SQL_PUBLIC_COUNTRY, id=-292253103, memoryPolicyName=default, mode=PARTITIONED, atomicity=ATOMIC, backups=0, mvcc=false], encryptionEnabled=false]
[20:56:01,245][INFO][exchange-worker-#43][CacheAffinitySharedManager] Caches starting performed in 23 ms.
[20:56:01,246][INFO][exchange-worker-#43][CacheAffinitySharedManager] Affinity initialization for started caches performed in 1 ms.
[20:56:01,246][INFO][exchange-worker-#43][GridDhtPartitionsExchangeFuture] Finished waiting for partition release future [topVer=AffinityTopologyVersion [topVer=1, minorTopVer=2], waitTime=0ms, futInfo=NA, mode=DISTRIBUTED]
[20:56:01,247][INFO][exchange-worker-#43][GridDhtPartitionsExchangeFuture] Finished waiting for partitions release latch: ServerLatch [permits=0, pendingAcks=[], super=CompletableLatch [id=exchange, topVer=AffinityTopologyVersion [topVer=1, minorTopVer=2]]]
[20:56:01,247][INFO][exchange-worker-#43][GridDhtPartitionsExchangeFuture] Finished waiting for partition release future [topVer=AffinityTopologyVersion [topVer=1, minorTopVer=2], waitTime=0ms, futInfo=NA, mode=LOCAL]
[20:56:01,286][INFO][exchange-worker-#43][GridDhtPartitionsExchangeFuture] finishExchangeOnCoordinator [topVer=AffinityTopologyVersion [topVer=1, minorTopVer=2], resVer=AffinityTopologyVersion [topVer=1, minorTopVer=2]]
[20:56:01,286][INFO][exchange-worker-#43][GridDhtPartitionsExchangeFuture] Affinity changes (coordinator) applied in 0 ms.
[20:56:01,288][INFO][exchange-worker-#43][GridDhtPartitionsExchangeFuture] Partitions validation performed in 2 ms.
[20:56:01,290][INFO][exchange-worker-#43][GridDhtPartitionsExchangeFuture] Partitions assignment performed in 1 ms.
[20:56:01,296][INFO][exchange-worker-#43][GridDhtPartitionsExchangeFuture] Preparing Full Message performed in 4 ms.
[20:56:01,296][INFO][exchange-worker-#43][GridDhtPartitionsExchangeFuture] Sending Full Message to all nodes performed in 0 ms.
[20:56:01,296][INFO][exchange-worker-#43][GridDhtPartitionsExchangeFuture] Finish exchange future [startVer=AffinityTopologyVersion [topVer=1, minorTopVer=2], resVer=AffinityTopologyVersion [topVer=1, minorTopVer=2], err=null]
[20:56:01,299][INFO][exchange-worker-#43][GridCacheProcessor] Finish proxy initialization, cacheName=SQL_PUBLIC_COUNTRY, localNodeId=e04f3904-3bbe-4b0d-8fe3-8c0f2a773326
[20:56:01,299][INFO][exchange-worker-#43][GridDhtPartitionsExchangeFuture] Completed partition exchange [localNode=e04f3904-3bbe-4b0d-8fe3-8c0f2a773326, exchange=GridDhtPartitionsExchangeFuture [topVer=AffinityTopologyVersion [topVer=1, minorTopVer=2], evt=DISCOVERY_CUSTOM_EVT, evtNode=TcpDiscoveryNode [id=e04f3904-3bbe-4b0d-8fe3-8c0f2a773326, addrs=[0:0:0:0:0:0:0:1%lo, 127.0.0.1, 172.16.2.60], sockAddrs=[/172.16.2.60:47500, /0:0:0:0:0:0:0:1%lo:47500, /127.0.0.1:47500], discPort=47500, order=1, intOrder=1, lastExchangeTime=1566413678583, loc=true, ver=2.7.5#20190603-sha1:be4f2a15, isClient=false], done=true], topVer=AffinityTopologyVersion [topVer=1, minorTopVer=2], durationFromInit=80]
[20:56:01,300][INFO][exchange-worker-#43][time] Finished exchange init [topVer=AffinityTopologyVersion [topVer=1, minorTopVer=2], crd=true]
[20:56:01,304][INFO][exchange-worker-#43][GridCachePartitionExchangeManager] Skipping rebalancing (nothing scheduled) [top=AffinityTopologyVersion [topVer=1, minorTopVer=2], force=false, evt=DISCOVERY_CUSTOM_EVT, node=e04f3904-3bbe-4b0d-8fe3-8c0f2a773326]
[20:56:01,319][INFO][exchange-worker-#43][time] Started exchange init [topVer=AffinityTopologyVersion [topVer=1, minorTopVer=3], mvccCrd=MvccCoordinator [nodeId=e04f3904-3bbe-4b0d-8fe3-8c0f2a773326, crdVer=1566413679813, topVer=AffinityTopologyVersion [topVer=1, minorTopVer=0]], mvccCrdChange=false, crd=true, evt=DISCOVERY_CUSTOM_EVT, evtNode=e04f3904-3bbe-4b0d-8fe3-8c0f2a773326, customEvt=DynamicCacheChangeBatch [id=f44e785bc61-505bde0a-64fd-4101-8abe-5bb32bba3af7, reqs=[DynamicCacheChangeRequest [cacheName=SQL_PUBLIC_CITY, hasCfg=true, nodeId=e04f3904-3bbe-4b0d-8fe3-8c0f2a773326, clientStartOnly=false, stop=false, destroy=false, disabledAfterStartfalse]], exchangeActions=ExchangeActions [startCaches=[SQL_PUBLIC_CITY], stopCaches=null, startGrps=[SQL_PUBLIC_CITY], stopGrps=[], resetParts=null, stateChangeRequest=null], startCaches=false], allowMerge=false]
[20:56:01,319][INFO][exchange-worker-#43][CacheAffinitySharedManager] Updating caches registry performed in 0 ms.
[20:56:01,325][INFO][exchange-worker-#43][GridCacheProcessor] Started cache [name=SQL_PUBLIC_CITY, id=-2066691984, memoryPolicyName=default, mode=PARTITIONED, atomicity=ATOMIC, backups=0, mvcc=false], encryptionEnabled=false]
[20:56:01,325][INFO][exchange-worker-#43][CacheAffinitySharedManager] Caches starting performed in 6 ms.
[20:56:01,326][INFO][exchange-worker-#43][CacheAffinitySharedManager] Affinity initialization for started caches performed in 1 ms.
[20:56:01,327][INFO][exchange-worker-#43][GridDhtPartitionsExchangeFuture] Finished waiting for partition release future [topVer=AffinityTopologyVersion [topVer=1, minorTopVer=3], waitTime=0ms, futInfo=NA, mode=DISTRIBUTED]
[20:56:01,327][INFO][exchange-worker-#43][GridDhtPartitionsExchangeFuture] Finished waiting for partitions release latch: ServerLatch [permits=0, pendingAcks=[], super=CompletableLatch [id=exchange, topVer=AffinityTopologyVersion [topVer=1, minorTopVer=3]]]
[20:56:01,327][INFO][exchange-worker-#43][GridDhtPartitionsExchangeFuture] Finished waiting for partition release future [topVer=AffinityTopologyVersion [topVer=1, minorTopVer=3], waitTime=0ms, futInfo=NA, mode=LOCAL]
[20:56:01,364][INFO][exchange-worker-#43][GridDhtPartitionsExchangeFuture] finishExchangeOnCoordinator [topVer=AffinityTopologyVersion [topVer=1, minorTopVer=3], resVer=AffinityTopologyVersion [topVer=1, minorTopVer=3]]
[20:56:01,364][INFO][exchange-worker-#43][GridDhtPartitionsExchangeFuture] Affinity changes (coordinator) applied in 0 ms.
[20:56:01,366][INFO][exchange-worker-#43][GridDhtPartitionsExchangeFuture] Partitions validation performed in 2 ms.
[20:56:01,367][INFO][exchange-worker-#43][GridDhtPartitionsExchangeFuture] Partitions assignment performed in 1 ms.
[20:56:01,373][INFO][exchange-worker-#43][GridDhtPartitionsExchangeFuture] Preparing Full Message performed in 4 ms.
[20:56:01,373][INFO][exchange-worker-#43][GridDhtPartitionsExchangeFuture] Sending Full Message to all nodes performed in 0 ms.
[20:56:01,374][INFO][exchange-worker-#43][GridDhtPartitionsExchangeFuture] Finish exchange future [startVer=AffinityTopologyVersion [topVer=1, minorTopVer=3], resVer=AffinityTopologyVersion [topVer=1, minorTopVer=3], err=null]
[20:56:01,377][INFO][exchange-worker-#43][GridCacheProcessor] Finish proxy initialization, cacheName=SQL_PUBLIC_CITY, localNodeId=e04f3904-3bbe-4b0d-8fe3-8c0f2a773326
[20:56:01,378][INFO][exchange-worker-#43][GridDhtPartitionsExchangeFuture] Completed partition exchange [localNode=e04f3904-3bbe-4b0d-8fe3-8c0f2a773326, exchange=GridDhtPartitionsExchangeFuture [topVer=AffinityTopologyVersion [topVer=1, minorTopVer=3], evt=DISCOVERY_CUSTOM_EVT, evtNode=TcpDiscoveryNode [id=e04f3904-3bbe-4b0d-8fe3-8c0f2a773326, addrs=[0:0:0:0:0:0:0:1%lo, 127.0.0.1, 172.16.2.60], sockAddrs=[/172.16.2.60:47500, /0:0:0:0:0:0:0:1%lo:47500, /127.0.0.1:47500], discPort=47500, order=1, intOrder=1, lastExchangeTime=1566413678583, loc=true, ver=2.7.5#20190603-sha1:be4f2a15, isClient=false], done=true], topVer=AffinityTopologyVersion [topVer=1, minorTopVer=3], durationFromInit=61]
[20:56:01,378][INFO][exchange-worker-#43][time] Finished exchange init [topVer=AffinityTopologyVersion [topVer=1, minorTopVer=3], crd=true]
[20:56:01,383][INFO][exchange-worker-#43][GridCachePartitionExchangeManager] Skipping rebalancing (nothing scheduled) [top=AffinityTopologyVersion [topVer=1, minorTopVer=3], force=false, evt=DISCOVERY_CUSTOM_EVT, node=e04f3904-3bbe-4b0d-8fe3-8c0f2a773326]
[20:56:01,390][INFO][exchange-worker-#43][time] Started exchange init [topVer=AffinityTopologyVersion [topVer=1, minorTopVer=4], mvccCrd=MvccCoordinator [nodeId=e04f3904-3bbe-4b0d-8fe3-8c0f2a773326, crdVer=1566413679813, topVer=AffinityTopologyVersion [topVer=1, minorTopVer=0]], mvccCrdChange=false, crd=true, evt=DISCOVERY_CUSTOM_EVT, evtNode=e04f3904-3bbe-4b0d-8fe3-8c0f2a773326, customEvt=DynamicCacheChangeBatch [id=554e785bc61-505bde0a-64fd-4101-8abe-5bb32bba3af7, reqs=[DynamicCacheChangeRequest [cacheName=SQL_PUBLIC_COUNTRYLANGUAGE, hasCfg=true, nodeId=e04f3904-3bbe-4b0d-8fe3-8c0f2a773326, clientStartOnly=false, stop=false, destroy=false, disabledAfterStartfalse]], exchangeActions=ExchangeActions [startCaches=[SQL_PUBLIC_COUNTRYLANGUAGE], stopCaches=null, startGrps=[SQL_PUBLIC_COUNTRYLANGUAGE], stopGrps=[], resetParts=null, stateChangeRequest=null], startCaches=false], allowMerge=false]
[20:56:01,391][INFO][exchange-worker-#43][CacheAffinitySharedManager] Updating caches registry performed in 1 ms.
[20:56:01,396][INFO][exchange-worker-#43][GridCacheProcessor] Started cache [name=SQL_PUBLIC_COUNTRYLANGUAGE, id=-637389655, memoryPolicyName=default, mode=PARTITIONED, atomicity=ATOMIC, backups=0, mvcc=false], encryptionEnabled=false]
[20:56:01,396][INFO][exchange-worker-#43][CacheAffinitySharedManager] Caches starting performed in 5 ms.
[20:56:01,397][INFO][exchange-worker-#43][CacheAffinitySharedManager] Affinity initialization for started caches performed in 1 ms.
[20:56:01,398][INFO][exchange-worker-#43][GridDhtPartitionsExchangeFuture] Finished waiting for partition release future [topVer=AffinityTopologyVersion [topVer=1, minorTopVer=4], waitTime=0ms, futInfo=NA, mode=DISTRIBUTED]
[20:56:01,398][INFO][exchange-worker-#43][GridDhtPartitionsExchangeFuture] Finished waiting for partitions release latch: ServerLatch [permits=0, pendingAcks=[], super=CompletableLatch [id=exchange, topVer=AffinityTopologyVersion [topVer=1, minorTopVer=4]]]
[20:56:01,398][INFO][exchange-worker-#43][GridDhtPartitionsExchangeFuture] Finished waiting for partition release future [topVer=AffinityTopologyVersion [topVer=1, minorTopVer=4], waitTime=0ms, futInfo=NA, mode=LOCAL]
[20:56:01,435][INFO][exchange-worker-#43][GridDhtPartitionsExchangeFuture] finishExchangeOnCoordinator [topVer=AffinityTopologyVersion [topVer=1, minorTopVer=4], resVer=AffinityTopologyVersion [topVer=1, minorTopVer=4]]
[20:56:01,435][INFO][exchange-worker-#43][GridDhtPartitionsExchangeFuture] Affinity changes (coordinator) applied in 0 ms.
[20:56:01,437][INFO][exchange-worker-#43][GridDhtPartitionsExchangeFuture] Partitions validation performed in 2 ms.
[20:56:01,439][INFO][exchange-worker-#43][GridDhtPartitionsExchangeFuture] Partitions assignment performed in 2 ms.
[20:56:01,445][INFO][exchange-worker-#43][GridDhtPartitionsExchangeFuture] Preparing Full Message performed in 4 ms.
[20:56:01,445][INFO][exchange-worker-#43][GridDhtPartitionsExchangeFuture] Sending Full Message to all nodes performed in 0 ms.
[20:56:01,445][INFO][exchange-worker-#43][GridDhtPartitionsExchangeFuture] Finish exchange future [startVer=AffinityTopologyVersion [topVer=1, minorTopVer=4], resVer=AffinityTopologyVersion [topVer=1, minorTopVer=4], err=null]
[20:56:01,451][INFO][exchange-worker-#43][GridCacheProcessor] Finish proxy initialization, cacheName=SQL_PUBLIC_COUNTRYLANGUAGE, localNodeId=e04f3904-3bbe-4b0d-8fe3-8c0f2a773326
[20:56:01,452][INFO][exchange-worker-#43][GridDhtPartitionsExchangeFuture] Completed partition exchange [localNode=e04f3904-3bbe-4b0d-8fe3-8c0f2a773326, exchange=GridDhtPartitionsExchangeFuture [topVer=AffinityTopologyVersion [topVer=1, minorTopVer=4], evt=DISCOVERY_CUSTOM_EVT, evtNode=TcpDiscoveryNode [id=e04f3904-3bbe-4b0d-8fe3-8c0f2a773326, addrs=[0:0:0:0:0:0:0:1%lo, 127.0.0.1, 172.16.2.60], sockAddrs=[/172.16.2.60:47500, /0:0:0:0:0:0:0:1%lo:47500, /127.0.0.1:47500], discPort=47500, order=1, intOrder=1, lastExchangeTime=1566413678583, loc=true, ver=2.7.5#20190603-sha1:be4f2a15, isClient=false], done=true], topVer=AffinityTopologyVersion [topVer=1, minorTopVer=4], durationFromInit=60]
[20:56:01,452][INFO][exchange-worker-#43][time] Finished exchange init [topVer=AffinityTopologyVersion [topVer=1, minorTopVer=4], crd=true]
[20:56:01,460][INFO][exchange-worker-#43][GridCachePartitionExchangeManager] Skipping rebalancing (nothing scheduled) [top=AffinityTopologyVersion [topVer=1, minorTopVer=4], force=false, evt=DISCOVERY_CUSTOM_EVT, node=e04f3904-3bbe-4b0d-8fe3-8c0f2a773326]
[20:56:01,805][INFO][exchange-worker-#43][time] Started exchange init [topVer=AffinityTopologyVersion [topVer=1, minorTopVer=5], mvccCrd=MvccCoordinator [nodeId=e04f3904-3bbe-4b0d-8fe3-8c0f2a773326, crdVer=1566413679813, topVer=AffinityTopologyVersion [topVer=1, minorTopVer=0]], mvccCrdChange=false, crd=true, evt=DISCOVERY_CUSTOM_EVT, evtNode=e04f3904-3bbe-4b0d-8fe3-8c0f2a773326, customEvt=DynamicCacheChangeBatch [id=ab4e785bc61-505bde0a-64fd-4101-8abe-5bb32bba3af7, reqs=[DynamicCacheChangeRequest [cacheName=SQL_PUBLIC_CITY, hasCfg=false, nodeId=e04f3904-3bbe-4b0d-8fe3-8c0f2a773326, clientStartOnly=false, stop=true, destroy=false, disabledAfterStartfalse]], exchangeActions=ExchangeActions [startCaches=null, stopCaches=[SQL_PUBLIC_CITY], startGrps=[], stopGrps=[SQL_PUBLIC_CITY, destroy=true], resetParts=null, stateChangeRequest=null], startCaches=false], allowMerge=false]
[20:56:01,806][INFO][exchange-worker-#43][CacheAffinitySharedManager] Updating caches registry performed in 0 ms.
[20:56:01,806][INFO][exchange-worker-#43][CacheAffinitySharedManager] Caches starting performed in 0 ms.
[20:56:01,806][INFO][exchange-worker-#43][CacheAffinitySharedManager] Affinity initialization for started caches performed in 0 ms.
[20:56:01,806][INFO][exchange-worker-#43][GridDhtPartitionsExchangeFuture] Finished waiting for partition release future [topVer=AffinityTopologyVersion [topVer=1, minorTopVer=5], waitTime=0ms, futInfo=NA, mode=DISTRIBUTED]
[20:56:01,806][INFO][exchange-worker-#43][GridDhtPartitionsExchangeFuture] Finished waiting for partitions release latch: ServerLatch [permits=0, pendingAcks=[], super=CompletableLatch [id=exchange, topVer=AffinityTopologyVersion [topVer=1, minorTopVer=5]]]
[20:56:01,807][INFO][exchange-worker-#43][GridDhtPartitionsExchangeFuture] Finished waiting for partition release future [topVer=AffinityTopologyVersion [topVer=1, minorTopVer=5], waitTime=0ms, futInfo=NA, mode=LOCAL]
[20:56:01,809][INFO][exchange-worker-#43][GridDhtPartitionsExchangeFuture] finishExchangeOnCoordinator [topVer=AffinityTopologyVersion [topVer=1, minorTopVer=5], resVer=AffinityTopologyVersion [topVer=1, minorTopVer=5]]
[20:56:01,809][INFO][exchange-worker-#43][GridDhtPartitionsExchangeFuture] Affinity changes (coordinator) applied in 0 ms.
[20:56:01,810][INFO][exchange-worker-#43][GridDhtPartitionsExchangeFuture] Partitions validation performed in 1 ms.
[20:56:01,812][INFO][exchange-worker-#43][GridDhtPartitionsExchangeFuture] Partitions assignment performed in 1 ms.
[20:56:01,820][INFO][exchange-worker-#43][GridDhtPartitionsExchangeFuture] Preparing Full Message performed in 5 ms.
[20:56:01,821][INFO][exchange-worker-#43][GridDhtPartitionsExchangeFuture] Sending Full Message to all nodes performed in 0 ms.
[20:56:01,821][INFO][exchange-worker-#43][GridDhtPartitionsExchangeFuture] Finish exchange future [startVer=AffinityTopologyVersion [topVer=1, minorTopVer=5], resVer=AffinityTopologyVersion [topVer=1, minorTopVer=5], err=null]
[20:56:01,827][INFO][exchange-worker-#43][GridCacheProcessor] Stopped cache [cacheName=SQL_PUBLIC_CITY]
[20:56:01,846][INFO][exchange-worker-#43][GridDhtPartitionsExchangeFuture] Completed partition exchange [localNode=e04f3904-3bbe-4b0d-8fe3-8c0f2a773326, exchange=GridDhtPartitionsExchangeFuture [topVer=AffinityTopologyVersion [topVer=1, minorTopVer=5], evt=DISCOVERY_CUSTOM_EVT, evtNode=TcpDiscoveryNode [id=e04f3904-3bbe-4b0d-8fe3-8c0f2a773326, addrs=[0:0:0:0:0:0:0:1%lo, 127.0.0.1, 172.16.2.60], sockAddrs=[/172.16.2.60:47500, /0:0:0:0:0:0:0:1%lo:47500, /127.0.0.1:47500], discPort=47500, order=1, intOrder=1, lastExchangeTime=1566413678583, loc=true, ver=2.7.5#20190603-sha1:be4f2a15, isClient=false], done=true], topVer=AffinityTopologyVersion [topVer=1, minorTopVer=5], durationFromInit=40]
[20:56:01,846][INFO][exchange-worker-#43][time] Finished exchange init [topVer=AffinityTopologyVersion [topVer=1, minorTopVer=5], crd=true]
[20:56:01,849][INFO][exchange-worker-#43][GridCachePartitionExchangeManager] Skipping rebalancing (obsolete exchange ID) [top=AffinityTopologyVersion [topVer=1, minorTopVer=5], evt=DISCOVERY_CUSTOM_EVT, node=e04f3904-3bbe-4b0d-8fe3-8c0f2a773326]
[20:56:01,849][INFO][exchange-worker-#43][time] Started exchange init [topVer=AffinityTopologyVersion [topVer=1, minorTopVer=6], mvccCrd=MvccCoordinator [nodeId=e04f3904-3bbe-4b0d-8fe3-8c0f2a773326, crdVer=1566413679813, topVer=AffinityTopologyVersion [topVer=1, minorTopVer=0]], mvccCrdChange=false, crd=true, evt=DISCOVERY_CUSTOM_EVT, evtNode=e04f3904-3bbe-4b0d-8fe3-8c0f2a773326, customEvt=DynamicCacheChangeBatch [id=eb4e785bc61-505bde0a-64fd-4101-8abe-5bb32bba3af7, reqs=[DynamicCacheChangeRequest [cacheName=SQL_PUBLIC_COUNTRYLANGUAGE, hasCfg=false, nodeId=e04f3904-3bbe-4b0d-8fe3-8c0f2a773326, clientStartOnly=false, stop=true, destroy=false, disabledAfterStartfalse]], exchangeActions=ExchangeActions [startCaches=null, stopCaches=[SQL_PUBLIC_COUNTRYLANGUAGE], startGrps=[], stopGrps=[SQL_PUBLIC_COUNTRYLANGUAGE, destroy=true], resetParts=null, stateChangeRequest=null], startCaches=false], allowMerge=false]
[20:56:01,849][INFO][exchange-worker-#43][CacheAffinitySharedManager] Updating caches registry performed in 0 ms.
[20:56:01,849][INFO][exchange-worker-#43][CacheAffinitySharedManager] Caches starting performed in 0 ms.
[20:56:01,849][INFO][exchange-worker-#43][CacheAffinitySharedManager] Affinity initialization for started caches performed in 0 ms.
[20:56:01,850][INFO][exchange-worker-#43][GridDhtPartitionsExchangeFuture] Finished waiting for partition release future [topVer=AffinityTopologyVersion [topVer=1, minorTopVer=6], waitTime=0ms, futInfo=NA, mode=DISTRIBUTED]
[20:56:01,850][INFO][exchange-worker-#43][GridDhtPartitionsExchangeFuture] Finished waiting for partitions release latch: ServerLatch [permits=0, pendingAcks=[], super=CompletableLatch [id=exchange, topVer=AffinityTopologyVersion [topVer=1, minorTopVer=6]]]
[20:56:01,850][INFO][exchange-worker-#43][GridDhtPartitionsExchangeFuture] Finished waiting for partition release future [topVer=AffinityTopologyVersion [topVer=1, minorTopVer=6], waitTime=0ms, futInfo=NA, mode=LOCAL]
[20:56:01,851][INFO][exchange-worker-#43][GridDhtPartitionsExchangeFuture] finishExchangeOnCoordinator [topVer=AffinityTopologyVersion [topVer=1, minorTopVer=6], resVer=AffinityTopologyVersion [topVer=1, minorTopVer=6]]
[20:56:01,852][INFO][exchange-worker-#43][GridDhtPartitionsExchangeFuture] Affinity changes (coordinator) applied in 0 ms.
[20:56:01,854][INFO][exchange-worker-#43][GridDhtPartitionsExchangeFuture] Partitions validation performed in 2 ms.
[20:56:01,855][INFO][exchange-worker-#43][GridDhtPartitionsExchangeFuture] Partitions assignment performed in 1 ms.
[20:56:01,861][INFO][exchange-worker-#43][GridDhtPartitionsExchangeFuture] Preparing Full Message performed in 4 ms.
[20:56:01,861][INFO][exchange-worker-#43][GridDhtPartitionsExchangeFuture] Sending Full Message to all nodes performed in 0 ms.
[20:56:01,861][INFO][exchange-worker-#43][GridDhtPartitionsExchangeFuture] Finish exchange future [startVer=AffinityTopologyVersion [topVer=1, minorTopVer=6], resVer=AffinityTopologyVersion [topVer=1, minorTopVer=6], err=null]
[20:56:01,863][INFO][exchange-worker-#43][GridCacheProcessor] Stopped cache [cacheName=SQL_PUBLIC_COUNTRYLANGUAGE]
[20:56:01,871][INFO][exchange-worker-#43][GridDhtPartitionsExchangeFuture] Completed partition exchange [localNode=e04f3904-3bbe-4b0d-8fe3-8c0f2a773326, exchange=GridDhtPartitionsExchangeFuture [topVer=AffinityTopologyVersion [topVer=1, minorTopVer=6], evt=DISCOVERY_CUSTOM_EVT, evtNode=TcpDiscoveryNode [id=e04f3904-3bbe-4b0d-8fe3-8c0f2a773326, addrs=[0:0:0:0:0:0:0:1%lo, 127.0.0.1, 172.16.2.60], sockAddrs=[/172.16.2.60:47500, /0:0:0:0:0:0:0:1%lo:47500, /127.0.0.1:47500], discPort=47500, order=1, intOrder=1, lastExchangeTime=1566413678583, loc=true, ver=2.7.5#20190603-sha1:be4f2a15, isClient=false], done=true], topVer=AffinityTopologyVersion [topVer=1, minorTopVer=6], durationFromInit=20]
[20:56:01,871][INFO][exchange-worker-#43][time] Finished exchange init [topVer=AffinityTopologyVersion [topVer=1, minorTopVer=6], crd=true]
[20:56:01,874][INFO][exchange-worker-#43][GridCachePartitionExchangeManager] Skipping rebalancing (obsolete exchange ID) [top=AffinityTopologyVersion [topVer=1, minorTopVer=6], evt=DISCOVERY_CUSTOM_EVT, node=e04f3904-3bbe-4b0d-8fe3-8c0f2a773326]
[20:56:01,874][INFO][exchange-worker-#43][time] Started exchange init [topVer=AffinityTopologyVersion [topVer=1, minorTopVer=7], mvccCrd=MvccCoordinator [nodeId=e04f3904-3bbe-4b0d-8fe3-8c0f2a773326, crdVer=1566413679813, topVer=AffinityTopologyVersion [topVer=1, minorTopVer=0]], mvccCrdChange=false, crd=true, evt=DISCOVERY_CUSTOM_EVT, evtNode=e04f3904-3bbe-4b0d-8fe3-8c0f2a773326, customEvt=DynamicCacheChangeBatch [id=2c4e785bc61-505bde0a-64fd-4101-8abe-5bb32bba3af7, reqs=[DynamicCacheChangeRequest [cacheName=SQL_PUBLIC_COUNTRY, hasCfg=false, nodeId=e04f3904-3bbe-4b0d-8fe3-8c0f2a773326, clientStartOnly=false, stop=true, destroy=false, disabledAfterStartfalse]], exchangeActions=ExchangeActions [startCaches=null, stopCaches=[SQL_PUBLIC_COUNTRY], startGrps=[], stopGrps=[SQL_PUBLIC_COUNTRY, destroy=true], resetParts=null, stateChangeRequest=null], startCaches=false], allowMerge=false]
[20:56:01,874][INFO][exchange-worker-#43][CacheAffinitySharedManager] Updating caches registry performed in 0 ms.
[20:56:01,874][INFO][exchange-worker-#43][CacheAffinitySharedManager] Caches starting performed in 0 ms.
[20:56:01,874][INFO][exchange-worker-#43][CacheAffinitySharedManager] Affinity initialization for started caches performed in 0 ms.
[20:56:01,875][INFO][exchange-worker-#43][GridDhtPartitionsExchangeFuture] Finished waiting for partition release future [topVer=AffinityTopologyVersion [topVer=1, minorTopVer=7], waitTime=0ms, futInfo=NA, mode=DISTRIBUTED]
[20:56:01,875][INFO][exchange-worker-#43][GridDhtPartitionsExchangeFuture] Finished waiting for partitions release latch: ServerLatch [permits=0, pendingAcks=[], super=CompletableLatch [id=exchange, topVer=AffinityTopologyVersion [topVer=1, minorTopVer=7]]]
[20:56:01,875][INFO][exchange-worker-#43][GridDhtPartitionsExchangeFuture] Finished waiting for partition release future [topVer=AffinityTopologyVersion [topVer=1, minorTopVer=7], waitTime=0ms, futInfo=NA, mode=LOCAL]
[20:56:01,877][INFO][exchange-worker-#43][GridDhtPartitionsExchangeFuture] finishExchangeOnCoordinator [topVer=AffinityTopologyVersion [topVer=1, minorTopVer=7], resVer=AffinityTopologyVersion [topVer=1, minorTopVer=7]]
[20:56:01,877][INFO][exchange-worker-#43][GridDhtPartitionsExchangeFuture] Affinity changes (coordinator) applied in 0 ms.
[20:56:01,878][INFO][exchange-worker-#43][GridDhtPartitionsExchangeFuture] Partitions validation performed in 1 ms.
[20:56:01,879][INFO][exchange-worker-#43][GridDhtPartitionsExchangeFuture] Partitions assignment performed in 1 ms.
[20:56:01,882][INFO][exchange-worker-#43][GridDhtPartitionsExchangeFuture] Preparing Full Message performed in 3 ms.
[20:56:01,882][INFO][exchange-worker-#43][GridDhtPartitionsExchangeFuture] Sending Full Message to all nodes performed in 0 ms.
[20:56:01,883][INFO][exchange-worker-#43][GridDhtPartitionsExchangeFuture] Finish exchange future [startVer=AffinityTopologyVersion [topVer=1, minorTopVer=7], resVer=AffinityTopologyVersion [topVer=1, minorTopVer=7], err=null]
[20:56:01,884][INFO][exchange-worker-#43][GridCacheProcessor] Stopped cache [cacheName=SQL_PUBLIC_COUNTRY]
[20:56:01,889][INFO][exchange-worker-#43][GridDhtPartitionsExchangeFuture] Completed partition exchange [localNode=e04f3904-3bbe-4b0d-8fe3-8c0f2a773326, exchange=GridDhtPartitionsExchangeFuture [topVer=AffinityTopologyVersion [topVer=1, minorTopVer=7], evt=DISCOVERY_CUSTOM_EVT, evtNode=TcpDiscoveryNode [id=e04f3904-3bbe-4b0d-8fe3-8c0f2a773326, addrs=[0:0:0:0:0:0:0:1%lo, 127.0.0.1, 172.16.2.60], sockAddrs=[/172.16.2.60:47500, /0:0:0:0:0:0:0:1%lo:47500, /127.0.0.1:47500], discPort=47500, order=1, intOrder=1, lastExchangeTime=1566413678583, loc=true, ver=2.7.5#20190603-sha1:be4f2a15, isClient=false], done=true], topVer=AffinityTopologyVersion [topVer=1, minorTopVer=7], durationFromInit=10]
[20:56:01,889][INFO][exchange-worker-#43][time] Finished exchange init [topVer=AffinityTopologyVersion [topVer=1, minorTopVer=7], crd=true]
[20:56:01,891][INFO][exchange-worker-#43][GridCachePartitionExchangeManager] Skipping rebalancing (nothing scheduled) [top=AffinityTopologyVersion [topVer=1, minorTopVer=7], force=false, evt=DISCOVERY_CUSTOM_EVT, node=e04f3904-3bbe-4b0d-8fe3-8c0f2a773326]
[20:56:40,100][INFO][grid-timeout-worker-#23][IgniteKernal] 
Metrics for local node (to disable set 'metricsLogFrequency' to 0)
    ^-- Node [id=e04f3904, uptime=00:02:00.020]
    ^-- H/N/C [hosts=1, nodes=1, CPUs=4]
    ^-- CPU [cur=0.43%, avg=1.02%, GC=0%]
    ^-- PageMemory [pages=8492]
    ^-- Heap [used=78MB, free=97.77%, comm=277MB]
    ^-- Off-heap [used=33MB, free=99.01%, comm=336MB]
    ^--   sysMemPlc region [used=0MB, free=99.21%, comm=40MB]
    ^--   default region [used=32MB, free=98.98%, comm=256MB]
    ^--   TxLog region [used=0MB, free=100%, comm=40MB]
    ^-- Outbound messages queue [size=0]
    ^-- Public thread pool [active=0, idle=0, qSize=0]
    ^-- System thread pool [active=0, idle=8, qSize=0]
[20:57:40,104][INFO][grid-timeout-worker-#23][IgniteKernal] 
Metrics for local node (to disable set 'metricsLogFrequency' to 0)
    ^-- Node [id=e04f3904, uptime=00:03:00.023]
    ^-- H/N/C [hosts=1, nodes=1, CPUs=4]
    ^-- CPU [cur=0.43%, avg=0.85%, GC=0%]
    ^-- PageMemory [pages=8492]
    ^-- Heap [used=81MB, free=97.69%, comm=277MB]
    ^-- Off-heap [used=33MB, free=99.01%, comm=336MB]
    ^--   sysMemPlc region [used=0MB, free=99.21%, comm=40MB]
    ^--   default region [used=32MB, free=98.98%, comm=256MB]
    ^--   TxLog region [used=0MB, free=100%, comm=40MB]
    ^-- Outbound messages queue [size=0]
    ^-- Public thread pool [active=0, idle=0, qSize=0]
    ^-- System thread pool [active=0, idle=6, qSize=0]
[20:58:40,109][INFO][grid-timeout-worker-#23][IgniteKernal] 
Metrics for local node (to disable set 'metricsLogFrequency' to 0)
    ^-- Node [id=e04f3904, uptime=00:04:00.029]
    ^-- H/N/C [hosts=1, nodes=1, CPUs=4]
    ^-- CPU [cur=0.4%, avg=0.75%, GC=0%]
    ^-- PageMemory [pages=8492]
    ^-- Heap [used=84MB, free=97.62%, comm=277MB]
    ^-- Off-heap [used=33MB, free=99.01%, comm=336MB]
    ^--   sysMemPlc region [used=0MB, free=99.21%, comm=40MB]
    ^--   default region [used=32MB, free=98.98%, comm=256MB]
    ^--   TxLog region [used=0MB, free=100%, comm=40MB]
    ^-- Outbound messages queue [size=0]
    ^-- Public thread pool [active=0, idle=0, qSize=0]
    ^-- System thread pool [active=0, idle=5, qSize=0]
[20:59:40,108][INFO][grid-timeout-worker-#23][IgniteKernal] 
Metrics for local node (to disable set 'metricsLogFrequency' to 0)
    ^-- Node [id=e04f3904, uptime=00:05:00.029]
    ^-- H/N/C [hosts=1, nodes=1, CPUs=4]
    ^-- CPU [cur=0.4%, avg=0.67%, GC=0%]
    ^-- PageMemory [pages=8492]
    ^-- Heap [used=86MB, free=97.55%, comm=277MB]
    ^-- Off-heap [used=33MB, free=99.01%, comm=336MB]
    ^--   sysMemPlc region [used=0MB, free=99.21%, comm=40MB]
    ^--   default region [used=32MB, free=98.98%, comm=256MB]
    ^--   TxLog region [used=0MB, free=100%, comm=40MB]
    ^-- Outbound messages queue [size=0]
    ^-- Public thread pool [active=0, idle=0, qSize=0]
    ^-- System thread pool [active=0, idle=6, qSize=0]
[21:00:40,106][INFO][grid-timeout-worker-#23][IgniteKernal] 
Metrics for local node (to disable set 'metricsLogFrequency' to 0)
    ^-- Node [id=e04f3904, uptime=00:06:00.029]
    ^-- H/N/C [hosts=1, nodes=1, CPUs=4]
    ^-- CPU [cur=0.33%, avg=0.62%, GC=0%]
    ^-- PageMemory [pages=8492]
    ^-- Heap [used=89MB, free=97.48%, comm=277MB]
    ^-- Off-heap [used=33MB, free=99.01%, comm=336MB]
    ^--   sysMemPlc region [used=0MB, free=99.21%, comm=40MB]
    ^--   default region [used=32MB, free=98.98%, comm=256MB]
    ^--   TxLog region [used=0MB, free=100%, comm=40MB]
    ^-- Outbound messages queue [size=0]
    ^-- Public thread pool [active=0, idle=0, qSize=0]
    ^-- System thread pool [active=0, idle=6, qSize=0]
[21:01:40,116][INFO][grid-timeout-worker-#23][IgniteKernal] 
Metrics for local node (to disable set 'metricsLogFrequency' to 0)
    ^-- Node [id=e04f3904, uptime=00:07:00.036]
    ^-- H/N/C [hosts=1, nodes=1, CPUs=4]
    ^-- CPU [cur=0.33%, avg=0.58%, GC=0%]
    ^-- PageMemory [pages=8492]
    ^-- Heap [used=91MB, free=97.41%, comm=277MB]
    ^-- Off-heap [used=33MB, free=99.01%, comm=336MB]
    ^--   sysMemPlc region [used=0MB, free=99.21%, comm=40MB]
    ^--   default region [used=32MB, free=98.98%, comm=256MB]
    ^--   TxLog region [used=0MB, free=100%, comm=40MB]
    ^-- Outbound messages queue [size=0]
    ^-- Public thread pool [active=0, idle=0, qSize=0]
    ^-- System thread pool [active=0, idle=6, qSize=0]
[21:02:40,116][INFO][grid-timeout-worker-#23][IgniteKernal] 
Metrics for local node (to disable set 'metricsLogFrequency' to 0)
    ^-- Node [id=e04f3904, uptime=00:08:00.037]
    ^-- H/N/C [hosts=1, nodes=1, CPUs=4]
    ^-- CPU [cur=0.33%, avg=0.56%, GC=0%]
    ^-- PageMemory [pages=8492]
    ^-- Heap [used=94MB, free=97.34%, comm=277MB]
    ^-- Off-heap [used=33MB, free=99.01%, comm=336MB]
    ^--   sysMemPlc region [used=0MB, free=99.21%, comm=40MB]
    ^--   default region [used=32MB, free=98.98%, comm=256MB]
    ^--   TxLog region [used=0MB, free=100%, comm=40MB]
    ^-- Outbound messages queue [size=0]
    ^-- Public thread pool [active=0, idle=0, qSize=0]
    ^-- System thread pool [active=0, idle=6, qSize=0]
[21:02:51,511][INFO][Thread-2][G] Invoking shutdown hook...
