[16:12:41,328][WARNING][main][G] Ignite work directory is not provided, automatically resolved to: /home/xshaini/apache-ignite-2.7.5-bin/work
[16:12:41,558][INFO][main][IgniteKernal] 

>>>    __________  ________________  
>>>   /  _/ ___/ |/ /  _/_  __/ __/  
>>>  _/ // (7 7    // /  / / / _/    
>>> /___/\___/_/|_/___/ /_/ /___/   
>>> 
>>> ver. 2.7.6#20190911-sha1:21f7ca41
>>> 2019 Copyright(C) Apache Software Foundation
>>> 
>>> Ignite documentation: http://ignite.apache.org

[16:12:41,566][INFO][main][IgniteKernal] Config URL: file:/home/xshaini/TransE-Scala/code/example-ignite.xml
[16:12:41,585][INFO][main][IgniteKernal] IgniteConfiguration [igniteInstanceName=null, pubPoolSize=8, svcPoolSize=8, callbackPoolSize=8, stripedPoolSize=8, sysPoolSize=8, mgmtPoolSize=4, igfsPoolSize=4, dataStreamerPoolSize=8, utilityCachePoolSize=8, utilityCacheKeepAliveTime=60000, p2pPoolSize=2, qryPoolSize=8, igniteHome=/home/xshaini/apache-ignite-2.7.5-bin, igniteWorkDir=/home/xshaini/apache-ignite-2.7.5-bin/work, mbeanSrv=com.sun.jmx.mbeanserver.JmxMBeanServer@290d210d, nodeId=335452b1-287c-414a-aa3c-d369d2a6aebd, marsh=BinaryMarshaller [], marshLocJobs=false, daemon=false, p2pEnabled=true, netTimeout=5000, sndRetryDelay=1000, sndRetryCnt=3, metricsHistSize=10000, metricsUpdateFreq=2000, metricsExpTime=9223372036854775807, discoSpi=TcpDiscoverySpi [addrRslvr=null, sockTimeout=0, ackTimeout=0, marsh=null, reconCnt=10, reconDelay=2000, maxAckTimeout=600000, forceSrvMode=false, clientReconnectDisabled=false, internalLsnr=null], segPlc=STOP, segResolveAttempts=2, waitForSegOnStart=true, allResolversPassReq=true, segChkFreq=10000, commSpi=TcpCommunicationSpi [connectGate=null, connPlc=org.apache.ignite.spi.communication.tcp.TcpCommunicationSpi$FirstConnectionPolicy@5aa9e4eb, enableForcibleNodeKill=false, enableTroubleshootingLog=false, locAddr=null, locHost=null, locPort=47100, locPortRange=100, shmemPort=-1, directBuf=true, directSndBuf=false, idleConnTimeout=600000, connTimeout=5000, maxConnTimeout=600000, reconCnt=10, sockSndBuf=32768, sockRcvBuf=32768, msgQueueLimit=0, slowClientQueueLimit=0, nioSrvr=null, shmemSrv=null, usePairedConnections=false, connectionsPerNode=1, tcpNoDelay=true, filterReachableAddresses=false, ackSndThreshold=32, unackedMsgsBufSize=0, sockWriteTimeout=2000, boundTcpPort=-1, boundTcpShmemPort=-1, selectorsCnt=4, selectorSpins=0, addrRslvr=null, ctxInitLatch=java.util.concurrent.CountDownLatch@6989da5e[Count = 1], stopping=false], evtSpi=org.apache.ignite.spi.eventstorage.NoopEventStorageSpi@385c9627, colSpi=NoopCollisionSpi [], deploySpi=LocalDeploymentSpi [], indexingSpi=org.apache.ignite.spi.indexing.noop.NoopIndexingSpi@229f66ed, addrRslvr=null, encryptionSpi=org.apache.ignite.spi.encryption.noop.NoopEncryptionSpi@31190526, clientMode=false, rebalanceThreadPoolSize=1, txCfg=TransactionConfiguration [txSerEnabled=false, dfltIsolation=REPEATABLE_READ, dfltConcurrency=PESSIMISTIC, dfltTxTimeout=0, txTimeoutOnPartitionMapExchange=0, pessimisticTxLogSize=0, pessimisticTxLogLinger=10000, tmLookupClsName=null, txManagerFactory=null, useJtaSync=false], cacheSanityCheckEnabled=true, discoStartupDelay=60000, deployMode=SHARED, p2pMissedCacheSize=100, locHost=null, timeSrvPortBase=31100, timeSrvPortRange=100, failureDetectionTimeout=10000, sysWorkerBlockedTimeout=null, clientFailureDetectionTimeout=30000, metricsLogFreq=60000, hadoopCfg=null, connectorCfg=ConnectorConfiguration [jettyPath=null, host=null, port=11211, noDelay=true, directBuf=false, sndBufSize=32768, rcvBufSize=32768, idleQryCurTimeout=600000, idleQryCurCheckFreq=60000, sndQueueLimit=0, selectorCnt=4, idleTimeout=7000, sslEnabled=false, sslClientAuth=false, sslCtxFactory=null, sslFactory=null, portRange=100, threadPoolSize=8, msgInterceptor=null], odbcCfg=null, warmupClos=null, atomicCfg=AtomicConfiguration [seqReserveSize=1000, cacheMode=PARTITIONED, backups=1, aff=null, grpName=null], classLdr=null, sslCtxFactory=null, platformCfg=null, binaryCfg=null, memCfg=null, pstCfg=null, dsCfg=DataStorageConfiguration [sysRegionInitSize=41943040, sysRegionMaxSize=104857600, pageSize=0, concLvl=0, dfltDataRegConf=DataRegionConfiguration [name=default, maxSize=3334422528, initSize=268435456, swapPath=null, pageEvictionMode=DISABLED, evictionThreshold=0.9, emptyPagesPoolSize=100, metricsEnabled=false, metricsSubIntervalCount=5, metricsRateTimeInterval=60000, persistenceEnabled=false, checkpointPageBufSize=0], dataRegions=null, storagePath=null, checkpointFreq=180000, lockWaitTime=10000, checkpointThreads=4, checkpointWriteOrder=SEQUENTIAL, walHistSize=20, maxWalArchiveSize=1073741824, walSegments=10, walSegmentSize=67108864, walPath=db/wal, walArchivePath=db/wal/archive, metricsEnabled=false, walMode=LOG_ONLY, walTlbSize=131072, walBuffSize=0, walFlushFreq=2000, walFsyncDelay=1000, walRecordIterBuffSize=67108864, alwaysWriteFullPages=false, fileIOFactory=org.apache.ignite.internal.processors.cache.persistence.file.AsyncFileIOFactory@185a6e9, metricsSubIntervalCnt=5, metricsRateTimeInterval=60000, walAutoArchiveAfterInactivity=-1, writeThrottlingEnabled=false, walCompactionEnabled=false, walCompactionLevel=1, checkpointReadLockTimeout=null], activeOnStart=true, autoActivation=true, longQryWarnTimeout=3000, sqlConnCfg=null, cliConnCfg=ClientConnectorConfiguration [host=null, port=10800, portRange=100, sockSndBufSize=0, sockRcvBufSize=0, tcpNoDelay=true, maxOpenCursorsPerConn=128, threadPoolSize=8, idleTimeout=0, jdbcEnabled=true, odbcEnabled=true, thinCliEnabled=true, sslEnabled=false, useIgniteSslCtxFactory=true, sslClientAuth=false, sslCtxFactory=null], mvccVacuumThreadCnt=2, mvccVacuumFreq=5000, authEnabled=false, failureHnd=null, commFailureRslvr=null]
[16:12:41,585][INFO][main][IgniteKernal] Daemon mode: off
[16:12:41,586][INFO][main][IgniteKernal] OS: Linux 4.15.0-91-generic amd64
[16:12:41,586][INFO][main][IgniteKernal] OS user: xshaini
[16:12:41,587][INFO][main][IgniteKernal] PID: 28761
[16:12:41,587][INFO][main][IgniteKernal] Language runtime: Scala ver. 2.11.11
[16:12:41,588][INFO][main][IgniteKernal] VM information: Java(TM) SE Runtime Environment 1.8.0_211-b12 Oracle Corporation Java HotSpot(TM) 64-Bit Server VM 25.211-b12
[16:12:41,589][INFO][main][IgniteKernal] VM total memory: 3.5GB
[16:12:41,589][INFO][main][IgniteKernal] Remote Management [restart: off, REST: on, JMX (remote: off)]
[16:12:41,589][INFO][main][IgniteKernal] Logger: JavaLogger [quiet=true, config=null]
[16:12:41,589][INFO][main][IgniteKernal] IGNITE_HOME=/home/xshaini/apache-ignite-2.7.5-bin
[16:12:41,590][INFO][main][IgniteKernal] VM arguments: [-Dfile.encoding=UTF-8, -Xbootclasspath/a:/home/xshaini/scala-SDK-4.7.0/eclipse/plugins/org.scala-ide.scala211.jars_4.7.0.201709291351/target/jars/scala-library.jar:/home/xshaini/scala-SDK-4.7.0/eclipse/plugins/org.scala-ide.scala211.jars_4.7.0.201709291351/target/jars/scala-reflect.jar]
[16:12:41,590][INFO][main][IgniteKernal] System cache's DataRegion size is configured to 40 MB. Use DataStorageConfiguration.systemRegionInitialSize property to change the setting.
[16:12:41,597][INFO][main][IgniteKernal] Configured caches [in 'sysMemPlc' dataRegion: ['ignite-sys-cache']]
[16:12:41,597][WARNING][main][IgniteKernal] Peer class loading is enabled (disable it in production for performance and deployment consistency reasons)
[16:12:41,597][WARNING][main][IgniteKernal] Please set system property '-Djava.net.preferIPv4Stack=true' to avoid possible problems in mixed environments.
[16:12:41,606][INFO][main][IgniteKernal] 3-rd party licenses can be found at: /home/xshaini/apache-ignite-2.7.5-bin/libs/licenses
[16:12:41,607][WARNING][pub-#22][GridDiagnostic] Initial heap size is 250MB (should be no less than 512MB, use -Xms512m -Xmx512m).
[16:12:41,678][INFO][main][IgnitePluginProcessor] Configured plugins:
[16:12:41,679][INFO][main][IgnitePluginProcessor]   ^-- None
[16:12:41,679][INFO][main][IgnitePluginProcessor] 
[16:12:41,682][INFO][main][FailureProcessor] Configured failure handler: [hnd=StopNodeOrHaltFailureHandler [tryStop=false, timeout=0, super=AbstractFailureHandler [ignoredFailureTypes=[SYSTEM_WORKER_BLOCKED, SYSTEM_CRITICAL_OPERATION_TIMEOUT]]]]
[16:12:41,736][INFO][main][TcpCommunicationSpi] Successfully bound communication NIO server to TCP port [port=47100, locHost=0.0.0.0/0.0.0.0, selectorsCnt=4, selectorSpins=0, pairedConn=false]
[16:12:41,744][WARNING][main][TcpCommunicationSpi] Message queue limit is set to 0 which may lead to potential OOMEs when running cache operations in FULL_ASYNC or PRIMARY_SYNC modes due to message queues growth on sender and receiver sides.
[16:12:41,772][WARNING][main][NoopCheckpointSpi] Checkpoints are disabled (to enable configure any GridCheckpointSpi implementation)
[16:12:41,797][WARNING][main][GridCollisionManager] Collision resolution is disabled (all jobs will be activated upon arrival).
[16:12:41,805][INFO][main][IgniteKernal] Security status [authentication=off, tls/ssl=off]
[16:12:42,119][WARNING][main][IgniteCacheDatabaseSharedManager] DataRegionConfiguration.maxWalArchiveSize instead DataRegionConfiguration.walHistorySize would be used for removing old archive wal files
[16:12:42,140][INFO][main][PartitionsEvictManager] Evict partition permits=2
[16:12:42,380][INFO][main][ClientListenerProcessor] Client connector processor has started on TCP port 10800
[16:12:42,446][INFO][main][GridTcpRestProtocol] Command protocol successfully started [name=TCP binary, host=0.0.0.0/0.0.0.0, port=11211]
[16:12:42,502][INFO][main][IgniteKernal] Non-loopback local IPs: 172.168.1.60, fe80:0:0:0:c537:4cc4:a945:74b5%wlp2s0
[16:12:42,502][INFO][main][IgniteKernal] Enabled local MACs: 1002B5D9B0B6
[16:12:42,555][INFO][main][TcpDiscoverySpi] Connection check threshold is calculated: 10000
[16:12:42,557][INFO][main][TcpDiscoverySpi] Successfully bound to TCP port [port=47500, localHost=0.0.0.0/0.0.0.0, locNodeId=335452b1-287c-414a-aa3c-d369d2a6aebd]
[16:12:43,803][INFO][disco-notifier-worker-#41][MvccProcessorImpl] Assigned mvcc coordinator [crd=MvccCoordinator [nodeId=335452b1-287c-414a-aa3c-d369d2a6aebd, crdVer=1585577563795, topVer=AffinityTopologyVersion [topVer=1, minorTopVer=0]], crdNode=TcpDiscoveryNode [id=335452b1-287c-414a-aa3c-d369d2a6aebd, addrs=[0:0:0:0:0:0:0:1%lo, 127.0.0.1, 172.168.1.60], sockAddrs=[/172.168.1.60:47500, /0:0:0:0:0:0:0:1%lo:47500, /127.0.0.1:47500], discPort=47500, order=1, intOrder=1, lastExchangeTime=1585577562555, loc=true, ver=2.7.6#20190911-sha1:21f7ca41, isClient=false]]
[16:12:43,833][INFO][exchange-worker-#43][time] Started exchange init [topVer=AffinityTopologyVersion [topVer=1, minorTopVer=0], mvccCrd=MvccCoordinator [nodeId=335452b1-287c-414a-aa3c-d369d2a6aebd, crdVer=1585577563795, topVer=AffinityTopologyVersion [topVer=1, minorTopVer=0]], mvccCrdChange=true, crd=true, evt=NODE_JOINED, evtNode=335452b1-287c-414a-aa3c-d369d2a6aebd, customEvt=null, allowMerge=false]
[16:12:43,852][INFO][exchange-worker-#43][msg] Components activation performed in 19 ms.
[16:12:43,965][INFO][exchange-worker-#43][GridCacheProcessor] Started cache [name=ignite-sys-cache, id=-2100569601, memoryPolicyName=sysMemPlc, mode=REPLICATED, atomicity=TRANSACTIONAL, backups=2147483647, mvcc=false], encryptionEnabled=false]
[16:12:43,966][INFO][exchange-worker-#43][GridCacheProcessor] Starting caches on local join performed in 114 ms.
[16:12:43,974][INFO][exchange-worker-#43][GridDhtPartitionsExchangeFuture] Skipped waiting for partitions release future (local node is joining) [topVer=AffinityTopologyVersion [topVer=1, minorTopVer=0]]
[16:12:44,030][INFO][exchange-worker-#43][GridDhtPartitionsExchangeFuture] finishExchangeOnCoordinator [topVer=AffinityTopologyVersion [topVer=1, minorTopVer=0], resVer=AffinityTopologyVersion [topVer=1, minorTopVer=0]]
[16:12:44,030][INFO][exchange-worker-#43][GridDhtPartitionsExchangeFuture] Affinity changes (coordinator) applied in 0 ms.
[16:12:44,034][INFO][exchange-worker-#43][GridDhtPartitionsExchangeFuture] Partitions validation performed in 4 ms.
[16:12:44,035][INFO][exchange-worker-#43][GridDhtPartitionsExchangeFuture] Partitions assignment performed in 0 ms.
[16:12:44,048][INFO][exchange-worker-#43][GridDhtPartitionsExchangeFuture] Preparing Full Message performed in 13 ms.
[16:12:44,049][INFO][exchange-worker-#43][GridDhtPartitionsExchangeFuture] Sending Full Message to all nodes performed in 0 ms.
[16:12:44,049][INFO][exchange-worker-#43][GridDhtPartitionsExchangeFuture] Finish exchange future [startVer=AffinityTopologyVersion [topVer=1, minorTopVer=0], resVer=AffinityTopologyVersion [topVer=1, minorTopVer=0], err=null]
[16:12:44,050][INFO][exchange-worker-#43][GridDhtPartitionsExchangeFuture] Detecting lost partitions performed in 1 ms.
[16:12:44,050][INFO][exchange-worker-#43][MvccProcessorImpl] Initialize local node as mvcc coordinator [node=335452b1-287c-414a-aa3c-d369d2a6aebd, crdVer=1585577563795]
[16:12:44,060][INFO][exchange-worker-#43][GridCacheProcessor] Finish proxy initialization, cacheName=ignite-sys-cache, localNodeId=335452b1-287c-414a-aa3c-d369d2a6aebd
[16:12:44,061][INFO][exchange-worker-#43][GridDhtPartitionsExchangeFuture] Completed partition exchange [localNode=335452b1-287c-414a-aa3c-d369d2a6aebd, exchange=GridDhtPartitionsExchangeFuture [topVer=AffinityTopologyVersion [topVer=1, minorTopVer=0], evt=NODE_JOINED, evtNode=TcpDiscoveryNode [id=335452b1-287c-414a-aa3c-d369d2a6aebd, addrs=[0:0:0:0:0:0:0:1%lo, 127.0.0.1, 172.168.1.60], sockAddrs=[/172.168.1.60:47500, /0:0:0:0:0:0:0:1%lo:47500, /127.0.0.1:47500], discPort=47500, order=1, intOrder=1, lastExchangeTime=1585577562555, loc=true, ver=2.7.6#20190911-sha1:21f7ca41, isClient=false], done=true], topVer=AffinityTopologyVersion [topVer=1, minorTopVer=0], durationFromInit=233]
[16:12:44,061][INFO][exchange-worker-#43][time] Finished exchange init [topVer=AffinityTopologyVersion [topVer=1, minorTopVer=0], crd=true]
[16:12:44,067][INFO][exchange-worker-#43][GridCachePartitionExchangeManager] Skipping rebalancing (nothing scheduled) [top=AffinityTopologyVersion [topVer=1, minorTopVer=0], force=false, evt=NODE_JOINED, node=335452b1-287c-414a-aa3c-d369d2a6aebd]
[16:12:44,137][INFO][main][IgniteKernal] Performance suggestions for grid  (fix if possible)
[16:12:44,137][INFO][main][IgniteKernal] To disable, set -DIGNITE_PERFORMANCE_SUGGESTIONS_DISABLED=true
[16:12:44,138][INFO][main][IgniteKernal]   ^-- Disable grid events (remove 'includeEventTypes' from configuration)
[16:12:44,138][INFO][main][IgniteKernal]   ^-- Enable G1 Garbage Collector (add '-XX:+UseG1GC' to JVM options)
[16:12:44,139][INFO][main][IgniteKernal]   ^-- Specify JVM heap max size (add '-Xmx<size>[g|G|m|M|k|K]' to JVM options)
[16:12:44,139][INFO][main][IgniteKernal]   ^-- Set max direct memory size if getting 'OOME: Direct buffer memory' (add '-XX:MaxDirectMemorySize=<size>[g|G|m|M|k|K]' to JVM options)
[16:12:44,139][INFO][main][IgniteKernal]   ^-- Disable processing of calls to System.gc() (add '-XX:+DisableExplicitGC' to JVM options)
[16:12:44,139][INFO][main][IgniteKernal] Refer to this page for more performance suggestions: https://apacheignite.readme.io/docs/jvm-and-system-tuning
[16:12:44,140][INFO][main][IgniteKernal] 
[16:12:44,140][INFO][main][IgniteKernal] To start Console Management & Monitoring run ignitevisorcmd.{sh|bat}
[16:12:44,143][INFO][main][IgniteKernal] Data Regions Configured:
[16:12:44,144][INFO][main][IgniteKernal]   ^-- default [initSize=256.0 MiB, maxSize=3.1 GiB, persistence=false]
[16:12:44,145][INFO][main][IgniteKernal] 

>>> +----------------------------------------------------------------------+
>>> Ignite ver. 2.7.6#20190911-sha1:21f7ca41c4348909e2fd26ccf59b5b2ce1f4474e
>>> +----------------------------------------------------------------------+
>>> OS name: Linux 4.15.0-91-generic amd64
>>> CPU(s): 4
>>> Heap: 3.5GB
>>> VM name: 28761@eis-seoul
>>> Local node [ID=335452B1-287C-414A-AA3C-D369D2A6AEBD, order=1, clientMode=false]
>>> Local node addresses: [172.168.1.60/0:0:0:0:0:0:0:1%lo, /127.0.0.1, /172.168.1.60]
>>> Local ports: TCP:10800 TCP:11211 TCP:47100 UDP:47400 TCP:47500 

[16:12:44,147][INFO][main][GridDiscoveryManager] Topology snapshot [ver=1, locNode=335452b1, servers=1, clients=0, state=ACTIVE, CPUs=4, offheap=3.1GB, heap=3.5GB]
[16:12:44,207][INFO][exchange-worker-#43][time] Started exchange init [topVer=AffinityTopologyVersion [topVer=1, minorTopVer=1], mvccCrd=MvccCoordinator [nodeId=335452b1-287c-414a-aa3c-d369d2a6aebd, crdVer=1585577563795, topVer=AffinityTopologyVersion [topVer=1, minorTopVer=0]], mvccCrdChange=false, crd=true, evt=DISCOVERY_CUSTOM_EVT, evtNode=335452b1-287c-414a-aa3c-d369d2a6aebd, customEvt=DynamicCacheChangeBatch [id=b2a89cb2171-23538133-6b29-44ce-946d-355b8fd5f076, reqs=[DynamicCacheChangeRequest [cacheName=Entity2IDcachee, hasCfg=true, nodeId=335452b1-287c-414a-aa3c-d369d2a6aebd, clientStartOnly=false, stop=false, destroy=false, disabledAfterStartfalse]], exchangeActions=ExchangeActions [startCaches=[Entity2IDcachee], stopCaches=null, startGrps=[Entity2IDcachee], stopGrps=[], resetParts=null, stateChangeRequest=null], startCaches=false], allowMerge=false]
[16:12:44,208][INFO][exchange-worker-#43][CacheAffinitySharedManager] Updating caches registry performed in 1 ms.
[16:12:44,333][INFO][exchange-worker-#43][GridCacheProcessor] Started cache [name=Entity2IDcachee, id=-1087112307, memoryPolicyName=default, mode=PARTITIONED, atomicity=ATOMIC, backups=0, mvcc=false], encryptionEnabled=false]
[16:12:44,335][INFO][exchange-worker-#43][CacheAffinitySharedManager] Caches starting performed in 127 ms.
[16:12:44,337][INFO][exchange-worker-#43][CacheAffinitySharedManager] Affinity initialization for started caches performed in 2 ms.
[16:12:44,344][INFO][exchange-worker-#43][GridDhtPartitionsExchangeFuture] Finished waiting for partition release future [topVer=AffinityTopologyVersion [topVer=1, minorTopVer=1], waitTime=0ms, futInfo=NA, mode=DISTRIBUTED]
[16:12:44,348][INFO][exchange-worker-#43][GridDhtPartitionsExchangeFuture] Finished waiting for partitions release latch: ServerLatch [permits=0, pendingAcks=[], super=CompletableLatch [id=exchange, topVer=AffinityTopologyVersion [topVer=1, minorTopVer=1]]]
[16:12:44,349][INFO][exchange-worker-#43][GridDhtPartitionsExchangeFuture] Finished waiting for partition release future [topVer=AffinityTopologyVersion [topVer=1, minorTopVer=1], waitTime=0ms, futInfo=NA, mode=LOCAL]
[16:12:44,472][INFO][exchange-worker-#43][GridDhtPartitionsExchangeFuture] finishExchangeOnCoordinator [topVer=AffinityTopologyVersion [topVer=1, minorTopVer=1], resVer=AffinityTopologyVersion [topVer=1, minorTopVer=1]]
[16:12:44,472][INFO][exchange-worker-#43][GridDhtPartitionsExchangeFuture] Affinity changes (coordinator) applied in 0 ms.
[16:12:44,474][INFO][exchange-worker-#43][GridDhtPartitionsExchangeFuture] Partitions validation performed in 2 ms.
[16:12:44,476][INFO][exchange-worker-#43][GridDhtPartitionsExchangeFuture] Partitions assignment performed in 2 ms.
[16:12:44,494][INFO][exchange-worker-#43][GridDhtPartitionsExchangeFuture] Preparing Full Message performed in 15 ms.
[16:12:44,494][INFO][exchange-worker-#43][GridDhtPartitionsExchangeFuture] Sending Full Message to all nodes performed in 0 ms.
[16:12:44,495][INFO][exchange-worker-#43][GridDhtPartitionsExchangeFuture] Finish exchange future [startVer=AffinityTopologyVersion [topVer=1, minorTopVer=1], resVer=AffinityTopologyVersion [topVer=1, minorTopVer=1], err=null]
[16:12:44,502][INFO][exchange-worker-#43][GridCacheProcessor] Finish proxy initialization, cacheName=Entity2IDcachee, localNodeId=335452b1-287c-414a-aa3c-d369d2a6aebd
[16:12:44,503][INFO][exchange-worker-#43][GridDhtPartitionsExchangeFuture] Completed partition exchange [localNode=335452b1-287c-414a-aa3c-d369d2a6aebd, exchange=GridDhtPartitionsExchangeFuture [topVer=AffinityTopologyVersion [topVer=1, minorTopVer=1], evt=DISCOVERY_CUSTOM_EVT, evtNode=TcpDiscoveryNode [id=335452b1-287c-414a-aa3c-d369d2a6aebd, addrs=[0:0:0:0:0:0:0:1%lo, 127.0.0.1, 172.168.1.60], sockAddrs=[/172.168.1.60:47500, /0:0:0:0:0:0:0:1%lo:47500, /127.0.0.1:47500], discPort=47500, order=1, intOrder=1, lastExchangeTime=1585577562555, loc=true, ver=2.7.6#20190911-sha1:21f7ca41, isClient=false], done=true], topVer=AffinityTopologyVersion [topVer=1, minorTopVer=1], durationFromInit=305]
[16:12:44,503][INFO][exchange-worker-#43][time] Finished exchange init [topVer=AffinityTopologyVersion [topVer=1, minorTopVer=1], crd=true]
[16:12:44,507][INFO][exchange-worker-#43][GridCachePartitionExchangeManager] Skipping rebalancing (nothing scheduled) [top=AffinityTopologyVersion [topVer=1, minorTopVer=1], force=false, evt=DISCOVERY_CUSTOM_EVT, node=335452b1-287c-414a-aa3c-d369d2a6aebd]
[16:12:44,512][INFO][exchange-worker-#43][time] Started exchange init [topVer=AffinityTopologyVersion [topVer=1, minorTopVer=2], mvccCrd=MvccCoordinator [nodeId=335452b1-287c-414a-aa3c-d369d2a6aebd, crdVer=1585577563795, topVer=AffinityTopologyVersion [topVer=1, minorTopVer=0]], mvccCrdChange=false, crd=true, evt=DISCOVERY_CUSTOM_EVT, evtNode=335452b1-287c-414a-aa3c-d369d2a6aebd, customEvt=DynamicCacheChangeBatch [id=23a89cb2171-23538133-6b29-44ce-946d-355b8fd5f076, reqs=[DynamicCacheChangeRequest [cacheName=Relation2IDcachee, hasCfg=true, nodeId=335452b1-287c-414a-aa3c-d369d2a6aebd, clientStartOnly=false, stop=false, destroy=false, disabledAfterStartfalse]], exchangeActions=ExchangeActions [startCaches=[Relation2IDcachee], stopCaches=null, startGrps=[Relation2IDcachee], stopGrps=[], resetParts=null, stateChangeRequest=null], startCaches=false], allowMerge=false]
[16:12:44,512][INFO][exchange-worker-#43][CacheAffinitySharedManager] Updating caches registry performed in 0 ms.
[16:12:44,522][INFO][exchange-worker-#43][GridCacheProcessor] Started cache [name=Relation2IDcachee, id=1689532820, memoryPolicyName=default, mode=PARTITIONED, atomicity=ATOMIC, backups=0, mvcc=false], encryptionEnabled=false]
[16:12:44,523][INFO][exchange-worker-#43][CacheAffinitySharedManager] Caches starting performed in 11 ms.
[16:12:44,524][INFO][exchange-worker-#43][CacheAffinitySharedManager] Affinity initialization for started caches performed in 1 ms.
[16:12:44,525][INFO][exchange-worker-#43][GridDhtPartitionsExchangeFuture] Finished waiting for partition release future [topVer=AffinityTopologyVersion [topVer=1, minorTopVer=2], waitTime=0ms, futInfo=NA, mode=DISTRIBUTED]
[16:12:44,526][INFO][exchange-worker-#43][GridDhtPartitionsExchangeFuture] Finished waiting for partitions release latch: ServerLatch [permits=0, pendingAcks=[], super=CompletableLatch [id=exchange, topVer=AffinityTopologyVersion [topVer=1, minorTopVer=2]]]
[16:12:44,526][INFO][exchange-worker-#43][GridDhtPartitionsExchangeFuture] Finished waiting for partition release future [topVer=AffinityTopologyVersion [topVer=1, minorTopVer=2], waitTime=0ms, futInfo=NA, mode=LOCAL]
[16:12:44,587][INFO][exchange-worker-#43][GridDhtPartitionsExchangeFuture] finishExchangeOnCoordinator [topVer=AffinityTopologyVersion [topVer=1, minorTopVer=2], resVer=AffinityTopologyVersion [topVer=1, minorTopVer=2]]
[16:12:44,587][INFO][exchange-worker-#43][GridDhtPartitionsExchangeFuture] Affinity changes (coordinator) applied in 0 ms.
[16:12:44,588][INFO][exchange-worker-#43][GridDhtPartitionsExchangeFuture] Partitions validation performed in 1 ms.
[16:12:44,590][INFO][exchange-worker-#43][GridDhtPartitionsExchangeFuture] Partitions assignment performed in 2 ms.
[16:12:44,602][INFO][exchange-worker-#43][GridDhtPartitionsExchangeFuture] Preparing Full Message performed in 9 ms.
[16:12:44,602][INFO][exchange-worker-#43][GridDhtPartitionsExchangeFuture] Sending Full Message to all nodes performed in 0 ms.
[16:12:44,603][INFO][exchange-worker-#43][GridDhtPartitionsExchangeFuture] Finish exchange future [startVer=AffinityTopologyVersion [topVer=1, minorTopVer=2], resVer=AffinityTopologyVersion [topVer=1, minorTopVer=2], err=null]
[16:12:44,610][INFO][exchange-worker-#43][GridCacheProcessor] Finish proxy initialization, cacheName=Relation2IDcachee, localNodeId=335452b1-287c-414a-aa3c-d369d2a6aebd
[16:12:44,612][INFO][exchange-worker-#43][GridDhtPartitionsExchangeFuture] Completed partition exchange [localNode=335452b1-287c-414a-aa3c-d369d2a6aebd, exchange=GridDhtPartitionsExchangeFuture [topVer=AffinityTopologyVersion [topVer=1, minorTopVer=2], evt=DISCOVERY_CUSTOM_EVT, evtNode=TcpDiscoveryNode [id=335452b1-287c-414a-aa3c-d369d2a6aebd, addrs=[0:0:0:0:0:0:0:1%lo, 127.0.0.1, 172.168.1.60], sockAddrs=[/172.168.1.60:47500, /0:0:0:0:0:0:0:1%lo:47500, /127.0.0.1:47500], discPort=47500, order=1, intOrder=1, lastExchangeTime=1585577562555, loc=true, ver=2.7.6#20190911-sha1:21f7ca41, isClient=false], done=true], topVer=AffinityTopologyVersion [topVer=1, minorTopVer=2], durationFromInit=106]
[16:12:44,613][INFO][exchange-worker-#43][time] Finished exchange init [topVer=AffinityTopologyVersion [topVer=1, minorTopVer=2], crd=true]
[16:12:44,618][INFO][exchange-worker-#43][GridCachePartitionExchangeManager] Skipping rebalancing (nothing scheduled) [top=AffinityTopologyVersion [topVer=1, minorTopVer=2], force=false, evt=DISCOVERY_CUSTOM_EVT, node=335452b1-287c-414a-aa3c-d369d2a6aebd]
[16:12:44,629][INFO][exchange-worker-#43][time] Started exchange init [topVer=AffinityTopologyVersion [topVer=1, minorTopVer=3], mvccCrd=MvccCoordinator [nodeId=335452b1-287c-414a-aa3c-d369d2a6aebd, crdVer=1585577563795, topVer=AffinityTopologyVersion [topVer=1, minorTopVer=0]], mvccCrdChange=false, crd=true, evt=DISCOVERY_CUSTOM_EVT, evtNode=335452b1-287c-414a-aa3c-d369d2a6aebd, customEvt=DynamicCacheChangeBatch [id=83a89cb2171-23538133-6b29-44ce-946d-355b8fd5f076, reqs=[DynamicCacheChangeRequest [cacheName=E_embeddingscachee, hasCfg=true, nodeId=335452b1-287c-414a-aa3c-d369d2a6aebd, clientStartOnly=false, stop=false, destroy=false, disabledAfterStartfalse]], exchangeActions=ExchangeActions [startCaches=[E_embeddingscachee], stopCaches=null, startGrps=[E_embeddingscachee], stopGrps=[], resetParts=null, stateChangeRequest=null], startCaches=false], allowMerge=false]
[16:12:44,629][INFO][exchange-worker-#43][CacheAffinitySharedManager] Updating caches registry performed in 0 ms.
[16:12:44,668][INFO][exchange-worker-#43][GridCacheProcessor] Started cache [name=E_embeddingscachee, id=195644633, memoryPolicyName=default, mode=PARTITIONED, atomicity=ATOMIC, backups=0, mvcc=false], encryptionEnabled=false]
[16:12:44,668][INFO][exchange-worker-#43][CacheAffinitySharedManager] Caches starting performed in 39 ms.
[16:12:44,670][INFO][exchange-worker-#43][CacheAffinitySharedManager] Affinity initialization for started caches performed in 2 ms.
[16:12:44,670][INFO][exchange-worker-#43][GridDhtPartitionsExchangeFuture] Finished waiting for partition release future [topVer=AffinityTopologyVersion [topVer=1, minorTopVer=3], waitTime=0ms, futInfo=NA, mode=DISTRIBUTED]
[16:12:44,671][INFO][exchange-worker-#43][GridDhtPartitionsExchangeFuture] Finished waiting for partitions release latch: ServerLatch [permits=0, pendingAcks=[], super=CompletableLatch [id=exchange, topVer=AffinityTopologyVersion [topVer=1, minorTopVer=3]]]
[16:12:44,671][INFO][exchange-worker-#43][GridDhtPartitionsExchangeFuture] Finished waiting for partition release future [topVer=AffinityTopologyVersion [topVer=1, minorTopVer=3], waitTime=0ms, futInfo=NA, mode=LOCAL]
[16:12:44,737][INFO][exchange-worker-#43][GridDhtPartitionsExchangeFuture] finishExchangeOnCoordinator [topVer=AffinityTopologyVersion [topVer=1, minorTopVer=3], resVer=AffinityTopologyVersion [topVer=1, minorTopVer=3]]
[16:12:44,737][INFO][exchange-worker-#43][GridDhtPartitionsExchangeFuture] Affinity changes (coordinator) applied in 0 ms.
[16:12:44,741][INFO][exchange-worker-#43][GridDhtPartitionsExchangeFuture] Partitions validation performed in 4 ms.
[16:12:44,743][INFO][exchange-worker-#43][GridDhtPartitionsExchangeFuture] Partitions assignment performed in 2 ms.
[16:12:44,757][INFO][exchange-worker-#43][GridDhtPartitionsExchangeFuture] Preparing Full Message performed in 11 ms.
[16:12:44,757][INFO][exchange-worker-#43][GridDhtPartitionsExchangeFuture] Sending Full Message to all nodes performed in 0 ms.
[16:12:44,757][INFO][exchange-worker-#43][GridDhtPartitionsExchangeFuture] Finish exchange future [startVer=AffinityTopologyVersion [topVer=1, minorTopVer=3], resVer=AffinityTopologyVersion [topVer=1, minorTopVer=3], err=null]
[16:12:44,765][INFO][exchange-worker-#43][GridCacheProcessor] Finish proxy initialization, cacheName=E_embeddingscachee, localNodeId=335452b1-287c-414a-aa3c-d369d2a6aebd
[16:12:44,768][INFO][exchange-worker-#43][GridDhtPartitionsExchangeFuture] Completed partition exchange [localNode=335452b1-287c-414a-aa3c-d369d2a6aebd, exchange=GridDhtPartitionsExchangeFuture [topVer=AffinityTopologyVersion [topVer=1, minorTopVer=3], evt=DISCOVERY_CUSTOM_EVT, evtNode=TcpDiscoveryNode [id=335452b1-287c-414a-aa3c-d369d2a6aebd, addrs=[0:0:0:0:0:0:0:1%lo, 127.0.0.1, 172.168.1.60], sockAddrs=[/172.168.1.60:47500, /0:0:0:0:0:0:0:1%lo:47500, /127.0.0.1:47500], discPort=47500, order=1, intOrder=1, lastExchangeTime=1585577562555, loc=true, ver=2.7.6#20190911-sha1:21f7ca41, isClient=false], done=true], topVer=AffinityTopologyVersion [topVer=1, minorTopVer=3], durationFromInit=143]
[16:12:44,768][INFO][exchange-worker-#43][time] Finished exchange init [topVer=AffinityTopologyVersion [topVer=1, minorTopVer=3], crd=true]
[16:12:44,773][INFO][exchange-worker-#43][GridCachePartitionExchangeManager] Skipping rebalancing (obsolete exchange ID) [top=AffinityTopologyVersion [topVer=1, minorTopVer=3], evt=DISCOVERY_CUSTOM_EVT, node=335452b1-287c-414a-aa3c-d369d2a6aebd]
[16:12:44,773][INFO][exchange-worker-#43][time] Started exchange init [topVer=AffinityTopologyVersion [topVer=1, minorTopVer=4], mvccCrd=MvccCoordinator [nodeId=335452b1-287c-414a-aa3c-d369d2a6aebd, crdVer=1585577563795, topVer=AffinityTopologyVersion [topVer=1, minorTopVer=0]], mvccCrdChange=false, crd=true, evt=DISCOVERY_CUSTOM_EVT, evtNode=335452b1-287c-414a-aa3c-d369d2a6aebd, customEvt=DynamicCacheChangeBatch [id=e3a89cb2171-23538133-6b29-44ce-946d-355b8fd5f076, reqs=[DynamicCacheChangeRequest [cacheName=R_embeddingscachee, hasCfg=true, nodeId=335452b1-287c-414a-aa3c-d369d2a6aebd, clientStartOnly=false, stop=false, destroy=false, disabledAfterStartfalse]], exchangeActions=ExchangeActions [startCaches=[R_embeddingscachee], stopCaches=null, startGrps=[R_embeddingscachee], stopGrps=[], resetParts=null, stateChangeRequest=null], startCaches=false], allowMerge=false]
[16:12:44,773][INFO][exchange-worker-#43][CacheAffinitySharedManager] Updating caches registry performed in 0 ms.
[16:12:44,778][INFO][exchange-worker-#43][GridCacheProcessor] Started cache [name=R_embeddingscachee, id=118605932, memoryPolicyName=default, mode=PARTITIONED, atomicity=ATOMIC, backups=0, mvcc=false], encryptionEnabled=false]
[16:12:44,779][INFO][exchange-worker-#43][CacheAffinitySharedManager] Caches starting performed in 6 ms.
[16:12:44,780][INFO][exchange-worker-#43][CacheAffinitySharedManager] Affinity initialization for started caches performed in 1 ms.
[16:12:44,780][INFO][exchange-worker-#43][GridDhtPartitionsExchangeFuture] Finished waiting for partition release future [topVer=AffinityTopologyVersion [topVer=1, minorTopVer=4], waitTime=0ms, futInfo=NA, mode=DISTRIBUTED]
[16:12:44,781][INFO][exchange-worker-#43][GridDhtPartitionsExchangeFuture] Finished waiting for partitions release latch: ServerLatch [permits=0, pendingAcks=[], super=CompletableLatch [id=exchange, topVer=AffinityTopologyVersion [topVer=1, minorTopVer=4]]]
[16:12:44,781][INFO][exchange-worker-#43][GridDhtPartitionsExchangeFuture] Finished waiting for partition release future [topVer=AffinityTopologyVersion [topVer=1, minorTopVer=4], waitTime=0ms, futInfo=NA, mode=LOCAL]
[16:12:44,857][INFO][exchange-worker-#43][GridDhtPartitionsExchangeFuture] finishExchangeOnCoordinator [topVer=AffinityTopologyVersion [topVer=1, minorTopVer=4], resVer=AffinityTopologyVersion [topVer=1, minorTopVer=4]]
[16:12:44,857][INFO][exchange-worker-#43][GridDhtPartitionsExchangeFuture] Affinity changes (coordinator) applied in 0 ms.
[16:12:44,861][INFO][exchange-worker-#43][GridDhtPartitionsExchangeFuture] Partitions validation performed in 4 ms.
[16:12:44,864][INFO][exchange-worker-#43][GridDhtPartitionsExchangeFuture] Partitions assignment performed in 3 ms.
[16:12:44,877][INFO][exchange-worker-#43][GridDhtPartitionsExchangeFuture] Preparing Full Message performed in 9 ms.
[16:12:44,878][INFO][exchange-worker-#43][GridDhtPartitionsExchangeFuture] Sending Full Message to all nodes performed in 0 ms.
[16:12:44,878][INFO][exchange-worker-#43][GridDhtPartitionsExchangeFuture] Finish exchange future [startVer=AffinityTopologyVersion [topVer=1, minorTopVer=4], resVer=AffinityTopologyVersion [topVer=1, minorTopVer=4], err=null]
[16:12:44,888][INFO][exchange-worker-#43][GridCacheProcessor] Finish proxy initialization, cacheName=R_embeddingscachee, localNodeId=335452b1-287c-414a-aa3c-d369d2a6aebd
[16:12:44,888][INFO][exchange-worker-#43][GridDhtPartitionsExchangeFuture] Completed partition exchange [localNode=335452b1-287c-414a-aa3c-d369d2a6aebd, exchange=GridDhtPartitionsExchangeFuture [topVer=AffinityTopologyVersion [topVer=1, minorTopVer=4], evt=DISCOVERY_CUSTOM_EVT, evtNode=TcpDiscoveryNode [id=335452b1-287c-414a-aa3c-d369d2a6aebd, addrs=[0:0:0:0:0:0:0:1%lo, 127.0.0.1, 172.168.1.60], sockAddrs=[/172.168.1.60:47500, /0:0:0:0:0:0:0:1%lo:47500, /127.0.0.1:47500], discPort=47500, order=1, intOrder=1, lastExchangeTime=1585577562555, loc=true, ver=2.7.6#20190911-sha1:21f7ca41, isClient=false], done=true], topVer=AffinityTopologyVersion [topVer=1, minorTopVer=4], durationFromInit=112]
[16:12:44,888][INFO][exchange-worker-#43][time] Finished exchange init [topVer=AffinityTopologyVersion [topVer=1, minorTopVer=4], crd=true]
[16:12:44,895][INFO][exchange-worker-#43][GridCachePartitionExchangeManager] Skipping rebalancing (obsolete exchange ID) [top=AffinityTopologyVersion [topVer=1, minorTopVer=4], evt=DISCOVERY_CUSTOM_EVT, node=335452b1-287c-414a-aa3c-d369d2a6aebd]
[16:12:44,895][INFO][exchange-worker-#43][time] Started exchange init [topVer=AffinityTopologyVersion [topVer=1, minorTopVer=5], mvccCrd=MvccCoordinator [nodeId=335452b1-287c-414a-aa3c-d369d2a6aebd, crdVer=1585577563795, topVer=AffinityTopologyVersion [topVer=1, minorTopVer=0]], mvccCrdChange=false, crd=true, evt=DISCOVERY_CUSTOM_EVT, evtNode=335452b1-287c-414a-aa3c-d369d2a6aebd, customEvt=DynamicCacheChangeBatch [id=44a89cb2171-23538133-6b29-44ce-946d-355b8fd5f076, reqs=[DynamicCacheChangeRequest [cacheName=tripleIde, hasCfg=true, nodeId=335452b1-287c-414a-aa3c-d369d2a6aebd, clientStartOnly=false, stop=false, destroy=false, disabledAfterStartfalse]], exchangeActions=ExchangeActions [startCaches=[tripleIde], stopCaches=null, startGrps=[tripleIde], stopGrps=[], resetParts=null, stateChangeRequest=null], startCaches=false], allowMerge=false]
[16:12:44,895][INFO][exchange-worker-#43][CacheAffinitySharedManager] Updating caches registry performed in 0 ms.
[16:12:44,901][INFO][exchange-worker-#43][GridCacheProcessor] Started cache [name=tripleIde, id=-386511508, memoryPolicyName=default, mode=PARTITIONED, atomicity=ATOMIC, backups=0, mvcc=false], encryptionEnabled=false]
[16:12:44,901][INFO][exchange-worker-#43][CacheAffinitySharedManager] Caches starting performed in 6 ms.
[16:12:44,903][INFO][exchange-worker-#43][CacheAffinitySharedManager] Affinity initialization for started caches performed in 2 ms.
[16:12:44,903][INFO][exchange-worker-#43][GridDhtPartitionsExchangeFuture] Finished waiting for partition release future [topVer=AffinityTopologyVersion [topVer=1, minorTopVer=5], waitTime=0ms, futInfo=NA, mode=DISTRIBUTED]
[16:12:44,904][INFO][exchange-worker-#43][GridDhtPartitionsExchangeFuture] Finished waiting for partitions release latch: ServerLatch [permits=0, pendingAcks=[], super=CompletableLatch [id=exchange, topVer=AffinityTopologyVersion [topVer=1, minorTopVer=5]]]
[16:12:44,904][INFO][exchange-worker-#43][GridDhtPartitionsExchangeFuture] Finished waiting for partition release future [topVer=AffinityTopologyVersion [topVer=1, minorTopVer=5], waitTime=0ms, futInfo=NA, mode=LOCAL]
[16:12:44,964][INFO][exchange-worker-#43][GridDhtPartitionsExchangeFuture] finishExchangeOnCoordinator [topVer=AffinityTopologyVersion [topVer=1, minorTopVer=5], resVer=AffinityTopologyVersion [topVer=1, minorTopVer=5]]
[16:12:44,964][INFO][exchange-worker-#43][GridDhtPartitionsExchangeFuture] Affinity changes (coordinator) applied in 0 ms.
[16:12:44,970][INFO][exchange-worker-#43][GridDhtPartitionsExchangeFuture] Partitions validation performed in 5 ms.
[16:12:44,972][INFO][exchange-worker-#43][GridDhtPartitionsExchangeFuture] Partitions assignment performed in 2 ms.
[16:12:44,990][INFO][exchange-worker-#43][GridDhtPartitionsExchangeFuture] Preparing Full Message performed in 14 ms.
[16:12:44,990][INFO][exchange-worker-#43][GridDhtPartitionsExchangeFuture] Sending Full Message to all nodes performed in 0 ms.
[16:12:44,990][INFO][exchange-worker-#43][GridDhtPartitionsExchangeFuture] Finish exchange future [startVer=AffinityTopologyVersion [topVer=1, minorTopVer=5], resVer=AffinityTopologyVersion [topVer=1, minorTopVer=5], err=null]
[16:12:44,997][INFO][exchange-worker-#43][GridCacheProcessor] Finish proxy initialization, cacheName=tripleIde, localNodeId=335452b1-287c-414a-aa3c-d369d2a6aebd
[16:12:44,999][INFO][exchange-worker-#43][GridDhtPartitionsExchangeFuture] Completed partition exchange [localNode=335452b1-287c-414a-aa3c-d369d2a6aebd, exchange=GridDhtPartitionsExchangeFuture [topVer=AffinityTopologyVersion [topVer=1, minorTopVer=5], evt=DISCOVERY_CUSTOM_EVT, evtNode=TcpDiscoveryNode [id=335452b1-287c-414a-aa3c-d369d2a6aebd, addrs=[0:0:0:0:0:0:0:1%lo, 127.0.0.1, 172.168.1.60], sockAddrs=[/172.168.1.60:47500, /0:0:0:0:0:0:0:1%lo:47500, /127.0.0.1:47500], discPort=47500, order=1, intOrder=1, lastExchangeTime=1585577562555, loc=true, ver=2.7.6#20190911-sha1:21f7ca41, isClient=false], done=true], topVer=AffinityTopologyVersion [topVer=1, minorTopVer=5], durationFromInit=97]
[16:12:44,999][INFO][exchange-worker-#43][time] Finished exchange init [topVer=AffinityTopologyVersion [topVer=1, minorTopVer=5], crd=true]
[16:12:45,007][INFO][exchange-worker-#43][GridCachePartitionExchangeManager] Skipping rebalancing (nothing scheduled) [top=AffinityTopologyVersion [topVer=1, minorTopVer=5], force=false, evt=DISCOVERY_CUSTOM_EVT, node=335452b1-287c-414a-aa3c-d369d2a6aebd]
[16:12:45,010][INFO][exchange-worker-#43][time] Started exchange init [topVer=AffinityTopologyVersion [topVer=1, minorTopVer=6], mvccCrd=MvccCoordinator [nodeId=335452b1-287c-414a-aa3c-d369d2a6aebd, crdVer=1585577563795, topVer=AffinityTopologyVersion [topVer=1, minorTopVer=0]], mvccCrdChange=false, crd=true, evt=DISCOVERY_CUSTOM_EVT, evtNode=335452b1-287c-414a-aa3c-d369d2a6aebd, customEvt=DynamicCacheChangeBatch [id=a4a89cb2171-23538133-6b29-44ce-946d-355b8fd5f076, reqs=[DynamicCacheChangeRequest [cacheName=allTriplesCache, hasCfg=true, nodeId=335452b1-287c-414a-aa3c-d369d2a6aebd, clientStartOnly=false, stop=false, destroy=false, disabledAfterStartfalse]], exchangeActions=ExchangeActions [startCaches=[allTriplesCache], stopCaches=null, startGrps=[allTriplesCache], stopGrps=[], resetParts=null, stateChangeRequest=null], startCaches=false], allowMerge=false]
[16:12:45,011][INFO][exchange-worker-#43][CacheAffinitySharedManager] Updating caches registry performed in 0 ms.
[16:12:45,017][INFO][exchange-worker-#43][GridCacheProcessor] Started cache [name=allTriplesCache, id=1394360558, memoryPolicyName=default, mode=PARTITIONED, atomicity=ATOMIC, backups=0, mvcc=false], encryptionEnabled=false]
[16:12:45,017][INFO][exchange-worker-#43][CacheAffinitySharedManager] Caches starting performed in 6 ms.
[16:12:45,022][INFO][exchange-worker-#43][CacheAffinitySharedManager] Affinity initialization for started caches performed in 5 ms.
[16:12:45,023][INFO][exchange-worker-#43][GridDhtPartitionsExchangeFuture] Finished waiting for partition release future [topVer=AffinityTopologyVersion [topVer=1, minorTopVer=6], waitTime=0ms, futInfo=NA, mode=DISTRIBUTED]
[16:12:45,023][INFO][exchange-worker-#43][GridDhtPartitionsExchangeFuture] Finished waiting for partitions release latch: ServerLatch [permits=0, pendingAcks=[], super=CompletableLatch [id=exchange, topVer=AffinityTopologyVersion [topVer=1, minorTopVer=6]]]
[16:12:45,023][INFO][exchange-worker-#43][GridDhtPartitionsExchangeFuture] Finished waiting for partition release future [topVer=AffinityTopologyVersion [topVer=1, minorTopVer=6], waitTime=0ms, futInfo=NA, mode=LOCAL]
[16:12:45,086][INFO][exchange-worker-#43][GridDhtPartitionsExchangeFuture] finishExchangeOnCoordinator [topVer=AffinityTopologyVersion [topVer=1, minorTopVer=6], resVer=AffinityTopologyVersion [topVer=1, minorTopVer=6]]
[16:12:45,086][INFO][exchange-worker-#43][GridDhtPartitionsExchangeFuture] Affinity changes (coordinator) applied in 0 ms.
[16:12:45,089][INFO][exchange-worker-#43][GridDhtPartitionsExchangeFuture] Partitions validation performed in 3 ms.
[16:12:45,093][INFO][exchange-worker-#43][GridDhtPartitionsExchangeFuture] Partitions assignment performed in 4 ms.
[16:12:45,109][INFO][exchange-worker-#43][GridDhtPartitionsExchangeFuture] Preparing Full Message performed in 12 ms.
[16:12:45,109][INFO][exchange-worker-#43][GridDhtPartitionsExchangeFuture] Sending Full Message to all nodes performed in 0 ms.
[16:12:45,109][INFO][exchange-worker-#43][GridDhtPartitionsExchangeFuture] Finish exchange future [startVer=AffinityTopologyVersion [topVer=1, minorTopVer=6], resVer=AffinityTopologyVersion [topVer=1, minorTopVer=6], err=null]
[16:12:45,122][INFO][exchange-worker-#43][GridCacheProcessor] Finish proxy initialization, cacheName=allTriplesCache, localNodeId=335452b1-287c-414a-aa3c-d369d2a6aebd
[16:12:45,126][INFO][exchange-worker-#43][GridDhtPartitionsExchangeFuture] Completed partition exchange [localNode=335452b1-287c-414a-aa3c-d369d2a6aebd, exchange=GridDhtPartitionsExchangeFuture [topVer=AffinityTopologyVersion [topVer=1, minorTopVer=6], evt=DISCOVERY_CUSTOM_EVT, evtNode=TcpDiscoveryNode [id=335452b1-287c-414a-aa3c-d369d2a6aebd, addrs=[0:0:0:0:0:0:0:1%lo, 127.0.0.1, 172.168.1.60], sockAddrs=[/172.168.1.60:47500, /0:0:0:0:0:0:0:1%lo:47500, /127.0.0.1:47500], discPort=47500, order=1, intOrder=1, lastExchangeTime=1585577562555, loc=true, ver=2.7.6#20190911-sha1:21f7ca41, isClient=false], done=true], topVer=AffinityTopologyVersion [topVer=1, minorTopVer=6], durationFromInit=122]
[16:12:45,126][INFO][exchange-worker-#43][time] Finished exchange init [topVer=AffinityTopologyVersion [topVer=1, minorTopVer=6], crd=true]
[16:12:45,132][INFO][exchange-worker-#43][GridCachePartitionExchangeManager] Skipping rebalancing (obsolete exchange ID) [top=AffinityTopologyVersion [topVer=1, minorTopVer=6], evt=DISCOVERY_CUSTOM_EVT, node=335452b1-287c-414a-aa3c-d369d2a6aebd]
[16:12:45,132][INFO][exchange-worker-#43][time] Started exchange init [topVer=AffinityTopologyVersion [topVer=1, minorTopVer=7], mvccCrd=MvccCoordinator [nodeId=335452b1-287c-414a-aa3c-d369d2a6aebd, crdVer=1585577563795, topVer=AffinityTopologyVersion [topVer=1, minorTopVer=0]], mvccCrdChange=false, crd=true, evt=DISCOVERY_CUSTOM_EVT, evtNode=335452b1-287c-414a-aa3c-d369d2a6aebd, customEvt=DynamicCacheChangeBatch [id=05a89cb2171-23538133-6b29-44ce-946d-355b8fd5f076, reqs=[DynamicCacheChangeRequest [cacheName=testTriplecachee, hasCfg=true, nodeId=335452b1-287c-414a-aa3c-d369d2a6aebd, clientStartOnly=false, stop=false, destroy=false, disabledAfterStartfalse]], exchangeActions=ExchangeActions [startCaches=[testTriplecachee], stopCaches=null, startGrps=[testTriplecachee], stopGrps=[], resetParts=null, stateChangeRequest=null], startCaches=false], allowMerge=false]
[16:12:45,133][INFO][exchange-worker-#43][CacheAffinitySharedManager] Updating caches registry performed in 1 ms.
[16:12:45,145][INFO][exchange-worker-#43][GridCacheProcessor] Started cache [name=testTriplecachee, id=2015714483, memoryPolicyName=default, mode=PARTITIONED, atomicity=ATOMIC, backups=0, mvcc=false], encryptionEnabled=false]
[16:12:45,145][INFO][exchange-worker-#43][CacheAffinitySharedManager] Caches starting performed in 12 ms.
[16:12:45,146][INFO][exchange-worker-#43][CacheAffinitySharedManager] Affinity initialization for started caches performed in 1 ms.
[16:12:45,147][INFO][exchange-worker-#43][GridDhtPartitionsExchangeFuture] Finished waiting for partition release future [topVer=AffinityTopologyVersion [topVer=1, minorTopVer=7], waitTime=0ms, futInfo=NA, mode=DISTRIBUTED]
[16:12:45,148][INFO][exchange-worker-#43][GridDhtPartitionsExchangeFuture] Finished waiting for partitions release latch: ServerLatch [permits=0, pendingAcks=[], super=CompletableLatch [id=exchange, topVer=AffinityTopologyVersion [topVer=1, minorTopVer=7]]]
[16:12:45,148][INFO][exchange-worker-#43][GridDhtPartitionsExchangeFuture] Finished waiting for partition release future [topVer=AffinityTopologyVersion [topVer=1, minorTopVer=7], waitTime=0ms, futInfo=NA, mode=LOCAL]
[16:12:45,199][INFO][exchange-worker-#43][GridDhtPartitionsExchangeFuture] finishExchangeOnCoordinator [topVer=AffinityTopologyVersion [topVer=1, minorTopVer=7], resVer=AffinityTopologyVersion [topVer=1, minorTopVer=7]]
[16:12:45,200][INFO][exchange-worker-#43][GridDhtPartitionsExchangeFuture] Affinity changes (coordinator) applied in 0 ms.
[16:12:45,207][INFO][exchange-worker-#43][GridDhtPartitionsExchangeFuture] Partitions validation performed in 7 ms.
[16:12:45,211][INFO][exchange-worker-#43][GridDhtPartitionsExchangeFuture] Partitions assignment performed in 4 ms.
[16:12:45,231][INFO][exchange-worker-#43][GridDhtPartitionsExchangeFuture] Preparing Full Message performed in 14 ms.
[16:12:45,231][INFO][exchange-worker-#43][GridDhtPartitionsExchangeFuture] Sending Full Message to all nodes performed in 0 ms.
[16:12:45,231][INFO][exchange-worker-#43][GridDhtPartitionsExchangeFuture] Finish exchange future [startVer=AffinityTopologyVersion [topVer=1, minorTopVer=7], resVer=AffinityTopologyVersion [topVer=1, minorTopVer=7], err=null]
[16:12:45,240][INFO][exchange-worker-#43][GridCacheProcessor] Finish proxy initialization, cacheName=testTriplecachee, localNodeId=335452b1-287c-414a-aa3c-d369d2a6aebd
[16:12:45,240][INFO][exchange-worker-#43][GridDhtPartitionsExchangeFuture] Completed partition exchange [localNode=335452b1-287c-414a-aa3c-d369d2a6aebd, exchange=GridDhtPartitionsExchangeFuture [topVer=AffinityTopologyVersion [topVer=1, minorTopVer=7], evt=DISCOVERY_CUSTOM_EVT, evtNode=TcpDiscoveryNode [id=335452b1-287c-414a-aa3c-d369d2a6aebd, addrs=[0:0:0:0:0:0:0:1%lo, 127.0.0.1, 172.168.1.60], sockAddrs=[/172.168.1.60:47500, /0:0:0:0:0:0:0:1%lo:47500, /127.0.0.1:47500], discPort=47500, order=1, intOrder=1, lastExchangeTime=1585577562555, loc=true, ver=2.7.6#20190911-sha1:21f7ca41, isClient=false], done=true], topVer=AffinityTopologyVersion [topVer=1, minorTopVer=7], durationFromInit=104]
[16:12:45,241][INFO][exchange-worker-#43][time] Finished exchange init [topVer=AffinityTopologyVersion [topVer=1, minorTopVer=7], crd=true]
[16:12:45,251][INFO][exchange-worker-#43][GridCachePartitionExchangeManager] Skipping rebalancing (nothing scheduled) [top=AffinityTopologyVersion [topVer=1, minorTopVer=7], force=false, evt=DISCOVERY_CUSTOM_EVT, node=335452b1-287c-414a-aa3c-d369d2a6aebd]
[16:12:45,325][WARNING][main][DataStreamerImpl] Data streamer will not overwrite existing cache entries for better performance (to change, set allowOverwrite to true)
[16:12:47,361][WARNING][main][GridQueryProcessor] Key-value pair is not inserted into any SQL table [cacheName=E_embeddingscachee, valType=breeze.linalg.DenseVector$SerializedForm]
[16:12:47,362][WARNING][main][GridQueryProcessor]   ^-- Value type(s) are specified via CacheConfiguration.indexedTypes or CacheConfiguration.queryEntities
[16:12:47,363][WARNING][main][GridQueryProcessor]   ^-- Make sure that same type(s) used when adding Object or BinaryObject to cache
[16:12:47,363][WARNING][main][GridQueryProcessor]   ^-- Otherwise, entries will be stored in cache, but not appear as SQL Table rows
[16:12:51,688][WARNING][data-streamer-stripe-1-#10][GridQueryProcessor] Key-value pair is not inserted into any SQL table [cacheName=tripleIde, valType=TripleID]
[16:12:51,821][WARNING][data-streamer-stripe-0-#9][H2TreeIndex] <allTriplesCache> Indexed columns of a row cannot be fully inlined into index what may lead to slowdown due to additional data page reads, increase index inline size if needed (set system property IGNITE_MAX_INDEX_PAYLOAD_SIZE with recommended size (be aware it will be used by default for all indexes without explicit inline size)) [cacheName=INTEGER, tableName=allTriplesCache, idxName=_key_PK, idxCols=(_KEY), idxType=PRIMARY KEY, curSize=10, recommendedInlineSize=54]
[16:12:51,821][WARNING][data-streamer-stripe-0-#9][H2TreeIndex] <allTriplesCache> Indexed columns of a row cannot be fully inlined into index what may lead to slowdown due to additional data page reads, increase index inline size if needed (use INLINE_SIZE option for CREATE INDEX command, QuerySqlField.inlineSize for annotated classes, or QueryIndex.inlineSize for explicit QueryEntity configuration) [cacheName=INTEGER, tableName=allTriplesCache, idxName=INTEGER__VAL_IDX, idxCols=(_VAL, _KEY), idxType=SECONDARY, curSize=10, recommendedInlineSize=59]
[16:12:57,049][INFO][main][GridDeploymentLocalStore] Class locally deployed: class TransE_C$$anonfun$bfgs$1$$anonfun$apply$mcVI$sp$3$$anonfun$apply$mcVI$sp$4
[16:12:57,078][WARNING][pub-#53][BLAS] Failed to load implementation from: com.github.fommil.netlib.NativeSystemBLAS
[16:12:57,078][WARNING][pub-#53][BLAS] Failed to load implementation from: com.github.fommil.netlib.NativeRefBLAS
[16:13:03,213][INFO][main][GridTcpRestProtocol] Command protocol successfully stopped: TCP binary
[16:13:03,234][INFO][main][GridCacheProcessor] Stopped cache [cacheName=ignite-sys-cache]
[16:13:03,234][INFO][main][GridCacheProcessor] Stopped cache [cacheName=Relation2IDcachee]
[16:13:03,235][INFO][main][GridCacheProcessor] Stopped cache [cacheName=E_embeddingscachee]
[16:13:03,235][INFO][main][GridCacheProcessor] Stopped cache [cacheName=allTriplesCache]
[16:13:03,236][INFO][main][GridCacheProcessor] Stopped cache [cacheName=testTriplecachee]
[16:13:03,237][INFO][main][GridCacheProcessor] Stopped cache [cacheName=tripleIde]
[16:13:03,237][INFO][main][GridCacheProcessor] Stopped cache [cacheName=R_embeddingscachee]
[16:13:03,237][INFO][main][GridCacheProcessor] Stopped cache [cacheName=Entity2IDcachee]
[16:13:03,569][INFO][main][GridDeploymentLocalStore] Removed undeployed class: GridDeployment [ts=1585577564208, depMode=SHARED, clsLdr=sun.misc.Launcher$AppClassLoader@4e0e2f2a, clsLdrId=e2a89cb2171-335452b1-287c-414a-aa3c-d369d2a6aebd, userVer=0, loc=true, sampleClsName=org.apache.ignite.internal.processors.service.GridServiceProcessor$ServiceDeploymentPredicate, pendingUndeploy=false, undeployed=true, usage=0]
[16:13:03,573][INFO][main][IgniteKernal] 

>>> +---------------------------------------------------------------------------------+
>>> Ignite ver. 2.7.6#20190911-sha1:21f7ca41c4348909e2fd26ccf59b5b2ce1f4474e stopped OK
>>> +---------------------------------------------------------------------------------+
>>> Grid uptime: 00:00:19.431


