[14:01:34,013][WARNING][main][G] Ignite work directory is not provided, automatically resolved to: /home/xshaini/apache-ignite-2.7.5-bin/work
[14:01:34,213][INFO][main][IgniteKernal] 

>>>    __________  ________________  
>>>   /  _/ ___/ |/ /  _/_  __/ __/  
>>>  _/ // (7 7    // /  / / / _/    
>>> /___/\___/_/|_/___/ /_/ /___/   
>>> 
>>> ver. 2.8.0#20200226-sha1:341b01df
>>> 2020 Copyright(C) Apache Software Foundation
>>> 
>>> Ignite documentation: http://ignite.apache.org

[14:01:34,224][INFO][main][IgniteKernal] Config URL: file:/home/xshaini/TransE-Scala/code/example-ignite.xml
[14:01:34,240][INFO][main][IgniteKernal] IgniteConfiguration [igniteInstanceName=null, pubPoolSize=8, svcPoolSize=8, callbackPoolSize=8, stripedPoolSize=8, sysPoolSize=8, mgmtPoolSize=4, igfsPoolSize=4, dataStreamerPoolSize=8, utilityCachePoolSize=8, utilityCacheKeepAliveTime=60000, p2pPoolSize=2, qryPoolSize=8, sqlQryHistSize=1000, dfltQryTimeout=0, igniteHome=/home/xshaini/apache-ignite-2.7.5-bin, igniteWorkDir=/home/xshaini/apache-ignite-2.7.5-bin/work, mbeanSrv=com.sun.jmx.mbeanserver.JmxMBeanServer@2bbf180e, nodeId=ad738131-355d-4082-8832-6d3910c6e808, marsh=BinaryMarshaller [], marshLocJobs=false, daemon=false, p2pEnabled=true, netTimeout=5000, netCompressionLevel=1, sndRetryDelay=1000, sndRetryCnt=3, metricsHistSize=10000, metricsUpdateFreq=2000, metricsExpTime=9223372036854775807, discoSpi=TcpDiscoverySpi [addrRslvr=null, sockTimeout=0, ackTimeout=0, marsh=null, reconCnt=10, reconDelay=2000, maxAckTimeout=600000, soLinger=5, forceSrvMode=false, clientReconnectDisabled=false, internalLsnr=null, skipAddrsRandomization=false], segPlc=STOP, segResolveAttempts=2, waitForSegOnStart=true, allResolversPassReq=true, segChkFreq=10000, commSpi=TcpCommunicationSpi [connectGate=null, connPlc=org.apache.ignite.spi.communication.tcp.TcpCommunicationSpi$FirstConnectionPolicy@394df057, chConnPlc=null, enableForcibleNodeKill=false, enableTroubleshootingLog=false, locAddr=null, locHost=null, locPort=47100, locPortRange=100, shmemPort=-1, directBuf=true, directSndBuf=false, idleConnTimeout=600000, connTimeout=5000, maxConnTimeout=600000, reconCnt=10, sockSndBuf=32768, sockRcvBuf=32768, msgQueueLimit=0, slowClientQueueLimit=0, nioSrvr=null, shmemSrv=null, usePairedConnections=false, connectionsPerNode=1, tcpNoDelay=true, filterReachableAddresses=false, ackSndThreshold=32, unackedMsgsBufSize=0, sockWriteTimeout=2000, boundTcpPort=-1, boundTcpShmemPort=-1, selectorsCnt=4, selectorSpins=0, addrRslvr=null, ctxInitLatch=java.util.concurrent.CountDownLatch@4961f6af[Count = 1], stopping=false, metricsLsnr=null], evtSpi=org.apache.ignite.spi.eventstorage.NoopEventStorageSpi@5aebe890, colSpi=NoopCollisionSpi [], deploySpi=LocalDeploymentSpi [], indexingSpi=org.apache.ignite.spi.indexing.noop.NoopIndexingSpi@45b4c3a9, addrRslvr=null, encryptionSpi=org.apache.ignite.spi.encryption.noop.NoopEncryptionSpi@399c4be1, clientMode=false, rebalanceThreadPoolSize=4, rebalanceTimeout=10000, rebalanceBatchesPrefetchCnt=3, rebalanceThrottle=0, rebalanceBatchSize=524288, txCfg=TransactionConfiguration [txSerEnabled=false, dfltIsolation=REPEATABLE_READ, dfltConcurrency=PESSIMISTIC, dfltTxTimeout=0, txTimeoutOnPartitionMapExchange=0, deadlockTimeout=10000, pessimisticTxLogSize=0, pessimisticTxLogLinger=10000, tmLookupClsName=null, txManagerFactory=null, useJtaSync=false], cacheSanityCheckEnabled=true, discoStartupDelay=60000, deployMode=SHARED, p2pMissedCacheSize=100, locHost=null, timeSrvPortBase=31100, timeSrvPortRange=100, failureDetectionTimeout=10000, sysWorkerBlockedTimeout=null, clientFailureDetectionTimeout=30000, metricsLogFreq=60000, hadoopCfg=null, connectorCfg=ConnectorConfiguration [jettyPath=null, host=null, port=11211, noDelay=true, directBuf=false, sndBufSize=32768, rcvBufSize=32768, idleQryCurTimeout=600000, idleQryCurCheckFreq=60000, sndQueueLimit=0, selectorCnt=4, idleTimeout=7000, sslEnabled=false, sslClientAuth=false, sslCtxFactory=null, sslFactory=null, portRange=100, threadPoolSize=8, msgInterceptor=null], odbcCfg=null, warmupClos=null, atomicCfg=AtomicConfiguration [seqReserveSize=1000, cacheMode=PARTITIONED, backups=1, aff=null, grpName=null], classLdr=null, sslCtxFactory=null, platformCfg=null, binaryCfg=null, memCfg=null, pstCfg=null, dsCfg=DataStorageConfiguration [sysRegionInitSize=41943040, sysRegionMaxSize=104857600, pageSize=0, concLvl=0, dfltDataRegConf=DataRegionConfiguration [name=default, maxSize=3334421708, initSize=268435456, swapPath=null, pageEvictionMode=DISABLED, evictionThreshold=0.9, emptyPagesPoolSize=100, metricsEnabled=false, metricsSubIntervalCount=5, metricsRateTimeInterval=60000, persistenceEnabled=false, checkpointPageBufSize=0, lazyMemoryAllocation=true], dataRegions=null, storagePath=null, checkpointFreq=180000, lockWaitTime=10000, checkpointThreads=4, checkpointWriteOrder=SEQUENTIAL, walHistSize=20, maxWalArchiveSize=1073741824, walSegments=10, walSegmentSize=67108864, walPath=db/wal, walArchivePath=db/wal/archive, metricsEnabled=false, walMode=LOG_ONLY, walTlbSize=131072, walBuffSize=0, walFlushFreq=2000, walFsyncDelay=1000, walRecordIterBuffSize=67108864, alwaysWriteFullPages=false, fileIOFactory=org.apache.ignite.internal.processors.cache.persistence.file.AsyncFileIOFactory@38102d01, metricsSubIntervalCnt=5, metricsRateTimeInterval=60000, walAutoArchiveAfterInactivity=-1, writeThrottlingEnabled=false, walCompactionEnabled=false, walCompactionLevel=1, checkpointReadLockTimeout=null, walPageCompression=DISABLED, walPageCompressionLevel=null], activeOnStart=true, autoActivation=true, longQryWarnTimeout=3000, sqlConnCfg=null, cliConnCfg=ClientConnectorConfiguration [host=null, port=10800, portRange=100, sockSndBufSize=0, sockRcvBufSize=0, tcpNoDelay=true, maxOpenCursorsPerConn=128, threadPoolSize=8, idleTimeout=0, handshakeTimeout=10000, jdbcEnabled=true, odbcEnabled=true, thinCliEnabled=true, sslEnabled=false, useIgniteSslCtxFactory=true, sslClientAuth=false, sslCtxFactory=null, thinCliCfg=ThinClientConfiguration [maxActiveTxPerConn=100]], mvccVacuumThreadCnt=2, mvccVacuumFreq=5000, authEnabled=false, failureHnd=null, commFailureRslvr=null]
[14:01:34,241][INFO][main][IgniteKernal] Daemon mode: off
[14:01:34,241][INFO][main][IgniteKernal] OS: Linux 4.15.0-91-generic amd64
[14:01:34,241][INFO][main][IgniteKernal] OS user: xshaini
[14:01:34,242][INFO][main][IgniteKernal] PID: 4206
[14:01:34,243][INFO][main][IgniteKernal] Language runtime: Scala ver. 2.11.11
[14:01:34,243][INFO][main][IgniteKernal] VM information: Java(TM) SE Runtime Environment 1.8.0_211-b12 Oracle Corporation Java HotSpot(TM) 64-Bit Server VM 25.211-b12
[14:01:34,245][INFO][main][IgniteKernal] VM total memory: 3.5GB
[14:01:34,245][INFO][main][IgniteKernal] Remote Management [restart: off, REST: on, JMX (remote: off)]
[14:01:34,245][INFO][main][IgniteKernal] Logger: JavaLogger [quiet=true, config=null]
[14:01:34,245][INFO][main][IgniteKernal] IGNITE_HOME=/home/xshaini/apache-ignite-2.7.5-bin
[14:01:34,245][INFO][main][IgniteKernal] VM arguments: [-Dfile.encoding=UTF-8, -Xbootclasspath/a:/home/xshaini/scala-SDK-4.7.0/eclipse/plugins/org.scala-ide.scala211.jars_4.7.0.201709291351/target/jars/scala-library.jar:/home/xshaini/scala-SDK-4.7.0/eclipse/plugins/org.scala-ide.scala211.jars_4.7.0.201709291351/target/jars/scala-reflect.jar]
[14:01:34,245][INFO][main][IgniteKernal] System cache's DataRegion size is configured to 40 MB. Use DataStorageConfiguration.systemRegionInitialSize property to change the setting.
[14:01:34,246][INFO][main][IgniteKernal] Configured caches [in 'sysMemPlc' dataRegion: ['ignite-sys-cache']]
[14:01:34,246][WARNING][main][IgniteKernal] Peer class loading is enabled (disable it in production for performance and deployment consistency reasons)
[14:01:34,246][WARNING][main][IgniteKernal] Please set system property '-Djava.net.preferIPv4Stack=true' to avoid possible problems in mixed environments.
[14:01:34,250][INFO][main][IgniteKernal] 3-rd party licenses can be found at: /home/xshaini/apache-ignite-2.7.5-bin/libs/licenses
[14:01:34,250][WARNING][pub-#22][GridDiagnostic] Initial heap size is 250MB (should be no less than 512MB, use -Xms512m -Xmx512m).
[14:01:34,352][INFO][main][IgnitePluginProcessor] Configured plugins:
[14:01:34,353][INFO][main][IgnitePluginProcessor]   ^-- ml-inference-plugin 1.0.0
[14:01:34,353][INFO][main][IgnitePluginProcessor]   ^-- null
[14:01:34,353][INFO][main][IgnitePluginProcessor] 
[14:01:34,358][INFO][main][FailureProcessor] Configured failure handler: [hnd=StopNodeOrHaltFailureHandler [tryStop=false, timeout=0, super=AbstractFailureHandler [ignoredFailureTypes=UnmodifiableSet [SYSTEM_WORKER_BLOCKED, SYSTEM_CRITICAL_OPERATION_TIMEOUT]]]]
[14:01:34,568][INFO][main][TcpCommunicationSpi] Successfully bound communication NIO server to TCP port [port=47100, locHost=0.0.0.0/0.0.0.0, selectorsCnt=4, selectorSpins=0, pairedConn=false]
[14:01:34,576][WARNING][main][TcpCommunicationSpi] Message queue limit is set to 0 which may lead to potential OOMEs when running cache operations in FULL_ASYNC or PRIMARY_SYNC modes due to message queues growth on sender and receiver sides.
[14:01:34,615][WARNING][main][NoopCheckpointSpi] Checkpoints are disabled (to enable configure any GridCheckpointSpi implementation)
[14:01:34,656][WARNING][main][GridCollisionManager] Collision resolution is disabled (all jobs will be activated upon arrival).
[14:01:34,663][INFO][main][IgniteKernal] Security status [authentication=off, tls/ssl=off]
[14:01:34,947][INFO][main][TcpDiscoverySpi] Successfully bound to TCP port [port=47500, localHost=0.0.0.0/0.0.0.0, locNodeId=ad738131-355d-4082-8832-6d3910c6e808]
[14:01:35,000][WARNING][main][IgniteCacheDatabaseSharedManager] DataRegionConfiguration.maxWalArchiveSize instead DataRegionConfiguration.walHistorySize would be used for removing old archive wal files
[14:01:35,016][INFO][main][IgniteCacheDatabaseSharedManager] Configured data regions initialized successfully [total=3]
[14:01:35,037][INFO][main][PartitionsEvictManager] Evict partition permits=2
[14:01:35,138][WARNING][main][IgniteH2Indexing] Serialization of Java objects in H2 was enabled.
[14:01:35,419][INFO][main][ClientListenerProcessor] Client connector processor has started on TCP port 10800
